[ 2015-07-05T22:56:32+08:00 ] 180.153.212.13 /Company/index.html
INFO: [ app_init ] --START--
INFO: Run Common\Behavior\InitHook [ RunTime:0.000860s ]
INFO: [ app_init ] --END-- [ RunTime:0.001098s ]
INFO: [ app_begin ] --START--
INFO: Run Behavior\ReadHtmlCache [ RunTime:0.000264s ]
INFO: [ app_begin ] --END-- [ RunTime:0.000320s ]
NOTIC: [2048] Declaration of Home\Controller\UserController::checkUser() should be compatible with that of Home\Controller\HomeController::checkUser() /var/www/html/App/Home/Controller/UserController.class.php 第 11 行.
NOTIC: [8] Undefined index: uid /var/www/html/App/Home/Controller/HomeController.class.php 第 30 行.
NOTIC: [8] Undefined index: status /var/www/html/App/Home/Controller/HomeController.class.php 第 31 行.
NOTIC: [8] Undefined index: type /var/www/html/App/Home/Controller/HomeController.class.php 第 32 行.
NOTIC: [8] Undefined index: nickname /var/www/html/App/Home/Controller/HomeController.class.php 第 33 行.
NOTIC: [8] Undefined index: username /var/www/html/App/Home/Controller/HomeController.class.php 第 34 行.
NOTIC: [8] Undefined index: email /var/www/html/App/Home/Controller/HomeController.class.php 第 35 行.
NOTIC: [8] Undefined index: user_status /var/www/html/App/Home/Controller/HomeController.class.php 第 36 行.
SQL: SHOW COLUMNS FROM `ez_config` [ RunTime:0.000560s ]
SQL: SELECT `type`,`name`,`value` FROM `ez_config` WHERE ( `status` = 1 )  [ RunTime:0.000263s ]
NOTIC: [2] mkdir(): No such file or directory /var/www/html/App/Home/Controller/HomeController.class.php 第 84 行.
NOTIC: [2] mkdir(): No such file or directory /var/www/html/App/Home/Controller/HomeController.class.php 第 86 行.
NOTIC: [8] Undefined index: _URL_ /var/www/html/App/Home/Controller/CompanyController.class.php 第 21 行.
NOTIC: [8] Undefined index: kd /var/www/html/App/Home/Controller/CompanyController.class.php 第 42 行.
SQL: SHOW COLUMNS FROM `ez_member` [ RunTime:0.001490s ]
SQL: SELECT COUNT(*) AS tp_count FROM `ez_member` WHERE ( `status` >= 0 ) AND ( `type` = 1 ) LIMIT 1   [ RunTime:0.000446s ]
SQL: SHOW COLUMNS FROM `ez_ucenter_member` [ RunTime:0.000417s ]
SQL: SELECT um.id,um.email,m.* FROM ez_ucenter_member um left JOIN ez_member m on um.id = m.uid  WHERE ( m.status >= 0 ) AND ( m.type = 1 ) ORDER BY m.hits desc LIMIT 0,9   [ RunTime:0.000728s ]
SQL: SHOW COLUMNS FROM `ez_jobs` [ RunTime:0.001154s ]
NOTIC: [8] Undefined index: only_get_count /var/www/html/App/Home/Controller/HomeController.class.php 第 945 行.
SQL: SHOW COLUMNS FROM `ez_jobs` [ RunTime:0.001287s ]
SQL: SELECT j.*,j.addtime as job_addtime,m.*,um.email FROM ez_jobs j left JOIN ez_ucenter_member um on j.uid = um.id left JOIN ez_member m on m.uid = j.uid  WHERE ( j.status = 1 ) AND ( j.uid = '100012' ) ORDER BY j.addtime desc LIMIT 0,5   [ RunTime:0.000755s ]
NOTIC: [8] Undefined index: only_get_count /var/www/html/App/Home/Controller/HomeController.class.php 第 945 行.
SQL: SHOW COLUMNS FROM `ez_jobs` [ RunTime:0.001169s ]
SQL: SELECT j.*,j.addtime as job_addtime,m.*,um.email FROM ez_jobs j left JOIN ez_ucenter_member um on j.uid = um.id left JOIN ez_member m on m.uid = j.uid  WHERE ( j.status = 1 ) AND ( j.uid = '100033' ) ORDER BY j.addtime desc LIMIT 0,5   [ RunTime:0.000653s ]
NOTIC: [8] Undefined index: only_get_count /var/www/html/App/Home/Controller/HomeController.class.php 第 945 行.
SQL: SHOW COLUMNS FROM `ez_jobs` [ RunTime:0.001147s ]
SQL: SELECT j.*,j.addtime as job_addtime,m.*,um.email FROM ez_jobs j left JOIN ez_ucenter_member um on j.uid = um.id left JOIN ez_member m on m.uid = j.uid  WHERE ( j.status = 1 ) AND ( j.uid = '100011' ) ORDER BY j.addtime desc LIMIT 0,5   [ RunTime:0.000539s ]
NOTIC: [8] Undefined index: only_get_count /var/www/html/App/Home/Controller/HomeController.class.php 第 945 行.
SQL: SHOW COLUMNS FROM `ez_jobs` [ RunTime:0.001076s ]
SQL: SELECT j.*,j.addtime as job_addtime,m.*,um.email FROM ez_jobs j left JOIN ez_ucenter_member um on j.uid = um.id left JOIN ez_member m on m.uid = j.uid  WHERE ( j.status = 1 ) AND ( j.uid = '100016' ) ORDER BY j.addtime desc LIMIT 0,5   [ RunTime:0.000378s ]
NOTIC: [8] Undefined index: only_get_count /var/www/html/App/Home/Controller/HomeController.class.php 第 945 行.
SQL: SHOW COLUMNS FROM `ez_jobs` [ RunTime:0.000605s ]
SQL: SELECT j.*,j.addtime as job_addtime,m.*,um.email FROM ez_jobs j left JOIN ez_ucenter_member um on j.uid = um.id left JOIN ez_member m on m.uid = j.uid  WHERE ( j.status = 1 ) AND ( j.uid = '100019' ) ORDER BY j.addtime desc LIMIT 0,5   [ RunTime:0.000349s ]
NOTIC: [8] Undefined index: only_get_count /var/www/html/App/Home/Controller/HomeController.class.php 第 945 行.
SQL: SHOW COLUMNS FROM `ez_jobs` [ RunTime:0.000622s ]
SQL: SELECT j.*,j.addtime as job_addtime,m.*,um.email FROM ez_jobs j left JOIN ez_ucenter_member um on j.uid = um.id left JOIN ez_member m on m.uid = j.uid  WHERE ( j.status = 1 ) AND ( j.uid = '100017' ) ORDER BY j.addtime desc LIMIT 0,5   [ RunTime:0.000345s ]
NOTIC: [8] Undefined index: only_get_count /var/www/html/App/Home/Controller/HomeController.class.php 第 945 行.
SQL: SHOW COLUMNS FROM `ez_jobs` [ RunTime:0.000594s ]
SQL: SELECT j.*,j.addtime as job_addtime,m.*,um.email FROM ez_jobs j left JOIN ez_ucenter_member um on j.uid = um.id left JOIN ez_member m on m.uid = j.uid  WHERE ( j.status = 1 ) AND ( j.uid = '100053' ) ORDER BY j.addtime desc LIMIT 0,5   [ RunTime:0.000436s ]
NOTIC: [8] Undefined index: only_get_count /var/www/html/App/Home/Controller/HomeController.class.php 第 945 行.
SQL: SHOW COLUMNS FROM `ez_jobs` [ RunTime:0.000601s ]
SQL: SELECT j.*,j.addtime as job_addtime,m.*,um.email FROM ez_jobs j left JOIN ez_ucenter_member um on j.uid = um.id left JOIN ez_member m on m.uid = j.uid  WHERE ( j.status = 1 ) AND ( j.uid = '100027' ) ORDER BY j.addtime desc LIMIT 0,5   [ RunTime:0.000336s ]
NOTIC: [8] Undefined index: only_get_count /var/www/html/App/Home/Controller/HomeController.class.php 第 945 行.
SQL: SHOW COLUMNS FROM `ez_jobs` [ RunTime:0.000604s ]
SQL: SELECT j.*,j.addtime as job_addtime,m.*,um.email FROM ez_jobs j left JOIN ez_ucenter_member um on j.uid = um.id left JOIN ez_member m on m.uid = j.uid  WHERE ( j.status = 1 ) AND ( j.uid = '100048' ) ORDER BY j.addtime desc LIMIT 0,5   [ RunTime:0.000355s ]
NOTIC: [8] Undefined index: pn /var/www/html/App/Home/Controller/CompanyController.class.php 第 66 行.
INFO: [ view_parse ] --START--
INFO: [ template_filter ] --START--
INFO: Run Behavior\ContentReplace [ RunTime:0.000116s ]
INFO: [ template_filter ] --END-- [ RunTime:0.000202s ]
NOTIC: [8] Undefined variable: page_title /var/www/html/Run/Cache/Home/a78d18acab7f8c601b431a9feffa0b34.php 第 8 行.
NOTIC: [8] Undefined index: job /var/www/html/Run/Cache/Home/a78d18acab7f8c601b431a9feffa0b34.php 第 85 行.
NOTIC: [8] Undefined index: video /var/www/html/Run/Cache/Home/a78d18acab7f8c601b431a9feffa0b34.php 第 85 行.
NOTIC: [8] Undefined index: post /var/www/html/Run/Cache/Home/a78d18acab7f8c601b431a9feffa0b34.php 第 85 行.
NOTIC: [8] Undefined variable: myinfo /var/www/html/Run/Cache/Home/a78d18acab7f8c601b431a9feffa0b34.php 第 236 行.
NOTIC: [8] Undefined variable: info /var/www/html/Run/Cache/Home/a78d18acab7f8c601b431a9feffa0b34.php 第 429 行.
NOTIC: [8] Use of undefined constant session - assumed 'session' /var/www/html/Run/Cache/Home/a78d18acab7f8c601b431a9feffa0b34.php 第 464 行.
NOTIC: [8] Undefined variable: Think /var/www/html/Run/Cache/Home/a78d18acab7f8c601b431a9feffa0b34.php 第 464 行.
NOTIC: [8] Use of undefined constant email - assumed 'email' /var/www/html/Run/Cache/Home/a78d18acab7f8c601b431a9feffa0b34.php 第 464 行.
INFO: Run Behavior\ParseTemplate [ RunTime:0.020833s ]
INFO: [ view_parse ] --END-- [ RunTime:0.020899s ]
INFO: [ view_filter ] --START--
INFO: Run Behavior\WriteHtmlCache [ RunTime:0.000118s ]
INFO: [ view_filter ] --END-- [ RunTime:0.000174s ]
INFO: [ app_end ] --START--
INFO: Run Behavior\ShowPageTrace [ RunTime:0.000458s ]
INFO: [ app_end ] --END-- [ RunTime:0.000580s ]

[ 2015-07-05T22:56:36+08:00 ] 180.153.205.252 /Company/info/id/100012
INFO: [ app_init ] --START--
INFO: Run Common\Behavior\InitHook [ RunTime:0.000877s ]
INFO: [ app_init ] --END-- [ RunTime:0.001125s ]
INFO: [ app_begin ] --START--
INFO: Run Behavior\ReadHtmlCache [ RunTime:0.000256s ]
INFO: [ app_begin ] --END-- [ RunTime:0.000313s ]
NOTIC: [2048] Declaration of Home\Controller\UserController::checkUser() should be compatible with that of Home\Controller\HomeController::checkUser() /var/www/html/App/Home/Controller/UserController.class.php 第 11 行.
NOTIC: [8] Undefined index: uid /var/www/html/App/Home/Controller/HomeController.class.php 第 30 行.
NOTIC: [8] Undefined index: status /var/www/html/App/Home/Controller/HomeController.class.php 第 31 行.
NOTIC: [8] Undefined index: type /var/www/html/App/Home/Controller/HomeController.class.php 第 32 行.
NOTIC: [8] Undefined index: nickname /var/www/html/App/Home/Controller/HomeController.class.php 第 33 行.
NOTIC: [8] Undefined index: username /var/www/html/App/Home/Controller/HomeController.class.php 第 34 行.
NOTIC: [8] Undefined index: email /var/www/html/App/Home/Controller/HomeController.class.php 第 35 行.
NOTIC: [8] Undefined index: user_status /var/www/html/App/Home/Controller/HomeController.class.php 第 36 行.
SQL: SHOW COLUMNS FROM `ez_config` [ RunTime:0.000577s ]
SQL: SELECT `type`,`name`,`value` FROM `ez_config` WHERE ( `status` = 1 )  [ RunTime:0.000285s ]
NOTIC: [2] mkdir(): No such file or directory /var/www/html/App/Home/Controller/HomeController.class.php 第 84 行.
NOTIC: [2] mkdir(): No such file or directory /var/www/html/App/Home/Controller/HomeController.class.php 第 86 行.
SQL: SHOW COLUMNS FROM `ez_ucenter_member` [ RunTime:0.000440s ]
SQL: SHOW COLUMNS FROM `ez_ucenter_member` [ RunTime:0.000396s ]
SQL: SELECT um.id,um.username,um.password,um.email,um.mobile,m.* FROM ez_ucenter_member um INNER JOIN ez_member m on um.id = m.uid  WHERE ( m.uid = 100012 ) AND ( m.type = 1 ) LIMIT 1   [ RunTime:0.000429s ]
SQL: SHOW COLUMNS FROM `ez_jobs` [ RunTime:0.000700s ]
NOTIC: [8] Undefined index: only_get_count /var/www/html/App/Home/Controller/HomeController.class.php 第 945 行.
SQL: SHOW COLUMNS FROM `ez_jobs` [ RunTime:0.000706s ]
SQL: SELECT j.*,j.addtime as job_addtime,m.*,um.email FROM ez_jobs j left JOIN ez_ucenter_member um on j.uid = um.id left JOIN ez_member m on m.uid = j.uid  WHERE ( j.status = 1 ) AND ( j.uid = 100012 ) ORDER BY j.addtime desc LIMIT 0,50   [ RunTime:0.000532s ]
SQL: SELECT COUNT(*) AS tp_count FROM `ez_jobs` WHERE ( `status` = 1 ) AND ( `uid` = 100012 ) LIMIT 1   [ RunTime:0.000139s ]
SQL: SHOW COLUMNS FROM `ez_member` [ RunTime:0.001442s ]
SQL: UPDATE `ez_member` SET `hits`=hits+1 WHERE ( `uid` = 100012 ) [ RunTime:0.002080s ]
SQL: SHOW COLUMNS FROM `ez_company_leads` [ RunTime:0.000376s ]
SQL: SELECT * FROM `ez_company_leads` WHERE ( `uid` = 100012 )  [ RunTime:0.000273s ]
SQL: SHOW COLUMNS FROM `ez_company_articles` [ RunTime:0.000284s ]
SQL: SELECT * FROM `ez_company_articles` WHERE ( `uid` = 100012 )  [ RunTime:0.000180s ]
SQL: SHOW COLUMNS FROM `ez_company_photo` [ RunTime:0.000292s ]
SQL: SELECT * FROM `ez_company_photo` WHERE ( `uid` = 100012 )  [ RunTime:0.000268s ]
SQL: SHOW COLUMNS FROM `ez_company_video` [ RunTime:0.000355s ]
SQL: SELECT * FROM `ez_company_video` WHERE ( `uid` = 100012 ) LIMIT 1   [ RunTime:0.000201s ]
SQL: SHOW COLUMNS FROM `ez_video` [ RunTime:0.000517s ]
SQL: SELECT * FROM `ez_video` WHERE ( `uid` = 100012 ) AND ( `type` = 1 )  [ RunTime:0.000262s ]
SQL: SELECT * FROM `ez_video` WHERE ( `uid` = 100012 ) AND ( `type` = 2 )  [ RunTime:0.000162s ]
SQL: SHOW COLUMNS FROM `ez_news` [ RunTime:0.000472s ]
SQL: SELECT * FROM `ez_news` WHERE ( `uid` = 100012 ) AND ( `type` = 3 )  [ RunTime:0.000211s ]
INFO: [ view_parse ] --START--
INFO: [ template_filter ] --START--
INFO: Run Behavior\ContentReplace [ RunTime:0.000141s ]
INFO: [ template_filter ] --END-- [ RunTime:0.000241s ]
NOTIC: [8] Undefined variable: page_title /var/www/html/Run/Cache/Home/2805a562f5c7342035051ce66e6e5a58.php 第 8 行.
NOTIC: [8] Undefined index: job /var/www/html/Run/Cache/Home/2805a562f5c7342035051ce66e6e5a58.php 第 85 行.
NOTIC: [8] Undefined index: video /var/www/html/Run/Cache/Home/2805a562f5c7342035051ce66e6e5a58.php 第 85 行.
NOTIC: [8] Undefined index: post /var/www/html/Run/Cache/Home/2805a562f5c7342035051ce66e6e5a58.php 第 85 行.
NOTIC: [8] Undefined index: jid /var/www/html/Run/Cache/Home/2805a562f5c7342035051ce66e6e5a58.php 第 599 行.
NOTIC: [8] Use of undefined constant session - assumed 'session' /var/www/html/Run/Cache/Home/2805a562f5c7342035051ce66e6e5a58.php 第 634 行.
NOTIC: [8] Undefined variable: Think /var/www/html/Run/Cache/Home/2805a562f5c7342035051ce66e6e5a58.php 第 634 行.
NOTIC: [8] Use of undefined constant email - assumed 'email' /var/www/html/Run/Cache/Home/2805a562f5c7342035051ce66e6e5a58.php 第 634 行.
INFO: Run Behavior\ParseTemplate [ RunTime:0.031637s ]
INFO: [ view_parse ] --END-- [ RunTime:0.031716s ]
INFO: [ view_filter ] --START--
INFO: Run Behavior\WriteHtmlCache [ RunTime:0.000152s ]
INFO: [ view_filter ] --END-- [ RunTime:0.000202s ]
INFO: [ app_end ] --START--
INFO: Run Behavior\ShowPageTrace [ RunTime:0.000536s ]
INFO: [ app_end ] --END-- [ RunTime:0.000670s ]

[ 2015-07-05T22:56:56+08:00 ] 183.54.70.169 /Company/createPost.html
INFO: [ app_init ] --START--
INFO: Run Common\Behavior\InitHook [ RunTime:0.000869s ]
INFO: [ app_init ] --END-- [ RunTime:0.001131s ]
INFO: [ app_begin ] --START--
INFO: Run Behavior\ReadHtmlCache [ RunTime:0.000319s ]
INFO: [ app_begin ] --END-- [ RunTime:0.000385s ]
NOTIC: [2048] Declaration of Home\Controller\UserController::checkUser() should be compatible with that of Home\Controller\HomeController::checkUser() /var/www/html/App/Home/Controller/UserController.class.php 第 11 行.
NOTIC: [8] Undefined index: uid /var/www/html/App/Home/Controller/HomeController.class.php 第 30 行.
NOTIC: [8] Undefined index: status /var/www/html/App/Home/Controller/HomeController.class.php 第 31 行.
NOTIC: [8] Undefined index: type /var/www/html/App/Home/Controller/HomeController.class.php 第 32 行.
NOTIC: [8] Undefined index: nickname /var/www/html/App/Home/Controller/HomeController.class.php 第 33 行.
NOTIC: [8] Undefined index: username /var/www/html/App/Home/Controller/HomeController.class.php 第 34 行.
NOTIC: [8] Undefined index: email /var/www/html/App/Home/Controller/HomeController.class.php 第 35 行.
NOTIC: [8] Undefined index: user_status /var/www/html/App/Home/Controller/HomeController.class.php 第 36 行.
SQL: SHOW COLUMNS FROM `ez_config` [ RunTime:0.000583s ]
SQL: SELECT `type`,`name`,`value` FROM `ez_config` WHERE ( `status` = 1 )  [ RunTime:0.000272s ]
NOTIC: [2] mkdir(): No such file or directory /var/www/html/App/Home/Controller/HomeController.class.php 第 84 行.
NOTIC: [2] mkdir(): No such file or directory /var/www/html/App/Home/Controller/HomeController.class.php 第 86 行.
INFO: [ view_parse ] --START--
INFO: [ template_filter ] --START--
INFO: Run Behavior\ContentReplace [ RunTime:0.000043s ]
INFO: [ template_filter ] --END-- [ RunTime:0.000106s ]
INFO: Run Behavior\ParseTemplate [ RunTime:0.005467s ]
INFO: [ view_parse ] --END-- [ RunTime:0.005546s ]
INFO: [ view_filter ] --START--
INFO: Run Behavior\WriteHtmlCache [ RunTime:0.000096s ]
INFO: [ view_filter ] --END-- [ RunTime:0.000145s ]

[ 2015-07-05T22:57:00+08:00 ] 183.54.70.169 /User/login
INFO: [ app_init ] --START--
INFO: Run Common\Behavior\InitHook [ RunTime:0.000976s ]
INFO: [ app_init ] --END-- [ RunTime:0.001228s ]
INFO: [ app_begin ] --START--
INFO: Run Behavior\ReadHtmlCache [ RunTime:0.000288s ]
INFO: [ app_begin ] --END-- [ RunTime:0.000345s ]
NOTIC: [2048] Declaration of Home\Controller\UserController::checkUser() should be compatible with that of Home\Controller\HomeController::checkUser() /var/www/html/App/Home/Controller/UserController.class.php 第 11 行.
NOTIC: [8] Undefined index: uid /var/www/html/App/Home/Controller/HomeController.class.php 第 30 行.
NOTIC: [8] Undefined index: status /var/www/html/App/Home/Controller/HomeController.class.php 第 31 行.
NOTIC: [8] Undefined index: type /var/www/html/App/Home/Controller/HomeController.class.php 第 32 行.
NOTIC: [8] Undefined index: nickname /var/www/html/App/Home/Controller/HomeController.class.php 第 33 行.
NOTIC: [8] Undefined index: username /var/www/html/App/Home/Controller/HomeController.class.php 第 34 行.
NOTIC: [8] Undefined index: email /var/www/html/App/Home/Controller/HomeController.class.php 第 35 行.
NOTIC: [8] Undefined index: user_status /var/www/html/App/Home/Controller/HomeController.class.php 第 36 行.
SQL: SHOW COLUMNS FROM `ez_config` [ RunTime:0.000579s ]
SQL: SELECT `type`,`name`,`value` FROM `ez_config` WHERE ( `status` = 1 )  [ RunTime:0.000248s ]
NOTIC: [2] mkdir(): No such file or directory /var/www/html/App/Home/Controller/HomeController.class.php 第 84 行.
NOTIC: [2] mkdir(): No such file or directory /var/www/html/App/Home/Controller/HomeController.class.php 第 86 行.
NOTIC: [8] Undefined index: ref /var/www/html/App/Home/Controller/UserController.class.php 第 193 行.
INFO: [ view_parse ] --START--
INFO: [ template_filter ] --START--
INFO: Run Behavior\ContentReplace [ RunTime:0.000076s ]
INFO: [ template_filter ] --END-- [ RunTime:0.000152s ]
NOTIC: [8] Undefined variable: page_title /var/www/html/Run/Cache/Home/ac277f5964a34abef899fa5429ceb409.php 第 8 行.
NOTIC: [8] Undefined variable: info /var/www/html/Run/Cache/Home/ac277f5964a34abef899fa5429ceb409.php 第 289 行.
NOTIC: [8] Use of undefined constant session - assumed 'session' /var/www/html/Run/Cache/Home/ac277f5964a34abef899fa5429ceb409.php 第 324 行.
NOTIC: [8] Undefined variable: Think /var/www/html/Run/Cache/Home/ac277f5964a34abef899fa5429ceb409.php 第 324 行.
NOTIC: [8] Use of undefined constant email - assumed 'email' /var/www/html/Run/Cache/Home/ac277f5964a34abef899fa5429ceb409.php 第 324 行.
INFO: Run Behavior\ParseTemplate [ RunTime:0.009537s ]
INFO: [ view_parse ] --END-- [ RunTime:0.009592s ]
INFO: [ view_filter ] --START--
INFO: Run Behavior\WriteHtmlCache [ RunTime:0.000104s ]
INFO: [ view_filter ] --END-- [ RunTime:0.000153s ]
INFO: [ app_end ] --START--
INFO: Run Behavior\ShowPageTrace [ RunTime:0.000285s ]
INFO: [ app_end ] --END-- [ RunTime:0.000340s ]

[ 2015-07-05T22:58:01+08:00 ] 183.54.70.169 /User/login
INFO: [ app_init ] --START--
INFO: Run Common\Behavior\InitHook [ RunTime:0.000886s ]
INFO: [ app_init ] --END-- [ RunTime:0.001135s ]
INFO: [ app_begin ] --START--
INFO: Run Behavior\ReadHtmlCache [ RunTime:0.000271s ]
INFO: [ app_begin ] --END-- [ RunTime:0.000325s ]
NOTIC: [2048] Declaration of Home\Controller\UserController::checkUser() should be compatible with that of Home\Controller\HomeController::checkUser() /var/www/html/App/Home/Controller/UserController.class.php 第 11 行.
NOTIC: [8] Undefined index: uid /var/www/html/App/Home/Controller/HomeController.class.php 第 30 行.
NOTIC: [8] Undefined index: status /var/www/html/App/Home/Controller/HomeController.class.php 第 31 行.
NOTIC: [8] Undefined index: type /var/www/html/App/Home/Controller/HomeController.class.php 第 32 行.
NOTIC: [8] Undefined index: nickname /var/www/html/App/Home/Controller/HomeController.class.php 第 33 行.
NOTIC: [8] Undefined index: username /var/www/html/App/Home/Controller/HomeController.class.php 第 34 行.
NOTIC: [8] Undefined index: email /var/www/html/App/Home/Controller/HomeController.class.php 第 35 行.
NOTIC: [8] Undefined index: user_status /var/www/html/App/Home/Controller/HomeController.class.php 第 36 行.
SQL: SHOW COLUMNS FROM `ez_config` [ RunTime:0.000597s ]
SQL: SELECT `type`,`name`,`value` FROM `ez_config` WHERE ( `status` = 1 )  [ RunTime:0.000243s ]
NOTIC: [2] mkdir(): No such file or directory /var/www/html/App/Home/Controller/HomeController.class.php 第 84 行.
NOTIC: [2] mkdir(): No such file or directory /var/www/html/App/Home/Controller/HomeController.class.php 第 86 行.
NOTIC: [8] Undefined index: ref /var/www/html/App/Home/Controller/UserController.class.php 第 193 行.
SQL: SHOW COLUMNS FROM `ez_ucenter_member` [ RunTime:0.000426s ]
SQL: SELECT * FROM `ez_ucenter_member` WHERE ( `email` = 'moon@jobsminer.cc' ) LIMIT 1   [ RunTime:0.000228s ]
SQL: UPDATE `ez_ucenter_member` SET `last_login_time`=1436108281,`last_login_ip`='3073787561' WHERE ( `id` = 100012 ) [ RunTime:0.000137s ]
SQL: SHOW COLUMNS FROM `ez_member` [ RunTime:0.001647s ]
SQL: SELECT `uid`,`status`,`user_status`,`type`,`isv`,`yingye_zhizhao`,`hits`,`tj_index`,`birthday`,`qq`,`score`,`sex`,`login_num`,`edu`,`pic`,`money`,`gongsi_xingzhi`,`email_send_time`,`email_check_time`,`email_jianli`,`email_key`,`phone`,`workyear`,`address`,`nickname`,`bind_from`,`sina_open_id`,`qq_open_id`,`wx_open_id`,`sina_name`,`qq_name`,`wx_name`,`sina_bind_time`,`qq_bind_time`,`wx_bind_time`,`access_token`,`realname`,`idcard`,`reg_ip`,`reg_time`,`last_login_ip`,`last_login_time`,`check_email`,`company_name`,`company_short_name`,`logo`,`company_city_id`,`company_city`,`web_url`,`hangye_id`,`hangye`,`guimu`,`jieduan`,`jigou`,`descri`,`tags`,`leads`,`products`,`content`,`xiujia_fromDate`,`xiujia_endDate`,`resume_name`,`workstatus`,`update_time`,`score_touxiang`,`score_jiben`,`score_jineng`,`score_jingyan`,`score_xiangmu`,`score_jiaoyu`,`score_ziwo`,`score_zuopin`,`score_custom`,`resume_status`,`city`,`expect_city`,`expect_memo`,`position_name`,`position_type`,`salarys`,`remark`,`offline_resume_id`,`default_select`,`oneWord`,`isOpenMyResume`,`com_id`,`findemail_key`,`findemail_send_time` FROM `ez_member` WHERE ( `uid` = 100012 ) LIMIT 1   [ RunTime:0.000441s ]
SQL: UPDATE `ez_member` SET `login_num`=`login_num`+1,`last_login_time`=1436108281,`last_login_ip`='3073787561' WHERE ( `uid` = 100012 ) [ RunTime:0.008908s ]
NOTIC: [8] Undefined index: email /var/www/html/App/Home/Model/MemberModel.class.php 第 89 行.
SQL: SHOW COLUMNS FROM `ez_action` [ RunTime:0.000642s ]
SQL: SELECT * FROM `ez_action` WHERE ( `name` = 'user_login' ) LIMIT 1   [ RunTime:0.000157s ]
SQL: SHOW COLUMNS FROM `ez_member` [ RunTime:0.001589s ]
SQL: SELECT `nickname` FROM `ez_member` WHERE ( `uid` = 100012 ) LIMIT 1   [ RunTime:0.000160s ]
SQL: SHOW COLUMNS FROM `ez_action_log` [ RunTime:0.000416s ]
SQL: INSERT INTO `ez_action_log` (`action_id`,`user_id`,`action_ip`,`model`,`record_id`,`create_time`,`remark`) VALUES (1,100012,3073787561,'member',100012,1436108281,'在2015-07-05 22:58登录了后台') [ RunTime:0.000154s ]
SQL: SELECT * FROM `ez_action` WHERE ( `name` = 'user_login' ) LIMIT 1   [ RunTime:0.000122s ]
NOTIC: [8] Undefined offset: 1 /var/www/html/App/Common/Common/function.php 第 693 行.
NOTIC: [2] array_key_exists() expects parameter 2 to be array, null given /var/www/html/App/Common/Common/function.php 第 693 行.
SQL: SELECT COUNT(*) AS tp_count FROM `ez_action_log` WHERE ( `action_id` = 1 ) AND ( `user_id` = 100012 ) AND ( `create_time` > 1436021881 ) LIMIT 1   [ RunTime:0.000561s ]
NOTIC: [8] Undefined index: go_to_url /var/www/html/App/Home/Controller/UserController.class.php 第 226 行.

[ 2015-07-05T22:58:01+08:00 ] 183.54.70.169 /Company/cinfo
INFO: [ app_init ] --START--
INFO: Run Common\Behavior\InitHook [ RunTime:0.000954s ]
INFO: [ app_init ] --END-- [ RunTime:0.001270s ]
INFO: [ app_begin ] --START--
INFO: Run Behavior\ReadHtmlCache [ RunTime:0.000264s ]
INFO: [ app_begin ] --END-- [ RunTime:0.000321s ]
NOTIC: [2048] Declaration of Home\Controller\UserController::checkUser() should be compatible with that of Home\Controller\HomeController::checkUser() /var/www/html/App/Home/Controller/UserController.class.php 第 11 行.
SQL: SHOW COLUMNS FROM `ez_config` [ RunTime:0.000591s ]
SQL: SELECT `type`,`name`,`value` FROM `ez_config` WHERE ( `status` = 1 )  [ RunTime:0.000258s ]
NOTIC: [2] mkdir(): No such file or directory /var/www/html/App/Home/Controller/HomeController.class.php 第 84 行.
NOTIC: [2] mkdir(): No such file or directory /var/www/html/App/Home/Controller/HomeController.class.php 第 86 行.
SQL: SHOW COLUMNS FROM `ez_ucenter_member` [ RunTime:0.000391s ]
SQL: SHOW COLUMNS FROM `ez_ucenter_member` [ RunTime:0.000467s ]
SQL: SELECT um.id,um.username,um.password,um.email,um.mobile,m.* FROM ez_ucenter_member um INNER JOIN ez_member m on um.id = m.uid  WHERE ( m.uid='100012' ) LIMIT 1   [ RunTime:0.000416s ]
SQL: SHOW COLUMNS FROM `ez_jobs` [ RunTime:0.000646s ]
NOTIC: [8] Undefined index: only_get_count /var/www/html/App/Home/Controller/HomeController.class.php 第 945 行.
SQL: SHOW COLUMNS FROM `ez_jobs` [ RunTime:0.000666s ]
SQL: SELECT j.*,j.addtime as job_addtime,m.*,um.email FROM ez_jobs j left JOIN ez_ucenter_member um on j.uid = um.id left JOIN ez_member m on m.uid = j.uid  WHERE ( j.uid = '100012' ) ORDER BY j.addtime desc LIMIT 0,100   [ RunTime:0.000490s ]
SQL: SHOW COLUMNS FROM `ez_company_leads` [ RunTime:0.000365s ]
SQL: SELECT * FROM `ez_company_leads` WHERE ( `uid` = 100012 )  [ RunTime:0.000207s ]
SQL: SHOW COLUMNS FROM `ez_company_articles` [ RunTime:0.000305s ]
SQL: SELECT * FROM `ez_company_articles` WHERE ( `uid` = 100012 )  [ RunTime:0.000179s ]
SQL: SHOW COLUMNS FROM `ez_company_photo` [ RunTime:0.000305s ]
SQL: SELECT * FROM `ez_company_photo` WHERE ( `uid` = 100012 )  [ RunTime:0.000217s ]
SQL: SHOW COLUMNS FROM `ez_company_video` [ RunTime:0.000368s ]
SQL: SELECT * FROM `ez_company_video` WHERE ( `uid` = 100012 ) LIMIT 1   [ RunTime:0.000204s ]
SQL: SHOW COLUMNS FROM `ez_video` [ RunTime:0.000533s ]
SQL: SELECT * FROM `ez_video` WHERE ( `uid` = 100012 ) AND ( `type` = 1 )  [ RunTime:0.000244s ]
SQL: SELECT * FROM `ez_video` WHERE ( `uid` = 100012 ) AND ( `type` = 2 )  [ RunTime:0.000181s ]
INFO: [ view_parse ] --START--
INFO: [ template_filter ] --START--
INFO: Run Behavior\ContentReplace [ RunTime:0.000255s ]
INFO: [ template_filter ] --END-- [ RunTime:0.000365s ]
NOTIC: [8] Undefined variable: page_title /var/www/html/Run/Cache/Home/09f00a5410f7cf8388c3f20794252726.php 第 8 行.
NOTIC: [8] Undefined index: job /var/www/html/Run/Cache/Home/09f00a5410f7cf8388c3f20794252726.php 第 61 行.
NOTIC: [8] Undefined index: resume /var/www/html/Run/Cache/Home/09f00a5410f7cf8388c3f20794252726.php 第 61 行.
NOTIC: [8] Undefined index: post /var/www/html/Run/Cache/Home/09f00a5410f7cf8388c3f20794252726.php 第 61 行.
NOTIC: [8] Use of undefined constant thumb - assumed 'thumb' /var/www/html/Run/Cache/Home/09f00a5410f7cf8388c3f20794252726.php 第 608 行.
NOTIC: [8] Undefined variable: info /var/www/html/Run/Cache/Home/09f00a5410f7cf8388c3f20794252726.php 第 1279 行.
NOTIC: [8] Use of undefined constant session - assumed 'session' /var/www/html/Run/Cache/Home/09f00a5410f7cf8388c3f20794252726.php 第 1314 行.
NOTIC: [8] Undefined variable: Think /var/www/html/Run/Cache/Home/09f00a5410f7cf8388c3f20794252726.php 第 1314 行.
NOTIC: [8] Use of undefined constant email - assumed 'email' /var/www/html/Run/Cache/Home/09f00a5410f7cf8388c3f20794252726.php 第 1314 行.
INFO: Run Behavior\ParseTemplate [ RunTime:0.038282s ]
INFO: [ view_parse ] --END-- [ RunTime:0.038369s ]
INFO: [ view_filter ] --START--
INFO: Run Behavior\WriteHtmlCache [ RunTime:0.000121s ]
INFO: [ view_filter ] --END-- [ RunTime:0.000169s ]
INFO: [ app_end ] --START--
INFO: Run Behavior\ShowPageTrace [ RunTime:0.000633s ]
INFO: [ app_end ] --END-- [ RunTime:0.000820s ]

[ 2015-07-05T22:58:04+08:00 ] 183.54.70.169 /Company/createPost.html
INFO: [ app_init ] --START--
INFO: Run Common\Behavior\InitHook [ RunTime:0.000817s ]
INFO: [ app_init ] --END-- [ RunTime:0.001068s ]
INFO: [ app_begin ] --START--
INFO: Run Behavior\ReadHtmlCache [ RunTime:0.000293s ]
INFO: [ app_begin ] --END-- [ RunTime:0.000349s ]
NOTIC: [2048] Declaration of Home\Controller\UserController::checkUser() should be compatible with that of Home\Controller\HomeController::checkUser() /var/www/html/App/Home/Controller/UserController.class.php 第 11 行.
SQL: SHOW COLUMNS FROM `ez_config` [ RunTime:0.000578s ]
SQL: SELECT `type`,`name`,`value` FROM `ez_config` WHERE ( `status` = 1 )  [ RunTime:0.000266s ]
NOTIC: [2] mkdir(): No such file or directory /var/www/html/App/Home/Controller/HomeController.class.php 第 84 行.
NOTIC: [2] mkdir(): No such file or directory /var/www/html/App/Home/Controller/HomeController.class.php 第 86 行.
NOTIC: [8] Undefined index: jid /var/www/html/App/Home/Controller/CompanyController.class.php 第 809 行.
SQL: SHOW COLUMNS FROM `ez_ucenter_member` [ RunTime:0.000378s ]
SQL: SHOW COLUMNS FROM `ez_ucenter_member` [ RunTime:0.000438s ]
SQL: SELECT um.id,um.username,um.password,um.email,um.mobile,m.* FROM ez_ucenter_member um INNER JOIN ez_member m on um.id = m.uid  WHERE ( m.uid='100012' ) LIMIT 1   [ RunTime:0.000386s ]
NOTIC: [8] Undefined variable: count /var/www/html/App/Home/Controller/CompanyController.class.php 第 829 行.
NOTIC: [8] Undefined variable: count /var/www/html/App/Home/Controller/CompanyController.class.php 第 830 行.
NOTIC: [8] Undefined variable: job /var/www/html/App/Home/Controller/CompanyController.class.php 第 832 行.
INFO: [ view_parse ] --START--
INFO: [ template_filter ] --START--
INFO: Run Behavior\ContentReplace [ RunTime:0.000178s ]
INFO: [ template_filter ] --END-- [ RunTime:0.000298s ]
NOTIC: [8] Undefined variable: page_title /var/www/html/Run/Cache/Home/72da907a46bb740b9801399c117d1d06.php 第 8 行.
NOTIC: [8] Undefined index: job /var/www/html/Run/Cache/Home/72da907a46bb740b9801399c117d1d06.php 第 61 行.
NOTIC: [8] Undefined index: company /var/www/html/Run/Cache/Home/72da907a46bb740b9801399c117d1d06.php 第 61 行.
NOTIC: [8] Undefined index: resume /var/www/html/Run/Cache/Home/72da907a46bb740b9801399c117d1d06.php 第 61 行.
NOTIC: [8] Undefined variable: type /var/www/html/Run/Cache/Home/72da907a46bb740b9801399c117d1d06.php 第 150 行.
NOTIC: [8] Undefined variable: type /var/www/html/Run/Cache/Home/72da907a46bb740b9801399c117d1d06.php 第 152 行.
NOTIC: [8] Undefined variable: type /var/www/html/Run/Cache/Home/72da907a46bb740b9801399c117d1d06.php 第 153 行.
NOTIC: [8] Undefined variable: type /var/www/html/Run/Cache/Home/72da907a46bb740b9801399c117d1d06.php 第 154 行.
NOTIC: [8] Undefined variable: type /var/www/html/Run/Cache/Home/72da907a46bb740b9801399c117d1d06.php 第 155 行.
NOTIC: [8] Undefined variable: type /var/www/html/Run/Cache/Home/72da907a46bb740b9801399c117d1d06.php 第 160 行.
NOTIC: [8] Undefined variable: type /var/www/html/Run/Cache/Home/72da907a46bb740b9801399c117d1d06.php 第 161 行.
NOTIC: [8] Undefined index: jid /var/www/html/Run/Cache/Home/72da907a46bb740b9801399c117d1d06.php 第 864 行.
NOTIC: [8] Use of undefined constant session - assumed 'session' /var/www/html/Run/Cache/Home/72da907a46bb740b9801399c117d1d06.php 第 899 行.
NOTIC: [8] Undefined variable: Think /var/www/html/Run/Cache/Home/72da907a46bb740b9801399c117d1d06.php 第 899 行.
NOTIC: [8] Use of undefined constant email - assumed 'email' /var/www/html/Run/Cache/Home/72da907a46bb740b9801399c117d1d06.php 第 899 行.
INFO: Run Behavior\ParseTemplate [ RunTime:0.023916s ]
INFO: [ view_parse ] --END-- [ RunTime:0.023974s ]
INFO: [ view_filter ] --START--
INFO: Run Behavior\WriteHtmlCache [ RunTime:0.000119s ]
INFO: [ view_filter ] --END-- [ RunTime:0.000183s ]
INFO: [ app_end ] --START--
INFO: Run Behavior\ShowPageTrace [ RunTime:0.000491s ]
INFO: [ app_end ] --END-- [ RunTime:0.000612s ]

[ 2015-07-05T22:58:06+08:00 ] 183.54.70.169 /Company/queryTipsNums/
INFO: [ app_init ] --START--
INFO: Run Common\Behavior\InitHook [ RunTime:0.000839s ]
INFO: [ app_init ] --END-- [ RunTime:0.001071s ]
INFO: [ app_begin ] --START--
INFO: Run Behavior\ReadHtmlCache [ RunTime:0.000296s ]
INFO: [ app_begin ] --END-- [ RunTime:0.000350s ]
NOTIC: [2048] Declaration of Home\Controller\UserController::checkUser() should be compatible with that of Home\Controller\HomeController::checkUser() /var/www/html/App/Home/Controller/UserController.class.php 第 11 行.
SQL: SHOW COLUMNS FROM `ez_config` [ RunTime:0.000580s ]
SQL: SELECT `type`,`name`,`value` FROM `ez_config` WHERE ( `status` = 1 )  [ RunTime:0.000285s ]
NOTIC: [2] mkdir(): No such file or directory /var/www/html/App/Home/Controller/HomeController.class.php 第 84 行.
NOTIC: [2] mkdir(): No such file or directory /var/www/html/App/Home/Controller/HomeController.class.php 第 86 行.
NOTIC: [8] Undefined index: jsoncallback /var/www/html/App/Home/Controller/CompanyController.class.php 第 1238 行.
SQL: SHOW COLUMNS FROM `ez_jobs` [ RunTime:0.000675s ]
SQL: SELECT `jid` FROM `ez_jobs` WHERE ( `uid` = 100012 )  [ RunTime:0.000266s ]
SQL: SHOW COLUMNS FROM `ez_jobs_apply` [ RunTime:0.000445s ]
SQL: SELECT COUNT(*) AS tp_count FROM `ez_jobs_apply` WHERE ( `status` = 0 ) AND ( `view_contact` = 0 ) AND ( `jid` IN ('65','66','68','69') ) LIMIT 1   [ RunTime:0.000329s ]
SQL: SELECT COUNT(*) AS tp_count FROM `ez_jobs_apply` WHERE ( `status` = 0 ) AND ( `view_contact` = 1 ) AND ( `jid` IN ('65','66','68','69') ) LIMIT 1   [ RunTime:0.000185s ]
SQL: SELECT COUNT(*) AS tp_count FROM `ez_jobs_apply` WHERE ( `status` = -2 ) AND ( `jid` IN ('65','66','68','69') ) LIMIT 1   [ RunTime:0.000181s ]
SQL: SELECT COUNT(*) AS tp_count FROM `ez_jobs_apply` WHERE ( `jid` IN ('65','66','68','69') ) LIMIT 1   [ RunTime:0.000163s ]
SQL: SELECT COUNT(*) AS tp_count FROM `ez_jobs_apply` WHERE ( `status` = -1 ) AND ( `jid` IN ('65','66','68','69') ) LIMIT 1   [ RunTime:0.000189s ]
SQL: SELECT COUNT(*) AS tp_count FROM `ez_jobs_apply` WHERE ( `status` = 1 ) AND ( `jid` IN ('65','66','68','69') ) LIMIT 1   [ RunTime:0.000196s ]

[ 2015-07-05T22:58:06+08:00 ] 183.54.70.169 //js/tinymce/examples/css/content.css
INFO: [ app_init ] --START--
INFO: Run Common\Behavior\InitHook [ RunTime:0.000867s ]
INFO: [ app_init ] --END-- [ RunTime:0.001097s ]
INFO: [ app_begin ] --START--
INFO: Run Behavior\ReadHtmlCache [ RunTime:0.000262s ]
INFO: [ app_begin ] --END-- [ RunTime:0.000317s ]
SQL: SHOW COLUMNS FROM `ez_config` [ RunTime:0.000605s ]
SQL: SELECT `type`,`name`,`value` FROM `ez_config` WHERE ( `status` = 1 )  [ RunTime:0.000257s ]
NOTIC: [2] mkdir(): No such file or directory /var/www/html/App/Home/Controller/HomeController.class.php 第 84 行.
NOTIC: [2] mkdir(): No such file or directory /var/www/html/App/Home/Controller/HomeController.class.php 第 86 行.
INFO: [ view_parse ] --START--
INFO: [ template_filter ] --START--
INFO: Run Behavior\ContentReplace [ RunTime:0.000048s ]
INFO: [ template_filter ] --END-- [ RunTime:0.000118s ]
INFO: Run Behavior\ParseTemplate [ RunTime:0.005238s ]
INFO: [ view_parse ] --END-- [ RunTime:0.005312s ]
INFO: [ view_filter ] --START--
INFO: Run Behavior\WriteHtmlCache [ RunTime:0.000096s ]
INFO: [ view_filter ] --END-- [ RunTime:0.000144s ]

[ 2015-07-05T22:58:15+08:00 ] 183.54.70.169 /User/logout.html
INFO: [ app_init ] --START--
INFO: Run Common\Behavior\InitHook [ RunTime:0.000860s ]
INFO: [ app_init ] --END-- [ RunTime:0.001152s ]
INFO: [ app_begin ] --START--
INFO: Run Behavior\ReadHtmlCache [ RunTime:0.000314s ]
INFO: [ app_begin ] --END-- [ RunTime:0.000371s ]
NOTIC: [2048] Declaration of Home\Controller\UserController::checkUser() should be compatible with that of Home\Controller\HomeController::checkUser() /var/www/html/App/Home/Controller/UserController.class.php 第 11 行.
SQL: SHOW COLUMNS FROM `ez_config` [ RunTime:0.000607s ]
SQL: SELECT `type`,`name`,`value` FROM `ez_config` WHERE ( `status` = 1 )  [ RunTime:0.000246s ]
NOTIC: [2] mkdir(): No such file or directory /var/www/html/App/Home/Controller/HomeController.class.php 第 84 行.
NOTIC: [2] mkdir(): No such file or directory /var/www/html/App/Home/Controller/HomeController.class.php 第 86 行.
SQL: SHOW COLUMNS FROM `ez_member` [ RunTime:0.001485s ]

[ 2015-07-05T22:58:15+08:00 ] 183.54.70.169 /User/login.html
INFO: [ app_init ] --START--
INFO: Run Common\Behavior\InitHook [ RunTime:0.000930s ]
INFO: [ app_init ] --END-- [ RunTime:0.001245s ]
INFO: [ app_begin ] --START--
INFO: Run Behavior\ReadHtmlCache [ RunTime:0.000291s ]
INFO: [ app_begin ] --END-- [ RunTime:0.000353s ]
NOTIC: [2048] Declaration of Home\Controller\UserController::checkUser() should be compatible with that of Home\Controller\HomeController::checkUser() /var/www/html/App/Home/Controller/UserController.class.php 第 11 行.
NOTIC: [8] Undefined index: uid /var/www/html/App/Home/Controller/HomeController.class.php 第 30 行.
NOTIC: [8] Undefined index: status /var/www/html/App/Home/Controller/HomeController.class.php 第 31 行.
NOTIC: [8] Undefined index: type /var/www/html/App/Home/Controller/HomeController.class.php 第 32 行.
NOTIC: [8] Undefined index: nickname /var/www/html/App/Home/Controller/HomeController.class.php 第 33 行.
NOTIC: [8] Undefined index: username /var/www/html/App/Home/Controller/HomeController.class.php 第 34 行.
NOTIC: [8] Undefined index: email /var/www/html/App/Home/Controller/HomeController.class.php 第 35 行.
NOTIC: [8] Undefined index: user_status /var/www/html/App/Home/Controller/HomeController.class.php 第 36 行.
SQL: SHOW COLUMNS FROM `ez_config` [ RunTime:0.000546s ]
SQL: SELECT `type`,`name`,`value` FROM `ez_config` WHERE ( `status` = 1 )  [ RunTime:0.000251s ]
NOTIC: [2] mkdir(): No such file or directory /var/www/html/App/Home/Controller/HomeController.class.php 第 84 行.
NOTIC: [2] mkdir(): No such file or directory /var/www/html/App/Home/Controller/HomeController.class.php 第 86 行.
NOTIC: [8] Undefined index: ref /var/www/html/App/Home/Controller/UserController.class.php 第 193 行.
INFO: [ view_parse ] --START--
INFO: [ template_filter ] --START--
INFO: Run Behavior\ContentReplace [ RunTime:0.000107s ]
INFO: [ template_filter ] --END-- [ RunTime:0.000334s ]
NOTIC: [8] Undefined variable: page_title /var/www/html/Run/Cache/Home/ac277f5964a34abef899fa5429ceb409.php 第 8 行.
NOTIC: [8] Undefined variable: info /var/www/html/Run/Cache/Home/ac277f5964a34abef899fa5429ceb409.php 第 289 行.
NOTIC: [8] Use of undefined constant session - assumed 'session' /var/www/html/Run/Cache/Home/ac277f5964a34abef899fa5429ceb409.php 第 324 行.
NOTIC: [8] Undefined variable: Think /var/www/html/Run/Cache/Home/ac277f5964a34abef899fa5429ceb409.php 第 324 行.
NOTIC: [8] Use of undefined constant email - assumed 'email' /var/www/html/Run/Cache/Home/ac277f5964a34abef899fa5429ceb409.php 第 324 行.
INFO: Run Behavior\ParseTemplate [ RunTime:0.010157s ]
INFO: [ view_parse ] --END-- [ RunTime:0.010237s ]
INFO: [ view_filter ] --START--
INFO: Run Behavior\WriteHtmlCache [ RunTime:0.000105s ]
INFO: [ view_filter ] --END-- [ RunTime:0.000151s ]
INFO: [ app_end ] --START--
INFO: Run Behavior\ShowPageTrace [ RunTime:0.000354s ]
INFO: [ app_end ] --END-- [ RunTime:0.000407s ]

[ 2015-07-05T22:58:18+08:00 ] 183.54.70.169 /User/login.html
INFO: [ app_init ] --START--
INFO: Run Common\Behavior\InitHook [ RunTime:0.000914s ]
INFO: [ app_init ] --END-- [ RunTime:0.001166s ]
INFO: [ app_begin ] --START--
INFO: Run Behavior\ReadHtmlCache [ RunTime:0.000293s ]
INFO: [ app_begin ] --END-- [ RunTime:0.000349s ]
NOTIC: [2048] Declaration of Home\Controller\UserController::checkUser() should be compatible with that of Home\Controller\HomeController::checkUser() /var/www/html/App/Home/Controller/UserController.class.php 第 11 行.
NOTIC: [8] Undefined index: uid /var/www/html/App/Home/Controller/HomeController.class.php 第 30 行.
NOTIC: [8] Undefined index: status /var/www/html/App/Home/Controller/HomeController.class.php 第 31 行.
NOTIC: [8] Undefined index: type /var/www/html/App/Home/Controller/HomeController.class.php 第 32 行.
NOTIC: [8] Undefined index: nickname /var/www/html/App/Home/Controller/HomeController.class.php 第 33 行.
NOTIC: [8] Undefined index: username /var/www/html/App/Home/Controller/HomeController.class.php 第 34 行.
NOTIC: [8] Undefined index: email /var/www/html/App/Home/Controller/HomeController.class.php 第 35 行.
NOTIC: [8] Undefined index: user_status /var/www/html/App/Home/Controller/HomeController.class.php 第 36 行.
SQL: SHOW COLUMNS FROM `ez_config` [ RunTime:0.000595s ]
SQL: SELECT `type`,`name`,`value` FROM `ez_config` WHERE ( `status` = 1 )  [ RunTime:0.000270s ]
NOTIC: [2] mkdir(): No such file or directory /var/www/html/App/Home/Controller/HomeController.class.php 第 84 行.
NOTIC: [2] mkdir(): No such file or directory /var/www/html/App/Home/Controller/HomeController.class.php 第 86 行.
NOTIC: [8] Undefined index: ref /var/www/html/App/Home/Controller/UserController.class.php 第 193 行.
SQL: SHOW COLUMNS FROM `ez_ucenter_member` [ RunTime:0.000402s ]
SQL: SELECT * FROM `ez_ucenter_member` WHERE ( `email` = 'jia1fei@gmail.com' ) LIMIT 1   [ RunTime:0.000212s ]
SQL: UPDATE `ez_ucenter_member` SET `last_login_time`=1436108298,`last_login_ip`='3073787561' WHERE ( `id` = 100015 ) [ RunTime:0.000139s ]
SQL: SHOW COLUMNS FROM `ez_member` [ RunTime:0.001654s ]
SQL: SELECT `uid`,`status`,`user_status`,`type`,`isv`,`yingye_zhizhao`,`hits`,`tj_index`,`birthday`,`qq`,`score`,`sex`,`login_num`,`edu`,`pic`,`money`,`gongsi_xingzhi`,`email_send_time`,`email_check_time`,`email_jianli`,`email_key`,`phone`,`workyear`,`address`,`nickname`,`bind_from`,`sina_open_id`,`qq_open_id`,`wx_open_id`,`sina_name`,`qq_name`,`wx_name`,`sina_bind_time`,`qq_bind_time`,`wx_bind_time`,`access_token`,`realname`,`idcard`,`reg_ip`,`reg_time`,`last_login_ip`,`last_login_time`,`check_email`,`company_name`,`company_short_name`,`logo`,`company_city_id`,`company_city`,`web_url`,`hangye_id`,`hangye`,`guimu`,`jieduan`,`jigou`,`descri`,`tags`,`leads`,`products`,`content`,`xiujia_fromDate`,`xiujia_endDate`,`resume_name`,`workstatus`,`update_time`,`score_touxiang`,`score_jiben`,`score_jineng`,`score_jingyan`,`score_xiangmu`,`score_jiaoyu`,`score_ziwo`,`score_zuopin`,`score_custom`,`resume_status`,`city`,`expect_city`,`expect_memo`,`position_name`,`position_type`,`salarys`,`remark`,`offline_resume_id`,`default_select`,`oneWord`,`isOpenMyResume`,`com_id`,`findemail_key`,`findemail_send_time` FROM `ez_member` WHERE ( `uid` = 100015 ) LIMIT 1   [ RunTime:0.000433s ]
SQL: UPDATE `ez_member` SET `login_num`=`login_num`+1,`last_login_time`=1436108298,`last_login_ip`='3073787561' WHERE ( `uid` = 100015 ) [ RunTime:0.008872s ]
NOTIC: [8] Undefined index: email /var/www/html/App/Home/Model/MemberModel.class.php 第 89 行.
SQL: SHOW COLUMNS FROM `ez_action` [ RunTime:0.000679s ]
SQL: SELECT * FROM `ez_action` WHERE ( `name` = 'user_login' ) LIMIT 1   [ RunTime:0.000183s ]
SQL: SHOW COLUMNS FROM `ez_member` [ RunTime:0.001597s ]
SQL: SELECT `nickname` FROM `ez_member` WHERE ( `uid` = 100015 ) LIMIT 1   [ RunTime:0.000206s ]
SQL: SHOW COLUMNS FROM `ez_action_log` [ RunTime:0.000477s ]
SQL: INSERT INTO `ez_action_log` (`action_id`,`user_id`,`action_ip`,`model`,`record_id`,`create_time`,`remark`) VALUES (1,100015,3073787561,'member',100015,1436108298,'在2015-07-05 22:58登录了后台') [ RunTime:0.000166s ]
SQL: SELECT * FROM `ez_action` WHERE ( `name` = 'user_login' ) LIMIT 1   [ RunTime:0.000146s ]
NOTIC: [8] Undefined offset: 1 /var/www/html/App/Common/Common/function.php 第 693 行.
NOTIC: [2] array_key_exists() expects parameter 2 to be array, null given /var/www/html/App/Common/Common/function.php 第 693 行.
SQL: SELECT COUNT(*) AS tp_count FROM `ez_action_log` WHERE ( `action_id` = 1 ) AND ( `user_id` = 100015 ) AND ( `create_time` > 1436021898 ) LIMIT 1   [ RunTime:0.000226s ]
SQL: UPDATE `ez_member` SET `score`=score+10 WHERE ( uid=100015 AND status>-1 ) [ RunTime:0.000689s ]
NOTIC: [8] Undefined index: go_to_url /var/www/html/App/Home/Controller/UserController.class.php 第 226 行.

[ 2015-07-05T22:58:18+08:00 ] 183.54.70.169 /Resume/myresume
INFO: [ app_init ] --START--
INFO: Run Common\Behavior\InitHook [ RunTime:0.000862s ]
INFO: [ app_init ] --END-- [ RunTime:0.001121s ]
INFO: [ app_begin ] --START--
INFO: Run Behavior\ReadHtmlCache [ RunTime:0.000267s ]
INFO: [ app_begin ] --END-- [ RunTime:0.000326s ]
NOTIC: [2048] Declaration of Home\Controller\UserController::checkUser() should be compatible with that of Home\Controller\HomeController::checkUser() /var/www/html/App/Home/Controller/UserController.class.php 第 11 行.
SQL: SHOW COLUMNS FROM `ez_config` [ RunTime:0.000588s ]
SQL: SELECT `type`,`name`,`value` FROM `ez_config` WHERE ( `status` = 1 )  [ RunTime:0.000287s ]
NOTIC: [2] mkdir(): No such file or directory /var/www/html/App/Home/Controller/HomeController.class.php 第 84 行.
NOTIC: [2] mkdir(): No such file or directory /var/www/html/App/Home/Controller/HomeController.class.php 第 86 行.
SQL: SHOW COLUMNS FROM `ez_resume_offline` [ RunTime:0.000400s ]
SQL: SELECT * FROM `ez_resume_offline` WHERE ( `uid` = 100015 ) ORDER BY oid desc  [ RunTime:0.000261s ]
SQL: SELECT COUNT(*) AS tp_count FROM `ez_resume_offline` WHERE ( `uid` = 100015 ) LIMIT 1   [ RunTime:0.000141s ]
SQL: SHOW COLUMNS FROM `ez_ucenter_member` [ RunTime:0.000396s ]
SQL: SHOW COLUMNS FROM `ez_ucenter_member` [ RunTime:0.000434s ]
SQL: SELECT um.id,um.username,um.password,um.email,um.mobile,m.* FROM ez_ucenter_member um INNER JOIN ez_member m on um.id = m.uid  WHERE ( m.uid='100015' ) LIMIT 1   [ RunTime:0.000420s ]
NOTIC: [8] Undefined index: type /var/www/html/App/Home/Controller/ResumeController.class.php 第 39 行.
SQL: SHOW COLUMNS FROM `ez_ucenter_member` [ RunTime:0.000353s ]
SQL: SELECT um.id,um.username,um.password,um.email,um.mobile,m.* FROM ez_ucenter_member um INNER JOIN ez_member m on um.id = m.uid  WHERE ( m.uid='100015' ) LIMIT 1   [ RunTime:0.000299s ]
SQL: SHOW COLUMNS FROM `ez_resume` [ RunTime:0.000223s ]
ERR: 1146:Table 'EZtojob.ez_resume' doesn't exist
 [ SQL语句 ] : SHOW COLUMNS FROM `ez_resume`
NOTIC: [8] Undefined variable: p /var/www/html/App/Home/Controller/ResumeController.class.php 第 61 行.
NOTIC: [8] Trying to get property of non-object /var/www/html/App/Home/Controller/ResumeController.class.php 第 61 行.
NOTIC: [8] Undefined variable: p /var/www/html/App/Home/Controller/ResumeController.class.php 第 61 行.
NOTIC: [8] Trying to get property of non-object /var/www/html/App/Home/Controller/ResumeController.class.php 第 61 行.
SQL: SHOW COLUMNS FROM `ez_resume` [ RunTime:0.000257s ]
ERR: 1146:Table 'EZtojob.ez_resume' doesn't exist
 [ SQL语句 ] : SHOW COLUMNS FROM `ez_resume`
SQL: SELECT r.*,m.username FROM ez_resume r INNER JOIN ez_member m on r.uid = m.uid  WHERE ( r.uid='100015'  ) ORDER BY  r.addtime desc LIMIT ,   [ RunTime:0.000126s ]
ERR: 1064:You have an error in your SQL syntax; check the manual that corresponds to your MySQL server version for the right syntax to use near '' at line 1
 [ SQL语句 ] : SELECT r.*,m.username FROM ez_resume r INNER JOIN ez_member m on r.uid = m.uid  WHERE ( r.uid='100015'  ) ORDER BY  r.addtime desc LIMIT ,  
SQL: SHOW COLUMNS FROM `ez_work_experience` [ RunTime:0.000711s ]
SQL: SELECT * FROM `ez_work_experience` WHERE ( `uid` = 100015 ) ORDER BY id desc  [ RunTime:0.000200s ]
SQL: SHOW COLUMNS FROM `ez_edu_experience` [ RunTime:0.000442s ]
SQL: SELECT * FROM `ez_edu_experience` WHERE ( `uid` = 100015 ) ORDER BY id desc  [ RunTime:0.000143s ]
NOTIC: [2] Invalid argument supplied for foreach() /var/www/html/App/Common/Common/function.php 第 2173 行.
SQL: SHOW COLUMNS FROM `ez_pro_experience` [ RunTime:0.000519s ]
SQL: SELECT * FROM `ez_pro_experience` WHERE ( `uid` = 100015 ) ORDER BY id desc  [ RunTime:0.000172s ]
NOTIC: [8] Undefined index: projectRemarks /var/www/html/App/Common/Common/function.php 第 2216 行.
SQL: SHOW COLUMNS FROM `ez_work_show` [ RunTime:0.000404s ]
SQL: SELECT * FROM `ez_work_show` WHERE ( `uid` = 100015 ) ORDER BY id desc  [ RunTime:0.000126s ]
NOTIC: [2] Invalid argument supplied for foreach() /var/www/html/App/Common/Common/function.php 第 2234 行.
SQL: SHOW COLUMNS FROM `ez_work_skill` [ RunTime:0.000395s ]
SQL: SELECT * FROM `ez_work_skill` WHERE ( `uid` = 100015 )  [ RunTime:0.000138s ]
NOTIC: [2] Invalid argument supplied for foreach() /var/www/html/App/Common/Common/function.php 第 2117 行.
SQL: SHOW COLUMNS FROM `ez_custom_model` [ RunTime:0.000365s ]
SQL: SELECT * FROM `ez_custom_model` WHERE ( `uid` = 100015 ) ORDER BY id desc  [ RunTime:0.000149s ]
NOTIC: [2] Invalid argument supplied for foreach() /var/www/html/App/Common/Common/function.php 第 2264 行.
SQL: SELECT * FROM `ez_resume_offline` WHERE ( `uid` = 100015 ) ORDER BY oid desc  [ RunTime:0.000155s ]
SQL: SHOW COLUMNS FROM `ez_subscribe` [ RunTime:0.000532s ]
SQL: SELECT COUNT(*) AS tp_count FROM `ez_subscribe` WHERE ( `uid` = 100015 ) LIMIT 1   [ RunTime:0.000140s ]
INFO: [ view_parse ] --START--
INFO: [ template_filter ] --START--
INFO: Run Behavior\ContentReplace [ RunTime:0.000577s ]
INFO: [ template_filter ] --END-- [ RunTime:0.000670s ]
NOTIC: [8] Undefined variable: page_title /var/www/html/Run/Cache/Home/600fd9de5e84382a825efbb61ab4d461.php 第 8 行.
NOTIC: [8] Undefined index: job /var/www/html/Run/Cache/Home/600fd9de5e84382a825efbb61ab4d461.php 第 65 行.
NOTIC: [8] Undefined index: company /var/www/html/Run/Cache/Home/600fd9de5e84382a825efbb61ab4d461.php 第 65 行.
NOTIC: [8] Undefined index: video /var/www/html/Run/Cache/Home/600fd9de5e84382a825efbb61ab4d461.php 第 65 行.
NOTIC: [8] Undefined index: collections /var/www/html/Run/Cache/Home/600fd9de5e84382a825efbb61ab4d461.php 第 65 行.
NOTIC: [8] Undefined index: i /var/www/html/Run/Cache/Home/600fd9de5e84382a825efbb61ab4d461.php 第 558 行.
NOTIC: [8] Undefined index: score_qiwang /var/www/html/Run/Cache/Home/600fd9de5e84382a825efbb61ab4d461.php 第 1571 行.
NOTIC: [8] Undefined index: jid /var/www/html/Run/Cache/Home/600fd9de5e84382a825efbb61ab4d461.php 第 1806 行.
NOTIC: [8] Use of undefined constant session - assumed 'session' /var/www/html/Run/Cache/Home/600fd9de5e84382a825efbb61ab4d461.php 第 1841 行.
NOTIC: [8] Undefined variable: Think /var/www/html/Run/Cache/Home/600fd9de5e84382a825efbb61ab4d461.php 第 1841 行.
NOTIC: [8] Use of undefined constant email - assumed 'email' /var/www/html/Run/Cache/Home/600fd9de5e84382a825efbb61ab4d461.php 第 1841 行.
INFO: Run Behavior\ParseTemplate [ RunTime:0.062391s ]
INFO: [ view_parse ] --END-- [ RunTime:0.062459s ]
INFO: [ view_filter ] --START--
INFO: Run Behavior\WriteHtmlCache [ RunTime:0.000118s ]
INFO: [ view_filter ] --END-- [ RunTime:0.000169s ]
INFO: [ app_end ] --START--
INFO: Run Behavior\ShowPageTrace [ RunTime:0.000445s ]
INFO: [ app_end ] --END-- [ RunTime:0.000589s ]

[ 2015-07-05T23:01:40+08:00 ] 119.147.146.195 /User/logout.html
INFO: [ app_init ] --START--
INFO: Run Common\Behavior\InitHook [ RunTime:0.000839s ]
INFO: [ app_init ] --END-- [ RunTime:0.001100s ]
INFO: [ app_begin ] --START--
INFO: Run Behavior\ReadHtmlCache [ RunTime:0.000280s ]
INFO: [ app_begin ] --END-- [ RunTime:0.000346s ]
NOTIC: [2048] Declaration of Home\Controller\UserController::checkUser() should be compatible with that of Home\Controller\HomeController::checkUser() /var/www/html/App/Home/Controller/UserController.class.php 第 11 行.
NOTIC: [8] Undefined index: uid /var/www/html/App/Home/Controller/HomeController.class.php 第 30 行.
NOTIC: [8] Undefined index: status /var/www/html/App/Home/Controller/HomeController.class.php 第 31 行.
NOTIC: [8] Undefined index: type /var/www/html/App/Home/Controller/HomeController.class.php 第 32 行.
NOTIC: [8] Undefined index: nickname /var/www/html/App/Home/Controller/HomeController.class.php 第 33 行.
NOTIC: [8] Undefined index: username /var/www/html/App/Home/Controller/HomeController.class.php 第 34 行.
NOTIC: [8] Undefined index: email /var/www/html/App/Home/Controller/HomeController.class.php 第 35 行.
NOTIC: [8] Undefined index: user_status /var/www/html/App/Home/Controller/HomeController.class.php 第 36 行.
SQL: SHOW COLUMNS FROM `ez_config` [ RunTime:0.000589s ]
SQL: SELECT `type`,`name`,`value` FROM `ez_config` WHERE ( `status` = 1 )  [ RunTime:0.000279s ]
NOTIC: [2] mkdir(): No such file or directory /var/www/html/App/Home/Controller/HomeController.class.php 第 84 行.
NOTIC: [2] mkdir(): No such file or directory /var/www/html/App/Home/Controller/HomeController.class.php 第 86 行.

[ 2015-07-05T23:01:40+08:00 ] 119.147.146.193 /User/login.html
INFO: [ app_init ] --START--
INFO: Run Common\Behavior\InitHook [ RunTime:0.000839s ]
INFO: [ app_init ] --END-- [ RunTime:0.001096s ]
INFO: [ app_begin ] --START--
INFO: Run Behavior\ReadHtmlCache [ RunTime:0.000327s ]
INFO: [ app_begin ] --END-- [ RunTime:0.000399s ]
NOTIC: [2048] Declaration of Home\Controller\UserController::checkUser() should be compatible with that of Home\Controller\HomeController::checkUser() /var/www/html/App/Home/Controller/UserController.class.php 第 11 行.
NOTIC: [8] Undefined index: uid /var/www/html/App/Home/Controller/HomeController.class.php 第 30 行.
NOTIC: [8] Undefined index: status /var/www/html/App/Home/Controller/HomeController.class.php 第 31 行.
NOTIC: [8] Undefined index: type /var/www/html/App/Home/Controller/HomeController.class.php 第 32 行.
NOTIC: [8] Undefined index: nickname /var/www/html/App/Home/Controller/HomeController.class.php 第 33 行.
NOTIC: [8] Undefined index: username /var/www/html/App/Home/Controller/HomeController.class.php 第 34 行.
NOTIC: [8] Undefined index: email /var/www/html/App/Home/Controller/HomeController.class.php 第 35 行.
NOTIC: [8] Undefined index: user_status /var/www/html/App/Home/Controller/HomeController.class.php 第 36 行.
SQL: SHOW COLUMNS FROM `ez_config` [ RunTime:0.000563s ]
SQL: SELECT `type`,`name`,`value` FROM `ez_config` WHERE ( `status` = 1 )  [ RunTime:0.000247s ]
NOTIC: [2] mkdir(): No such file or directory /var/www/html/App/Home/Controller/HomeController.class.php 第 84 行.
NOTIC: [2] mkdir(): No such file or directory /var/www/html/App/Home/Controller/HomeController.class.php 第 86 行.
NOTIC: [8] Undefined index: ref /var/www/html/App/Home/Controller/UserController.class.php 第 193 行.
INFO: [ view_parse ] --START--
INFO: [ template_filter ] --START--
INFO: Run Behavior\ContentReplace [ RunTime:0.000103s ]
INFO: [ template_filter ] --END-- [ RunTime:0.000180s ]
NOTIC: [8] Undefined variable: page_title /var/www/html/Run/Cache/Home/ac277f5964a34abef899fa5429ceb409.php 第 8 行.
NOTIC: [8] Undefined variable: info /var/www/html/Run/Cache/Home/ac277f5964a34abef899fa5429ceb409.php 第 289 行.
NOTIC: [8] Use of undefined constant session - assumed 'session' /var/www/html/Run/Cache/Home/ac277f5964a34abef899fa5429ceb409.php 第 324 行.
NOTIC: [8] Undefined variable: Think /var/www/html/Run/Cache/Home/ac277f5964a34abef899fa5429ceb409.php 第 324 行.
NOTIC: [8] Use of undefined constant email - assumed 'email' /var/www/html/Run/Cache/Home/ac277f5964a34abef899fa5429ceb409.php 第 324 行.
INFO: Run Behavior\ParseTemplate [ RunTime:0.010061s ]
INFO: [ view_parse ] --END-- [ RunTime:0.010129s ]
INFO: [ view_filter ] --START--
INFO: Run Behavior\WriteHtmlCache [ RunTime:0.000099s ]
INFO: [ view_filter ] --END-- [ RunTime:0.000145s ]
INFO: [ app_end ] --START--
INFO: Run Behavior\ShowPageTrace [ RunTime:0.000312s ]
INFO: [ app_end ] --END-- [ RunTime:0.000364s ]

[ 2015-07-05T23:01:41+08:00 ] 119.147.146.194 /User/login.html
INFO: [ app_init ] --START--
INFO: Run Common\Behavior\InitHook [ RunTime:0.000852s ]
INFO: [ app_init ] --END-- [ RunTime:0.001083s ]
INFO: [ app_begin ] --START--
INFO: Run Behavior\ReadHtmlCache [ RunTime:0.000305s ]
INFO: [ app_begin ] --END-- [ RunTime:0.000361s ]
NOTIC: [2048] Declaration of Home\Controller\UserController::checkUser() should be compatible with that of Home\Controller\HomeController::checkUser() /var/www/html/App/Home/Controller/UserController.class.php 第 11 行.
NOTIC: [8] Undefined index: uid /var/www/html/App/Home/Controller/HomeController.class.php 第 30 行.
NOTIC: [8] Undefined index: status /var/www/html/App/Home/Controller/HomeController.class.php 第 31 行.
NOTIC: [8] Undefined index: type /var/www/html/App/Home/Controller/HomeController.class.php 第 32 行.
NOTIC: [8] Undefined index: nickname /var/www/html/App/Home/Controller/HomeController.class.php 第 33 行.
NOTIC: [8] Undefined index: username /var/www/html/App/Home/Controller/HomeController.class.php 第 34 行.
NOTIC: [8] Undefined index: email /var/www/html/App/Home/Controller/HomeController.class.php 第 35 行.
NOTIC: [8] Undefined index: user_status /var/www/html/App/Home/Controller/HomeController.class.php 第 36 行.
SQL: SHOW COLUMNS FROM `ez_config` [ RunTime:0.000572s ]
SQL: SELECT `type`,`name`,`value` FROM `ez_config` WHERE ( `status` = 1 )  [ RunTime:0.000255s ]
NOTIC: [2] mkdir(): No such file or directory /var/www/html/App/Home/Controller/HomeController.class.php 第 84 行.
NOTIC: [2] mkdir(): No such file or directory /var/www/html/App/Home/Controller/HomeController.class.php 第 86 行.
NOTIC: [8] Undefined index: ref /var/www/html/App/Home/Controller/UserController.class.php 第 193 行.
INFO: [ view_parse ] --START--
INFO: [ template_filter ] --START--
INFO: Run Behavior\ContentReplace [ RunTime:0.000081s ]
INFO: [ template_filter ] --END-- [ RunTime:0.000160s ]
NOTIC: [8] Undefined variable: page_title /var/www/html/Run/Cache/Home/ac277f5964a34abef899fa5429ceb409.php 第 8 行.
NOTIC: [8] Undefined variable: info /var/www/html/Run/Cache/Home/ac277f5964a34abef899fa5429ceb409.php 第 289 行.
NOTIC: [8] Use of undefined constant session - assumed 'session' /var/www/html/Run/Cache/Home/ac277f5964a34abef899fa5429ceb409.php 第 324 行.
NOTIC: [8] Undefined variable: Think /var/www/html/Run/Cache/Home/ac277f5964a34abef899fa5429ceb409.php 第 324 行.
NOTIC: [8] Use of undefined constant email - assumed 'email' /var/www/html/Run/Cache/Home/ac277f5964a34abef899fa5429ceb409.php 第 324 行.
INFO: Run Behavior\ParseTemplate [ RunTime:0.009892s ]
INFO: [ view_parse ] --END-- [ RunTime:0.009953s ]
INFO: [ view_filter ] --START--
INFO: Run Behavior\WriteHtmlCache [ RunTime:0.000103s ]
INFO: [ view_filter ] --END-- [ RunTime:0.000150s ]
INFO: [ app_end ] --START--
INFO: Run Behavior\ShowPageTrace [ RunTime:0.000318s ]
INFO: [ app_end ] --END-- [ RunTime:0.000369s ]

[ 2015-07-05T23:11:18+08:00 ] 180.153.163.208 /Company/cinfo
INFO: [ app_init ] --START--
INFO: Run Common\Behavior\InitHook [ RunTime:0.000802s ]
INFO: [ app_init ] --END-- [ RunTime:0.001043s ]
INFO: [ app_begin ] --START--
INFO: Run Behavior\ReadHtmlCache [ RunTime:0.000285s ]
INFO: [ app_begin ] --END-- [ RunTime:0.000349s ]
NOTIC: [2048] Declaration of Home\Controller\UserController::checkUser() should be compatible with that of Home\Controller\HomeController::checkUser() /var/www/html/App/Home/Controller/UserController.class.php 第 11 行.
NOTIC: [8] Undefined index: uid /var/www/html/App/Home/Controller/HomeController.class.php 第 30 行.
NOTIC: [8] Undefined index: status /var/www/html/App/Home/Controller/HomeController.class.php 第 31 行.
NOTIC: [8] Undefined index: type /var/www/html/App/Home/Controller/HomeController.class.php 第 32 行.
NOTIC: [8] Undefined index: nickname /var/www/html/App/Home/Controller/HomeController.class.php 第 33 行.
NOTIC: [8] Undefined index: username /var/www/html/App/Home/Controller/HomeController.class.php 第 34 行.
NOTIC: [8] Undefined index: email /var/www/html/App/Home/Controller/HomeController.class.php 第 35 行.
NOTIC: [8] Undefined index: user_status /var/www/html/App/Home/Controller/HomeController.class.php 第 36 行.
SQL: SHOW COLUMNS FROM `ez_config` [ RunTime:0.000546s ]
SQL: SELECT `type`,`name`,`value` FROM `ez_config` WHERE ( `status` = 1 )  [ RunTime:0.000279s ]
NOTIC: [2] mkdir(): No such file or directory /var/www/html/App/Home/Controller/HomeController.class.php 第 84 行.
NOTIC: [2] mkdir(): No such file or directory /var/www/html/App/Home/Controller/HomeController.class.php 第 86 行.
INFO: [ view_parse ] --START--
INFO: [ template_filter ] --START--
INFO: Run Behavior\ContentReplace [ RunTime:0.000036s ]
INFO: [ template_filter ] --END-- [ RunTime:0.000089s ]
INFO: Run Behavior\ParseTemplate [ RunTime:0.004975s ]
INFO: [ view_parse ] --END-- [ RunTime:0.005030s ]
INFO: [ view_filter ] --START--
INFO: Run Behavior\WriteHtmlCache [ RunTime:0.000113s ]
INFO: [ view_filter ] --END-- [ RunTime:0.000173s ]

[ 2015-07-05T23:11:37+08:00 ] 180.153.214.200 /User/logout.html
INFO: [ app_init ] --START--
INFO: Run Common\Behavior\InitHook [ RunTime:0.000901s ]
INFO: [ app_init ] --END-- [ RunTime:0.001131s ]
INFO: [ app_begin ] --START--
INFO: Run Behavior\ReadHtmlCache [ RunTime:0.000297s ]
INFO: [ app_begin ] --END-- [ RunTime:0.000359s ]
NOTIC: [2048] Declaration of Home\Controller\UserController::checkUser() should be compatible with that of Home\Controller\HomeController::checkUser() /var/www/html/App/Home/Controller/UserController.class.php 第 11 行.
NOTIC: [8] Undefined index: uid /var/www/html/App/Home/Controller/HomeController.class.php 第 30 行.
NOTIC: [8] Undefined index: status /var/www/html/App/Home/Controller/HomeController.class.php 第 31 行.
NOTIC: [8] Undefined index: type /var/www/html/App/Home/Controller/HomeController.class.php 第 32 行.
NOTIC: [8] Undefined index: nickname /var/www/html/App/Home/Controller/HomeController.class.php 第 33 行.
NOTIC: [8] Undefined index: username /var/www/html/App/Home/Controller/HomeController.class.php 第 34 行.
NOTIC: [8] Undefined index: email /var/www/html/App/Home/Controller/HomeController.class.php 第 35 行.
NOTIC: [8] Undefined index: user_status /var/www/html/App/Home/Controller/HomeController.class.php 第 36 行.
SQL: SHOW COLUMNS FROM `ez_config` [ RunTime:0.000615s ]
SQL: SELECT `type`,`name`,`value` FROM `ez_config` WHERE ( `status` = 1 )  [ RunTime:0.000258s ]
NOTIC: [2] mkdir(): No such file or directory /var/www/html/App/Home/Controller/HomeController.class.php 第 84 行.
NOTIC: [2] mkdir(): No such file or directory /var/www/html/App/Home/Controller/HomeController.class.php 第 86 行.

[ 2015-07-05T23:11:37+08:00 ] 180.153.214.200 /User/login.html
INFO: [ app_init ] --START--
INFO: Run Common\Behavior\InitHook [ RunTime:0.000872s ]
INFO: [ app_init ] --END-- [ RunTime:0.001097s ]
INFO: [ app_begin ] --START--
INFO: Run Behavior\ReadHtmlCache [ RunTime:0.000267s ]
INFO: [ app_begin ] --END-- [ RunTime:0.000332s ]
NOTIC: [2048] Declaration of Home\Controller\UserController::checkUser() should be compatible with that of Home\Controller\HomeController::checkUser() /var/www/html/App/Home/Controller/UserController.class.php 第 11 行.
NOTIC: [8] Undefined index: uid /var/www/html/App/Home/Controller/HomeController.class.php 第 30 行.
NOTIC: [8] Undefined index: status /var/www/html/App/Home/Controller/HomeController.class.php 第 31 行.
NOTIC: [8] Undefined index: type /var/www/html/App/Home/Controller/HomeController.class.php 第 32 行.
NOTIC: [8] Undefined index: nickname /var/www/html/App/Home/Controller/HomeController.class.php 第 33 行.
NOTIC: [8] Undefined index: username /var/www/html/App/Home/Controller/HomeController.class.php 第 34 行.
NOTIC: [8] Undefined index: email /var/www/html/App/Home/Controller/HomeController.class.php 第 35 行.
NOTIC: [8] Undefined index: user_status /var/www/html/App/Home/Controller/HomeController.class.php 第 36 行.
SQL: SHOW COLUMNS FROM `ez_config` [ RunTime:0.000591s ]
SQL: SELECT `type`,`name`,`value` FROM `ez_config` WHERE ( `status` = 1 )  [ RunTime:0.000247s ]
NOTIC: [2] mkdir(): No such file or directory /var/www/html/App/Home/Controller/HomeController.class.php 第 84 行.
NOTIC: [2] mkdir(): No such file or directory /var/www/html/App/Home/Controller/HomeController.class.php 第 86 行.
NOTIC: [8] Undefined index: ref /var/www/html/App/Home/Controller/UserController.class.php 第 193 行.
INFO: [ view_parse ] --START--
INFO: [ template_filter ] --START--
INFO: Run Behavior\ContentReplace [ RunTime:0.000092s ]
INFO: [ template_filter ] --END-- [ RunTime:0.000170s ]
NOTIC: [8] Undefined variable: page_title /var/www/html/Run/Cache/Home/ac277f5964a34abef899fa5429ceb409.php 第 8 行.
NOTIC: [8] Undefined variable: info /var/www/html/Run/Cache/Home/ac277f5964a34abef899fa5429ceb409.php 第 289 行.
NOTIC: [8] Use of undefined constant session - assumed 'session' /var/www/html/Run/Cache/Home/ac277f5964a34abef899fa5429ceb409.php 第 324 行.
NOTIC: [8] Undefined variable: Think /var/www/html/Run/Cache/Home/ac277f5964a34abef899fa5429ceb409.php 第 324 行.
NOTIC: [8] Use of undefined constant email - assumed 'email' /var/www/html/Run/Cache/Home/ac277f5964a34abef899fa5429ceb409.php 第 324 行.
INFO: Run Behavior\ParseTemplate [ RunTime:0.009693s ]
INFO: [ view_parse ] --END-- [ RunTime:0.009743s ]
INFO: [ view_filter ] --START--
INFO: Run Behavior\WriteHtmlCache [ RunTime:0.000093s ]
INFO: [ view_filter ] --END-- [ RunTime:0.000139s ]
INFO: [ app_end ] --START--
INFO: Run Behavior\ShowPageTrace [ RunTime:0.000297s ]
INFO: [ app_end ] --END-- [ RunTime:0.000350s ]

[ 2015-07-05T23:16:14+08:00 ] 104.197.95.249 /
INFO: [ app_init ] --START--
INFO: Run Common\Behavior\InitHook [ RunTime:0.000816s ]
INFO: [ app_init ] --END-- [ RunTime:0.001043s ]
INFO: [ app_begin ] --START--
INFO: Run Behavior\ReadHtmlCache [ RunTime:0.000286s ]
INFO: [ app_begin ] --END-- [ RunTime:0.000342s ]
NOTIC: [8] Undefined index: uid /var/www/html/App/Home/Controller/HomeController.class.php 第 30 行.
NOTIC: [8] Undefined index: status /var/www/html/App/Home/Controller/HomeController.class.php 第 31 行.
NOTIC: [8] Undefined index: type /var/www/html/App/Home/Controller/HomeController.class.php 第 32 行.
NOTIC: [8] Undefined index: nickname /var/www/html/App/Home/Controller/HomeController.class.php 第 33 行.
NOTIC: [8] Undefined index: username /var/www/html/App/Home/Controller/HomeController.class.php 第 34 行.
NOTIC: [8] Undefined index: email /var/www/html/App/Home/Controller/HomeController.class.php 第 35 行.
NOTIC: [8] Undefined index: user_status /var/www/html/App/Home/Controller/HomeController.class.php 第 36 行.
SQL: SHOW COLUMNS FROM `ez_config` [ RunTime:0.000532s ]
SQL: SELECT `type`,`name`,`value` FROM `ez_config` WHERE ( `status` = 1 )  [ RunTime:0.000271s ]
NOTIC: [2] mkdir(): No such file or directory /var/www/html/App/Home/Controller/HomeController.class.php 第 84 行.
NOTIC: [2] mkdir(): No such file or directory /var/www/html/App/Home/Controller/HomeController.class.php 第 86 行.
SQL: SHOW COLUMNS FROM `ez_member` [ RunTime:0.001428s ]
SQL: SHOW COLUMNS FROM `ez_ucenter_member` [ RunTime:0.000466s ]
SQL: SELECT um.id,um.email,m.* FROM ez_ucenter_member um left JOIN ez_member m on um.id = m.uid  WHERE ( m.status >= 0 ) AND ( m.type = 1 ) AND ( m.tj_index = 1 ) ORDER BY m.hits desc LIMIT 0,5   [ RunTime:0.000670s ]
SQL: SHOW COLUMNS FROM `ez_jobs` [ RunTime:0.000677s ]
NOTIC: [8] Undefined index: only_get_count /var/www/html/App/Home/Controller/HomeController.class.php 第 945 行.
SQL: SHOW COLUMNS FROM `ez_jobs` [ RunTime:0.000691s ]
SQL: SELECT j.*,j.addtime as job_addtime,m.*,um.email FROM ez_jobs j left JOIN ez_ucenter_member um on j.uid = um.id left JOIN ez_member m on m.uid = j.uid  WHERE ( j.status = 1 ) AND ( j.tj_index = 1 ) ORDER BY j.hits desc LIMIT 0,20   [ RunTime:0.000569s ]
INFO: [ view_parse ] --START--
INFO: [ template_filter ] --START--
INFO: Run Behavior\ContentReplace [ RunTime:0.000086s ]
INFO: [ template_filter ] --END-- [ RunTime:0.000143s ]
NOTIC: [8] Undefined variable: page_title /var/www/html/Run/Cache/Home/b60326ec84a0bfd6cb7251ea8bc93617.php 第 8 行.
NOTIC: [8] Undefined index: job /var/www/html/Run/Cache/Home/b60326ec84a0bfd6cb7251ea8bc93617.php 第 85 行.
NOTIC: [8] Undefined index: company /var/www/html/Run/Cache/Home/b60326ec84a0bfd6cb7251ea8bc93617.php 第 85 行.
NOTIC: [8] Undefined index: video /var/www/html/Run/Cache/Home/b60326ec84a0bfd6cb7251ea8bc93617.php 第 85 行.
NOTIC: [8] Undefined index: post /var/www/html/Run/Cache/Home/b60326ec84a0bfd6cb7251ea8bc93617.php 第 85 行.
SQL: SHOW COLUMNS FROM `ez_adv` [ RunTime:0.000406s ]
SQL: SELECT * FROM `ez_adv` WHERE ( `cid` = 1 ) ORDER BY sn asc LIMIT 0,5   [ RunTime:0.000152s ]
NOTIC: [8] Undefined variable: info /var/www/html/Run/Cache/Home/b60326ec84a0bfd6cb7251ea8bc93617.php 第 297 行.
NOTIC: [8] Use of undefined constant session - assumed 'session' /var/www/html/Run/Cache/Home/b60326ec84a0bfd6cb7251ea8bc93617.php 第 332 行.
NOTIC: [8] Undefined variable: Think /var/www/html/Run/Cache/Home/b60326ec84a0bfd6cb7251ea8bc93617.php 第 332 行.
NOTIC: [8] Use of undefined constant email - assumed 'email' /var/www/html/Run/Cache/Home/b60326ec84a0bfd6cb7251ea8bc93617.php 第 332 行.
INFO: Run Behavior\ParseTemplate [ RunTime:0.014496s ]
INFO: [ view_parse ] --END-- [ RunTime:0.014547s ]
INFO: [ view_filter ] --START--
INFO: Run Behavior\WriteHtmlCache [ RunTime:0.000104s ]
INFO: [ view_filter ] --END-- [ RunTime:0.000150s ]
INFO: [ app_end ] --START--
INFO: Run Behavior\ShowPageTrace [ RunTime:0.000280s ]
INFO: [ app_end ] --END-- [ RunTime:0.000338s ]

[ 2015-07-05T23:20:37+08:00 ] 123.125.71.28 /
INFO: [ app_init ] --START--
INFO: Run Common\Behavior\InitHook [ RunTime:0.000852s ]
INFO: [ app_init ] --END-- [ RunTime:0.001105s ]
INFO: [ app_begin ] --START--
INFO: Run Behavior\ReadHtmlCache [ RunTime:0.000331s ]
INFO: [ app_begin ] --END-- [ RunTime:0.000390s ]
NOTIC: [8] Undefined index: uid /var/www/html/App/Home/Controller/HomeController.class.php 第 30 行.
NOTIC: [8] Undefined index: status /var/www/html/App/Home/Controller/HomeController.class.php 第 31 行.
NOTIC: [8] Undefined index: type /var/www/html/App/Home/Controller/HomeController.class.php 第 32 行.
NOTIC: [8] Undefined index: nickname /var/www/html/App/Home/Controller/HomeController.class.php 第 33 行.
NOTIC: [8] Undefined index: username /var/www/html/App/Home/Controller/HomeController.class.php 第 34 行.
NOTIC: [8] Undefined index: email /var/www/html/App/Home/Controller/HomeController.class.php 第 35 行.
NOTIC: [8] Undefined index: user_status /var/www/html/App/Home/Controller/HomeController.class.php 第 36 行.
SQL: SHOW COLUMNS FROM `ez_config` [ RunTime:0.000584s ]
SQL: SELECT `type`,`name`,`value` FROM `ez_config` WHERE ( `status` = 1 )  [ RunTime:0.000269s ]
NOTIC: [2] mkdir(): No such file or directory /var/www/html/App/Home/Controller/HomeController.class.php 第 84 行.
NOTIC: [2] mkdir(): No such file or directory /var/www/html/App/Home/Controller/HomeController.class.php 第 86 行.
SQL: SHOW COLUMNS FROM `ez_member` [ RunTime:0.001440s ]
SQL: SHOW COLUMNS FROM `ez_ucenter_member` [ RunTime:0.000489s ]
SQL: SELECT um.id,um.email,m.* FROM ez_ucenter_member um left JOIN ez_member m on um.id = m.uid  WHERE ( m.status >= 0 ) AND ( m.type = 1 ) AND ( m.tj_index = 1 ) ORDER BY m.hits desc LIMIT 0,5   [ RunTime:0.000660s ]
SQL: SHOW COLUMNS FROM `ez_jobs` [ RunTime:0.000642s ]
NOTIC: [8] Undefined index: only_get_count /var/www/html/App/Home/Controller/HomeController.class.php 第 945 行.
SQL: SHOW COLUMNS FROM `ez_jobs` [ RunTime:0.000733s ]
SQL: SELECT j.*,j.addtime as job_addtime,m.*,um.email FROM ez_jobs j left JOIN ez_ucenter_member um on j.uid = um.id left JOIN ez_member m on m.uid = j.uid  WHERE ( j.status = 1 ) AND ( j.tj_index = 1 ) ORDER BY j.hits desc LIMIT 0,20   [ RunTime:0.000598s ]
INFO: [ view_parse ] --START--
INFO: [ template_filter ] --START--
INFO: Run Behavior\ContentReplace [ RunTime:0.000093s ]
INFO: [ template_filter ] --END-- [ RunTime:0.000205s ]
NOTIC: [8] Undefined variable: page_title /var/www/html/Run/Cache/Home/65234a86acd1cfd8cc78f7302f033f0a.php 第 8 行.
NOTIC: [8] Undefined index: job /var/www/html/Run/Cache/Home/65234a86acd1cfd8cc78f7302f033f0a.php 第 85 行.
NOTIC: [8] Undefined index: company /var/www/html/Run/Cache/Home/65234a86acd1cfd8cc78f7302f033f0a.php 第 85 行.
NOTIC: [8] Undefined index: video /var/www/html/Run/Cache/Home/65234a86acd1cfd8cc78f7302f033f0a.php 第 85 行.
NOTIC: [8] Undefined index: post /var/www/html/Run/Cache/Home/65234a86acd1cfd8cc78f7302f033f0a.php 第 85 行.
NOTIC: [8] Undefined variable: info /var/www/html/Run/Cache/Home/65234a86acd1cfd8cc78f7302f033f0a.php 第 274 行.
NOTIC: [8] Use of undefined constant session - assumed 'session' /var/www/html/Run/Cache/Home/65234a86acd1cfd8cc78f7302f033f0a.php 第 309 行.
NOTIC: [8] Undefined variable: Think /var/www/html/Run/Cache/Home/65234a86acd1cfd8cc78f7302f033f0a.php 第 309 行.
NOTIC: [8] Use of undefined constant email - assumed 'email' /var/www/html/Run/Cache/Home/65234a86acd1cfd8cc78f7302f033f0a.php 第 309 行.
INFO: Run Behavior\ParseTemplate [ RunTime:0.011257s ]
INFO: [ view_parse ] --END-- [ RunTime:0.011329s ]
INFO: [ view_filter ] --START--
INFO: Run Behavior\WriteHtmlCache [ RunTime:0.000128s ]
INFO: [ view_filter ] --END-- [ RunTime:0.000175s ]
INFO: [ app_end ] --START--
INFO: Run Behavior\ShowPageTrace [ RunTime:0.000323s ]
INFO: [ app_end ] --END-- [ RunTime:0.000385s ]

[ 2015-07-05T23:38:46+08:00 ] 123.125.71.103 /
INFO: [ app_init ] --START--
INFO: Run Common\Behavior\InitHook [ RunTime:0.000859s ]
INFO: [ app_init ] --END-- [ RunTime:0.001088s ]
INFO: [ app_begin ] --START--
INFO: Run Behavior\ReadHtmlCache [ RunTime:0.000274s ]
INFO: [ app_begin ] --END-- [ RunTime:0.000330s ]
NOTIC: [8] Undefined index: uid /var/www/html/App/Home/Controller/HomeController.class.php 第 30 行.
NOTIC: [8] Undefined index: status /var/www/html/App/Home/Controller/HomeController.class.php 第 31 行.
NOTIC: [8] Undefined index: type /var/www/html/App/Home/Controller/HomeController.class.php 第 32 行.
NOTIC: [8] Undefined index: nickname /var/www/html/App/Home/Controller/HomeController.class.php 第 33 行.
NOTIC: [8] Undefined index: username /var/www/html/App/Home/Controller/HomeController.class.php 第 34 行.
NOTIC: [8] Undefined index: email /var/www/html/App/Home/Controller/HomeController.class.php 第 35 行.
NOTIC: [8] Undefined index: user_status /var/www/html/App/Home/Controller/HomeController.class.php 第 36 行.
SQL: SHOW COLUMNS FROM `ez_config` [ RunTime:0.000566s ]
SQL: SELECT `type`,`name`,`value` FROM `ez_config` WHERE ( `status` = 1 )  [ RunTime:0.000252s ]
NOTIC: [2] mkdir(): No such file or directory /var/www/html/App/Home/Controller/HomeController.class.php 第 84 行.
NOTIC: [2] mkdir(): No such file or directory /var/www/html/App/Home/Controller/HomeController.class.php 第 86 行.
SQL: SHOW COLUMNS FROM `ez_member` [ RunTime:0.001438s ]
SQL: SHOW COLUMNS FROM `ez_ucenter_member` [ RunTime:0.000485s ]
SQL: SELECT um.id,um.email,m.* FROM ez_ucenter_member um left JOIN ez_member m on um.id = m.uid  WHERE ( m.status >= 0 ) AND ( m.type = 1 ) AND ( m.tj_index = 1 ) ORDER BY m.hits desc LIMIT 0,5   [ RunTime:0.000668s ]
SQL: SHOW COLUMNS FROM `ez_jobs` [ RunTime:0.000647s ]
NOTIC: [8] Undefined index: only_get_count /var/www/html/App/Home/Controller/HomeController.class.php 第 945 行.
SQL: SHOW COLUMNS FROM `ez_jobs` [ RunTime:0.000723s ]
SQL: SELECT j.*,j.addtime as job_addtime,m.*,um.email FROM ez_jobs j left JOIN ez_ucenter_member um on j.uid = um.id left JOIN ez_member m on m.uid = j.uid  WHERE ( j.status = 1 ) AND ( j.tj_index = 1 ) ORDER BY j.hits desc LIMIT 0,20   [ RunTime:0.000570s ]
INFO: [ view_parse ] --START--
INFO: [ template_filter ] --START--
INFO: Run Behavior\ContentReplace [ RunTime:0.000093s ]
INFO: [ template_filter ] --END-- [ RunTime:0.000178s ]
NOTIC: [8] Undefined variable: page_title /var/www/html/Run/Cache/Home/b60326ec84a0bfd6cb7251ea8bc93617.php 第 8 行.
NOTIC: [8] Undefined index: job /var/www/html/Run/Cache/Home/b60326ec84a0bfd6cb7251ea8bc93617.php 第 85 行.
NOTIC: [8] Undefined index: company /var/www/html/Run/Cache/Home/b60326ec84a0bfd6cb7251ea8bc93617.php 第 85 行.
NOTIC: [8] Undefined index: video /var/www/html/Run/Cache/Home/b60326ec84a0bfd6cb7251ea8bc93617.php 第 85 行.
NOTIC: [8] Undefined index: post /var/www/html/Run/Cache/Home/b60326ec84a0bfd6cb7251ea8bc93617.php 第 85 行.
SQL: SHOW COLUMNS FROM `ez_adv` [ RunTime:0.000622s ]
SQL: SELECT * FROM `ez_adv` WHERE ( `cid` = 1 ) ORDER BY sn asc LIMIT 0,5   [ RunTime:0.000197s ]
NOTIC: [8] Undefined variable: info /var/www/html/Run/Cache/Home/b60326ec84a0bfd6cb7251ea8bc93617.php 第 297 行.
NOTIC: [8] Use of undefined constant session - assumed 'session' /var/www/html/Run/Cache/Home/b60326ec84a0bfd6cb7251ea8bc93617.php 第 332 行.
NOTIC: [8] Undefined variable: Think /var/www/html/Run/Cache/Home/b60326ec84a0bfd6cb7251ea8bc93617.php 第 332 行.
NOTIC: [8] Use of undefined constant email - assumed 'email' /var/www/html/Run/Cache/Home/b60326ec84a0bfd6cb7251ea8bc93617.php 第 332 行.
INFO: Run Behavior\ParseTemplate [ RunTime:0.015533s ]
INFO: [ view_parse ] --END-- [ RunTime:0.015590s ]
INFO: [ view_filter ] --START--
INFO: Run Behavior\WriteHtmlCache [ RunTime:0.000125s ]
INFO: [ view_filter ] --END-- [ RunTime:0.000173s ]
INFO: [ app_end ] --START--
INFO: Run Behavior\ShowPageTrace [ RunTime:0.000322s ]
INFO: [ app_end ] --END-- [ RunTime:0.000378s ]

[ 2015-07-05T23:41:08+08:00 ] 220.181.108.86 /
INFO: [ app_init ] --START--
INFO: Run Common\Behavior\InitHook [ RunTime:0.000826s ]
INFO: [ app_init ] --END-- [ RunTime:0.001081s ]
INFO: [ app_begin ] --START--
INFO: Run Behavior\ReadHtmlCache [ RunTime:0.000266s ]
INFO: [ app_begin ] --END-- [ RunTime:0.000322s ]
NOTIC: [8] Undefined index: uid /var/www/html/App/Home/Controller/HomeController.class.php 第 30 行.
NOTIC: [8] Undefined index: status /var/www/html/App/Home/Controller/HomeController.class.php 第 31 行.
NOTIC: [8] Undefined index: type /var/www/html/App/Home/Controller/HomeController.class.php 第 32 行.
NOTIC: [8] Undefined index: nickname /var/www/html/App/Home/Controller/HomeController.class.php 第 33 行.
NOTIC: [8] Undefined index: username /var/www/html/App/Home/Controller/HomeController.class.php 第 34 行.
NOTIC: [8] Undefined index: email /var/www/html/App/Home/Controller/HomeController.class.php 第 35 行.
NOTIC: [8] Undefined index: user_status /var/www/html/App/Home/Controller/HomeController.class.php 第 36 行.
SQL: SHOW COLUMNS FROM `ez_config` [ RunTime:0.000656s ]
SQL: SELECT `type`,`name`,`value` FROM `ez_config` WHERE ( `status` = 1 )  [ RunTime:0.000331s ]
NOTIC: [2] mkdir(): No such file or directory /var/www/html/App/Home/Controller/HomeController.class.php 第 84 行.
NOTIC: [2] mkdir(): No such file or directory /var/www/html/App/Home/Controller/HomeController.class.php 第 86 行.
SQL: SHOW COLUMNS FROM `ez_member` [ RunTime:0.001456s ]
SQL: SHOW COLUMNS FROM `ez_ucenter_member` [ RunTime:0.000493s ]
SQL: SELECT um.id,um.email,m.* FROM ez_ucenter_member um left JOIN ez_member m on um.id = m.uid  WHERE ( m.status >= 0 ) AND ( m.type = 1 ) AND ( m.tj_index = 1 ) ORDER BY m.hits desc LIMIT 0,5   [ RunTime:0.000655s ]
SQL: SHOW COLUMNS FROM `ez_jobs` [ RunTime:0.000631s ]
NOTIC: [8] Undefined index: only_get_count /var/www/html/App/Home/Controller/HomeController.class.php 第 945 行.
SQL: SHOW COLUMNS FROM `ez_jobs` [ RunTime:0.000660s ]
SQL: SELECT j.*,j.addtime as job_addtime,m.*,um.email FROM ez_jobs j left JOIN ez_ucenter_member um on j.uid = um.id left JOIN ez_member m on m.uid = j.uid  WHERE ( j.status = 1 ) AND ( j.tj_index = 1 ) ORDER BY j.hits desc LIMIT 0,20   [ RunTime:0.000568s ]
INFO: [ view_parse ] --START--
INFO: [ template_filter ] --START--
INFO: Run Behavior\ContentReplace [ RunTime:0.000091s ]
INFO: [ template_filter ] --END-- [ RunTime:0.000182s ]
NOTIC: [8] Undefined variable: page_title /var/www/html/Run/Cache/Home/b60326ec84a0bfd6cb7251ea8bc93617.php 第 8 行.
NOTIC: [8] Undefined index: job /var/www/html/Run/Cache/Home/b60326ec84a0bfd6cb7251ea8bc93617.php 第 85 行.
NOTIC: [8] Undefined index: company /var/www/html/Run/Cache/Home/b60326ec84a0bfd6cb7251ea8bc93617.php 第 85 行.
NOTIC: [8] Undefined index: video /var/www/html/Run/Cache/Home/b60326ec84a0bfd6cb7251ea8bc93617.php 第 85 行.
NOTIC: [8] Undefined index: post /var/www/html/Run/Cache/Home/b60326ec84a0bfd6cb7251ea8bc93617.php 第 85 行.
SQL: SHOW COLUMNS FROM `ez_adv` [ RunTime:0.000606s ]
SQL: SELECT * FROM `ez_adv` WHERE ( `cid` = 1 ) ORDER BY sn asc LIMIT 0,5   [ RunTime:0.000186s ]
NOTIC: [8] Undefined variable: info /var/www/html/Run/Cache/Home/b60326ec84a0bfd6cb7251ea8bc93617.php 第 297 行.
NOTIC: [8] Use of undefined constant session - assumed 'session' /var/www/html/Run/Cache/Home/b60326ec84a0bfd6cb7251ea8bc93617.php 第 332 行.
NOTIC: [8] Undefined variable: Think /var/www/html/Run/Cache/Home/b60326ec84a0bfd6cb7251ea8bc93617.php 第 332 行.
NOTIC: [8] Use of undefined constant email - assumed 'email' /var/www/html/Run/Cache/Home/b60326ec84a0bfd6cb7251ea8bc93617.php 第 332 行.
INFO: Run Behavior\ParseTemplate [ RunTime:0.015221s ]
INFO: [ view_parse ] --END-- [ RunTime:0.015280s ]
INFO: [ view_filter ] --START--
INFO: Run Behavior\WriteHtmlCache [ RunTime:0.000115s ]
INFO: [ view_filter ] --END-- [ RunTime:0.000160s ]
INFO: [ app_end ] --START--
INFO: Run Behavior\ShowPageTrace [ RunTime:0.000290s ]
INFO: [ app_end ] --END-- [ RunTime:0.000357s ]

[ 2015-07-05T23:42:17+08:00 ] 46.4.89.35 /robots.txt
INFO: [ app_init ] --START--
INFO: Run Common\Behavior\InitHook [ RunTime:0.000909s ]
INFO: [ app_init ] --END-- [ RunTime:0.001161s ]
INFO: [ app_begin ] --START--
INFO: Run Behavior\ReadHtmlCache [ RunTime:0.000279s ]
INFO: [ app_begin ] --END-- [ RunTime:0.000342s ]
NOTIC: [8] Undefined index: uid /var/www/html/App/Home/Controller/HomeController.class.php 第 30 行.
NOTIC: [8] Undefined index: status /var/www/html/App/Home/Controller/HomeController.class.php 第 31 行.
NOTIC: [8] Undefined index: type /var/www/html/App/Home/Controller/HomeController.class.php 第 32 行.
NOTIC: [8] Undefined index: nickname /var/www/html/App/Home/Controller/HomeController.class.php 第 33 行.
NOTIC: [8] Undefined index: username /var/www/html/App/Home/Controller/HomeController.class.php 第 34 行.
NOTIC: [8] Undefined index: email /var/www/html/App/Home/Controller/HomeController.class.php 第 35 行.
NOTIC: [8] Undefined index: user_status /var/www/html/App/Home/Controller/HomeController.class.php 第 36 行.
SQL: SHOW COLUMNS FROM `ez_config` [ RunTime:0.000556s ]
SQL: SELECT `type`,`name`,`value` FROM `ez_config` WHERE ( `status` = 1 )  [ RunTime:0.000282s ]
NOTIC: [2] mkdir(): No such file or directory /var/www/html/App/Home/Controller/HomeController.class.php 第 84 行.
NOTIC: [2] mkdir(): No such file or directory /var/www/html/App/Home/Controller/HomeController.class.php 第 86 行.
INFO: [ view_parse ] --START--
INFO: [ template_filter ] --START--
INFO: Run Behavior\ContentReplace [ RunTime:0.000048s ]
INFO: [ template_filter ] --END-- [ RunTime:0.000113s ]
INFO: Run Behavior\ParseTemplate [ RunTime:0.005227s ]
INFO: [ view_parse ] --END-- [ RunTime:0.005283s ]
INFO: [ view_filter ] --START--
INFO: Run Behavior\WriteHtmlCache [ RunTime:0.000094s ]
INFO: [ view_filter ] --END-- [ RunTime:0.000139s ]

[ 2015-07-05T23:42:22+08:00 ] 46.4.89.35 /User/logout
INFO: [ app_init ] --START--
INFO: Run Common\Behavior\InitHook [ RunTime:0.000922s ]
INFO: [ app_init ] --END-- [ RunTime:0.001154s ]
INFO: [ app_begin ] --START--
INFO: Run Behavior\ReadHtmlCache [ RunTime:0.000293s ]
INFO: [ app_begin ] --END-- [ RunTime:0.000348s ]
NOTIC: [2048] Declaration of Home\Controller\UserController::checkUser() should be compatible with that of Home\Controller\HomeController::checkUser() /var/www/html/App/Home/Controller/UserController.class.php 第 11 行.
NOTIC: [8] Undefined index: uid /var/www/html/App/Home/Controller/HomeController.class.php 第 30 行.
NOTIC: [8] Undefined index: status /var/www/html/App/Home/Controller/HomeController.class.php 第 31 行.
NOTIC: [8] Undefined index: type /var/www/html/App/Home/Controller/HomeController.class.php 第 32 行.
NOTIC: [8] Undefined index: nickname /var/www/html/App/Home/Controller/HomeController.class.php 第 33 行.
NOTIC: [8] Undefined index: username /var/www/html/App/Home/Controller/HomeController.class.php 第 34 行.
NOTIC: [8] Undefined index: email /var/www/html/App/Home/Controller/HomeController.class.php 第 35 行.
NOTIC: [8] Undefined index: user_status /var/www/html/App/Home/Controller/HomeController.class.php 第 36 行.
SQL: SHOW COLUMNS FROM `ez_config` [ RunTime:0.000547s ]
SQL: SELECT `type`,`name`,`value` FROM `ez_config` WHERE ( `status` = 1 )  [ RunTime:0.000279s ]
NOTIC: [2] mkdir(): No such file or directory /var/www/html/App/Home/Controller/HomeController.class.php 第 84 行.
NOTIC: [2] mkdir(): No such file or directory /var/www/html/App/Home/Controller/HomeController.class.php 第 86 行.

[ 2015-07-05T23:42:28+08:00 ] 46.4.89.35 /User/login.html
INFO: [ app_init ] --START--
INFO: Run Common\Behavior\InitHook [ RunTime:0.000821s ]
INFO: [ app_init ] --END-- [ RunTime:0.001092s ]
INFO: [ app_begin ] --START--
INFO: Run Behavior\ReadHtmlCache [ RunTime:0.000283s ]
INFO: [ app_begin ] --END-- [ RunTime:0.000350s ]
NOTIC: [2048] Declaration of Home\Controller\UserController::checkUser() should be compatible with that of Home\Controller\HomeController::checkUser() /var/www/html/App/Home/Controller/UserController.class.php 第 11 行.
NOTIC: [8] Undefined index: uid /var/www/html/App/Home/Controller/HomeController.class.php 第 30 行.
NOTIC: [8] Undefined index: status /var/www/html/App/Home/Controller/HomeController.class.php 第 31 行.
NOTIC: [8] Undefined index: type /var/www/html/App/Home/Controller/HomeController.class.php 第 32 行.
NOTIC: [8] Undefined index: nickname /var/www/html/App/Home/Controller/HomeController.class.php 第 33 行.
NOTIC: [8] Undefined index: username /var/www/html/App/Home/Controller/HomeController.class.php 第 34 行.
NOTIC: [8] Undefined index: email /var/www/html/App/Home/Controller/HomeController.class.php 第 35 行.
NOTIC: [8] Undefined index: user_status /var/www/html/App/Home/Controller/HomeController.class.php 第 36 行.
SQL: SHOW COLUMNS FROM `ez_config` [ RunTime:0.000598s ]
SQL: SELECT `type`,`name`,`value` FROM `ez_config` WHERE ( `status` = 1 )  [ RunTime:0.000243s ]
NOTIC: [2] mkdir(): No such file or directory /var/www/html/App/Home/Controller/HomeController.class.php 第 84 行.
NOTIC: [2] mkdir(): No such file or directory /var/www/html/App/Home/Controller/HomeController.class.php 第 86 行.
NOTIC: [8] Undefined index: ref /var/www/html/App/Home/Controller/UserController.class.php 第 193 行.
INFO: [ view_parse ] --START--
INFO: [ template_filter ] --START--
INFO: Run Behavior\ContentReplace [ RunTime:0.000087s ]
INFO: [ template_filter ] --END-- [ RunTime:0.000174s ]
NOTIC: [8] Undefined variable: page_title /var/www/html/Run/Cache/Home/ac277f5964a34abef899fa5429ceb409.php 第 8 行.
NOTIC: [8] Undefined variable: info /var/www/html/Run/Cache/Home/ac277f5964a34abef899fa5429ceb409.php 第 289 行.
NOTIC: [8] Use of undefined constant session - assumed 'session' /var/www/html/Run/Cache/Home/ac277f5964a34abef899fa5429ceb409.php 第 324 行.
NOTIC: [8] Undefined variable: Think /var/www/html/Run/Cache/Home/ac277f5964a34abef899fa5429ceb409.php 第 324 行.
NOTIC: [8] Use of undefined constant email - assumed 'email' /var/www/html/Run/Cache/Home/ac277f5964a34abef899fa5429ceb409.php 第 324 行.
INFO: Run Behavior\ParseTemplate [ RunTime:0.010208s ]
INFO: [ view_parse ] --END-- [ RunTime:0.010278s ]
INFO: [ view_filter ] --START--
INFO: Run Behavior\WriteHtmlCache [ RunTime:0.000119s ]
INFO: [ view_filter ] --END-- [ RunTime:0.000166s ]
INFO: [ app_end ] --START--
INFO: Run Behavior\ShowPageTrace [ RunTime:0.000314s ]
INFO: [ app_end ] --END-- [ RunTime:0.000367s ]

[ 2015-07-05T23:59:15+08:00 ] 220.181.108.155 /
INFO: [ app_init ] --START--
INFO: Run Common\Behavior\InitHook [ RunTime:0.000887s ]
INFO: [ app_init ] --END-- [ RunTime:0.001141s ]
INFO: [ app_begin ] --START--
INFO: Run Behavior\ReadHtmlCache [ RunTime:0.000272s ]
INFO: [ app_begin ] --END-- [ RunTime:0.000329s ]
NOTIC: [8] Undefined index: uid /var/www/html/App/Home/Controller/HomeController.class.php 第 30 行.
NOTIC: [8] Undefined index: status /var/www/html/App/Home/Controller/HomeController.class.php 第 31 行.
NOTIC: [8] Undefined index: type /var/www/html/App/Home/Controller/HomeController.class.php 第 32 行.
NOTIC: [8] Undefined index: nickname /var/www/html/App/Home/Controller/HomeController.class.php 第 33 行.
NOTIC: [8] Undefined index: username /var/www/html/App/Home/Controller/HomeController.class.php 第 34 行.
NOTIC: [8] Undefined index: email /var/www/html/App/Home/Controller/HomeController.class.php 第 35 行.
NOTIC: [8] Undefined index: user_status /var/www/html/App/Home/Controller/HomeController.class.php 第 36 行.
SQL: SHOW COLUMNS FROM `ez_config` [ RunTime:0.000606s ]
SQL: SELECT `type`,`name`,`value` FROM `ez_config` WHERE ( `status` = 1 )  [ RunTime:0.000248s ]
NOTIC: [2] mkdir(): No such file or directory /var/www/html/App/Home/Controller/HomeController.class.php 第 84 行.
NOTIC: [2] mkdir(): No such file or directory /var/www/html/App/Home/Controller/HomeController.class.php 第 86 行.
SQL: SHOW COLUMNS FROM `ez_member` [ RunTime:0.001475s ]
SQL: SHOW COLUMNS FROM `ez_ucenter_member` [ RunTime:0.000522s ]
SQL: SELECT um.id,um.email,m.* FROM ez_ucenter_member um left JOIN ez_member m on um.id = m.uid  WHERE ( m.status >= 0 ) AND ( m.type = 1 ) AND ( m.tj_index = 1 ) ORDER BY m.hits desc LIMIT 0,5   [ RunTime:0.000698s ]
SQL: SHOW COLUMNS FROM `ez_jobs` [ RunTime:0.000605s ]
NOTIC: [8] Undefined index: only_get_count /var/www/html/App/Home/Controller/HomeController.class.php 第 945 行.
SQL: SHOW COLUMNS FROM `ez_jobs` [ RunTime:0.000649s ]
SQL: SELECT j.*,j.addtime as job_addtime,m.*,um.email FROM ez_jobs j left JOIN ez_ucenter_member um on j.uid = um.id left JOIN ez_member m on m.uid = j.uid  WHERE ( j.status = 1 ) AND ( j.tj_index = 1 ) ORDER BY j.hits desc LIMIT 0,20   [ RunTime:0.000538s ]
INFO: [ view_parse ] --START--
INFO: [ template_filter ] --START--
INFO: Run Behavior\ContentReplace [ RunTime:0.000087s ]
INFO: [ template_filter ] --END-- [ RunTime:0.000172s ]
NOTIC: [8] Undefined variable: page_title /var/www/html/Run/Cache/Home/65234a86acd1cfd8cc78f7302f033f0a.php 第 8 行.
NOTIC: [8] Undefined index: job /var/www/html/Run/Cache/Home/65234a86acd1cfd8cc78f7302f033f0a.php 第 85 行.
NOTIC: [8] Undefined index: company /var/www/html/Run/Cache/Home/65234a86acd1cfd8cc78f7302f033f0a.php 第 85 行.
NOTIC: [8] Undefined index: video /var/www/html/Run/Cache/Home/65234a86acd1cfd8cc78f7302f033f0a.php 第 85 行.
NOTIC: [8] Undefined index: post /var/www/html/Run/Cache/Home/65234a86acd1cfd8cc78f7302f033f0a.php 第 85 行.
NOTIC: [8] Undefined variable: info /var/www/html/Run/Cache/Home/65234a86acd1cfd8cc78f7302f033f0a.php 第 274 行.
NOTIC: [8] Use of undefined constant session - assumed 'session' /var/www/html/Run/Cache/Home/65234a86acd1cfd8cc78f7302f033f0a.php 第 309 行.
NOTIC: [8] Undefined variable: Think /var/www/html/Run/Cache/Home/65234a86acd1cfd8cc78f7302f033f0a.php 第 309 行.
NOTIC: [8] Use of undefined constant email - assumed 'email' /var/www/html/Run/Cache/Home/65234a86acd1cfd8cc78f7302f033f0a.php 第 309 行.
INFO: Run Behavior\ParseTemplate [ RunTime:0.011400s ]
INFO: [ view_parse ] --END-- [ RunTime:0.011476s ]
INFO: [ view_filter ] --START--
INFO: Run Behavior\WriteHtmlCache [ RunTime:0.000141s ]
INFO: [ view_filter ] --END-- [ RunTime:0.000216s ]
INFO: [ app_end ] --START--
INFO: Run Behavior\ShowPageTrace [ RunTime:0.000333s ]
INFO: [ app_end ] --END-- [ RunTime:0.000389s ]

