[ 2015-07-20T23:39:16+08:00 ] 116.30.204.93 /Admin/Area/edit.html
INFO: [ app_init ] --START--
INFO: Run Common\Behavior\InitHook [ RunTime:0.000759s ]
INFO: [ app_init ] --END-- [ RunTime:0.000982s ]
INFO: [ app_begin ] --START--
INFO: Run Behavior\ReadHtmlCache [ RunTime:0.000278s ]
INFO: [ app_begin ] --END-- [ RunTime:0.000329s ]
SQL: SHOW COLUMNS FROM `ez_menu` [ RunTime:0.000468s ]
SQL: SELECT * FROM `ez_menu` WHERE ( `pid` = 0 ) AND ( `hide` = 0 ) ORDER BY sort asc  [ RunTime:0.000265s ]
SQL: SELECT `id` FROM `ez_menu` WHERE ( url like '%Area/edit%' ) LIMIT 1   [ RunTime:0.000245s ]
SQL: SHOW COLUMNS FROM `ez_area` [ RunTime:0.000316s ]
SQL: UPDATE `ez_area` SET `name`='香港',`pid`=33,`status`=0,`acid`=0,`ishot`=1 WHERE ( `aid` = 395 ) [ RunTime:0.000168s ]
SQL: SHOW COLUMNS FROM `ez_area` [ RunTime:0.000316s ]
SQL: SELECT * FROM `ez_area` WHERE ( `type` = 1 ) ORDER BY sort asc,aid asc  [ RunTime:0.000293s ]
SQL: SELECT * FROM `ez_area` WHERE ( `pid` = 2 ) ORDER BY sort asc,aid asc  [ RunTime:0.000127s ]
SQL: SELECT * FROM `ez_area` WHERE ( `pid` = 3 ) ORDER BY sort asc,aid asc  [ RunTime:0.000184s ]
SQL: SELECT * FROM `ez_area` WHERE ( `pid` = 4 ) ORDER BY sort asc,aid asc  [ RunTime:0.000176s ]
SQL: SELECT * FROM `ez_area` WHERE ( `pid` = 5 ) ORDER BY sort asc,aid asc  [ RunTime:0.000158s ]
SQL: SELECT * FROM `ez_area` WHERE ( `pid` = 6 ) ORDER BY sort asc,aid asc  [ RunTime:0.000201s ]
SQL: SELECT * FROM `ez_area` WHERE ( `pid` = 7 ) ORDER BY sort asc,aid asc  [ RunTime:0.000162s ]
SQL: SELECT * FROM `ez_area` WHERE ( `pid` = 8 ) ORDER BY sort asc,aid asc  [ RunTime:0.000153s ]
SQL: SELECT * FROM `ez_area` WHERE ( `pid` = 9 ) ORDER BY sort asc,aid asc  [ RunTime:0.000187s ]
SQL: SELECT * FROM `ez_area` WHERE ( `pid` = 10 ) ORDER BY sort asc,aid asc  [ RunTime:0.000149s ]
SQL: SELECT * FROM `ez_area` WHERE ( `pid` = 11 ) ORDER BY sort asc,aid asc  [ RunTime:0.000207s ]
SQL: SELECT * FROM `ez_area` WHERE ( `pid` = 12 ) ORDER BY sort asc,aid asc  [ RunTime:0.000155s ]
SQL: SELECT * FROM `ez_area` WHERE ( `pid` = 13 ) ORDER BY sort asc,aid asc  [ RunTime:0.000166s ]
SQL: SELECT * FROM `ez_area` WHERE ( `pid` = 14 ) ORDER BY sort asc,aid asc  [ RunTime:0.000160s ]
SQL: SELECT * FROM `ez_area` WHERE ( `pid` = 15 ) ORDER BY sort asc,aid asc  [ RunTime:0.000148s ]
SQL: SELECT * FROM `ez_area` WHERE ( `pid` = 16 ) ORDER BY sort asc,aid asc  [ RunTime:0.000194s ]
SQL: SELECT * FROM `ez_area` WHERE ( `pid` = 17 ) ORDER BY sort asc,aid asc  [ RunTime:0.000149s ]
SQL: SELECT * FROM `ez_area` WHERE ( `pid` = 18 ) ORDER BY sort asc,aid asc  [ RunTime:0.000159s ]
SQL: SELECT * FROM `ez_area` WHERE ( `pid` = 19 ) ORDER BY sort asc,aid asc  [ RunTime:0.000167s ]
SQL: SELECT * FROM `ez_area` WHERE ( `pid` = 20 ) ORDER BY sort asc,aid asc  [ RunTime:0.000131s ]
SQL: SELECT * FROM `ez_area` WHERE ( `pid` = 21 ) ORDER BY sort asc,aid asc  [ RunTime:0.000179s ]
SQL: SELECT * FROM `ez_area` WHERE ( `pid` = 22 ) ORDER BY sort asc,aid asc  [ RunTime:0.000169s ]
SQL: SELECT * FROM `ez_area` WHERE ( `pid` = 23 ) ORDER BY sort asc,aid asc  [ RunTime:0.000165s ]
SQL: SELECT * FROM `ez_area` WHERE ( `pid` = 24 ) ORDER BY sort asc,aid asc  [ RunTime:0.000162s ]
SQL: SELECT * FROM `ez_area` WHERE ( `pid` = 25 ) ORDER BY sort asc,aid asc  [ RunTime:0.000121s ]
SQL: SELECT * FROM `ez_area` WHERE ( `pid` = 26 ) ORDER BY sort asc,aid asc  [ RunTime:0.000217s ]
SQL: SELECT * FROM `ez_area` WHERE ( `pid` = 27 ) ORDER BY sort asc,aid asc  [ RunTime:0.000124s ]
SQL: SELECT * FROM `ez_area` WHERE ( `pid` = 28 ) ORDER BY sort asc,aid asc  [ RunTime:0.000136s ]
SQL: SELECT * FROM `ez_area` WHERE ( `pid` = 29 ) ORDER BY sort asc,aid asc  [ RunTime:0.000199s ]
SQL: SELECT * FROM `ez_area` WHERE ( `pid` = 30 ) ORDER BY sort asc,aid asc  [ RunTime:0.000162s ]
SQL: SELECT * FROM `ez_area` WHERE ( `pid` = 31 ) ORDER BY sort asc,aid asc  [ RunTime:0.000165s ]
SQL: SELECT * FROM `ez_area` WHERE ( `pid` = 32 ) ORDER BY sort asc,aid asc  [ RunTime:0.000157s ]
SQL: SELECT * FROM `ez_area` WHERE ( `pid` = 33 ) ORDER BY sort asc,aid asc  [ RunTime:0.000120s ]
SQL: SELECT * FROM `ez_area` WHERE ( `pid` = 34 ) ORDER BY sort asc,aid asc  [ RunTime:0.000132s ]
SQL: SELECT * FROM `ez_area` WHERE ( `pid` = 35 ) ORDER BY sort asc,aid asc  [ RunTime:0.000131s ]

[ 2015-07-20T23:39:18+08:00 ] 116.30.204.93 /Admin/Area/edit/id/395.html
INFO: [ app_init ] --START--
INFO: Run Common\Behavior\InitHook [ RunTime:0.000740s ]
INFO: [ app_init ] --END-- [ RunTime:0.000951s ]
INFO: [ app_begin ] --START--
INFO: Run Behavior\ReadHtmlCache [ RunTime:0.000333s ]
INFO: [ app_begin ] --END-- [ RunTime:0.000396s ]
SQL: SHOW COLUMNS FROM `ez_menu` [ RunTime:0.000441s ]
SQL: SELECT * FROM `ez_menu` WHERE ( `pid` = 0 ) AND ( `hide` = 0 ) ORDER BY sort asc  [ RunTime:0.000275s ]
SQL: SELECT `id` FROM `ez_menu` WHERE ( url like '%Area/edit%' ) LIMIT 1   [ RunTime:0.000226s ]
SQL: SHOW COLUMNS FROM `ez_area` [ RunTime:0.000326s ]
SQL: SELECT `aid`,`status`,`pid`,`name`,`type`,`pinyin`,`first_letter`,`short_url`,`ishot`,`sort`,`acid` FROM `ez_area` WHERE ( `aid` = 395 ) LIMIT 1   [ RunTime:0.000160s ]
SQL: SELECT `aid`,`status`,`pid`,`name`,`type`,`pinyin`,`first_letter`,`short_url`,`ishot`,`sort`,`acid` FROM `ez_area` WHERE ( `pid` = 1 )  [ RunTime:0.000188s ]
INFO: [ view_parse ] --START--
INFO: [ template_filter ] --START--
INFO: Run Behavior\ContentReplace [ RunTime:0.000130s ]
INFO: [ template_filter ] --END-- [ RunTime:0.000205s ]
INFO: Run Behavior\ParseTemplate [ RunTime:0.011611s ]
INFO: [ view_parse ] --END-- [ RunTime:0.011665s ]
INFO: [ view_filter ] --START--
INFO: Run Behavior\WriteHtmlCache [ RunTime:0.000080s ]
INFO: [ view_filter ] --END-- [ RunTime:0.000140s ]
INFO: [ app_end ] --START--
INFO: Run Behavior\ShowPageTrace [ RunTime:0.000261s ]
INFO: [ app_end ] --END-- [ RunTime:0.000316s ]

[ 2015-07-20T23:39:19+08:00 ] 116.30.204.93 /Company/index.html
INFO: [ app_init ] --START--
INFO: Run Common\Behavior\InitHook [ RunTime:0.000718s ]
INFO: [ app_init ] --END-- [ RunTime:0.000937s ]
INFO: [ app_begin ] --START--
INFO: Run Behavior\ReadHtmlCache [ RunTime:0.000264s ]
INFO: [ app_begin ] --END-- [ RunTime:0.000316s ]
NOTIC: [2048] Declaration of Home\Controller\UserController::checkUser() should be compatible with that of Home\Controller\HomeController::checkUser() /var/www/html/App/Home/Controller/UserController.class.php 第 11 行.
NOTIC: [8] Undefined index: uid /var/www/html/App/Home/Controller/HomeController.class.php 第 30 行.
NOTIC: [8] Undefined index: status /var/www/html/App/Home/Controller/HomeController.class.php 第 31 行.
NOTIC: [8] Undefined index: type /var/www/html/App/Home/Controller/HomeController.class.php 第 32 行.
NOTIC: [8] Undefined index: nickname /var/www/html/App/Home/Controller/HomeController.class.php 第 33 行.
NOTIC: [8] Undefined index: username /var/www/html/App/Home/Controller/HomeController.class.php 第 34 行.
NOTIC: [8] Undefined index: email /var/www/html/App/Home/Controller/HomeController.class.php 第 35 行.
NOTIC: [8] Undefined index: user_status /var/www/html/App/Home/Controller/HomeController.class.php 第 36 行.
SQL: SHOW COLUMNS FROM `ez_config` [ RunTime:0.000473s ]
SQL: SELECT `type`,`name`,`value` FROM `ez_config` WHERE ( `status` = 1 )  [ RunTime:0.000228s ]
NOTIC: [2] mkdir(): No such file or directory /var/www/html/App/Home/Controller/HomeController.class.php 第 84 行.
NOTIC: [2] mkdir(): No such file or directory /var/www/html/App/Home/Controller/HomeController.class.php 第 86 行.
NOTIC: [8] Undefined index: _URL_ /var/www/html/App/Home/Controller/CompanyController.class.php 第 21 行.
NOTIC: [8] Undefined index: kd /var/www/html/App/Home/Controller/CompanyController.class.php 第 57 行.
NOTIC: [8] Undefined variable: hy2 /var/www/html/App/Home/Controller/CompanyController.class.php 第 64 行.
SQL: SHOW COLUMNS FROM `ez_member` [ RunTime:0.001166s ]
SQL: SELECT COUNT(*) AS tp_count FROM `ez_member` WHERE ( `status` >= 0 ) AND ( `type` = 1 ) LIMIT 1   [ RunTime:0.000302s ]
SQL: SHOW COLUMNS FROM `ez_ucenter_member` [ RunTime:0.000307s ]
SQL: SELECT um.id,um.email,m.* FROM ez_ucenter_member um left JOIN ez_member m on um.id = m.uid  WHERE ( m.status >= 0 ) AND ( m.type = 1 ) ORDER BY m.hits desc LIMIT 0,9   [ RunTime:0.000666s ]
SQL: SHOW COLUMNS FROM `ez_jobs` [ RunTime:0.000517s ]
NOTIC: [8] Undefined index: only_get_count /var/www/html/App/Home/Controller/HomeController.class.php 第 945 行.
SQL: SHOW COLUMNS FROM `ez_jobs` [ RunTime:0.000517s ]
SQL: SELECT j.*,j.addtime as job_addtime,m.*,um.email FROM ez_jobs j left JOIN ez_ucenter_member um on j.uid = um.id left JOIN ez_member m on m.uid = j.uid  WHERE ( j.status = 1 ) AND ( j.uid = '100012' ) ORDER BY j.addtime desc LIMIT 0,5   [ RunTime:0.000455s ]
NOTIC: [8] Undefined index: only_get_count /var/www/html/App/Home/Controller/HomeController.class.php 第 945 行.
SQL: SHOW COLUMNS FROM `ez_jobs` [ RunTime:0.000502s ]
SQL: SELECT j.*,j.addtime as job_addtime,m.*,um.email FROM ez_jobs j left JOIN ez_ucenter_member um on j.uid = um.id left JOIN ez_member m on m.uid = j.uid  WHERE ( j.status = 1 ) AND ( j.uid = '100033' ) ORDER BY j.addtime desc LIMIT 0,5   [ RunTime:0.000555s ]
NOTIC: [8] Undefined index: only_get_count /var/www/html/App/Home/Controller/HomeController.class.php 第 945 行.
SQL: SHOW COLUMNS FROM `ez_jobs` [ RunTime:0.000562s ]
SQL: SELECT j.*,j.addtime as job_addtime,m.*,um.email FROM ez_jobs j left JOIN ez_ucenter_member um on j.uid = um.id left JOIN ez_member m on m.uid = j.uid  WHERE ( j.status = 1 ) AND ( j.uid = '100011' ) ORDER BY j.addtime desc LIMIT 0,5   [ RunTime:0.000300s ]
NOTIC: [8] Undefined index: only_get_count /var/www/html/App/Home/Controller/HomeController.class.php 第 945 行.
SQL: SHOW COLUMNS FROM `ez_jobs` [ RunTime:0.000525s ]
SQL: SELECT j.*,j.addtime as job_addtime,m.*,um.email FROM ez_jobs j left JOIN ez_ucenter_member um on j.uid = um.id left JOIN ez_member m on m.uid = j.uid  WHERE ( j.status = 1 ) AND ( j.uid = '100016' ) ORDER BY j.addtime desc LIMIT 0,5   [ RunTime:0.000298s ]
NOTIC: [8] Undefined index: only_get_count /var/www/html/App/Home/Controller/HomeController.class.php 第 945 行.
SQL: SHOW COLUMNS FROM `ez_jobs` [ RunTime:0.000497s ]
SQL: SELECT j.*,j.addtime as job_addtime,m.*,um.email FROM ez_jobs j left JOIN ez_ucenter_member um on j.uid = um.id left JOIN ez_member m on m.uid = j.uid  WHERE ( j.status = 1 ) AND ( j.uid = '100019' ) ORDER BY j.addtime desc LIMIT 0,5   [ RunTime:0.000303s ]
NOTIC: [8] Undefined index: only_get_count /var/www/html/App/Home/Controller/HomeController.class.php 第 945 行.
SQL: SHOW COLUMNS FROM `ez_jobs` [ RunTime:0.000468s ]
SQL: SELECT j.*,j.addtime as job_addtime,m.*,um.email FROM ez_jobs j left JOIN ez_ucenter_member um on j.uid = um.id left JOIN ez_member m on m.uid = j.uid  WHERE ( j.status = 1 ) AND ( j.uid = '100053' ) ORDER BY j.addtime desc LIMIT 0,5   [ RunTime:0.000373s ]
NOTIC: [8] Undefined index: only_get_count /var/www/html/App/Home/Controller/HomeController.class.php 第 945 行.
SQL: SHOW COLUMNS FROM `ez_jobs` [ RunTime:0.000468s ]
SQL: SELECT j.*,j.addtime as job_addtime,m.*,um.email FROM ez_jobs j left JOIN ez_ucenter_member um on j.uid = um.id left JOIN ez_member m on m.uid = j.uid  WHERE ( j.status = 1 ) AND ( j.uid = '100017' ) ORDER BY j.addtime desc LIMIT 0,5   [ RunTime:0.000298s ]
NOTIC: [8] Undefined index: only_get_count /var/www/html/App/Home/Controller/HomeController.class.php 第 945 行.
SQL: SHOW COLUMNS FROM `ez_jobs` [ RunTime:0.000509s ]
SQL: SELECT j.*,j.addtime as job_addtime,m.*,um.email FROM ez_jobs j left JOIN ez_ucenter_member um on j.uid = um.id left JOIN ez_member m on m.uid = j.uid  WHERE ( j.status = 1 ) AND ( j.uid = '100048' ) ORDER BY j.addtime desc LIMIT 0,5   [ RunTime:0.000295s ]
NOTIC: [8] Undefined index: only_get_count /var/www/html/App/Home/Controller/HomeController.class.php 第 945 行.
SQL: SHOW COLUMNS FROM `ez_jobs` [ RunTime:0.000503s ]
SQL: SELECT j.*,j.addtime as job_addtime,m.*,um.email FROM ez_jobs j left JOIN ez_ucenter_member um on j.uid = um.id left JOIN ez_member m on m.uid = j.uid  WHERE ( j.status = 1 ) AND ( j.uid = '100027' ) ORDER BY j.addtime desc LIMIT 0,5   [ RunTime:0.000302s ]
NOTIC: [8] Undefined index: pn /var/www/html/App/Home/Controller/CompanyController.class.php 第 81 行.
INFO: [ view_parse ] --START--
INFO: [ template_filter ] --START--
INFO: Run Behavior\ContentReplace [ RunTime:0.000115s ]
INFO: [ template_filter ] --END-- [ RunTime:0.000180s ]
NOTIC: [8] Undefined variable: page_title /var/www/html/Run/Cache/Home/a78d18acab7f8c601b431a9feffa0b34.php 第 8 行.
NOTIC: [8] Undefined index: job /var/www/html/Run/Cache/Home/a78d18acab7f8c601b431a9feffa0b34.php 第 85 行.
NOTIC: [8] Undefined index: video /var/www/html/Run/Cache/Home/a78d18acab7f8c601b431a9feffa0b34.php 第 85 行.
NOTIC: [8] Undefined index: post /var/www/html/Run/Cache/Home/a78d18acab7f8c601b431a9feffa0b34.php 第 85 行.
NOTIC: [8] Undefined offset: 0 /var/www/html/App/Common/Common/function.php 第 2816 行.
NOTIC: [8] Undefined offset: 0 /var/www/html/App/Common/Common/function.php 第 2817 行.
NOTIC: [8] Undefined offset: 0 /var/www/html/App/Common/Common/function.php 第 2822 行.
NOTIC: [8] Undefined offset: 0 /var/www/html/App/Common/Common/function.php 第 2808 行.
NOTIC: [8] Undefined variable: myinfo /var/www/html/Run/Cache/Home/a78d18acab7f8c601b431a9feffa0b34.php 第 238 行.
NOTIC: [8] Undefined variable: show_foot /var/www/html/Run/Cache/Home/a78d18acab7f8c601b431a9feffa0b34.php 第 350 行.
NOTIC: [8] Undefined variable: info /var/www/html/Run/Cache/Home/a78d18acab7f8c601b431a9feffa0b34.php 第 463 行.
NOTIC: [8] Use of undefined constant session - assumed 'session' /var/www/html/Run/Cache/Home/a78d18acab7f8c601b431a9feffa0b34.php 第 498 行.
NOTIC: [8] Undefined variable: Think /var/www/html/Run/Cache/Home/a78d18acab7f8c601b431a9feffa0b34.php 第 498 行.
NOTIC: [8] Use of undefined constant email - assumed 'email' /var/www/html/Run/Cache/Home/a78d18acab7f8c601b431a9feffa0b34.php 第 498 行.
INFO: Run Behavior\ParseTemplate [ RunTime:0.022347s ]
INFO: [ view_parse ] --END-- [ RunTime:0.022414s ]
INFO: [ view_filter ] --START--
INFO: Run Behavior\WriteHtmlCache [ RunTime:0.000081s ]
INFO: [ view_filter ] --END-- [ RunTime:0.000125s ]
INFO: [ app_end ] --START--
INFO: Run Behavior\ShowPageTrace [ RunTime:0.000343s ]
INFO: [ app_end ] --END-- [ RunTime:0.000406s ]

[ 2015-07-20T23:42:19+08:00 ] 203.208.60.46 /Company/index/0-2-65-0?kd=
INFO: [ app_init ] --START--
INFO: Run Common\Behavior\InitHook [ RunTime:0.000737s ]
INFO: [ app_init ] --END-- [ RunTime:0.000971s ]
INFO: [ app_begin ] --START--
INFO: Run Behavior\ReadHtmlCache [ RunTime:0.000255s ]
INFO: [ app_begin ] --END-- [ RunTime:0.000320s ]
NOTIC: [2048] Declaration of Home\Controller\UserController::checkUser() should be compatible with that of Home\Controller\HomeController::checkUser() /var/www/html/App/Home/Controller/UserController.class.php 第 11 行.
NOTIC: [8] Undefined index: uid /var/www/html/App/Home/Controller/HomeController.class.php 第 30 行.
NOTIC: [8] Undefined index: status /var/www/html/App/Home/Controller/HomeController.class.php 第 31 行.
NOTIC: [8] Undefined index: type /var/www/html/App/Home/Controller/HomeController.class.php 第 32 行.
NOTIC: [8] Undefined index: nickname /var/www/html/App/Home/Controller/HomeController.class.php 第 33 行.
NOTIC: [8] Undefined index: username /var/www/html/App/Home/Controller/HomeController.class.php 第 34 行.
NOTIC: [8] Undefined index: email /var/www/html/App/Home/Controller/HomeController.class.php 第 35 行.
NOTIC: [8] Undefined index: user_status /var/www/html/App/Home/Controller/HomeController.class.php 第 36 行.
SQL: SHOW COLUMNS FROM `ez_config` [ RunTime:0.000506s ]
SQL: SELECT `type`,`name`,`value` FROM `ez_config` WHERE ( `status` = 1 )  [ RunTime:0.000218s ]
NOTIC: [2] mkdir(): No such file or directory /var/www/html/App/Home/Controller/HomeController.class.php 第 84 行.
NOTIC: [2] mkdir(): No such file or directory /var/www/html/App/Home/Controller/HomeController.class.php 第 86 行.
NOTIC: [8] Undefined index: _URL_ /var/www/html/App/Home/Controller/CompanyController.class.php 第 21 行.
NOTIC: [8] Undefined offset: 4 /var/www/html/App/Home/Controller/CompanyController.class.php 第 39 行.
SQL: SHOW COLUMNS FROM `ez_member` [ RunTime:0.001208s ]
NOTIC: [8] Undefined index: 65 /var/www/html/App/Common/Common/function.php 第 1331 行.
SQL: SELECT COUNT(*) AS tp_count FROM `ez_member` WHERE ( `status` >= 0 ) AND ( `type` = 1 ) AND ( `gongsi_xingzhi` = '2' ) AND ( `hangye_id` IN ('65') ) LIMIT 1   [ RunTime:0.000407s ]
SQL: SHOW COLUMNS FROM `ez_ucenter_member` [ RunTime:0.000403s ]
SQL: SELECT um.id,um.email,m.* FROM ez_ucenter_member um left JOIN ez_member m on um.id = m.uid  WHERE ( m.status >= 0 ) AND ( m.type = 1 ) AND ( m.gongsi_xingzhi = '2' ) AND ( m.hangye_id IN ('65') ) ORDER BY m.hits desc LIMIT 0,9   [ RunTime:0.000347s ]
NOTIC: [2] Invalid argument supplied for foreach() /var/www/html/App/Home/Controller/CompanyController.class.php 第 68 行.
NOTIC: [8] Undefined index: pn /var/www/html/App/Home/Controller/CompanyController.class.php 第 81 行.
INFO: [ view_parse ] --START--
INFO: [ template_filter ] --START--
INFO: Run Behavior\ContentReplace [ RunTime:0.000129s ]
INFO: [ template_filter ] --END-- [ RunTime:0.000184s ]
NOTIC: [8] Undefined variable: page_title /var/www/html/Run/Cache/Home/a78d18acab7f8c601b431a9feffa0b34.php 第 8 行.
NOTIC: [8] Undefined index: job /var/www/html/Run/Cache/Home/a78d18acab7f8c601b431a9feffa0b34.php 第 85 行.
NOTIC: [8] Undefined index: video /var/www/html/Run/Cache/Home/a78d18acab7f8c601b431a9feffa0b34.php 第 85 行.
NOTIC: [8] Undefined index: post /var/www/html/Run/Cache/Home/a78d18acab7f8c601b431a9feffa0b34.php 第 85 行.
NOTIC: [8] Undefined offset: 0 /var/www/html/App/Common/Common/function.php 第 2816 行.
NOTIC: [8] Undefined offset: 0 /var/www/html/App/Common/Common/function.php 第 2817 行.
NOTIC: [8] Undefined variable: myinfo /var/www/html/Run/Cache/Home/a78d18acab7f8c601b431a9feffa0b34.php 第 238 行.
NOTIC: [8] Undefined variable: show_foot /var/www/html/Run/Cache/Home/a78d18acab7f8c601b431a9feffa0b34.php 第 350 行.
NOTIC: [8] Undefined variable: info /var/www/html/Run/Cache/Home/a78d18acab7f8c601b431a9feffa0b34.php 第 463 行.
NOTIC: [8] Use of undefined constant session - assumed 'session' /var/www/html/Run/Cache/Home/a78d18acab7f8c601b431a9feffa0b34.php 第 498 行.
NOTIC: [8] Undefined variable: Think /var/www/html/Run/Cache/Home/a78d18acab7f8c601b431a9feffa0b34.php 第 498 行.
NOTIC: [8] Use of undefined constant email - assumed 'email' /var/www/html/Run/Cache/Home/a78d18acab7f8c601b431a9feffa0b34.php 第 498 行.
INFO: Run Behavior\ParseTemplate [ RunTime:0.026724s ]
INFO: [ view_parse ] --END-- [ RunTime:0.026790s ]
INFO: [ view_filter ] --START--
INFO: Run Behavior\WriteHtmlCache [ RunTime:0.000095s ]
INFO: [ view_filter ] --END-- [ RunTime:0.000139s ]
INFO: [ app_end ] --START--
INFO: Run Behavior\ShowPageTrace [ RunTime:0.000419s ]
INFO: [ app_end ] --END-- [ RunTime:0.000523s ]

[ 2015-07-20T23:42:51+08:00 ] 203.208.60.52 /Company/index/0-1-0-0-70?kd=
INFO: [ app_init ] --START--
INFO: Run Common\Behavior\InitHook [ RunTime:0.000778s ]
INFO: [ app_init ] --END-- [ RunTime:0.000979s ]
INFO: [ app_begin ] --START--
INFO: Run Behavior\ReadHtmlCache [ RunTime:0.000286s ]
INFO: [ app_begin ] --END-- [ RunTime:0.000339s ]
NOTIC: [2048] Declaration of Home\Controller\UserController::checkUser() should be compatible with that of Home\Controller\HomeController::checkUser() /var/www/html/App/Home/Controller/UserController.class.php 第 11 行.
NOTIC: [8] Undefined index: uid /var/www/html/App/Home/Controller/HomeController.class.php 第 30 行.
NOTIC: [8] Undefined index: status /var/www/html/App/Home/Controller/HomeController.class.php 第 31 行.
NOTIC: [8] Undefined index: type /var/www/html/App/Home/Controller/HomeController.class.php 第 32 行.
NOTIC: [8] Undefined index: nickname /var/www/html/App/Home/Controller/HomeController.class.php 第 33 行.
NOTIC: [8] Undefined index: username /var/www/html/App/Home/Controller/HomeController.class.php 第 34 行.
NOTIC: [8] Undefined index: email /var/www/html/App/Home/Controller/HomeController.class.php 第 35 行.
NOTIC: [8] Undefined index: user_status /var/www/html/App/Home/Controller/HomeController.class.php 第 36 行.
SQL: SHOW COLUMNS FROM `ez_config` [ RunTime:0.000499s ]
SQL: SELECT `type`,`name`,`value` FROM `ez_config` WHERE ( `status` = 1 )  [ RunTime:0.000216s ]
NOTIC: [2] mkdir(): No such file or directory /var/www/html/App/Home/Controller/HomeController.class.php 第 84 行.
NOTIC: [2] mkdir(): No such file or directory /var/www/html/App/Home/Controller/HomeController.class.php 第 86 行.
NOTIC: [8] Undefined index: _URL_ /var/www/html/App/Home/Controller/CompanyController.class.php 第 21 行.
SQL: SHOW COLUMNS FROM `ez_member` [ RunTime:0.001182s ]
SQL: SELECT COUNT(*) AS tp_count FROM `ez_member` WHERE ( `status` >= 0 ) AND ( `type` = 1 ) AND ( `gongsi_xingzhi` = '1' ) AND ( `hangye_id` IN ('72','185','186','187','188') ) LIMIT 1   [ RunTime:0.000376s ]
SQL: SHOW COLUMNS FROM `ez_ucenter_member` [ RunTime:0.000373s ]
SQL: SELECT um.id,um.email,m.* FROM ez_ucenter_member um left JOIN ez_member m on um.id = m.uid  WHERE ( m.status >= 0 ) AND ( m.type = 1 ) AND ( m.gongsi_xingzhi = '1' ) AND ( m.hangye_id IN ('72','185','186','187','188') ) ORDER BY m.hits desc LIMIT 0,9   [ RunTime:0.000347s ]
NOTIC: [2] Invalid argument supplied for foreach() /var/www/html/App/Home/Controller/CompanyController.class.php 第 68 行.
NOTIC: [8] Undefined index: pn /var/www/html/App/Home/Controller/CompanyController.class.php 第 81 行.
INFO: [ view_parse ] --START--
INFO: [ template_filter ] --START--
INFO: Run Behavior\ContentReplace [ RunTime:0.000129s ]
INFO: [ template_filter ] --END-- [ RunTime:0.000192s ]
NOTIC: [8] Undefined variable: page_title /var/www/html/Run/Cache/Home/a78d18acab7f8c601b431a9feffa0b34.php 第 8 行.
NOTIC: [8] Undefined index: job /var/www/html/Run/Cache/Home/a78d18acab7f8c601b431a9feffa0b34.php 第 85 行.
NOTIC: [8] Undefined index: video /var/www/html/Run/Cache/Home/a78d18acab7f8c601b431a9feffa0b34.php 第 85 行.
NOTIC: [8] Undefined index: post /var/www/html/Run/Cache/Home/a78d18acab7f8c601b431a9feffa0b34.php 第 85 行.
NOTIC: [8] Undefined index: 0 /var/www/html/App/Common/Common/function.php 第 2822 行.
NOTIC: [8] Undefined variable: myinfo /var/www/html/Run/Cache/Home/a78d18acab7f8c601b431a9feffa0b34.php 第 238 行.
NOTIC: [8] Undefined variable: show_foot /var/www/html/Run/Cache/Home/a78d18acab7f8c601b431a9feffa0b34.php 第 350 行.
NOTIC: [8] Undefined variable: info /var/www/html/Run/Cache/Home/a78d18acab7f8c601b431a9feffa0b34.php 第 463 行.
NOTIC: [8] Use of undefined constant session - assumed 'session' /var/www/html/Run/Cache/Home/a78d18acab7f8c601b431a9feffa0b34.php 第 498 行.
NOTIC: [8] Undefined variable: Think /var/www/html/Run/Cache/Home/a78d18acab7f8c601b431a9feffa0b34.php 第 498 行.
NOTIC: [8] Use of undefined constant email - assumed 'email' /var/www/html/Run/Cache/Home/a78d18acab7f8c601b431a9feffa0b34.php 第 498 行.
INFO: Run Behavior\ParseTemplate [ RunTime:0.021877s ]
INFO: [ view_parse ] --END-- [ RunTime:0.021927s ]
INFO: [ view_filter ] --START--
INFO: Run Behavior\WriteHtmlCache [ RunTime:0.000084s ]
INFO: [ view_filter ] --END-- [ RunTime:0.000127s ]
INFO: [ app_end ] --START--
INFO: Run Behavior\ShowPageTrace [ RunTime:0.000593s ]
INFO: [ app_end ] --END-- [ RunTime:0.000745s ]

[ 2015-07-20T23:46:00+08:00 ] 203.208.60.45 /Company/index/0-2-76-0-0?kd=
INFO: [ app_init ] --START--
INFO: Run Common\Behavior\InitHook [ RunTime:0.000753s ]
INFO: [ app_init ] --END-- [ RunTime:0.000955s ]
INFO: [ app_begin ] --START--
INFO: Run Behavior\ReadHtmlCache [ RunTime:0.000255s ]
INFO: [ app_begin ] --END-- [ RunTime:0.000306s ]
NOTIC: [2048] Declaration of Home\Controller\UserController::checkUser() should be compatible with that of Home\Controller\HomeController::checkUser() /var/www/html/App/Home/Controller/UserController.class.php 第 11 行.
NOTIC: [8] Undefined index: uid /var/www/html/App/Home/Controller/HomeController.class.php 第 30 行.
NOTIC: [8] Undefined index: status /var/www/html/App/Home/Controller/HomeController.class.php 第 31 行.
NOTIC: [8] Undefined index: type /var/www/html/App/Home/Controller/HomeController.class.php 第 32 行.
NOTIC: [8] Undefined index: nickname /var/www/html/App/Home/Controller/HomeController.class.php 第 33 行.
NOTIC: [8] Undefined index: username /var/www/html/App/Home/Controller/HomeController.class.php 第 34 行.
NOTIC: [8] Undefined index: email /var/www/html/App/Home/Controller/HomeController.class.php 第 35 行.
NOTIC: [8] Undefined index: user_status /var/www/html/App/Home/Controller/HomeController.class.php 第 36 行.
SQL: SHOW COLUMNS FROM `ez_config` [ RunTime:0.000488s ]
SQL: SELECT `type`,`name`,`value` FROM `ez_config` WHERE ( `status` = 1 )  [ RunTime:0.000227s ]
NOTIC: [2] mkdir(): No such file or directory /var/www/html/App/Home/Controller/HomeController.class.php 第 84 行.
NOTIC: [2] mkdir(): No such file or directory /var/www/html/App/Home/Controller/HomeController.class.php 第 86 行.
NOTIC: [8] Undefined index: _URL_ /var/www/html/App/Home/Controller/CompanyController.class.php 第 21 行.
SQL: SHOW COLUMNS FROM `ez_member` [ RunTime:0.001168s ]
NOTIC: [8] Undefined index: 76 /var/www/html/App/Common/Common/function.php 第 1331 行.
SQL: SELECT COUNT(*) AS tp_count FROM `ez_member` WHERE ( `status` >= 0 ) AND ( `type` = 1 ) AND ( `gongsi_xingzhi` = '2' ) AND ( `hangye_id` IN ('76') ) LIMIT 1   [ RunTime:0.000429s ]
SQL: SHOW COLUMNS FROM `ez_ucenter_member` [ RunTime:0.000386s ]
SQL: SELECT um.id,um.email,m.* FROM ez_ucenter_member um left JOIN ez_member m on um.id = m.uid  WHERE ( m.status >= 0 ) AND ( m.type = 1 ) AND ( m.gongsi_xingzhi = '2' ) AND ( m.hangye_id IN ('76') ) ORDER BY m.hits desc LIMIT 0,9   [ RunTime:0.000360s ]
NOTIC: [2] Invalid argument supplied for foreach() /var/www/html/App/Home/Controller/CompanyController.class.php 第 68 行.
NOTIC: [8] Undefined index: pn /var/www/html/App/Home/Controller/CompanyController.class.php 第 81 行.
INFO: [ view_parse ] --START--
INFO: [ template_filter ] --START--
INFO: Run Behavior\ContentReplace [ RunTime:0.000124s ]
INFO: [ template_filter ] --END-- [ RunTime:0.000178s ]
NOTIC: [8] Undefined variable: page_title /var/www/html/Run/Cache/Home/a78d18acab7f8c601b431a9feffa0b34.php 第 8 行.
NOTIC: [8] Undefined index: job /var/www/html/Run/Cache/Home/a78d18acab7f8c601b431a9feffa0b34.php 第 85 行.
NOTIC: [8] Undefined index: video /var/www/html/Run/Cache/Home/a78d18acab7f8c601b431a9feffa0b34.php 第 85 行.
NOTIC: [8] Undefined index: post /var/www/html/Run/Cache/Home/a78d18acab7f8c601b431a9feffa0b34.php 第 85 行.
NOTIC: [8] Undefined offset: 0 /var/www/html/App/Common/Common/function.php 第 2816 行.
NOTIC: [8] Undefined offset: 0 /var/www/html/App/Common/Common/function.php 第 2817 行.
NOTIC: [8] Undefined variable: myinfo /var/www/html/Run/Cache/Home/a78d18acab7f8c601b431a9feffa0b34.php 第 238 行.
NOTIC: [8] Undefined variable: show_foot /var/www/html/Run/Cache/Home/a78d18acab7f8c601b431a9feffa0b34.php 第 350 行.
NOTIC: [8] Undefined variable: info /var/www/html/Run/Cache/Home/a78d18acab7f8c601b431a9feffa0b34.php 第 463 行.
NOTIC: [8] Use of undefined constant session - assumed 'session' /var/www/html/Run/Cache/Home/a78d18acab7f8c601b431a9feffa0b34.php 第 498 行.
NOTIC: [8] Undefined variable: Think /var/www/html/Run/Cache/Home/a78d18acab7f8c601b431a9feffa0b34.php 第 498 行.
NOTIC: [8] Use of undefined constant email - assumed 'email' /var/www/html/Run/Cache/Home/a78d18acab7f8c601b431a9feffa0b34.php 第 498 行.
INFO: Run Behavior\ParseTemplate [ RunTime:0.021264s ]
INFO: [ view_parse ] --END-- [ RunTime:0.021324s ]
INFO: [ view_filter ] --START--
INFO: Run Behavior\WriteHtmlCache [ RunTime:0.000087s ]
INFO: [ view_filter ] --END-- [ RunTime:0.000131s ]
INFO: [ app_end ] --START--
INFO: Run Behavior\ShowPageTrace [ RunTime:0.000432s ]
INFO: [ app_end ] --END-- [ RunTime:0.000550s ]

[ 2015-07-20T23:46:05+08:00 ] 203.208.60.48 /Company/index/0-1-117-0-0?kd=
INFO: [ app_init ] --START--
INFO: Run Common\Behavior\InitHook [ RunTime:0.000739s ]
INFO: [ app_init ] --END-- [ RunTime:0.000956s ]
INFO: [ app_begin ] --START--
INFO: Run Behavior\ReadHtmlCache [ RunTime:0.000269s ]
INFO: [ app_begin ] --END-- [ RunTime:0.000322s ]
NOTIC: [2048] Declaration of Home\Controller\UserController::checkUser() should be compatible with that of Home\Controller\HomeController::checkUser() /var/www/html/App/Home/Controller/UserController.class.php 第 11 行.
NOTIC: [8] Undefined index: uid /var/www/html/App/Home/Controller/HomeController.class.php 第 30 行.
NOTIC: [8] Undefined index: status /var/www/html/App/Home/Controller/HomeController.class.php 第 31 行.
NOTIC: [8] Undefined index: type /var/www/html/App/Home/Controller/HomeController.class.php 第 32 行.
NOTIC: [8] Undefined index: nickname /var/www/html/App/Home/Controller/HomeController.class.php 第 33 行.
NOTIC: [8] Undefined index: username /var/www/html/App/Home/Controller/HomeController.class.php 第 34 行.
NOTIC: [8] Undefined index: email /var/www/html/App/Home/Controller/HomeController.class.php 第 35 行.
NOTIC: [8] Undefined index: user_status /var/www/html/App/Home/Controller/HomeController.class.php 第 36 行.
SQL: SHOW COLUMNS FROM `ez_config` [ RunTime:0.000488s ]
SQL: SELECT `type`,`name`,`value` FROM `ez_config` WHERE ( `status` = 1 )  [ RunTime:0.000215s ]
NOTIC: [2] mkdir(): No such file or directory /var/www/html/App/Home/Controller/HomeController.class.php 第 84 行.
NOTIC: [2] mkdir(): No such file or directory /var/www/html/App/Home/Controller/HomeController.class.php 第 86 行.
NOTIC: [8] Undefined index: _URL_ /var/www/html/App/Home/Controller/CompanyController.class.php 第 21 行.
SQL: SHOW COLUMNS FROM `ez_member` [ RunTime:0.001159s ]
NOTIC: [8] Undefined index: 117 /var/www/html/App/Common/Common/function.php 第 1331 行.
SQL: SELECT COUNT(*) AS tp_count FROM `ez_member` WHERE ( `status` >= 0 ) AND ( `type` = 1 ) AND ( `gongsi_xingzhi` = '1' ) AND ( `hangye_id` IN ('117') ) LIMIT 1   [ RunTime:0.000326s ]
SQL: SHOW COLUMNS FROM `ez_ucenter_member` [ RunTime:0.000377s ]
SQL: SELECT um.id,um.email,m.* FROM ez_ucenter_member um left JOIN ez_member m on um.id = m.uid  WHERE ( m.status >= 0 ) AND ( m.type = 1 ) AND ( m.gongsi_xingzhi = '1' ) AND ( m.hangye_id IN ('117') ) ORDER BY m.hits desc LIMIT 0,9   [ RunTime:0.000318s ]
NOTIC: [2] Invalid argument supplied for foreach() /var/www/html/App/Home/Controller/CompanyController.class.php 第 68 行.
NOTIC: [8] Undefined index: pn /var/www/html/App/Home/Controller/CompanyController.class.php 第 81 行.
INFO: [ view_parse ] --START--
INFO: [ template_filter ] --START--
INFO: Run Behavior\ContentReplace [ RunTime:0.000129s ]
INFO: [ template_filter ] --END-- [ RunTime:0.000185s ]
NOTIC: [8] Undefined variable: page_title /var/www/html/Run/Cache/Home/a78d18acab7f8c601b431a9feffa0b34.php 第 8 行.
NOTIC: [8] Undefined index: job /var/www/html/Run/Cache/Home/a78d18acab7f8c601b431a9feffa0b34.php 第 85 行.
NOTIC: [8] Undefined index: video /var/www/html/Run/Cache/Home/a78d18acab7f8c601b431a9feffa0b34.php 第 85 行.
NOTIC: [8] Undefined index: post /var/www/html/Run/Cache/Home/a78d18acab7f8c601b431a9feffa0b34.php 第 85 行.
NOTIC: [8] Undefined offset: 0 /var/www/html/App/Common/Common/function.php 第 2816 行.
NOTIC: [8] Undefined offset: 0 /var/www/html/App/Common/Common/function.php 第 2817 行.
NOTIC: [8] Undefined variable: myinfo /var/www/html/Run/Cache/Home/a78d18acab7f8c601b431a9feffa0b34.php 第 238 行.
NOTIC: [8] Undefined variable: show_foot /var/www/html/Run/Cache/Home/a78d18acab7f8c601b431a9feffa0b34.php 第 350 行.
NOTIC: [8] Undefined variable: info /var/www/html/Run/Cache/Home/a78d18acab7f8c601b431a9feffa0b34.php 第 463 行.
NOTIC: [8] Use of undefined constant session - assumed 'session' /var/www/html/Run/Cache/Home/a78d18acab7f8c601b431a9feffa0b34.php 第 498 行.
NOTIC: [8] Undefined variable: Think /var/www/html/Run/Cache/Home/a78d18acab7f8c601b431a9feffa0b34.php 第 498 行.
NOTIC: [8] Use of undefined constant email - assumed 'email' /var/www/html/Run/Cache/Home/a78d18acab7f8c601b431a9feffa0b34.php 第 498 行.
INFO: Run Behavior\ParseTemplate [ RunTime:0.021571s ]
INFO: [ view_parse ] --END-- [ RunTime:0.021621s ]
INFO: [ view_filter ] --START--
INFO: Run Behavior\WriteHtmlCache [ RunTime:0.000096s ]
INFO: [ view_filter ] --END-- [ RunTime:0.000140s ]
INFO: [ app_end ] --START--
INFO: Run Behavior\ShowPageTrace [ RunTime:0.000305s ]
INFO: [ app_end ] --END-- [ RunTime:0.000433s ]

[ 2015-07-20T23:46:12+08:00 ] 203.208.60.44 /Company/index/0-4-116-0-0?kd=
INFO: [ app_init ] --START--
INFO: Run Common\Behavior\InitHook [ RunTime:0.000793s ]
INFO: [ app_init ] --END-- [ RunTime:0.000994s ]
INFO: [ app_begin ] --START--
INFO: Run Behavior\ReadHtmlCache [ RunTime:0.000261s ]
INFO: [ app_begin ] --END-- [ RunTime:0.000341s ]
NOTIC: [2048] Declaration of Home\Controller\UserController::checkUser() should be compatible with that of Home\Controller\HomeController::checkUser() /var/www/html/App/Home/Controller/UserController.class.php 第 11 行.
NOTIC: [8] Undefined index: uid /var/www/html/App/Home/Controller/HomeController.class.php 第 30 行.
NOTIC: [8] Undefined index: status /var/www/html/App/Home/Controller/HomeController.class.php 第 31 行.
NOTIC: [8] Undefined index: type /var/www/html/App/Home/Controller/HomeController.class.php 第 32 行.
NOTIC: [8] Undefined index: nickname /var/www/html/App/Home/Controller/HomeController.class.php 第 33 行.
NOTIC: [8] Undefined index: username /var/www/html/App/Home/Controller/HomeController.class.php 第 34 行.
NOTIC: [8] Undefined index: email /var/www/html/App/Home/Controller/HomeController.class.php 第 35 行.
NOTIC: [8] Undefined index: user_status /var/www/html/App/Home/Controller/HomeController.class.php 第 36 行.
SQL: SHOW COLUMNS FROM `ez_config` [ RunTime:0.000519s ]
SQL: SELECT `type`,`name`,`value` FROM `ez_config` WHERE ( `status` = 1 )  [ RunTime:0.000216s ]
NOTIC: [2] mkdir(): No such file or directory /var/www/html/App/Home/Controller/HomeController.class.php 第 84 行.
NOTIC: [2] mkdir(): No such file or directory /var/www/html/App/Home/Controller/HomeController.class.php 第 86 行.
NOTIC: [8] Undefined index: _URL_ /var/www/html/App/Home/Controller/CompanyController.class.php 第 21 行.
SQL: SHOW COLUMNS FROM `ez_member` [ RunTime:0.001228s ]
NOTIC: [8] Undefined index: 116 /var/www/html/App/Common/Common/function.php 第 1331 行.
SQL: SELECT COUNT(*) AS tp_count FROM `ez_member` WHERE ( `status` >= 0 ) AND ( `type` = 1 ) AND ( `gongsi_xingzhi` = '4' ) AND ( `hangye_id` IN ('116') ) LIMIT 1   [ RunTime:0.000285s ]
SQL: SHOW COLUMNS FROM `ez_ucenter_member` [ RunTime:0.000390s ]
SQL: SELECT um.id,um.email,m.* FROM ez_ucenter_member um left JOIN ez_member m on um.id = m.uid  WHERE ( m.status >= 0 ) AND ( m.type = 1 ) AND ( m.gongsi_xingzhi = '4' ) AND ( m.hangye_id IN ('116') ) ORDER BY m.hits desc LIMIT 0,9   [ RunTime:0.000325s ]
NOTIC: [2] Invalid argument supplied for foreach() /var/www/html/App/Home/Controller/CompanyController.class.php 第 68 行.
NOTIC: [8] Undefined index: pn /var/www/html/App/Home/Controller/CompanyController.class.php 第 81 行.
INFO: [ view_parse ] --START--
INFO: [ template_filter ] --START--
INFO: Run Behavior\ContentReplace [ RunTime:0.000143s ]
INFO: [ template_filter ] --END-- [ RunTime:0.000203s ]
NOTIC: [8] Undefined variable: page_title /var/www/html/Run/Cache/Home/a78d18acab7f8c601b431a9feffa0b34.php 第 8 行.
NOTIC: [8] Undefined index: job /var/www/html/Run/Cache/Home/a78d18acab7f8c601b431a9feffa0b34.php 第 85 行.
NOTIC: [8] Undefined index: video /var/www/html/Run/Cache/Home/a78d18acab7f8c601b431a9feffa0b34.php 第 85 行.
NOTIC: [8] Undefined index: post /var/www/html/Run/Cache/Home/a78d18acab7f8c601b431a9feffa0b34.php 第 85 行.
NOTIC: [8] Undefined offset: 0 /var/www/html/App/Common/Common/function.php 第 2816 行.
NOTIC: [8] Undefined offset: 0 /var/www/html/App/Common/Common/function.php 第 2817 行.
NOTIC: [8] Undefined variable: myinfo /var/www/html/Run/Cache/Home/a78d18acab7f8c601b431a9feffa0b34.php 第 238 行.
NOTIC: [8] Undefined variable: show_foot /var/www/html/Run/Cache/Home/a78d18acab7f8c601b431a9feffa0b34.php 第 350 行.
NOTIC: [8] Undefined variable: info /var/www/html/Run/Cache/Home/a78d18acab7f8c601b431a9feffa0b34.php 第 463 行.
NOTIC: [8] Use of undefined constant session - assumed 'session' /var/www/html/Run/Cache/Home/a78d18acab7f8c601b431a9feffa0b34.php 第 498 行.
NOTIC: [8] Undefined variable: Think /var/www/html/Run/Cache/Home/a78d18acab7f8c601b431a9feffa0b34.php 第 498 行.
NOTIC: [8] Use of undefined constant email - assumed 'email' /var/www/html/Run/Cache/Home/a78d18acab7f8c601b431a9feffa0b34.php 第 498 行.
INFO: Run Behavior\ParseTemplate [ RunTime:0.022392s ]
INFO: [ view_parse ] --END-- [ RunTime:0.022442s ]
INFO: [ view_filter ] --START--
INFO: Run Behavior\WriteHtmlCache [ RunTime:0.000094s ]
INFO: [ view_filter ] --END-- [ RunTime:0.000145s ]
INFO: [ app_end ] --START--
INFO: Run Behavior\ShowPageTrace [ RunTime:0.000418s ]
INFO: [ app_end ] --END-- [ RunTime:0.000515s ]

[ 2015-07-20T23:46:45+08:00 ] 180.153.214.181 /User/login
INFO: [ app_init ] --START--
INFO: Run Common\Behavior\InitHook [ RunTime:0.000738s ]
INFO: [ app_init ] --END-- [ RunTime:0.000943s ]
INFO: [ app_begin ] --START--
INFO: Run Behavior\ReadHtmlCache [ RunTime:0.000240s ]
INFO: [ app_begin ] --END-- [ RunTime:0.000292s ]
NOTIC: [2048] Declaration of Home\Controller\UserController::checkUser() should be compatible with that of Home\Controller\HomeController::checkUser() /var/www/html/App/Home/Controller/UserController.class.php 第 11 行.
NOTIC: [8] Undefined index: uid /var/www/html/App/Home/Controller/HomeController.class.php 第 30 行.
NOTIC: [8] Undefined index: status /var/www/html/App/Home/Controller/HomeController.class.php 第 31 行.
NOTIC: [8] Undefined index: type /var/www/html/App/Home/Controller/HomeController.class.php 第 32 行.
NOTIC: [8] Undefined index: nickname /var/www/html/App/Home/Controller/HomeController.class.php 第 33 行.
NOTIC: [8] Undefined index: username /var/www/html/App/Home/Controller/HomeController.class.php 第 34 行.
NOTIC: [8] Undefined index: email /var/www/html/App/Home/Controller/HomeController.class.php 第 35 行.
NOTIC: [8] Undefined index: user_status /var/www/html/App/Home/Controller/HomeController.class.php 第 36 行.
SQL: SHOW COLUMNS FROM `ez_config` [ RunTime:0.000458s ]
SQL: SELECT `type`,`name`,`value` FROM `ez_config` WHERE ( `status` = 1 )  [ RunTime:0.000250s ]
NOTIC: [2] mkdir(): No such file or directory /var/www/html/App/Home/Controller/HomeController.class.php 第 84 行.
NOTIC: [2] mkdir(): No such file or directory /var/www/html/App/Home/Controller/HomeController.class.php 第 86 行.
NOTIC: [8] Undefined index: ref /var/www/html/App/Home/Controller/UserController.class.php 第 219 行.
NOTIC: [8] Undefined index: go_to_url /var/www/html/App/Home/Controller/UserController.class.php 第 324 行.
INFO: [ view_parse ] --START--
INFO: [ template_filter ] --START--
INFO: Run Behavior\ContentReplace [ RunTime:0.000078s ]
INFO: [ template_filter ] --END-- [ RunTime:0.000150s ]
NOTIC: [8] Undefined variable: page_title /var/www/html/Run/Cache/Home/ac277f5964a34abef899fa5429ceb409.php 第 8 行.
NOTIC: [8] Undefined variable: info /var/www/html/Run/Cache/Home/ac277f5964a34abef899fa5429ceb409.php 第 299 行.
NOTIC: [8] Use of undefined constant session - assumed 'session' /var/www/html/Run/Cache/Home/ac277f5964a34abef899fa5429ceb409.php 第 334 行.
NOTIC: [8] Undefined variable: Think /var/www/html/Run/Cache/Home/ac277f5964a34abef899fa5429ceb409.php 第 334 行.
NOTIC: [8] Use of undefined constant email - assumed 'email' /var/www/html/Run/Cache/Home/ac277f5964a34abef899fa5429ceb409.php 第 334 行.
INFO: Run Behavior\ParseTemplate [ RunTime:0.009378s ]
INFO: [ view_parse ] --END-- [ RunTime:0.009423s ]
INFO: [ view_filter ] --START--
INFO: Run Behavior\WriteHtmlCache [ RunTime:0.000080s ]
INFO: [ view_filter ] --END-- [ RunTime:0.000124s ]
INFO: [ app_end ] --START--
INFO: Run Behavior\ShowPageTrace [ RunTime:0.000284s ]
INFO: [ app_end ] --END-- [ RunTime:0.000346s ]

[ 2015-07-20T23:47:47+08:00 ] 203.208.60.49 /Company/index/0-4-0-0-68?kd=
INFO: [ app_init ] --START--
INFO: Run Common\Behavior\InitHook [ RunTime:0.000743s ]
INFO: [ app_init ] --END-- [ RunTime:0.000961s ]
INFO: [ app_begin ] --START--
INFO: Run Behavior\ReadHtmlCache [ RunTime:0.000269s ]
INFO: [ app_begin ] --END-- [ RunTime:0.000322s ]
NOTIC: [2048] Declaration of Home\Controller\UserController::checkUser() should be compatible with that of Home\Controller\HomeController::checkUser() /var/www/html/App/Home/Controller/UserController.class.php 第 11 行.
NOTIC: [8] Undefined index: uid /var/www/html/App/Home/Controller/HomeController.class.php 第 30 行.
NOTIC: [8] Undefined index: status /var/www/html/App/Home/Controller/HomeController.class.php 第 31 行.
NOTIC: [8] Undefined index: type /var/www/html/App/Home/Controller/HomeController.class.php 第 32 行.
NOTIC: [8] Undefined index: nickname /var/www/html/App/Home/Controller/HomeController.class.php 第 33 行.
NOTIC: [8] Undefined index: username /var/www/html/App/Home/Controller/HomeController.class.php 第 34 行.
NOTIC: [8] Undefined index: email /var/www/html/App/Home/Controller/HomeController.class.php 第 35 行.
NOTIC: [8] Undefined index: user_status /var/www/html/App/Home/Controller/HomeController.class.php 第 36 行.
SQL: SHOW COLUMNS FROM `ez_config` [ RunTime:0.000496s ]
SQL: SELECT `type`,`name`,`value` FROM `ez_config` WHERE ( `status` = 1 )  [ RunTime:0.000215s ]
NOTIC: [2] mkdir(): No such file or directory /var/www/html/App/Home/Controller/HomeController.class.php 第 84 行.
NOTIC: [2] mkdir(): No such file or directory /var/www/html/App/Home/Controller/HomeController.class.php 第 86 行.
NOTIC: [8] Undefined index: _URL_ /var/www/html/App/Home/Controller/CompanyController.class.php 第 21 行.
SQL: SHOW COLUMNS FROM `ez_member` [ RunTime:0.001166s ]
SQL: SELECT COUNT(*) AS tp_count FROM `ez_member` WHERE ( `status` >= 0 ) AND ( `type` = 1 ) AND ( `gongsi_xingzhi` = '4' ) AND ( `hangye_id` IN ('74','162','163') ) LIMIT 1   [ RunTime:0.000377s ]
SQL: SHOW COLUMNS FROM `ez_ucenter_member` [ RunTime:0.000433s ]
SQL: SELECT um.id,um.email,m.* FROM ez_ucenter_member um left JOIN ez_member m on um.id = m.uid  WHERE ( m.status >= 0 ) AND ( m.type = 1 ) AND ( m.gongsi_xingzhi = '4' ) AND ( m.hangye_id IN ('74','162','163') ) ORDER BY m.hits desc LIMIT 0,9   [ RunTime:0.000324s ]
NOTIC: [2] Invalid argument supplied for foreach() /var/www/html/App/Home/Controller/CompanyController.class.php 第 68 行.
NOTIC: [8] Undefined index: pn /var/www/html/App/Home/Controller/CompanyController.class.php 第 81 行.
INFO: [ view_parse ] --START--
INFO: [ template_filter ] --START--
INFO: Run Behavior\ContentReplace [ RunTime:0.000114s ]
INFO: [ template_filter ] --END-- [ RunTime:0.000168s ]
NOTIC: [8] Undefined variable: page_title /var/www/html/Run/Cache/Home/a78d18acab7f8c601b431a9feffa0b34.php 第 8 行.
NOTIC: [8] Undefined index: job /var/www/html/Run/Cache/Home/a78d18acab7f8c601b431a9feffa0b34.php 第 85 行.
NOTIC: [8] Undefined index: video /var/www/html/Run/Cache/Home/a78d18acab7f8c601b431a9feffa0b34.php 第 85 行.
NOTIC: [8] Undefined index: post /var/www/html/Run/Cache/Home/a78d18acab7f8c601b431a9feffa0b34.php 第 85 行.
NOTIC: [8] Undefined index: 0 /var/www/html/App/Common/Common/function.php 第 2822 行.
NOTIC: [8] Undefined variable: myinfo /var/www/html/Run/Cache/Home/a78d18acab7f8c601b431a9feffa0b34.php 第 238 行.
NOTIC: [8] Undefined variable: show_foot /var/www/html/Run/Cache/Home/a78d18acab7f8c601b431a9feffa0b34.php 第 350 行.
NOTIC: [8] Undefined variable: info /var/www/html/Run/Cache/Home/a78d18acab7f8c601b431a9feffa0b34.php 第 463 行.
NOTIC: [8] Use of undefined constant session - assumed 'session' /var/www/html/Run/Cache/Home/a78d18acab7f8c601b431a9feffa0b34.php 第 498 行.
NOTIC: [8] Undefined variable: Think /var/www/html/Run/Cache/Home/a78d18acab7f8c601b431a9feffa0b34.php 第 498 行.
NOTIC: [8] Use of undefined constant email - assumed 'email' /var/www/html/Run/Cache/Home/a78d18acab7f8c601b431a9feffa0b34.php 第 498 行.
INFO: Run Behavior\ParseTemplate [ RunTime:0.021349s ]
INFO: [ view_parse ] --END-- [ RunTime:0.021400s ]
INFO: [ view_filter ] --START--
INFO: Run Behavior\WriteHtmlCache [ RunTime:0.000087s ]
INFO: [ view_filter ] --END-- [ RunTime:0.000131s ]
INFO: [ app_end ] --START--
INFO: Run Behavior\ShowPageTrace [ RunTime:0.000356s ]
INFO: [ app_end ] --END-- [ RunTime:0.000448s ]

[ 2015-07-20T23:49:40+08:00 ] 203.208.60.48 /Company/index/52-0-45-0-0?kd=
INFO: [ app_init ] --START--
INFO: Run Common\Behavior\InitHook [ RunTime:0.000752s ]
INFO: [ app_init ] --END-- [ RunTime:0.000954s ]
INFO: [ app_begin ] --START--
INFO: Run Behavior\ReadHtmlCache [ RunTime:0.000260s ]
INFO: [ app_begin ] --END-- [ RunTime:0.000311s ]
NOTIC: [2048] Declaration of Home\Controller\UserController::checkUser() should be compatible with that of Home\Controller\HomeController::checkUser() /var/www/html/App/Home/Controller/UserController.class.php 第 11 行.
NOTIC: [8] Undefined index: uid /var/www/html/App/Home/Controller/HomeController.class.php 第 30 行.
NOTIC: [8] Undefined index: status /var/www/html/App/Home/Controller/HomeController.class.php 第 31 行.
NOTIC: [8] Undefined index: type /var/www/html/App/Home/Controller/HomeController.class.php 第 32 行.
NOTIC: [8] Undefined index: nickname /var/www/html/App/Home/Controller/HomeController.class.php 第 33 行.
NOTIC: [8] Undefined index: username /var/www/html/App/Home/Controller/HomeController.class.php 第 34 行.
NOTIC: [8] Undefined index: email /var/www/html/App/Home/Controller/HomeController.class.php 第 35 行.
NOTIC: [8] Undefined index: user_status /var/www/html/App/Home/Controller/HomeController.class.php 第 36 行.
SQL: SHOW COLUMNS FROM `ez_config` [ RunTime:0.000478s ]
SQL: SELECT `type`,`name`,`value` FROM `ez_config` WHERE ( `status` = 1 )  [ RunTime:0.000237s ]
NOTIC: [2] mkdir(): No such file or directory /var/www/html/App/Home/Controller/HomeController.class.php 第 84 行.
NOTIC: [2] mkdir(): No such file or directory /var/www/html/App/Home/Controller/HomeController.class.php 第 86 行.
NOTIC: [8] Undefined index: _URL_ /var/www/html/App/Home/Controller/CompanyController.class.php 第 21 行.
SQL: SHOW COLUMNS FROM `ez_member` [ RunTime:0.001189s ]
NOTIC: [8] Undefined index: 45 /var/www/html/App/Common/Common/function.php 第 1331 行.
SQL: SELECT COUNT(*) AS tp_count FROM `ez_member` WHERE ( `status` >= 0 ) AND ( `type` = 1 ) AND ( `company_city` = '北京' ) AND ( `hangye_id` IN ('45') ) LIMIT 1   [ RunTime:0.000250s ]
SQL: SHOW COLUMNS FROM `ez_ucenter_member` [ RunTime:0.000382s ]
SQL: SELECT um.id,um.email,m.* FROM ez_ucenter_member um left JOIN ez_member m on um.id = m.uid  WHERE ( m.status >= 0 ) AND ( m.type = 1 ) AND ( m.company_city = '北京' ) AND ( m.hangye_id IN ('45') ) ORDER BY m.hits desc LIMIT 0,9   [ RunTime:0.000321s ]
NOTIC: [2] Invalid argument supplied for foreach() /var/www/html/App/Home/Controller/CompanyController.class.php 第 68 行.
NOTIC: [8] Undefined index: pn /var/www/html/App/Home/Controller/CompanyController.class.php 第 81 行.
INFO: [ view_parse ] --START--
INFO: [ template_filter ] --START--
INFO: Run Behavior\ContentReplace [ RunTime:0.000116s ]
INFO: [ template_filter ] --END-- [ RunTime:0.000171s ]
NOTIC: [8] Undefined variable: page_title /var/www/html/Run/Cache/Home/a78d18acab7f8c601b431a9feffa0b34.php 第 8 行.
NOTIC: [8] Undefined index: job /var/www/html/Run/Cache/Home/a78d18acab7f8c601b431a9feffa0b34.php 第 85 行.
NOTIC: [8] Undefined index: video /var/www/html/Run/Cache/Home/a78d18acab7f8c601b431a9feffa0b34.php 第 85 行.
NOTIC: [8] Undefined index: post /var/www/html/Run/Cache/Home/a78d18acab7f8c601b431a9feffa0b34.php 第 85 行.
NOTIC: [8] Undefined offset: 0 /var/www/html/App/Common/Common/function.php 第 2816 行.
NOTIC: [8] Undefined offset: 0 /var/www/html/App/Common/Common/function.php 第 2817 行.
NOTIC: [8] Undefined index: 0 /var/www/html/App/Common/Common/function.php 第 2808 行.
NOTIC: [8] Undefined variable: myinfo /var/www/html/Run/Cache/Home/a78d18acab7f8c601b431a9feffa0b34.php 第 238 行.
NOTIC: [8] Undefined variable: show_foot /var/www/html/Run/Cache/Home/a78d18acab7f8c601b431a9feffa0b34.php 第 350 行.
NOTIC: [8] Undefined variable: info /var/www/html/Run/Cache/Home/a78d18acab7f8c601b431a9feffa0b34.php 第 463 行.
NOTIC: [8] Use of undefined constant session - assumed 'session' /var/www/html/Run/Cache/Home/a78d18acab7f8c601b431a9feffa0b34.php 第 498 行.
NOTIC: [8] Undefined variable: Think /var/www/html/Run/Cache/Home/a78d18acab7f8c601b431a9feffa0b34.php 第 498 行.
NOTIC: [8] Use of undefined constant email - assumed 'email' /var/www/html/Run/Cache/Home/a78d18acab7f8c601b431a9feffa0b34.php 第 498 行.
INFO: Run Behavior\ParseTemplate [ RunTime:0.021445s ]
INFO: [ view_parse ] --END-- [ RunTime:0.021495s ]
INFO: [ view_filter ] --START--
INFO: Run Behavior\WriteHtmlCache [ RunTime:0.000083s ]
INFO: [ view_filter ] --END-- [ RunTime:0.000127s ]
INFO: [ app_end ] --START--
INFO: Run Behavior\ShowPageTrace [ RunTime:0.000392s ]
INFO: [ app_end ] --END-- [ RunTime:0.000497s ]

[ 2015-07-20T23:49:52+08:00 ] 203.208.60.43 /Company/index/0-2-65-1?kd=
INFO: [ app_init ] --START--
INFO: Run Common\Behavior\InitHook [ RunTime:0.000754s ]
INFO: [ app_init ] --END-- [ RunTime:0.000952s ]
INFO: [ app_begin ] --START--
INFO: Run Behavior\ReadHtmlCache [ RunTime:0.000250s ]
INFO: [ app_begin ] --END-- [ RunTime:0.000311s ]
NOTIC: [2048] Declaration of Home\Controller\UserController::checkUser() should be compatible with that of Home\Controller\HomeController::checkUser() /var/www/html/App/Home/Controller/UserController.class.php 第 11 行.
NOTIC: [8] Undefined index: uid /var/www/html/App/Home/Controller/HomeController.class.php 第 30 行.
NOTIC: [8] Undefined index: status /var/www/html/App/Home/Controller/HomeController.class.php 第 31 行.
NOTIC: [8] Undefined index: type /var/www/html/App/Home/Controller/HomeController.class.php 第 32 行.
NOTIC: [8] Undefined index: nickname /var/www/html/App/Home/Controller/HomeController.class.php 第 33 行.
NOTIC: [8] Undefined index: username /var/www/html/App/Home/Controller/HomeController.class.php 第 34 行.
NOTIC: [8] Undefined index: email /var/www/html/App/Home/Controller/HomeController.class.php 第 35 行.
NOTIC: [8] Undefined index: user_status /var/www/html/App/Home/Controller/HomeController.class.php 第 36 行.
SQL: SHOW COLUMNS FROM `ez_config` [ RunTime:0.000458s ]
SQL: SELECT `type`,`name`,`value` FROM `ez_config` WHERE ( `status` = 1 )  [ RunTime:0.000236s ]
NOTIC: [2] mkdir(): No such file or directory /var/www/html/App/Home/Controller/HomeController.class.php 第 84 行.
NOTIC: [2] mkdir(): No such file or directory /var/www/html/App/Home/Controller/HomeController.class.php 第 86 行.
NOTIC: [8] Undefined index: _URL_ /var/www/html/App/Home/Controller/CompanyController.class.php 第 21 行.
NOTIC: [8] Undefined offset: 4 /var/www/html/App/Home/Controller/CompanyController.class.php 第 39 行.
SQL: SHOW COLUMNS FROM `ez_member` [ RunTime:0.001170s ]
NOTIC: [8] Undefined index: 65 /var/www/html/App/Common/Common/function.php 第 1331 行.
SQL: SELECT COUNT(*) AS tp_count FROM `ez_member` WHERE ( `status` >= 0 ) AND ( `type` = 1 ) AND ( `gongsi_xingzhi` = '2' ) AND ( `hangye_id` IN ('65') ) LIMIT 1   [ RunTime:0.000361s ]
SQL: SHOW COLUMNS FROM `ez_ucenter_member` [ RunTime:0.000345s ]
SQL: SELECT um.id,um.email,m.* FROM ez_ucenter_member um left JOIN ez_member m on um.id = m.uid  WHERE ( m.status >= 0 ) AND ( m.type = 1 ) AND ( m.gongsi_xingzhi = '2' ) AND ( m.hangye_id IN ('65') ) ORDER BY m.update_time desc LIMIT 0,9   [ RunTime:0.000354s ]
NOTIC: [2] Invalid argument supplied for foreach() /var/www/html/App/Home/Controller/CompanyController.class.php 第 68 行.
NOTIC: [8] Undefined index: pn /var/www/html/App/Home/Controller/CompanyController.class.php 第 81 行.
INFO: [ view_parse ] --START--
INFO: [ template_filter ] --START--
INFO: Run Behavior\ContentReplace [ RunTime:0.000126s ]
INFO: [ template_filter ] --END-- [ RunTime:0.000180s ]
NOTIC: [8] Undefined variable: page_title /var/www/html/Run/Cache/Home/a78d18acab7f8c601b431a9feffa0b34.php 第 8 行.
NOTIC: [8] Undefined index: job /var/www/html/Run/Cache/Home/a78d18acab7f8c601b431a9feffa0b34.php 第 85 行.
NOTIC: [8] Undefined index: video /var/www/html/Run/Cache/Home/a78d18acab7f8c601b431a9feffa0b34.php 第 85 行.
NOTIC: [8] Undefined index: post /var/www/html/Run/Cache/Home/a78d18acab7f8c601b431a9feffa0b34.php 第 85 行.
NOTIC: [8] Undefined offset: 0 /var/www/html/App/Common/Common/function.php 第 2816 行.
NOTIC: [8] Undefined offset: 0 /var/www/html/App/Common/Common/function.php 第 2817 行.
NOTIC: [8] Undefined variable: myinfo /var/www/html/Run/Cache/Home/a78d18acab7f8c601b431a9feffa0b34.php 第 238 行.
NOTIC: [8] Undefined variable: show_foot /var/www/html/Run/Cache/Home/a78d18acab7f8c601b431a9feffa0b34.php 第 350 行.
NOTIC: [8] Undefined variable: info /var/www/html/Run/Cache/Home/a78d18acab7f8c601b431a9feffa0b34.php 第 463 行.
NOTIC: [8] Use of undefined constant session - assumed 'session' /var/www/html/Run/Cache/Home/a78d18acab7f8c601b431a9feffa0b34.php 第 498 行.
NOTIC: [8] Undefined variable: Think /var/www/html/Run/Cache/Home/a78d18acab7f8c601b431a9feffa0b34.php 第 498 行.
NOTIC: [8] Use of undefined constant email - assumed 'email' /var/www/html/Run/Cache/Home/a78d18acab7f8c601b431a9feffa0b34.php 第 498 行.
INFO: Run Behavior\ParseTemplate [ RunTime:0.021271s ]
INFO: [ view_parse ] --END-- [ RunTime:0.021330s ]
INFO: [ view_filter ] --START--
INFO: Run Behavior\WriteHtmlCache [ RunTime:0.000082s ]
INFO: [ view_filter ] --END-- [ RunTime:0.000131s ]
INFO: [ app_end ] --START--
INFO: Run Behavior\ShowPageTrace [ RunTime:0.000396s ]
INFO: [ app_end ] --END-- [ RunTime:0.000490s ]

[ 2015-07-20T23:50:12+08:00 ] 123.125.71.33 /Video/?hy=195&xz=4&px=0
INFO: [ app_init ] --START--
INFO: Run Common\Behavior\InitHook [ RunTime:0.000733s ]
INFO: [ app_init ] --END-- [ RunTime:0.000961s ]
INFO: [ app_begin ] --START--
INFO: Run Behavior\ReadHtmlCache [ RunTime:0.000243s ]
INFO: [ app_begin ] --END-- [ RunTime:0.000294s ]
NOTIC: [2048] Declaration of Home\Controller\UserController::checkUser() should be compatible with that of Home\Controller\HomeController::checkUser() /var/www/html/App/Home/Controller/UserController.class.php 第 11 行.
NOTIC: [8] Undefined index: uid /var/www/html/App/Home/Controller/HomeController.class.php 第 30 行.
NOTIC: [8] Undefined index: status /var/www/html/App/Home/Controller/HomeController.class.php 第 31 行.
NOTIC: [8] Undefined index: type /var/www/html/App/Home/Controller/HomeController.class.php 第 32 行.
NOTIC: [8] Undefined index: nickname /var/www/html/App/Home/Controller/HomeController.class.php 第 33 行.
NOTIC: [8] Undefined index: username /var/www/html/App/Home/Controller/HomeController.class.php 第 34 行.
NOTIC: [8] Undefined index: email /var/www/html/App/Home/Controller/HomeController.class.php 第 35 行.
NOTIC: [8] Undefined index: user_status /var/www/html/App/Home/Controller/HomeController.class.php 第 36 行.
SQL: SHOW COLUMNS FROM `ez_config` [ RunTime:0.000464s ]
SQL: SELECT `type`,`name`,`value` FROM `ez_config` WHERE ( `status` = 1 )  [ RunTime:0.000229s ]
NOTIC: [2] mkdir(): No such file or directory /var/www/html/App/Home/Controller/HomeController.class.php 第 84 行.
NOTIC: [2] mkdir(): No such file or directory /var/www/html/App/Home/Controller/HomeController.class.php 第 86 行.
NOTIC: [8] Undefined index: _URL_ /var/www/html/App/Home/Controller/VideoController.class.php 第 16 行.
NOTIC: [8] Undefined index: kd /var/www/html/App/Home/Controller/VideoController.class.php 第 24 行.
SQL: SHOW COLUMNS FROM `ez_jobs` [ RunTime:0.000564s ]
SQL: SHOW COLUMNS FROM `ez_video` [ RunTime:0.000457s ]
SQL: SHOW COLUMNS FROM `ez_video` [ RunTime:0.000458s ]
SQL: SELECT COUNT(*) AS tp_count FROM ez_video v INNER JOIN ez_member m on v.uid = m.uid  WHERE ( v.type = 1 ) AND ( m.hangye_id = 195 ) AND ( m.gongsi_xingzhi = 4 ) LIMIT 1   [ RunTime:0.000290s ]
NOTIC: [8] Undefined index: only_get_count /var/www/html/App/Home/Controller/HomeController.class.php 第 975 行.
SQL: SHOW COLUMNS FROM `ez_video` [ RunTime:0.000383s ]
SQL: SELECT v.*,m.company_name FROM ez_video v INNER JOIN ez_member m on v.uid = m.uid  WHERE ( v.type = 1 ) AND ( m.hangye_id = 195 ) AND ( m.gongsi_xingzhi = 4 ) ORDER BY v.hits desc LIMIT 0,6   [ RunTime:0.000249s ]
INFO: [ view_parse ] --START--
INFO: [ template_filter ] --START--
INFO: Run Behavior\ContentReplace [ RunTime:0.000101s ]
INFO: [ template_filter ] --END-- [ RunTime:0.000152s ]
NOTIC: [8] Undefined variable: page_title /var/www/html/Run/Cache/Home/9a215c25bbb73037b0798cb9aab857fc.php 第 8 行.
NOTIC: [8] Undefined index: job /var/www/html/Run/Cache/Home/9a215c25bbb73037b0798cb9aab857fc.php 第 85 行.
NOTIC: [8] Undefined index: company /var/www/html/Run/Cache/Home/9a215c25bbb73037b0798cb9aab857fc.php 第 85 行.
NOTIC: [8] Undefined index: post /var/www/html/Run/Cache/Home/9a215c25bbb73037b0798cb9aab857fc.php 第 85 行.
NOTIC: [8] Undefined index: gs /var/www/html/Run/Cache/Home/9a215c25bbb73037b0798cb9aab857fc.php 第 107 行.
SQL: SHOW COLUMNS FROM `ez_adv` [ RunTime:0.000351s ]
SQL: SELECT * FROM `ez_adv` WHERE ( `cid` = 2 ) ORDER BY sn asc LIMIT 0,5   [ RunTime:0.000124s ]
NOTIC: [8] Undefined offset: 195 /var/www/html/Run/Cache/Home/9a215c25bbb73037b0798cb9aab857fc.php 第 167 行.
NOTIC: [8] Undefined variable: show_foot /var/www/html/Run/Cache/Home/9a215c25bbb73037b0798cb9aab857fc.php 第 327 行.
NOTIC: [8] Undefined variable: info /var/www/html/Run/Cache/Home/9a215c25bbb73037b0798cb9aab857fc.php 第 440 行.
NOTIC: [8] Use of undefined constant session - assumed 'session' /var/www/html/Run/Cache/Home/9a215c25bbb73037b0798cb9aab857fc.php 第 475 行.
NOTIC: [8] Undefined variable: Think /var/www/html/Run/Cache/Home/9a215c25bbb73037b0798cb9aab857fc.php 第 475 行.
NOTIC: [8] Use of undefined constant email - assumed 'email' /var/www/html/Run/Cache/Home/9a215c25bbb73037b0798cb9aab857fc.php 第 475 行.
INFO: Run Behavior\ParseTemplate [ RunTime:0.016888s ]
INFO: [ view_parse ] --END-- [ RunTime:0.016936s ]
INFO: [ view_filter ] --START--
INFO: Run Behavior\WriteHtmlCache [ RunTime:0.000087s ]
INFO: [ view_filter ] --END-- [ RunTime:0.000142s ]
INFO: [ app_end ] --START--
INFO: Run Behavior\ShowPageTrace [ RunTime:0.000457s ]
INFO: [ app_end ] --END-- [ RunTime:0.000565s ]

[ 2015-07-20T23:52:00+08:00 ] 119.123.197.0 /Jobs/info/id/75.html?source=company
INFO: [ app_init ] --START--
INFO: Run Common\Behavior\InitHook [ RunTime:0.000760s ]
INFO: [ app_init ] --END-- [ RunTime:0.001015s ]
INFO: [ app_begin ] --START--
INFO: Run Behavior\ReadHtmlCache [ RunTime:0.000247s ]
INFO: [ app_begin ] --END-- [ RunTime:0.000299s ]
NOTIC: [2048] Declaration of Home\Controller\UserController::checkUser() should be compatible with that of Home\Controller\HomeController::checkUser() /var/www/html/App/Home/Controller/UserController.class.php 第 11 行.
NOTIC: [8] Undefined index: uid /var/www/html/App/Home/Controller/HomeController.class.php 第 30 行.
NOTIC: [8] Undefined index: status /var/www/html/App/Home/Controller/HomeController.class.php 第 31 行.
NOTIC: [8] Undefined index: type /var/www/html/App/Home/Controller/HomeController.class.php 第 32 行.
NOTIC: [8] Undefined index: nickname /var/www/html/App/Home/Controller/HomeController.class.php 第 33 行.
NOTIC: [8] Undefined index: username /var/www/html/App/Home/Controller/HomeController.class.php 第 34 行.
NOTIC: [8] Undefined index: email /var/www/html/App/Home/Controller/HomeController.class.php 第 35 行.
NOTIC: [8] Undefined index: user_status /var/www/html/App/Home/Controller/HomeController.class.php 第 36 行.
SQL: SHOW COLUMNS FROM `ez_config` [ RunTime:0.000545s ]
SQL: SELECT `type`,`name`,`value` FROM `ez_config` WHERE ( `status` = 1 )  [ RunTime:0.000291s ]
NOTIC: [2] mkdir(): No such file or directory /var/www/html/App/Home/Controller/HomeController.class.php 第 84 行.
NOTIC: [2] mkdir(): No such file or directory /var/www/html/App/Home/Controller/HomeController.class.php 第 86 行.
SQL: SHOW COLUMNS FROM `ez_jobs` [ RunTime:0.000524s ]
SQL: SHOW COLUMNS FROM `ez_jobs` [ RunTime:0.000552s ]
SQL: SELECT j.*,j.addtime as job_addtime,m.*,um.email,um.mobile FROM ez_jobs j left JOIN ez_ucenter_member um on j.uid = um.id left JOIN ez_member m on um.id = m.uid  WHERE ( j.jid = 75 ) LIMIT 1   [ RunTime:0.000473s ]
NOTIC: [8] Undefined index: only_get_count /var/www/html/App/Home/Controller/HomeController.class.php 第 945 行.
SQL: SHOW COLUMNS FROM `ez_jobs` [ RunTime:0.000463s ]
SQL: SELECT j.*,j.addtime as job_addtime,m.*,um.email FROM ez_jobs j left JOIN ez_ucenter_member um on j.uid = um.id left JOIN ez_member m on m.uid = j.uid  WHERE ( j.status = 1 ) AND ( j.jid <> '75' ) AND ( j.zhiwei_mingcheng = '全能实习生' ) ORDER BY j.addtime desc LIMIT 0,5   [ RunTime:0.000376s ]
SQL: UPDATE `ez_jobs` SET `hits`=hits+1 WHERE ( `jid` = 75 ) [ RunTime:0.014094s ]
SQL: SHOW COLUMNS FROM `ez_collection` [ RunTime:0.000348s ]
SQL: SELECT * FROM `ez_collection` WHERE ( `uid` = null ) AND ( `toid` = 75 ) AND ( `type` = 1 ) LIMIT 1   [ RunTime:0.000160s ]
SQL: SHOW COLUMNS FROM `ez_report` [ RunTime:0.000334s ]
SQL: SELECT * FROM `ez_report` WHERE ( `uid` = null ) AND ( `toid` = 75 ) AND ( `type` = 1 ) LIMIT 1   [ RunTime:0.000197s ]
SQL: SHOW COLUMNS FROM `ez_jobs_apply` [ RunTime:0.000396s ]
SQL: SELECT * FROM `ez_jobs_apply` WHERE ( `uid` = null ) AND ( `jid` = 75 ) LIMIT 1   [ RunTime:0.000158s ]
INFO: [ view_parse ] --START--
INFO: [ template_filter ] --START--
INFO: Run Behavior\ContentReplace [ RunTime:0.000171s ]
INFO: [ template_filter ] --END-- [ RunTime:0.000236s ]
NOTIC: [8] Undefined variable: page_title /var/www/html/Run/Cache/Home/88bc69c1f09279d0faaa4466ade25411.php 第 8 行.
NOTIC: [8] Undefined index: company /var/www/html/Run/Cache/Home/88bc69c1f09279d0faaa4466ade25411.php 第 85 行.
NOTIC: [8] Undefined index: video /var/www/html/Run/Cache/Home/88bc69c1f09279d0faaa4466ade25411.php 第 85 行.
NOTIC: [8] Undefined index: post /var/www/html/Run/Cache/Home/88bc69c1f09279d0faaa4466ade25411.php 第 85 行.
NOTIC: [8] Undefined variable: show_foot /var/www/html/Run/Cache/Home/88bc69c1f09279d0faaa4466ade25411.php 第 665 行.
NOTIC: [8] Use of undefined constant session - assumed 'session' /var/www/html/Run/Cache/Home/88bc69c1f09279d0faaa4466ade25411.php 第 813 行.
NOTIC: [8] Undefined variable: Think /var/www/html/Run/Cache/Home/88bc69c1f09279d0faaa4466ade25411.php 第 813 行.
NOTIC: [8] Use of undefined constant email - assumed 'email' /var/www/html/Run/Cache/Home/88bc69c1f09279d0faaa4466ade25411.php 第 813 行.
INFO: Run Behavior\ParseTemplate [ RunTime:0.020462s ]
INFO: [ view_parse ] --END-- [ RunTime:0.020511s ]
INFO: [ view_filter ] --START--
INFO: Run Behavior\WriteHtmlCache [ RunTime:0.000107s ]
INFO: [ view_filter ] --END-- [ RunTime:0.000153s ]
INFO: [ app_end ] --START--
INFO: Run Behavior\ShowPageTrace [ RunTime:0.000409s ]
INFO: [ app_end ] --END-- [ RunTime:0.000522s ]

[ 2015-07-20T23:52:59+08:00 ] 203.208.60.61 /Company/index/0-0-173-1-0?kd=
INFO: [ app_init ] --START--
INFO: Run Common\Behavior\InitHook [ RunTime:0.001181s ]
INFO: [ app_init ] --END-- [ RunTime:0.001521s ]
INFO: [ app_begin ] --START--
INFO: Run Behavior\ReadHtmlCache [ RunTime:0.000437s ]
INFO: [ app_begin ] --END-- [ RunTime:0.000519s ]
NOTIC: [2048] Declaration of Home\Controller\UserController::checkUser() should be compatible with that of Home\Controller\HomeController::checkUser() /var/www/html/App/Home/Controller/UserController.class.php 第 11 行.
NOTIC: [8] Undefined index: uid /var/www/html/App/Home/Controller/HomeController.class.php 第 30 行.
NOTIC: [8] Undefined index: status /var/www/html/App/Home/Controller/HomeController.class.php 第 31 行.
NOTIC: [8] Undefined index: type /var/www/html/App/Home/Controller/HomeController.class.php 第 32 行.
NOTIC: [8] Undefined index: nickname /var/www/html/App/Home/Controller/HomeController.class.php 第 33 行.
NOTIC: [8] Undefined index: username /var/www/html/App/Home/Controller/HomeController.class.php 第 34 行.
NOTIC: [8] Undefined index: email /var/www/html/App/Home/Controller/HomeController.class.php 第 35 行.
NOTIC: [8] Undefined index: user_status /var/www/html/App/Home/Controller/HomeController.class.php 第 36 行.
SQL: SHOW COLUMNS FROM `ez_config` [ RunTime:0.000713s ]
SQL: SELECT `type`,`name`,`value` FROM `ez_config` WHERE ( `status` = 1 )  [ RunTime:0.000305s ]
NOTIC: [2] mkdir(): No such file or directory /var/www/html/App/Home/Controller/HomeController.class.php 第 84 行.
NOTIC: [2] mkdir(): No such file or directory /var/www/html/App/Home/Controller/HomeController.class.php 第 86 行.
NOTIC: [8] Undefined index: _URL_ /var/www/html/App/Home/Controller/CompanyController.class.php 第 21 行.
SQL: SHOW COLUMNS FROM `ez_member` [ RunTime:0.002016s ]
NOTIC: [8] Undefined index: 173 /var/www/html/App/Common/Common/function.php 第 1331 行.
SQL: SELECT COUNT(*) AS tp_count FROM `ez_member` WHERE ( `status` >= 0 ) AND ( `type` = 1 ) AND ( `hangye_id` IN ('173') ) LIMIT 1   [ RunTime:0.000346s ]
SQL: SHOW COLUMNS FROM `ez_ucenter_member` [ RunTime:0.000536s ]
SQL: SELECT um.id,um.email,m.* FROM ez_ucenter_member um left JOIN ez_member m on um.id = m.uid  WHERE ( m.status >= 0 ) AND ( m.type = 1 ) AND ( m.hangye_id IN ('173') ) ORDER BY m.update_time desc LIMIT 0,9   [ RunTime:0.000466s ]
NOTIC: [2] Invalid argument supplied for foreach() /var/www/html/App/Home/Controller/CompanyController.class.php 第 68 行.
NOTIC: [8] Undefined index: pn /var/www/html/App/Home/Controller/CompanyController.class.php 第 81 行.
INFO: [ view_parse ] --START--
INFO: [ template_filter ] --START--
INFO: Run Behavior\ContentReplace [ RunTime:0.000177s ]
INFO: [ template_filter ] --END-- [ RunTime:0.000277s ]
NOTIC: [8] Undefined variable: page_title /var/www/html/Run/Cache/Home/a78d18acab7f8c601b431a9feffa0b34.php 第 8 行.
NOTIC: [8] Undefined index: job /var/www/html/Run/Cache/Home/a78d18acab7f8c601b431a9feffa0b34.php 第 85 行.
NOTIC: [8] Undefined index: video /var/www/html/Run/Cache/Home/a78d18acab7f8c601b431a9feffa0b34.php 第 85 行.
NOTIC: [8] Undefined index: post /var/www/html/Run/Cache/Home/a78d18acab7f8c601b431a9feffa0b34.php 第 85 行.
NOTIC: [8] Undefined offset: 0 /var/www/html/App/Common/Common/function.php 第 2816 行.
NOTIC: [8] Undefined offset: 0 /var/www/html/App/Common/Common/function.php 第 2817 行.
NOTIC: [8] Undefined index: 0 /var/www/html/App/Common/Common/function.php 第 2808 行.
NOTIC: [8] Undefined variable: myinfo /var/www/html/Run/Cache/Home/a78d18acab7f8c601b431a9feffa0b34.php 第 238 行.
NOTIC: [8] Undefined variable: show_foot /var/www/html/Run/Cache/Home/a78d18acab7f8c601b431a9feffa0b34.php 第 350 行.
NOTIC: [8] Undefined variable: info /var/www/html/Run/Cache/Home/a78d18acab7f8c601b431a9feffa0b34.php 第 463 行.
NOTIC: [8] Use of undefined constant session - assumed 'session' /var/www/html/Run/Cache/Home/a78d18acab7f8c601b431a9feffa0b34.php 第 498 行.
NOTIC: [8] Undefined variable: Think /var/www/html/Run/Cache/Home/a78d18acab7f8c601b431a9feffa0b34.php 第 498 行.
NOTIC: [8] Use of undefined constant email - assumed 'email' /var/www/html/Run/Cache/Home/a78d18acab7f8c601b431a9feffa0b34.php 第 498 行.
INFO: Run Behavior\ParseTemplate [ RunTime:0.035266s ]
INFO: [ view_parse ] --END-- [ RunTime:0.035349s ]
INFO: [ view_filter ] --START--
INFO: Run Behavior\WriteHtmlCache [ RunTime:0.000123s ]
INFO: [ view_filter ] --END-- [ RunTime:0.000196s ]
INFO: [ app_end ] --START--
INFO: Run Behavior\ShowPageTrace [ RunTime:0.000592s ]
INFO: [ app_end ] --END-- [ RunTime:0.000759s ]

[ 2015-07-20T23:54:13+08:00 ] 203.208.60.130 /robots.txt
INFO: [ app_init ] --START--
INFO: Run Common\Behavior\InitHook [ RunTime:0.000833s ]
INFO: [ app_init ] --END-- [ RunTime:0.001041s ]
INFO: [ app_begin ] --START--
INFO: Run Behavior\ReadHtmlCache [ RunTime:0.000245s ]
INFO: [ app_begin ] --END-- [ RunTime:0.000302s ]
NOTIC: [8] Undefined index: uid /var/www/html/App/Home/Controller/HomeController.class.php 第 30 行.
NOTIC: [8] Undefined index: status /var/www/html/App/Home/Controller/HomeController.class.php 第 31 行.
NOTIC: [8] Undefined index: type /var/www/html/App/Home/Controller/HomeController.class.php 第 32 行.
NOTIC: [8] Undefined index: nickname /var/www/html/App/Home/Controller/HomeController.class.php 第 33 行.
NOTIC: [8] Undefined index: username /var/www/html/App/Home/Controller/HomeController.class.php 第 34 行.
NOTIC: [8] Undefined index: email /var/www/html/App/Home/Controller/HomeController.class.php 第 35 行.
NOTIC: [8] Undefined index: user_status /var/www/html/App/Home/Controller/HomeController.class.php 第 36 行.
SQL: SHOW COLUMNS FROM `ez_config` [ RunTime:0.000479s ]
SQL: SELECT `type`,`name`,`value` FROM `ez_config` WHERE ( `status` = 1 )  [ RunTime:0.000239s ]
NOTIC: [2] mkdir(): No such file or directory /var/www/html/App/Home/Controller/HomeController.class.php 第 84 行.
NOTIC: [2] mkdir(): No such file or directory /var/www/html/App/Home/Controller/HomeController.class.php 第 86 行.
INFO: [ view_parse ] --START--
INFO: [ template_filter ] --START--
INFO: Run Behavior\ContentReplace [ RunTime:0.000035s ]
INFO: [ template_filter ] --END-- [ RunTime:0.000085s ]
INFO: Run Behavior\ParseTemplate [ RunTime:0.004727s ]
INFO: [ view_parse ] --END-- [ RunTime:0.004776s ]
INFO: [ view_filter ] --START--
INFO: Run Behavior\WriteHtmlCache [ RunTime:0.000079s ]
INFO: [ view_filter ] --END-- [ RunTime:0.000121s ]

[ 2015-07-20T23:54:13+08:00 ] 203.208.60.139 /Jobs/info/id/69
INFO: [ app_init ] --START--
INFO: Run Common\Behavior\InitHook [ RunTime:0.000753s ]
INFO: [ app_init ] --END-- [ RunTime:0.000953s ]
INFO: [ app_begin ] --START--
INFO: Run Behavior\ReadHtmlCache [ RunTime:0.000266s ]
INFO: [ app_begin ] --END-- [ RunTime:0.000317s ]
NOTIC: [2048] Declaration of Home\Controller\UserController::checkUser() should be compatible with that of Home\Controller\HomeController::checkUser() /var/www/html/App/Home/Controller/UserController.class.php 第 11 行.
NOTIC: [8] Undefined index: uid /var/www/html/App/Home/Controller/HomeController.class.php 第 30 行.
NOTIC: [8] Undefined index: status /var/www/html/App/Home/Controller/HomeController.class.php 第 31 行.
NOTIC: [8] Undefined index: type /var/www/html/App/Home/Controller/HomeController.class.php 第 32 行.
NOTIC: [8] Undefined index: nickname /var/www/html/App/Home/Controller/HomeController.class.php 第 33 行.
NOTIC: [8] Undefined index: username /var/www/html/App/Home/Controller/HomeController.class.php 第 34 行.
NOTIC: [8] Undefined index: email /var/www/html/App/Home/Controller/HomeController.class.php 第 35 行.
NOTIC: [8] Undefined index: user_status /var/www/html/App/Home/Controller/HomeController.class.php 第 36 行.
SQL: SHOW COLUMNS FROM `ez_config` [ RunTime:0.000444s ]
SQL: SELECT `type`,`name`,`value` FROM `ez_config` WHERE ( `status` = 1 )  [ RunTime:0.000238s ]
NOTIC: [2] mkdir(): No such file or directory /var/www/html/App/Home/Controller/HomeController.class.php 第 84 行.
NOTIC: [2] mkdir(): No such file or directory /var/www/html/App/Home/Controller/HomeController.class.php 第 86 行.
SQL: SHOW COLUMNS FROM `ez_jobs` [ RunTime:0.000563s ]
SQL: SHOW COLUMNS FROM `ez_jobs` [ RunTime:0.000577s ]
SQL: SELECT j.*,j.addtime as job_addtime,m.*,um.email,um.mobile FROM ez_jobs j left JOIN ez_ucenter_member um on j.uid = um.id left JOIN ez_member m on um.id = m.uid  WHERE ( j.jid = 69 ) LIMIT 1   [ RunTime:0.000431s ]
NOTIC: [8] Undefined index: only_get_count /var/www/html/App/Home/Controller/HomeController.class.php 第 945 行.
SQL: SHOW COLUMNS FROM `ez_jobs` [ RunTime:0.000493s ]
SQL: SELECT j.*,j.addtime as job_addtime,m.*,um.email FROM ez_jobs j left JOIN ez_ucenter_member um on j.uid = um.id left JOIN ez_member m on m.uid = j.uid  WHERE ( j.status = 1 ) AND ( j.jid <> '69' ) AND ( j.zhiwei_mingcheng = '产品经理' ) ORDER BY j.addtime desc LIMIT 0,5   [ RunTime:0.000488s ]
SQL: UPDATE `ez_jobs` SET `hits`=hits+1 WHERE ( `jid` = 69 ) [ RunTime:0.017457s ]
SQL: SHOW COLUMNS FROM `ez_collection` [ RunTime:0.000284s ]
SQL: SELECT * FROM `ez_collection` WHERE ( `uid` = null ) AND ( `toid` = 69 ) AND ( `type` = 1 ) LIMIT 1   [ RunTime:0.000157s ]
SQL: SHOW COLUMNS FROM `ez_report` [ RunTime:0.000313s ]
SQL: SELECT * FROM `ez_report` WHERE ( `uid` = null ) AND ( `toid` = 69 ) AND ( `type` = 1 ) LIMIT 1   [ RunTime:0.000187s ]
SQL: SHOW COLUMNS FROM `ez_jobs_apply` [ RunTime:0.000375s ]
SQL: SELECT * FROM `ez_jobs_apply` WHERE ( `uid` = null ) AND ( `jid` = 69 ) LIMIT 1   [ RunTime:0.000174s ]
INFO: [ view_parse ] --START--
INFO: [ template_filter ] --START--
INFO: Run Behavior\ContentReplace [ RunTime:0.000156s ]
INFO: [ template_filter ] --END-- [ RunTime:0.000210s ]
NOTIC: [8] Undefined variable: page_title /var/www/html/Run/Cache/Home/88bc69c1f09279d0faaa4466ade25411.php 第 8 行.
NOTIC: [8] Undefined index: company /var/www/html/Run/Cache/Home/88bc69c1f09279d0faaa4466ade25411.php 第 85 行.
NOTIC: [8] Undefined index: video /var/www/html/Run/Cache/Home/88bc69c1f09279d0faaa4466ade25411.php 第 85 行.
NOTIC: [8] Undefined index: post /var/www/html/Run/Cache/Home/88bc69c1f09279d0faaa4466ade25411.php 第 85 行.
NOTIC: [8] Undefined variable: show_foot /var/www/html/Run/Cache/Home/88bc69c1f09279d0faaa4466ade25411.php 第 665 行.
NOTIC: [8] Use of undefined constant session - assumed 'session' /var/www/html/Run/Cache/Home/88bc69c1f09279d0faaa4466ade25411.php 第 813 行.
NOTIC: [8] Undefined variable: Think /var/www/html/Run/Cache/Home/88bc69c1f09279d0faaa4466ade25411.php 第 813 行.
NOTIC: [8] Use of undefined constant email - assumed 'email' /var/www/html/Run/Cache/Home/88bc69c1f09279d0faaa4466ade25411.php 第 813 行.
INFO: Run Behavior\ParseTemplate [ RunTime:0.019902s ]
INFO: [ view_parse ] --END-- [ RunTime:0.019950s ]
INFO: [ view_filter ] --START--
INFO: Run Behavior\WriteHtmlCache [ RunTime:0.000081s ]
INFO: [ view_filter ] --END-- [ RunTime:0.000125s ]
INFO: [ app_end ] --START--
INFO: Run Behavior\ShowPageTrace [ RunTime:0.000415s ]
INFO: [ app_end ] --END-- [ RunTime:0.000516s ]

[ 2015-07-20T23:56:08+08:00 ] 203.208.60.43 /Company/index/0-2-73-0-0?kd=
INFO: [ app_init ] --START--
INFO: Run Common\Behavior\InitHook [ RunTime:0.000753s ]
INFO: [ app_init ] --END-- [ RunTime:0.000952s ]
INFO: [ app_begin ] --START--
INFO: Run Behavior\ReadHtmlCache [ RunTime:0.000254s ]
INFO: [ app_begin ] --END-- [ RunTime:0.000331s ]
NOTIC: [2048] Declaration of Home\Controller\UserController::checkUser() should be compatible with that of Home\Controller\HomeController::checkUser() /var/www/html/App/Home/Controller/UserController.class.php 第 11 行.
NOTIC: [8] Undefined index: uid /var/www/html/App/Home/Controller/HomeController.class.php 第 30 行.
NOTIC: [8] Undefined index: status /var/www/html/App/Home/Controller/HomeController.class.php 第 31 行.
NOTIC: [8] Undefined index: type /var/www/html/App/Home/Controller/HomeController.class.php 第 32 行.
NOTIC: [8] Undefined index: nickname /var/www/html/App/Home/Controller/HomeController.class.php 第 33 行.
NOTIC: [8] Undefined index: username /var/www/html/App/Home/Controller/HomeController.class.php 第 34 行.
NOTIC: [8] Undefined index: email /var/www/html/App/Home/Controller/HomeController.class.php 第 35 行.
NOTIC: [8] Undefined index: user_status /var/www/html/App/Home/Controller/HomeController.class.php 第 36 行.
SQL: SHOW COLUMNS FROM `ez_config` [ RunTime:0.000481s ]
SQL: SELECT `type`,`name`,`value` FROM `ez_config` WHERE ( `status` = 1 )  [ RunTime:0.000220s ]
NOTIC: [2] mkdir(): No such file or directory /var/www/html/App/Home/Controller/HomeController.class.php 第 84 行.
NOTIC: [2] mkdir(): No such file or directory /var/www/html/App/Home/Controller/HomeController.class.php 第 86 行.
NOTIC: [8] Undefined index: _URL_ /var/www/html/App/Home/Controller/CompanyController.class.php 第 21 行.
SQL: SHOW COLUMNS FROM `ez_member` [ RunTime:0.001206s ]
NOTIC: [8] Undefined index: 73 /var/www/html/App/Common/Common/function.php 第 1331 行.
SQL: SELECT COUNT(*) AS tp_count FROM `ez_member` WHERE ( `status` >= 0 ) AND ( `type` = 1 ) AND ( `gongsi_xingzhi` = '2' ) AND ( `hangye_id` IN ('73') ) LIMIT 1   [ RunTime:0.000290s ]
SQL: SHOW COLUMNS FROM `ez_ucenter_member` [ RunTime:0.000384s ]
SQL: SELECT um.id,um.email,m.* FROM ez_ucenter_member um left JOIN ez_member m on um.id = m.uid  WHERE ( m.status >= 0 ) AND ( m.type = 1 ) AND ( m.gongsi_xingzhi = '2' ) AND ( m.hangye_id IN ('73') ) ORDER BY m.hits desc LIMIT 0,9   [ RunTime:0.000323s ]
NOTIC: [2] Invalid argument supplied for foreach() /var/www/html/App/Home/Controller/CompanyController.class.php 第 68 行.
NOTIC: [8] Undefined index: pn /var/www/html/App/Home/Controller/CompanyController.class.php 第 81 行.
INFO: [ view_parse ] --START--
INFO: [ template_filter ] --START--
INFO: Run Behavior\ContentReplace [ RunTime:0.000175s ]
INFO: [ template_filter ] --END-- [ RunTime:0.000275s ]
NOTIC: [8] Undefined variable: page_title /var/www/html/Run/Cache/Home/a78d18acab7f8c601b431a9feffa0b34.php 第 8 行.
NOTIC: [8] Undefined index: job /var/www/html/Run/Cache/Home/a78d18acab7f8c601b431a9feffa0b34.php 第 85 行.
NOTIC: [8] Undefined index: video /var/www/html/Run/Cache/Home/a78d18acab7f8c601b431a9feffa0b34.php 第 85 行.
NOTIC: [8] Undefined index: post /var/www/html/Run/Cache/Home/a78d18acab7f8c601b431a9feffa0b34.php 第 85 行.
NOTIC: [8] Undefined offset: 0 /var/www/html/App/Common/Common/function.php 第 2816 行.
NOTIC: [8] Undefined offset: 0 /var/www/html/App/Common/Common/function.php 第 2817 行.
NOTIC: [8] Undefined variable: myinfo /var/www/html/Run/Cache/Home/a78d18acab7f8c601b431a9feffa0b34.php 第 238 行.
NOTIC: [8] Undefined variable: show_foot /var/www/html/Run/Cache/Home/a78d18acab7f8c601b431a9feffa0b34.php 第 350 行.
NOTIC: [8] Undefined variable: info /var/www/html/Run/Cache/Home/a78d18acab7f8c601b431a9feffa0b34.php 第 463 行.
NOTIC: [8] Use of undefined constant session - assumed 'session' /var/www/html/Run/Cache/Home/a78d18acab7f8c601b431a9feffa0b34.php 第 498 行.
NOTIC: [8] Undefined variable: Think /var/www/html/Run/Cache/Home/a78d18acab7f8c601b431a9feffa0b34.php 第 498 行.
NOTIC: [8] Use of undefined constant email - assumed 'email' /var/www/html/Run/Cache/Home/a78d18acab7f8c601b431a9feffa0b34.php 第 498 行.
INFO: Run Behavior\ParseTemplate [ RunTime:0.022605s ]
INFO: [ view_parse ] --END-- [ RunTime:0.022661s ]
INFO: [ view_filter ] --START--
INFO: Run Behavior\WriteHtmlCache [ RunTime:0.000101s ]
INFO: [ view_filter ] --END-- [ RunTime:0.000151s ]
INFO: [ app_end ] --START--
INFO: Run Behavior\ShowPageTrace [ RunTime:0.000421s ]
INFO: [ app_end ] --END-- [ RunTime:0.000520s ]

[ 2015-07-20T23:57:05+08:00 ] 203.208.60.46 /Company/index/0-0-118-1-0?kd=
INFO: [ app_init ] --START--
INFO: Run Common\Behavior\InitHook [ RunTime:0.000759s ]
INFO: [ app_init ] --END-- [ RunTime:0.000961s ]
INFO: [ app_begin ] --START--
INFO: Run Behavior\ReadHtmlCache [ RunTime:0.000244s ]
INFO: [ app_begin ] --END-- [ RunTime:0.000296s ]
NOTIC: [2048] Declaration of Home\Controller\UserController::checkUser() should be compatible with that of Home\Controller\HomeController::checkUser() /var/www/html/App/Home/Controller/UserController.class.php 第 11 行.
NOTIC: [8] Undefined index: uid /var/www/html/App/Home/Controller/HomeController.class.php 第 30 行.
NOTIC: [8] Undefined index: status /var/www/html/App/Home/Controller/HomeController.class.php 第 31 行.
NOTIC: [8] Undefined index: type /var/www/html/App/Home/Controller/HomeController.class.php 第 32 行.
NOTIC: [8] Undefined index: nickname /var/www/html/App/Home/Controller/HomeController.class.php 第 33 行.
NOTIC: [8] Undefined index: username /var/www/html/App/Home/Controller/HomeController.class.php 第 34 行.
NOTIC: [8] Undefined index: email /var/www/html/App/Home/Controller/HomeController.class.php 第 35 行.
NOTIC: [8] Undefined index: user_status /var/www/html/App/Home/Controller/HomeController.class.php 第 36 行.
SQL: SHOW COLUMNS FROM `ez_config` [ RunTime:0.000483s ]
SQL: SELECT `type`,`name`,`value` FROM `ez_config` WHERE ( `status` = 1 )  [ RunTime:0.000215s ]
NOTIC: [2] mkdir(): No such file or directory /var/www/html/App/Home/Controller/HomeController.class.php 第 84 行.
NOTIC: [2] mkdir(): No such file or directory /var/www/html/App/Home/Controller/HomeController.class.php 第 86 行.
NOTIC: [8] Undefined index: _URL_ /var/www/html/App/Home/Controller/CompanyController.class.php 第 21 行.
SQL: SHOW COLUMNS FROM `ez_member` [ RunTime:0.001166s ]
NOTIC: [8] Undefined index: 118 /var/www/html/App/Common/Common/function.php 第 1331 行.
SQL: SELECT COUNT(*) AS tp_count FROM `ez_member` WHERE ( `status` >= 0 ) AND ( `type` = 1 ) AND ( `hangye_id` IN ('118') ) LIMIT 1   [ RunTime:0.000370s ]
SQL: SHOW COLUMNS FROM `ez_ucenter_member` [ RunTime:0.000354s ]
SQL: SELECT um.id,um.email,m.* FROM ez_ucenter_member um left JOIN ez_member m on um.id = m.uid  WHERE ( m.status >= 0 ) AND ( m.type = 1 ) AND ( m.hangye_id IN ('118') ) ORDER BY m.update_time desc LIMIT 0,9   [ RunTime:0.000336s ]
NOTIC: [2] Invalid argument supplied for foreach() /var/www/html/App/Home/Controller/CompanyController.class.php 第 68 行.
NOTIC: [8] Undefined index: pn /var/www/html/App/Home/Controller/CompanyController.class.php 第 81 行.
INFO: [ view_parse ] --START--
INFO: [ template_filter ] --START--
INFO: Run Behavior\ContentReplace [ RunTime:0.000115s ]
INFO: [ template_filter ] --END-- [ RunTime:0.000167s ]
NOTIC: [8] Undefined variable: page_title /var/www/html/Run/Cache/Home/a78d18acab7f8c601b431a9feffa0b34.php 第 8 行.
NOTIC: [8] Undefined index: job /var/www/html/Run/Cache/Home/a78d18acab7f8c601b431a9feffa0b34.php 第 85 行.
NOTIC: [8] Undefined index: video /var/www/html/Run/Cache/Home/a78d18acab7f8c601b431a9feffa0b34.php 第 85 行.
NOTIC: [8] Undefined index: post /var/www/html/Run/Cache/Home/a78d18acab7f8c601b431a9feffa0b34.php 第 85 行.
NOTIC: [8] Undefined offset: 0 /var/www/html/App/Common/Common/function.php 第 2816 行.
NOTIC: [8] Undefined offset: 0 /var/www/html/App/Common/Common/function.php 第 2817 行.
NOTIC: [8] Undefined index: 0 /var/www/html/App/Common/Common/function.php 第 2808 行.
NOTIC: [8] Undefined variable: myinfo /var/www/html/Run/Cache/Home/a78d18acab7f8c601b431a9feffa0b34.php 第 238 行.
NOTIC: [8] Undefined variable: show_foot /var/www/html/Run/Cache/Home/a78d18acab7f8c601b431a9feffa0b34.php 第 350 行.
NOTIC: [8] Undefined variable: info /var/www/html/Run/Cache/Home/a78d18acab7f8c601b431a9feffa0b34.php 第 463 行.
NOTIC: [8] Use of undefined constant session - assumed 'session' /var/www/html/Run/Cache/Home/a78d18acab7f8c601b431a9feffa0b34.php 第 498 行.
NOTIC: [8] Undefined variable: Think /var/www/html/Run/Cache/Home/a78d18acab7f8c601b431a9feffa0b34.php 第 498 行.
NOTIC: [8] Use of undefined constant email - assumed 'email' /var/www/html/Run/Cache/Home/a78d18acab7f8c601b431a9feffa0b34.php 第 498 行.
INFO: Run Behavior\ParseTemplate [ RunTime:0.021335s ]
INFO: [ view_parse ] --END-- [ RunTime:0.021384s ]
INFO: [ view_filter ] --START--
INFO: Run Behavior\WriteHtmlCache [ RunTime:0.000091s ]
INFO: [ view_filter ] --END-- [ RunTime:0.000134s ]
INFO: [ app_end ] --START--
INFO: Run Behavior\ShowPageTrace [ RunTime:0.000422s ]
INFO: [ app_end ] --END-- [ RunTime:0.000523s ]

[ 2015-07-20T23:58:02+08:00 ] 203.208.60.51 /Company/index/0-2-101-0-0?kd=
INFO: [ app_init ] --START--
INFO: Run Common\Behavior\InitHook [ RunTime:0.000761s ]
INFO: [ app_init ] --END-- [ RunTime:0.000963s ]
INFO: [ app_begin ] --START--
INFO: Run Behavior\ReadHtmlCache [ RunTime:0.000268s ]
INFO: [ app_begin ] --END-- [ RunTime:0.000319s ]
NOTIC: [2048] Declaration of Home\Controller\UserController::checkUser() should be compatible with that of Home\Controller\HomeController::checkUser() /var/www/html/App/Home/Controller/UserController.class.php 第 11 行.
NOTIC: [8] Undefined index: uid /var/www/html/App/Home/Controller/HomeController.class.php 第 30 行.
NOTIC: [8] Undefined index: status /var/www/html/App/Home/Controller/HomeController.class.php 第 31 行.
NOTIC: [8] Undefined index: type /var/www/html/App/Home/Controller/HomeController.class.php 第 32 行.
NOTIC: [8] Undefined index: nickname /var/www/html/App/Home/Controller/HomeController.class.php 第 33 行.
NOTIC: [8] Undefined index: username /var/www/html/App/Home/Controller/HomeController.class.php 第 34 行.
NOTIC: [8] Undefined index: email /var/www/html/App/Home/Controller/HomeController.class.php 第 35 行.
NOTIC: [8] Undefined index: user_status /var/www/html/App/Home/Controller/HomeController.class.php 第 36 行.
SQL: SHOW COLUMNS FROM `ez_config` [ RunTime:0.000465s ]
SQL: SELECT `type`,`name`,`value` FROM `ez_config` WHERE ( `status` = 1 )  [ RunTime:0.000228s ]
NOTIC: [2] mkdir(): No such file or directory /var/www/html/App/Home/Controller/HomeController.class.php 第 84 行.
NOTIC: [2] mkdir(): No such file or directory /var/www/html/App/Home/Controller/HomeController.class.php 第 86 行.
NOTIC: [8] Undefined index: _URL_ /var/www/html/App/Home/Controller/CompanyController.class.php 第 21 行.
SQL: SHOW COLUMNS FROM `ez_member` [ RunTime:0.001185s ]
NOTIC: [8] Undefined index: 101 /var/www/html/App/Common/Common/function.php 第 1331 行.
SQL: SELECT COUNT(*) AS tp_count FROM `ez_member` WHERE ( `status` >= 0 ) AND ( `type` = 1 ) AND ( `gongsi_xingzhi` = '2' ) AND ( `hangye_id` IN ('101') ) LIMIT 1   [ RunTime:0.000373s ]
SQL: SHOW COLUMNS FROM `ez_ucenter_member` [ RunTime:0.000350s ]
SQL: SELECT um.id,um.email,m.* FROM ez_ucenter_member um left JOIN ez_member m on um.id = m.uid  WHERE ( m.status >= 0 ) AND ( m.type = 1 ) AND ( m.gongsi_xingzhi = '2' ) AND ( m.hangye_id IN ('101') ) ORDER BY m.hits desc LIMIT 0,9   [ RunTime:0.000346s ]
NOTIC: [2] Invalid argument supplied for foreach() /var/www/html/App/Home/Controller/CompanyController.class.php 第 68 行.
NOTIC: [8] Undefined index: pn /var/www/html/App/Home/Controller/CompanyController.class.php 第 81 行.
INFO: [ view_parse ] --START--
INFO: [ template_filter ] --START--
INFO: Run Behavior\ContentReplace [ RunTime:0.000137s ]
INFO: [ template_filter ] --END-- [ RunTime:0.000196s ]
NOTIC: [8] Undefined variable: page_title /var/www/html/Run/Cache/Home/a78d18acab7f8c601b431a9feffa0b34.php 第 8 行.
NOTIC: [8] Undefined index: job /var/www/html/Run/Cache/Home/a78d18acab7f8c601b431a9feffa0b34.php 第 85 行.
NOTIC: [8] Undefined index: video /var/www/html/Run/Cache/Home/a78d18acab7f8c601b431a9feffa0b34.php 第 85 行.
NOTIC: [8] Undefined index: post /var/www/html/Run/Cache/Home/a78d18acab7f8c601b431a9feffa0b34.php 第 85 行.
NOTIC: [8] Undefined offset: 0 /var/www/html/App/Common/Common/function.php 第 2816 行.
NOTIC: [8] Undefined offset: 0 /var/www/html/App/Common/Common/function.php 第 2817 行.
NOTIC: [8] Undefined variable: myinfo /var/www/html/Run/Cache/Home/a78d18acab7f8c601b431a9feffa0b34.php 第 238 行.
NOTIC: [8] Undefined variable: show_foot /var/www/html/Run/Cache/Home/a78d18acab7f8c601b431a9feffa0b34.php 第 350 行.
NOTIC: [8] Undefined variable: info /var/www/html/Run/Cache/Home/a78d18acab7f8c601b431a9feffa0b34.php 第 463 行.
NOTIC: [8] Use of undefined constant session - assumed 'session' /var/www/html/Run/Cache/Home/a78d18acab7f8c601b431a9feffa0b34.php 第 498 行.
NOTIC: [8] Undefined variable: Think /var/www/html/Run/Cache/Home/a78d18acab7f8c601b431a9feffa0b34.php 第 498 行.
NOTIC: [8] Use of undefined constant email - assumed 'email' /var/www/html/Run/Cache/Home/a78d18acab7f8c601b431a9feffa0b34.php 第 498 行.
INFO: Run Behavior\ParseTemplate [ RunTime:0.021538s ]
INFO: [ view_parse ] --END-- [ RunTime:0.021588s ]
INFO: [ view_filter ] --START--
INFO: Run Behavior\WriteHtmlCache [ RunTime:0.000087s ]
INFO: [ view_filter ] --END-- [ RunTime:0.000131s ]
INFO: [ app_end ] --START--
INFO: Run Behavior\ShowPageTrace [ RunTime:0.000436s ]
INFO: [ app_end ] --END-- [ RunTime:0.000538s ]

[ 2015-07-20T23:59:11+08:00 ] 203.208.60.52 /Company/index/0-0-101-0-0?kd=
INFO: [ app_init ] --START--
INFO: Run Common\Behavior\InitHook [ RunTime:0.000749s ]
INFO: [ app_init ] --END-- [ RunTime:0.000966s ]
INFO: [ app_begin ] --START--
INFO: Run Behavior\ReadHtmlCache [ RunTime:0.000244s ]
INFO: [ app_begin ] --END-- [ RunTime:0.000295s ]
NOTIC: [2048] Declaration of Home\Controller\UserController::checkUser() should be compatible with that of Home\Controller\HomeController::checkUser() /var/www/html/App/Home/Controller/UserController.class.php 第 11 行.
NOTIC: [8] Undefined index: uid /var/www/html/App/Home/Controller/HomeController.class.php 第 30 行.
NOTIC: [8] Undefined index: status /var/www/html/App/Home/Controller/HomeController.class.php 第 31 行.
NOTIC: [8] Undefined index: type /var/www/html/App/Home/Controller/HomeController.class.php 第 32 行.
NOTIC: [8] Undefined index: nickname /var/www/html/App/Home/Controller/HomeController.class.php 第 33 行.
NOTIC: [8] Undefined index: username /var/www/html/App/Home/Controller/HomeController.class.php 第 34 行.
NOTIC: [8] Undefined index: email /var/www/html/App/Home/Controller/HomeController.class.php 第 35 行.
NOTIC: [8] Undefined index: user_status /var/www/html/App/Home/Controller/HomeController.class.php 第 36 行.
SQL: SHOW COLUMNS FROM `ez_config` [ RunTime:0.000564s ]
SQL: SELECT `type`,`name`,`value` FROM `ez_config` WHERE ( `status` = 1 )  [ RunTime:0.000231s ]
NOTIC: [2] mkdir(): No such file or directory /var/www/html/App/Home/Controller/HomeController.class.php 第 84 行.
NOTIC: [2] mkdir(): No such file or directory /var/www/html/App/Home/Controller/HomeController.class.php 第 86 行.
NOTIC: [8] Undefined index: _URL_ /var/www/html/App/Home/Controller/CompanyController.class.php 第 21 行.
SQL: SHOW COLUMNS FROM `ez_member` [ RunTime:0.001154s ]
NOTIC: [8] Undefined index: 101 /var/www/html/App/Common/Common/function.php 第 1331 行.
SQL: SELECT COUNT(*) AS tp_count FROM `ez_member` WHERE ( `status` >= 0 ) AND ( `type` = 1 ) AND ( `hangye_id` IN ('101') ) LIMIT 1   [ RunTime:0.000347s ]
SQL: SHOW COLUMNS FROM `ez_ucenter_member` [ RunTime:0.000358s ]
SQL: SELECT um.id,um.email,m.* FROM ez_ucenter_member um left JOIN ez_member m on um.id = m.uid  WHERE ( m.status >= 0 ) AND ( m.type = 1 ) AND ( m.hangye_id IN ('101') ) ORDER BY m.hits desc LIMIT 0,9   [ RunTime:0.000334s ]
NOTIC: [2] Invalid argument supplied for foreach() /var/www/html/App/Home/Controller/CompanyController.class.php 第 68 行.
NOTIC: [8] Undefined index: pn /var/www/html/App/Home/Controller/CompanyController.class.php 第 81 行.
INFO: [ view_parse ] --START--
INFO: [ template_filter ] --START--
INFO: Run Behavior\ContentReplace [ RunTime:0.000118s ]
INFO: [ template_filter ] --END-- [ RunTime:0.000175s ]
NOTIC: [8] Undefined variable: page_title /var/www/html/Run/Cache/Home/a78d18acab7f8c601b431a9feffa0b34.php 第 8 行.
NOTIC: [8] Undefined index: job /var/www/html/Run/Cache/Home/a78d18acab7f8c601b431a9feffa0b34.php 第 85 行.
NOTIC: [8] Undefined index: video /var/www/html/Run/Cache/Home/a78d18acab7f8c601b431a9feffa0b34.php 第 85 行.
NOTIC: [8] Undefined index: post /var/www/html/Run/Cache/Home/a78d18acab7f8c601b431a9feffa0b34.php 第 85 行.
NOTIC: [8] Undefined offset: 0 /var/www/html/App/Common/Common/function.php 第 2816 行.
NOTIC: [8] Undefined offset: 0 /var/www/html/App/Common/Common/function.php 第 2817 行.
NOTIC: [8] Undefined index: 0 /var/www/html/App/Common/Common/function.php 第 2808 行.
NOTIC: [8] Undefined variable: myinfo /var/www/html/Run/Cache/Home/a78d18acab7f8c601b431a9feffa0b34.php 第 238 行.
NOTIC: [8] Undefined variable: show_foot /var/www/html/Run/Cache/Home/a78d18acab7f8c601b431a9feffa0b34.php 第 350 行.
NOTIC: [8] Undefined variable: info /var/www/html/Run/Cache/Home/a78d18acab7f8c601b431a9feffa0b34.php 第 463 行.
NOTIC: [8] Use of undefined constant session - assumed 'session' /var/www/html/Run/Cache/Home/a78d18acab7f8c601b431a9feffa0b34.php 第 498 行.
NOTIC: [8] Undefined variable: Think /var/www/html/Run/Cache/Home/a78d18acab7f8c601b431a9feffa0b34.php 第 498 行.
NOTIC: [8] Use of undefined constant email - assumed 'email' /var/www/html/Run/Cache/Home/a78d18acab7f8c601b431a9feffa0b34.php 第 498 行.
INFO: Run Behavior\ParseTemplate [ RunTime:0.021498s ]
INFO: [ view_parse ] --END-- [ RunTime:0.021553s ]
INFO: [ view_filter ] --START--
INFO: Run Behavior\WriteHtmlCache [ RunTime:0.000095s ]
INFO: [ view_filter ] --END-- [ RunTime:0.000139s ]
INFO: [ app_end ] --START--
INFO: Run Behavior\ShowPageTrace [ RunTime:0.000391s ]
INFO: [ app_end ] --END-- [ RunTime:0.000490s ]

