[ 2015-12-25T21:37:58+08:00 ] 223.73.2.100 /User/login.html?md=min
INFO: [ app_init ] --START--
INFO: Run Common\Behavior\InitHook [ RunTime:0.000762s ]
INFO: [ app_init ] --END-- [ RunTime:0.001002s ]
INFO: [ app_begin ] --START--
INFO: Run Behavior\ReadHtmlCache [ RunTime:0.000272s ]
INFO: [ app_begin ] --END-- [ RunTime:0.000326s ]
NOTIC: [2048] Declaration of Home\Controller\UserController::checkUser() should be compatible with that of Home\Controller\HomeController::checkUser() /var/www/html/App/Home/Controller/UserController.class.php 第 11 行.
NOTIC: [8] Undefined index: hash /var/www/html/App/Home/Controller/HomeController.class.php 第 51 行.
NOTIC: [8] Undefined index:  /var/www/html/App/Common/Common/custom.php 第 24 行.
NOTIC: [8] Undefined index: uid /var/www/html/App/Home/Controller/HomeController.class.php 第 128 行.
NOTIC: [8] Undefined index: status /var/www/html/App/Home/Controller/HomeController.class.php 第 129 行.
NOTIC: [8] Undefined index: type /var/www/html/App/Home/Controller/HomeController.class.php 第 130 行.
NOTIC: [8] Undefined index: nickname /var/www/html/App/Home/Controller/HomeController.class.php 第 131 行.
NOTIC: [8] Undefined index: username /var/www/html/App/Home/Controller/HomeController.class.php 第 132 行.
NOTIC: [8] Undefined index: email /var/www/html/App/Home/Controller/HomeController.class.php 第 133 行.
NOTIC: [8] Undefined index: user_status /var/www/html/App/Home/Controller/HomeController.class.php 第 134 行.
SQL: SHOW COLUMNS FROM `ez_config` [ RunTime:0.000994s ]
SQL: SELECT `type`,`name`,`value` FROM `ez_config` WHERE ( `status` = 1 )  [ RunTime:0.000501s ]
NOTIC: [2] mkdir(): No such file or directory /var/www/html/App/Home/Controller/HomeController.class.php 第 185 行.
NOTIC: [2] mkdir(): No such file or directory /var/www/html/App/Home/Controller/HomeController.class.php 第 187 行.
NOTIC: [8] Use of undefined constant IS_WAP_FACT - assumed 'IS_WAP_FACT' /var/www/html/App/Home/Controller/HomeController.class.php 第 161 行.
NOTIC: [8] Undefined index: ref /var/www/html/App/Home/Controller/UserController.class.php 第 585 行.
INFO: [ view_parse ] --START--
INFO: [ template_filter ] --START--
INFO: Run Behavior\ContentReplace [ RunTime:0.000111s ]
INFO: [ template_filter ] --END-- [ RunTime:0.000177s ]
NOTIC: [8] Undefined variable: page_title /var/www/html/Run/Cache/Home/ac277f5964a34abef899fa5429ceb409.php 第 8 行.
NOTIC: [8] Use of undefined constant md - assumed 'md' /var/www/html/Run/Cache/Home/ac277f5964a34abef899fa5429ceb409.php 第 182 行.
NOTIC: [8] Use of undefined constant md - assumed 'md' /var/www/html/Run/Cache/Home/ac277f5964a34abef899fa5429ceb409.php 第 231 行.
NOTIC: [8] Undefined variable: info /var/www/html/Run/Cache/Home/ac277f5964a34abef899fa5429ceb409.php 第 451 行.
NOTIC: [8] Use of undefined constant session - assumed 'session' /var/www/html/Run/Cache/Home/ac277f5964a34abef899fa5429ceb409.php 第 486 行.
NOTIC: [8] Undefined variable: Think /var/www/html/Run/Cache/Home/ac277f5964a34abef899fa5429ceb409.php 第 486 行.
NOTIC: [8] Use of undefined constant email - assumed 'email' /var/www/html/Run/Cache/Home/ac277f5964a34abef899fa5429ceb409.php 第 486 行.
INFO: Run Behavior\ParseTemplate [ RunTime:0.012599s ]
INFO: [ view_parse ] --END-- [ RunTime:0.012664s ]
INFO: [ view_filter ] --START--
INFO: Run Behavior\WriteHtmlCache [ RunTime:0.000095s ]
INFO: [ view_filter ] --END-- [ RunTime:0.000138s ]
INFO: [ app_end ] --START--
INFO: Run Behavior\ShowPageTrace [ RunTime:0.000277s ]
INFO: [ app_end ] --END-- [ RunTime:0.000337s ]

[ 2015-12-25T21:37:59+08:00 ] 223.73.2.100 /News/about.html
INFO: [ app_init ] --START--
INFO: Run Common\Behavior\InitHook [ RunTime:0.000818s ]
INFO: [ app_init ] --END-- [ RunTime:0.001023s ]
INFO: [ app_begin ] --START--
INFO: Run Behavior\ReadHtmlCache [ RunTime:0.000260s ]
INFO: [ app_begin ] --END-- [ RunTime:0.000321s ]
NOTIC: [8] Undefined index: hash /var/www/html/App/Home/Controller/HomeController.class.php 第 51 行.
NOTIC: [8] Undefined index:  /var/www/html/App/Common/Common/custom.php 第 24 行.
NOTIC: [8] Undefined index: uid /var/www/html/App/Home/Controller/HomeController.class.php 第 128 行.
NOTIC: [8] Undefined index: status /var/www/html/App/Home/Controller/HomeController.class.php 第 129 行.
NOTIC: [8] Undefined index: type /var/www/html/App/Home/Controller/HomeController.class.php 第 130 行.
NOTIC: [8] Undefined index: nickname /var/www/html/App/Home/Controller/HomeController.class.php 第 131 行.
NOTIC: [8] Undefined index: username /var/www/html/App/Home/Controller/HomeController.class.php 第 132 行.
NOTIC: [8] Undefined index: email /var/www/html/App/Home/Controller/HomeController.class.php 第 133 行.
NOTIC: [8] Undefined index: user_status /var/www/html/App/Home/Controller/HomeController.class.php 第 134 行.
SQL: SHOW COLUMNS FROM `ez_config` [ RunTime:0.000685s ]
SQL: SELECT `type`,`name`,`value` FROM `ez_config` WHERE ( `status` = 1 )  [ RunTime:0.000420s ]
NOTIC: [2] mkdir(): No such file or directory /var/www/html/App/Home/Controller/HomeController.class.php 第 185 行.
NOTIC: [2] mkdir(): No such file or directory /var/www/html/App/Home/Controller/HomeController.class.php 第 187 行.
NOTIC: [8] Use of undefined constant IS_WAP_FACT - assumed 'IS_WAP_FACT' /var/www/html/App/Home/Controller/HomeController.class.php 第 161 行.
SQL: SHOW COLUMNS FROM `ez_news` [ RunTime:0.000714s ]
SQL: SELECT * FROM `ez_news` WHERE ( `status` = 1 ) AND ( `type` = 10 ) AND ( `nid` = 1 ) LIMIT 1   [ RunTime:0.000439s ]
INFO: [ view_parse ] --START--
INFO: [ template_filter ] --START--
INFO: Run Behavior\ContentReplace [ RunTime:0.000092s ]
INFO: [ template_filter ] --END-- [ RunTime:0.000153s ]
NOTIC: [8] Undefined variable: page_title /var/www/html/Run/Cache/Home/9c2fefa0a9471bfc7aba48305356c8d4.php 第 8 行.
NOTIC: [8] Undefined index: plugin /var/www/html/Run/Cache/Home/9c2fefa0a9471bfc7aba48305356c8d4.php 第 81 行.
NOTIC: [8] Undefined index: job /var/www/html/Run/Cache/Home/9c2fefa0a9471bfc7aba48305356c8d4.php 第 126 行.
NOTIC: [8] Undefined index: company /var/www/html/Run/Cache/Home/9c2fefa0a9471bfc7aba48305356c8d4.php 第 126 行.
NOTIC: [8] Undefined index: video /var/www/html/Run/Cache/Home/9c2fefa0a9471bfc7aba48305356c8d4.php 第 126 行.
NOTIC: [8] Undefined index: post /var/www/html/Run/Cache/Home/9c2fefa0a9471bfc7aba48305356c8d4.php 第 126 行.
NOTIC: [8] Undefined index: plugin /var/www/html/Run/Cache/Home/9c2fefa0a9471bfc7aba48305356c8d4.php 第 129 行.
NOTIC: [8] Undefined index: install /var/www/html/Run/Cache/Home/9c2fefa0a9471bfc7aba48305356c8d4.php 第 130 行.
NOTIC: [8] Undefined index: company /var/www/html/Run/Cache/Home/9c2fefa0a9471bfc7aba48305356c8d4.php 第 131 行.
NOTIC: [8] Undefined variable: show_foot /var/www/html/Run/Cache/Home/9c2fefa0a9471bfc7aba48305356c8d4.php 第 196 行.
NOTIC: [8] Undefined index: jid /var/www/html/Run/Cache/Home/9c2fefa0a9471bfc7aba48305356c8d4.php 第 366 行.
NOTIC: [8] Use of undefined constant session - assumed 'session' /var/www/html/Run/Cache/Home/9c2fefa0a9471bfc7aba48305356c8d4.php 第 401 行.
NOTIC: [8] Undefined variable: Think /var/www/html/Run/Cache/Home/9c2fefa0a9471bfc7aba48305356c8d4.php 第 401 行.
NOTIC: [8] Use of undefined constant email - assumed 'email' /var/www/html/Run/Cache/Home/9c2fefa0a9471bfc7aba48305356c8d4.php 第 401 行.
INFO: Run Behavior\ParseTemplate [ RunTime:0.011889s ]
INFO: [ view_parse ] --END-- [ RunTime:0.011938s ]
INFO: [ view_filter ] --START--
INFO: Run Behavior\WriteHtmlCache [ RunTime:0.000080s ]
INFO: [ view_filter ] --END-- [ RunTime:0.000142s ]
INFO: [ app_end ] --START--
INFO: Run Behavior\ShowPageTrace [ RunTime:0.000297s ]
INFO: [ app_end ] --END-- [ RunTime:0.000349s ]

[ 2015-12-25T21:37:59+08:00 ] 223.73.2.100 /User/login.html?md=min
INFO: [ app_init ] --START--
INFO: Run Common\Behavior\InitHook [ RunTime:0.000807s ]
INFO: [ app_init ] --END-- [ RunTime:0.001003s ]
INFO: [ app_begin ] --START--
INFO: Run Behavior\ReadHtmlCache [ RunTime:0.000266s ]
INFO: [ app_begin ] --END-- [ RunTime:0.000321s ]
NOTIC: [2048] Declaration of Home\Controller\UserController::checkUser() should be compatible with that of Home\Controller\HomeController::checkUser() /var/www/html/App/Home/Controller/UserController.class.php 第 11 行.
NOTIC: [8] Undefined index: hash /var/www/html/App/Home/Controller/HomeController.class.php 第 51 行.
NOTIC: [8] Undefined index:  /var/www/html/App/Common/Common/custom.php 第 24 行.
NOTIC: [8] Undefined index: uid /var/www/html/App/Home/Controller/HomeController.class.php 第 128 行.
NOTIC: [8] Undefined index: status /var/www/html/App/Home/Controller/HomeController.class.php 第 129 行.
NOTIC: [8] Undefined index: type /var/www/html/App/Home/Controller/HomeController.class.php 第 130 行.
NOTIC: [8] Undefined index: nickname /var/www/html/App/Home/Controller/HomeController.class.php 第 131 行.
NOTIC: [8] Undefined index: username /var/www/html/App/Home/Controller/HomeController.class.php 第 132 行.
NOTIC: [8] Undefined index: email /var/www/html/App/Home/Controller/HomeController.class.php 第 133 行.
NOTIC: [8] Undefined index: user_status /var/www/html/App/Home/Controller/HomeController.class.php 第 134 行.
SQL: SHOW COLUMNS FROM `ez_config` [ RunTime:0.000826s ]
SQL: SELECT `type`,`name`,`value` FROM `ez_config` WHERE ( `status` = 1 )  [ RunTime:0.000475s ]
NOTIC: [2] mkdir(): No such file or directory /var/www/html/App/Home/Controller/HomeController.class.php 第 185 行.
NOTIC: [2] mkdir(): No such file or directory /var/www/html/App/Home/Controller/HomeController.class.php 第 187 行.
NOTIC: [8] Use of undefined constant IS_WAP_FACT - assumed 'IS_WAP_FACT' /var/www/html/App/Home/Controller/HomeController.class.php 第 161 行.
NOTIC: [8] Undefined index: ref /var/www/html/App/Home/Controller/UserController.class.php 第 585 行.
INFO: [ view_parse ] --START--
INFO: [ template_filter ] --START--
INFO: Run Behavior\ContentReplace [ RunTime:0.000111s ]
INFO: [ template_filter ] --END-- [ RunTime:0.000168s ]
NOTIC: [8] Undefined variable: page_title /var/www/html/Run/Cache/Home/ac277f5964a34abef899fa5429ceb409.php 第 8 行.
NOTIC: [8] Use of undefined constant md - assumed 'md' /var/www/html/Run/Cache/Home/ac277f5964a34abef899fa5429ceb409.php 第 182 行.
NOTIC: [8] Use of undefined constant md - assumed 'md' /var/www/html/Run/Cache/Home/ac277f5964a34abef899fa5429ceb409.php 第 231 行.
NOTIC: [8] Undefined variable: info /var/www/html/Run/Cache/Home/ac277f5964a34abef899fa5429ceb409.php 第 451 行.
NOTIC: [8] Use of undefined constant session - assumed 'session' /var/www/html/Run/Cache/Home/ac277f5964a34abef899fa5429ceb409.php 第 486 行.
NOTIC: [8] Undefined variable: Think /var/www/html/Run/Cache/Home/ac277f5964a34abef899fa5429ceb409.php 第 486 行.
NOTIC: [8] Use of undefined constant email - assumed 'email' /var/www/html/Run/Cache/Home/ac277f5964a34abef899fa5429ceb409.php 第 486 行.
INFO: Run Behavior\ParseTemplate [ RunTime:0.012574s ]
INFO: [ view_parse ] --END-- [ RunTime:0.012624s ]
INFO: [ view_filter ] --START--
INFO: Run Behavior\WriteHtmlCache [ RunTime:0.000085s ]
INFO: [ view_filter ] --END-- [ RunTime:0.000138s ]
INFO: [ app_end ] --START--
INFO: Run Behavior\ShowPageTrace [ RunTime:0.000286s ]
INFO: [ app_end ] --END-- [ RunTime:0.000338s ]

[ 2015-12-25T21:37:59+08:00 ] 223.73.2.100 /User/login.html?md=min
INFO: [ app_init ] --START--
INFO: Run Common\Behavior\InitHook [ RunTime:0.000804s ]
INFO: [ app_init ] --END-- [ RunTime:0.001006s ]
INFO: [ app_begin ] --START--
INFO: Run Behavior\ReadHtmlCache [ RunTime:0.000272s ]
INFO: [ app_begin ] --END-- [ RunTime:0.000334s ]
NOTIC: [2048] Declaration of Home\Controller\UserController::checkUser() should be compatible with that of Home\Controller\HomeController::checkUser() /var/www/html/App/Home/Controller/UserController.class.php 第 11 行.
NOTIC: [8] Undefined index: hash /var/www/html/App/Home/Controller/HomeController.class.php 第 51 行.
NOTIC: [8] Undefined index:  /var/www/html/App/Common/Common/custom.php 第 24 行.
NOTIC: [8] Undefined index: uid /var/www/html/App/Home/Controller/HomeController.class.php 第 128 行.
NOTIC: [8] Undefined index: status /var/www/html/App/Home/Controller/HomeController.class.php 第 129 行.
NOTIC: [8] Undefined index: type /var/www/html/App/Home/Controller/HomeController.class.php 第 130 行.
NOTIC: [8] Undefined index: nickname /var/www/html/App/Home/Controller/HomeController.class.php 第 131 行.
NOTIC: [8] Undefined index: username /var/www/html/App/Home/Controller/HomeController.class.php 第 132 行.
NOTIC: [8] Undefined index: email /var/www/html/App/Home/Controller/HomeController.class.php 第 133 行.
NOTIC: [8] Undefined index: user_status /var/www/html/App/Home/Controller/HomeController.class.php 第 134 行.
SQL: SHOW COLUMNS FROM `ez_config` [ RunTime:0.000811s ]
SQL: SELECT `type`,`name`,`value` FROM `ez_config` WHERE ( `status` = 1 )  [ RunTime:0.000426s ]
NOTIC: [2] mkdir(): No such file or directory /var/www/html/App/Home/Controller/HomeController.class.php 第 185 行.
NOTIC: [2] mkdir(): No such file or directory /var/www/html/App/Home/Controller/HomeController.class.php 第 187 行.
NOTIC: [8] Use of undefined constant IS_WAP_FACT - assumed 'IS_WAP_FACT' /var/www/html/App/Home/Controller/HomeController.class.php 第 161 行.
NOTIC: [8] Undefined index: ref /var/www/html/App/Home/Controller/UserController.class.php 第 585 行.
INFO: [ view_parse ] --START--
INFO: [ template_filter ] --START--
INFO: Run Behavior\ContentReplace [ RunTime:0.000113s ]
INFO: [ template_filter ] --END-- [ RunTime:0.000167s ]
NOTIC: [8] Undefined variable: page_title /var/www/html/Run/Cache/Home/ac277f5964a34abef899fa5429ceb409.php 第 8 行.
NOTIC: [8] Use of undefined constant md - assumed 'md' /var/www/html/Run/Cache/Home/ac277f5964a34abef899fa5429ceb409.php 第 182 行.
NOTIC: [8] Use of undefined constant md - assumed 'md' /var/www/html/Run/Cache/Home/ac277f5964a34abef899fa5429ceb409.php 第 231 行.
NOTIC: [8] Undefined variable: info /var/www/html/Run/Cache/Home/ac277f5964a34abef899fa5429ceb409.php 第 451 行.
NOTIC: [8] Use of undefined constant session - assumed 'session' /var/www/html/Run/Cache/Home/ac277f5964a34abef899fa5429ceb409.php 第 486 行.
NOTIC: [8] Undefined variable: Think /var/www/html/Run/Cache/Home/ac277f5964a34abef899fa5429ceb409.php 第 486 行.
NOTIC: [8] Use of undefined constant email - assumed 'email' /var/www/html/Run/Cache/Home/ac277f5964a34abef899fa5429ceb409.php 第 486 行.
INFO: Run Behavior\ParseTemplate [ RunTime:0.012621s ]
INFO: [ view_parse ] --END-- [ RunTime:0.012671s ]
INFO: [ view_filter ] --START--
INFO: Run Behavior\WriteHtmlCache [ RunTime:0.000082s ]
INFO: [ view_filter ] --END-- [ RunTime:0.000126s ]
INFO: [ app_end ] --START--
INFO: Run Behavior\ShowPageTrace [ RunTime:0.000275s ]
INFO: [ app_end ] --END-- [ RunTime:0.000351s ]

[ 2015-12-25T21:38:58+08:00 ] 223.73.2.100 /News/about.html
INFO: [ app_init ] --START--
INFO: Run Common\Behavior\InitHook [ RunTime:0.000764s ]
INFO: [ app_init ] --END-- [ RunTime:0.000973s ]
INFO: [ app_begin ] --START--
INFO: Run Behavior\ReadHtmlCache [ RunTime:0.000264s ]
INFO: [ app_begin ] --END-- [ RunTime:0.000317s ]
NOTIC: [8] Undefined index: hash /var/www/html/App/Home/Controller/HomeController.class.php 第 51 行.
NOTIC: [8] Undefined index:  /var/www/html/App/Common/Common/custom.php 第 24 行.
NOTIC: [8] Undefined index: uid /var/www/html/App/Home/Controller/HomeController.class.php 第 128 行.
NOTIC: [8] Undefined index: status /var/www/html/App/Home/Controller/HomeController.class.php 第 129 行.
NOTIC: [8] Undefined index: type /var/www/html/App/Home/Controller/HomeController.class.php 第 130 行.
NOTIC: [8] Undefined index: nickname /var/www/html/App/Home/Controller/HomeController.class.php 第 131 行.
NOTIC: [8] Undefined index: username /var/www/html/App/Home/Controller/HomeController.class.php 第 132 行.
NOTIC: [8] Undefined index: email /var/www/html/App/Home/Controller/HomeController.class.php 第 133 行.
NOTIC: [8] Undefined index: user_status /var/www/html/App/Home/Controller/HomeController.class.php 第 134 行.
SQL: SHOW COLUMNS FROM `ez_config` [ RunTime:0.001044s ]
SQL: SELECT `type`,`name`,`value` FROM `ez_config` WHERE ( `status` = 1 )  [ RunTime:0.000488s ]
NOTIC: [2] mkdir(): No such file or directory /var/www/html/App/Home/Controller/HomeController.class.php 第 185 行.
NOTIC: [2] mkdir(): No such file or directory /var/www/html/App/Home/Controller/HomeController.class.php 第 187 行.
NOTIC: [8] Use of undefined constant IS_WAP_FACT - assumed 'IS_WAP_FACT' /var/www/html/App/Home/Controller/HomeController.class.php 第 161 行.
SQL: SHOW COLUMNS FROM `ez_news` [ RunTime:0.000913s ]
SQL: SELECT * FROM `ez_news` WHERE ( `status` = 1 ) AND ( `type` = 10 ) AND ( `nid` = 1 ) LIMIT 1   [ RunTime:0.000487s ]
INFO: [ view_parse ] --START--
INFO: [ template_filter ] --START--
INFO: Run Behavior\ContentReplace [ RunTime:0.000112s ]
INFO: [ template_filter ] --END-- [ RunTime:0.000165s ]
NOTIC: [8] Undefined variable: page_title /var/www/html/Run/Cache/Home/9c2fefa0a9471bfc7aba48305356c8d4.php 第 8 行.
NOTIC: [8] Undefined index: plugin /var/www/html/Run/Cache/Home/9c2fefa0a9471bfc7aba48305356c8d4.php 第 81 行.
NOTIC: [8] Undefined index: job /var/www/html/Run/Cache/Home/9c2fefa0a9471bfc7aba48305356c8d4.php 第 126 行.
NOTIC: [8] Undefined index: company /var/www/html/Run/Cache/Home/9c2fefa0a9471bfc7aba48305356c8d4.php 第 126 行.
NOTIC: [8] Undefined index: video /var/www/html/Run/Cache/Home/9c2fefa0a9471bfc7aba48305356c8d4.php 第 126 行.
NOTIC: [8] Undefined index: post /var/www/html/Run/Cache/Home/9c2fefa0a9471bfc7aba48305356c8d4.php 第 126 行.
NOTIC: [8] Undefined index: plugin /var/www/html/Run/Cache/Home/9c2fefa0a9471bfc7aba48305356c8d4.php 第 129 行.
NOTIC: [8] Undefined index: install /var/www/html/Run/Cache/Home/9c2fefa0a9471bfc7aba48305356c8d4.php 第 130 行.
NOTIC: [8] Undefined index: company /var/www/html/Run/Cache/Home/9c2fefa0a9471bfc7aba48305356c8d4.php 第 131 行.
NOTIC: [8] Undefined variable: show_foot /var/www/html/Run/Cache/Home/9c2fefa0a9471bfc7aba48305356c8d4.php 第 196 行.
NOTIC: [8] Undefined index: jid /var/www/html/Run/Cache/Home/9c2fefa0a9471bfc7aba48305356c8d4.php 第 366 行.
NOTIC: [8] Use of undefined constant session - assumed 'session' /var/www/html/Run/Cache/Home/9c2fefa0a9471bfc7aba48305356c8d4.php 第 401 行.
NOTIC: [8] Undefined variable: Think /var/www/html/Run/Cache/Home/9c2fefa0a9471bfc7aba48305356c8d4.php 第 401 行.
NOTIC: [8] Use of undefined constant email - assumed 'email' /var/www/html/Run/Cache/Home/9c2fefa0a9471bfc7aba48305356c8d4.php 第 401 行.
INFO: Run Behavior\ParseTemplate [ RunTime:0.011502s ]
INFO: [ view_parse ] --END-- [ RunTime:0.011552s ]
INFO: [ view_filter ] --START--
INFO: Run Behavior\WriteHtmlCache [ RunTime:0.000088s ]
INFO: [ view_filter ] --END-- [ RunTime:0.000138s ]
INFO: [ app_end ] --START--
INFO: Run Behavior\ShowPageTrace [ RunTime:0.000275s ]
INFO: [ app_end ] --END-- [ RunTime:0.000326s ]

[ 2015-12-25T21:38:58+08:00 ] 223.73.2.100 /User/login.html?md=min
INFO: [ app_init ] --START--
INFO: Run Common\Behavior\InitHook [ RunTime:0.000740s ]
INFO: [ app_init ] --END-- [ RunTime:0.000952s ]
INFO: [ app_begin ] --START--
INFO: Run Behavior\ReadHtmlCache [ RunTime:0.000245s ]
INFO: [ app_begin ] --END-- [ RunTime:0.000296s ]
NOTIC: [2048] Declaration of Home\Controller\UserController::checkUser() should be compatible with that of Home\Controller\HomeController::checkUser() /var/www/html/App/Home/Controller/UserController.class.php 第 11 行.
NOTIC: [8] Undefined index: hash /var/www/html/App/Home/Controller/HomeController.class.php 第 51 行.
NOTIC: [8] Undefined index:  /var/www/html/App/Common/Common/custom.php 第 24 行.
NOTIC: [8] Undefined index: uid /var/www/html/App/Home/Controller/HomeController.class.php 第 128 行.
NOTIC: [8] Undefined index: status /var/www/html/App/Home/Controller/HomeController.class.php 第 129 行.
NOTIC: [8] Undefined index: type /var/www/html/App/Home/Controller/HomeController.class.php 第 130 行.
NOTIC: [8] Undefined index: nickname /var/www/html/App/Home/Controller/HomeController.class.php 第 131 行.
NOTIC: [8] Undefined index: username /var/www/html/App/Home/Controller/HomeController.class.php 第 132 行.
NOTIC: [8] Undefined index: email /var/www/html/App/Home/Controller/HomeController.class.php 第 133 行.
NOTIC: [8] Undefined index: user_status /var/www/html/App/Home/Controller/HomeController.class.php 第 134 行.
SQL: SHOW COLUMNS FROM `ez_config` [ RunTime:0.000939s ]
SQL: SELECT `type`,`name`,`value` FROM `ez_config` WHERE ( `status` = 1 )  [ RunTime:0.000437s ]
NOTIC: [2] mkdir(): No such file or directory /var/www/html/App/Home/Controller/HomeController.class.php 第 185 行.
NOTIC: [2] mkdir(): No such file or directory /var/www/html/App/Home/Controller/HomeController.class.php 第 187 行.
NOTIC: [8] Use of undefined constant IS_WAP_FACT - assumed 'IS_WAP_FACT' /var/www/html/App/Home/Controller/HomeController.class.php 第 161 行.
NOTIC: [8] Undefined index: ref /var/www/html/App/Home/Controller/UserController.class.php 第 585 行.
INFO: [ view_parse ] --START--
INFO: [ template_filter ] --START--
INFO: Run Behavior\ContentReplace [ RunTime:0.000109s ]
INFO: [ template_filter ] --END-- [ RunTime:0.000161s ]
NOTIC: [8] Undefined variable: page_title /var/www/html/Run/Cache/Home/ac277f5964a34abef899fa5429ceb409.php 第 8 行.
NOTIC: [8] Use of undefined constant md - assumed 'md' /var/www/html/Run/Cache/Home/ac277f5964a34abef899fa5429ceb409.php 第 182 行.
NOTIC: [8] Use of undefined constant md - assumed 'md' /var/www/html/Run/Cache/Home/ac277f5964a34abef899fa5429ceb409.php 第 231 行.
NOTIC: [8] Undefined variable: info /var/www/html/Run/Cache/Home/ac277f5964a34abef899fa5429ceb409.php 第 451 行.
NOTIC: [8] Use of undefined constant session - assumed 'session' /var/www/html/Run/Cache/Home/ac277f5964a34abef899fa5429ceb409.php 第 486 行.
NOTIC: [8] Undefined variable: Think /var/www/html/Run/Cache/Home/ac277f5964a34abef899fa5429ceb409.php 第 486 行.
NOTIC: [8] Use of undefined constant email - assumed 'email' /var/www/html/Run/Cache/Home/ac277f5964a34abef899fa5429ceb409.php 第 486 行.
INFO: Run Behavior\ParseTemplate [ RunTime:0.012187s ]
INFO: [ view_parse ] --END-- [ RunTime:0.012235s ]
INFO: [ view_filter ] --START--
INFO: Run Behavior\WriteHtmlCache [ RunTime:0.000080s ]
INFO: [ view_filter ] --END-- [ RunTime:0.000139s ]
INFO: [ app_end ] --START--
INFO: Run Behavior\ShowPageTrace [ RunTime:0.000254s ]
INFO: [ app_end ] --END-- [ RunTime:0.000304s ]

[ 2015-12-25T21:38:58+08:00 ] 223.73.2.100 /User/login.html?md=min
INFO: [ app_init ] --START--
INFO: Run Common\Behavior\InitHook [ RunTime:0.000789s ]
INFO: [ app_init ] --END-- [ RunTime:0.000989s ]
INFO: [ app_begin ] --START--
INFO: Run Behavior\ReadHtmlCache [ RunTime:0.000246s ]
INFO: [ app_begin ] --END-- [ RunTime:0.000299s ]
NOTIC: [2048] Declaration of Home\Controller\UserController::checkUser() should be compatible with that of Home\Controller\HomeController::checkUser() /var/www/html/App/Home/Controller/UserController.class.php 第 11 行.
NOTIC: [8] Undefined index: hash /var/www/html/App/Home/Controller/HomeController.class.php 第 51 行.
NOTIC: [8] Undefined index:  /var/www/html/App/Common/Common/custom.php 第 24 行.
NOTIC: [8] Undefined index: uid /var/www/html/App/Home/Controller/HomeController.class.php 第 128 行.
NOTIC: [8] Undefined index: status /var/www/html/App/Home/Controller/HomeController.class.php 第 129 行.
NOTIC: [8] Undefined index: type /var/www/html/App/Home/Controller/HomeController.class.php 第 130 行.
NOTIC: [8] Undefined index: nickname /var/www/html/App/Home/Controller/HomeController.class.php 第 131 行.
NOTIC: [8] Undefined index: username /var/www/html/App/Home/Controller/HomeController.class.php 第 132 行.
NOTIC: [8] Undefined index: email /var/www/html/App/Home/Controller/HomeController.class.php 第 133 行.
NOTIC: [8] Undefined index: user_status /var/www/html/App/Home/Controller/HomeController.class.php 第 134 行.
SQL: SHOW COLUMNS FROM `ez_config` [ RunTime:0.000976s ]
SQL: SELECT `type`,`name`,`value` FROM `ez_config` WHERE ( `status` = 1 )  [ RunTime:0.000415s ]
NOTIC: [2] mkdir(): No such file or directory /var/www/html/App/Home/Controller/HomeController.class.php 第 185 行.
NOTIC: [2] mkdir(): No such file or directory /var/www/html/App/Home/Controller/HomeController.class.php 第 187 行.
NOTIC: [8] Use of undefined constant IS_WAP_FACT - assumed 'IS_WAP_FACT' /var/www/html/App/Home/Controller/HomeController.class.php 第 161 行.
NOTIC: [8] Undefined index: ref /var/www/html/App/Home/Controller/UserController.class.php 第 585 行.
INFO: [ view_parse ] --START--
INFO: [ template_filter ] --START--
INFO: Run Behavior\ContentReplace [ RunTime:0.000112s ]
INFO: [ template_filter ] --END-- [ RunTime:0.000165s ]
NOTIC: [8] Undefined variable: page_title /var/www/html/Run/Cache/Home/ac277f5964a34abef899fa5429ceb409.php 第 8 行.
NOTIC: [8] Use of undefined constant md - assumed 'md' /var/www/html/Run/Cache/Home/ac277f5964a34abef899fa5429ceb409.php 第 182 行.
NOTIC: [8] Use of undefined constant md - assumed 'md' /var/www/html/Run/Cache/Home/ac277f5964a34abef899fa5429ceb409.php 第 231 行.
NOTIC: [8] Undefined variable: info /var/www/html/Run/Cache/Home/ac277f5964a34abef899fa5429ceb409.php 第 451 行.
NOTIC: [8] Use of undefined constant session - assumed 'session' /var/www/html/Run/Cache/Home/ac277f5964a34abef899fa5429ceb409.php 第 486 行.
NOTIC: [8] Undefined variable: Think /var/www/html/Run/Cache/Home/ac277f5964a34abef899fa5429ceb409.php 第 486 行.
NOTIC: [8] Use of undefined constant email - assumed 'email' /var/www/html/Run/Cache/Home/ac277f5964a34abef899fa5429ceb409.php 第 486 行.
INFO: Run Behavior\ParseTemplate [ RunTime:0.012244s ]
INFO: [ view_parse ] --END-- [ RunTime:0.012291s ]
INFO: [ view_filter ] --START--
INFO: Run Behavior\WriteHtmlCache [ RunTime:0.000081s ]
INFO: [ view_filter ] --END-- [ RunTime:0.000126s ]
INFO: [ app_end ] --START--
INFO: Run Behavior\ShowPageTrace [ RunTime:0.000257s ]
INFO: [ app_end ] --END-- [ RunTime:0.000308s ]

[ 2015-12-25T21:39:01+08:00 ] 223.73.2.100 /index.html
INFO: [ app_init ] --START--
INFO: Run Common\Behavior\InitHook [ RunTime:0.000813s ]
INFO: [ app_init ] --END-- [ RunTime:0.001030s ]
INFO: [ app_begin ] --START--
INFO: Run Behavior\ReadHtmlCache [ RunTime:0.000247s ]
INFO: [ app_begin ] --END-- [ RunTime:0.000299s ]
NOTIC: [8] Undefined index: hash /var/www/html/App/Home/Controller/HomeController.class.php 第 51 行.
NOTIC: [8] Undefined index:  /var/www/html/App/Common/Common/custom.php 第 24 行.
NOTIC: [8] Undefined index: uid /var/www/html/App/Home/Controller/HomeController.class.php 第 128 行.
NOTIC: [8] Undefined index: status /var/www/html/App/Home/Controller/HomeController.class.php 第 129 行.
NOTIC: [8] Undefined index: type /var/www/html/App/Home/Controller/HomeController.class.php 第 130 行.
NOTIC: [8] Undefined index: nickname /var/www/html/App/Home/Controller/HomeController.class.php 第 131 行.
NOTIC: [8] Undefined index: username /var/www/html/App/Home/Controller/HomeController.class.php 第 132 行.
NOTIC: [8] Undefined index: email /var/www/html/App/Home/Controller/HomeController.class.php 第 133 行.
NOTIC: [8] Undefined index: user_status /var/www/html/App/Home/Controller/HomeController.class.php 第 134 行.
SQL: SHOW COLUMNS FROM `ez_config` [ RunTime:0.000811s ]
SQL: SELECT `type`,`name`,`value` FROM `ez_config` WHERE ( `status` = 1 )  [ RunTime:0.000450s ]
NOTIC: [2] mkdir(): No such file or directory /var/www/html/App/Home/Controller/HomeController.class.php 第 185 行.
NOTIC: [2] mkdir(): No such file or directory /var/www/html/App/Home/Controller/HomeController.class.php 第 187 行.
NOTIC: [8] Use of undefined constant IS_WAP_FACT - assumed 'IS_WAP_FACT' /var/www/html/App/Home/Controller/HomeController.class.php 第 161 行.
SQL: SHOW COLUMNS FROM `ez_company` [ RunTime:0.001120s ]
SQL: SHOW COLUMNS FROM `ez_company` [ RunTime:0.001149s ]
SQL: SELECT m.*,c.* FROM ez_company c left JOIN ez_member m on c.cuid = m.uid  WHERE ( c.tj_index = 1 ) ORDER BY c.sn asc,c.hits desc LIMIT 0,5   [ RunTime:0.000838s ]
SQL: SHOW COLUMNS FROM `ez_jobs` [ RunTime:0.001225s ]
NOTIC: [8] Undefined index: only_get_count /var/www/html/App/Home/Controller/HomeController.class.php 第 1020 行.
SQL: SHOW COLUMNS FROM `ez_jobs` [ RunTime:0.001405s ]
SQL: SELECT j.*,j.addtime as job_addtime,m.*,um.email,c.* FROM ez_jobs j left JOIN ez_ucenter_member um on j.uid = um.id left JOIN ez_member m on m.uid = j.uid left JOIN ez_company c on m.com_id = c.com_id  WHERE ( j.status = 1 ) AND ( j.tj_index = 1 ) ORDER BY j.sn asc,j.hits desc LIMIT 0,20   [ RunTime:0.001057s ]
INFO: [ view_parse ] --START--
INFO: [ template_filter ] --START--
INFO: Run Behavior\ContentReplace [ RunTime:0.000049s ]
INFO: [ template_filter ] --END-- [ RunTime:0.000118s ]
INFO: Run Behavior\ParseTemplate [ RunTime:0.004340s ]
INFO: [ view_parse ] --END-- [ RunTime:0.004393s ]
INFO: [ view_filter ] --START--
INFO: Run Behavior\WriteHtmlCache [ RunTime:0.000096s ]
INFO: [ view_filter ] --END-- [ RunTime:0.000140s ]
INFO: [ app_end ] --START--
INFO: Run Behavior\ShowPageTrace [ RunTime:0.000272s ]
INFO: [ app_end ] --END-- [ RunTime:0.000336s ]

[ 2015-12-25T21:39:01+08:00 ] 101.226.33.224 /index.html
INFO: [ app_init ] --START--
INFO: Run Common\Behavior\InitHook [ RunTime:0.000795s ]
INFO: [ app_init ] --END-- [ RunTime:0.001004s ]
INFO: [ app_begin ] --START--
INFO: Run Behavior\ReadHtmlCache [ RunTime:0.000414s ]
INFO: [ app_begin ] --END-- [ RunTime:0.000495s ]
NOTIC: [8] Undefined index: hash /var/www/html/App/Home/Controller/HomeController.class.php 第 51 行.
NOTIC: [8] Undefined index:  /var/www/html/App/Common/Common/custom.php 第 24 行.
NOTIC: [8] Undefined index: uid /var/www/html/App/Home/Controller/HomeController.class.php 第 128 行.
NOTIC: [8] Undefined index: status /var/www/html/App/Home/Controller/HomeController.class.php 第 129 行.
NOTIC: [8] Undefined index: type /var/www/html/App/Home/Controller/HomeController.class.php 第 130 行.
NOTIC: [8] Undefined index: nickname /var/www/html/App/Home/Controller/HomeController.class.php 第 131 行.
NOTIC: [8] Undefined index: username /var/www/html/App/Home/Controller/HomeController.class.php 第 132 行.
NOTIC: [8] Undefined index: email /var/www/html/App/Home/Controller/HomeController.class.php 第 133 行.
NOTIC: [8] Undefined index: user_status /var/www/html/App/Home/Controller/HomeController.class.php 第 134 行.
SQL: SHOW COLUMNS FROM `ez_config` [ RunTime:0.000856s ]
SQL: SELECT `type`,`name`,`value` FROM `ez_config` WHERE ( `status` = 1 )  [ RunTime:0.000425s ]
NOTIC: [2] mkdir(): No such file or directory /var/www/html/App/Home/Controller/HomeController.class.php 第 185 行.
NOTIC: [2] mkdir(): No such file or directory /var/www/html/App/Home/Controller/HomeController.class.php 第 187 行.
NOTIC: [8] Use of undefined constant IS_WAP_FACT - assumed 'IS_WAP_FACT' /var/www/html/App/Home/Controller/HomeController.class.php 第 161 行.
SQL: SHOW COLUMNS FROM `ez_company` [ RunTime:0.001099s ]
SQL: SHOW COLUMNS FROM `ez_company` [ RunTime:0.001105s ]
SQL: SELECT m.*,c.* FROM ez_company c left JOIN ez_member m on c.cuid = m.uid  WHERE ( c.tj_index = 1 ) ORDER BY c.sn asc,c.hits desc LIMIT 0,5   [ RunTime:0.000795s ]
SQL: SHOW COLUMNS FROM `ez_jobs` [ RunTime:0.001138s ]
NOTIC: [8] Undefined index: only_get_count /var/www/html/App/Home/Controller/HomeController.class.php 第 1020 行.
SQL: SHOW COLUMNS FROM `ez_jobs` [ RunTime:0.001115s ]
SQL: SELECT j.*,j.addtime as job_addtime,m.*,um.email,c.* FROM ez_jobs j left JOIN ez_ucenter_member um on j.uid = um.id left JOIN ez_member m on m.uid = j.uid left JOIN ez_company c on m.com_id = c.com_id  WHERE ( j.status = 1 ) AND ( j.tj_index = 1 ) ORDER BY j.sn asc,j.hits desc LIMIT 0,20   [ RunTime:0.000729s ]
INFO: [ view_parse ] --START--
INFO: [ template_filter ] --START--
INFO: Run Behavior\ContentReplace [ RunTime:0.000044s ]
INFO: [ template_filter ] --END-- [ RunTime:0.000101s ]
INFO: Run Behavior\ParseTemplate [ RunTime:0.004207s ]
INFO: [ view_parse ] --END-- [ RunTime:0.004270s ]
INFO: [ view_filter ] --START--
INFO: Run Behavior\WriteHtmlCache [ RunTime:0.000081s ]
INFO: [ view_filter ] --END-- [ RunTime:0.000133s ]
INFO: [ app_end ] --START--
INFO: Run Behavior\ShowPageTrace [ RunTime:0.000305s ]
INFO: [ app_end ] --END-- [ RunTime:0.000355s ]

[ 2015-12-25T21:39:06+08:00 ] 223.73.2.100 /Plugin/plugin.html
INFO: [ app_init ] --START--
INFO: Run Common\Behavior\InitHook [ RunTime:0.000793s ]
INFO: [ app_init ] --END-- [ RunTime:0.001031s ]
INFO: [ app_begin ] --START--
INFO: Run Behavior\ReadHtmlCache [ RunTime:0.000263s ]
INFO: [ app_begin ] --END-- [ RunTime:0.000326s ]
NOTIC: [8] Undefined index: hash /var/www/html/App/Home/Controller/HomeController.class.php 第 51 行.
NOTIC: [8] Undefined index:  /var/www/html/App/Common/Common/custom.php 第 24 行.
NOTIC: [8] Undefined index: uid /var/www/html/App/Home/Controller/HomeController.class.php 第 128 行.
NOTIC: [8] Undefined index: status /var/www/html/App/Home/Controller/HomeController.class.php 第 129 行.
NOTIC: [8] Undefined index: type /var/www/html/App/Home/Controller/HomeController.class.php 第 130 行.
NOTIC: [8] Undefined index: nickname /var/www/html/App/Home/Controller/HomeController.class.php 第 131 行.
NOTIC: [8] Undefined index: username /var/www/html/App/Home/Controller/HomeController.class.php 第 132 行.
NOTIC: [8] Undefined index: email /var/www/html/App/Home/Controller/HomeController.class.php 第 133 行.
NOTIC: [8] Undefined index: user_status /var/www/html/App/Home/Controller/HomeController.class.php 第 134 行.
SQL: SHOW COLUMNS FROM `ez_config` [ RunTime:0.000902s ]
SQL: SELECT `type`,`name`,`value` FROM `ez_config` WHERE ( `status` = 1 )  [ RunTime:0.000461s ]
NOTIC: [2] mkdir(): No such file or directory /var/www/html/App/Home/Controller/HomeController.class.php 第 185 行.
NOTIC: [2] mkdir(): No such file or directory /var/www/html/App/Home/Controller/HomeController.class.php 第 187 行.
NOTIC: [8] Use of undefined constant IS_WAP_FACT - assumed 'IS_WAP_FACT' /var/www/html/App/Home/Controller/HomeController.class.php 第 161 行.
SQL: SHOW COLUMNS FROM `ez_plugin` [ RunTime:0.000503s ]
ERR: 1146:Table 'EZ_tojob.ez_plugin' doesn't exist
 [ SQL语句 ] : SHOW COLUMNS FROM `ez_plugin`
SQL: SELECT * FROM `ez_plugin` WHERE ( `status` = '1' ) AND ( `type` = 10 ) AND ( `nid` = 1 ) LIMIT 1   [ RunTime:0.000272s ]
ERR: 1146:Table 'EZ_tojob.ez_plugin' doesn't exist
 [ SQL语句 ] : SELECT * FROM `ez_plugin` WHERE ( `status` = '1' ) AND ( `type` = 10 ) AND ( `nid` = 1 ) LIMIT 1  
INFO: [ view_parse ] --START--
INFO: [ template_filter ] --START--
INFO: Run Behavior\ContentReplace [ RunTime:0.000143s ]
INFO: [ template_filter ] --END-- [ RunTime:0.000196s ]
NOTIC: [8] Undefined variable: page_title /var/www/html/Run/Cache/Home/8a45bc832d7f6bae945e16bbde2f1438.php 第 8 行.
NOTIC: [8] Undefined index: job /var/www/html/Run/Cache/Home/8a45bc832d7f6bae945e16bbde2f1438.php 第 126 行.
NOTIC: [8] Undefined index: company /var/www/html/Run/Cache/Home/8a45bc832d7f6bae945e16bbde2f1438.php 第 126 行.
NOTIC: [8] Undefined index: video /var/www/html/Run/Cache/Home/8a45bc832d7f6bae945e16bbde2f1438.php 第 126 行.
NOTIC: [8] Undefined index: post /var/www/html/Run/Cache/Home/8a45bc832d7f6bae945e16bbde2f1438.php 第 126 行.
NOTIC: [8] Undefined index: install /var/www/html/Run/Cache/Home/8a45bc832d7f6bae945e16bbde2f1438.php 第 130 行.
NOTIC: [8] Undefined index: company /var/www/html/Run/Cache/Home/8a45bc832d7f6bae945e16bbde2f1438.php 第 131 行.
NOTIC: [8] Undefined index: news /var/www/html/Run/Cache/Home/8a45bc832d7f6bae945e16bbde2f1438.php 第 132 行.
NOTIC: [8] Undefined variable: video /var/www/html/Run/Cache/Home/8a45bc832d7f6bae945e16bbde2f1438.php 第 455 行.
NOTIC: [8] Undefined variable: show_foot /var/www/html/Run/Cache/Home/8a45bc832d7f6bae945e16bbde2f1438.php 第 485 行.
NOTIC: [8] Use of undefined constant session - assumed 'session' /var/www/html/Run/Cache/Home/8a45bc832d7f6bae945e16bbde2f1438.php 第 690 行.
NOTIC: [8] Undefined variable: Think /var/www/html/Run/Cache/Home/8a45bc832d7f6bae945e16bbde2f1438.php 第 690 行.
NOTIC: [8] Use of undefined constant email - assumed 'email' /var/www/html/Run/Cache/Home/8a45bc832d7f6bae945e16bbde2f1438.php 第 690 行.
INFO: Run Behavior\ParseTemplate [ RunTime:0.014023s ]
INFO: [ view_parse ] --END-- [ RunTime:0.014071s ]
INFO: [ view_filter ] --START--
INFO: Run Behavior\WriteHtmlCache [ RunTime:0.000082s ]
INFO: [ view_filter ] --END-- [ RunTime:0.000126s ]
INFO: [ app_end ] --START--
INFO: Run Behavior\ShowPageTrace [ RunTime:0.000300s ]
INFO: [ app_end ] --END-- [ RunTime:0.000354s ]

[ 2015-12-25T21:39:07+08:00 ] 223.73.2.100 /User/login.html?md=min
INFO: [ app_init ] --START--
INFO: Run Common\Behavior\InitHook [ RunTime:0.000736s ]
INFO: [ app_init ] --END-- [ RunTime:0.000933s ]
INFO: [ app_begin ] --START--
INFO: Run Behavior\ReadHtmlCache [ RunTime:0.000251s ]
INFO: [ app_begin ] --END-- [ RunTime:0.000303s ]
NOTIC: [2048] Declaration of Home\Controller\UserController::checkUser() should be compatible with that of Home\Controller\HomeController::checkUser() /var/www/html/App/Home/Controller/UserController.class.php 第 11 行.
NOTIC: [8] Undefined index: hash /var/www/html/App/Home/Controller/HomeController.class.php 第 51 行.
NOTIC: [8] Undefined index:  /var/www/html/App/Common/Common/custom.php 第 24 行.
NOTIC: [8] Undefined index: uid /var/www/html/App/Home/Controller/HomeController.class.php 第 128 行.
NOTIC: [8] Undefined index: status /var/www/html/App/Home/Controller/HomeController.class.php 第 129 行.
NOTIC: [8] Undefined index: type /var/www/html/App/Home/Controller/HomeController.class.php 第 130 行.
NOTIC: [8] Undefined index: nickname /var/www/html/App/Home/Controller/HomeController.class.php 第 131 行.
NOTIC: [8] Undefined index: username /var/www/html/App/Home/Controller/HomeController.class.php 第 132 行.
NOTIC: [8] Undefined index: email /var/www/html/App/Home/Controller/HomeController.class.php 第 133 行.
NOTIC: [8] Undefined index: user_status /var/www/html/App/Home/Controller/HomeController.class.php 第 134 行.
SQL: SHOW COLUMNS FROM `ez_config` [ RunTime:0.000764s ]
SQL: SELECT `type`,`name`,`value` FROM `ez_config` WHERE ( `status` = 1 )  [ RunTime:0.000425s ]
NOTIC: [2] mkdir(): No such file or directory /var/www/html/App/Home/Controller/HomeController.class.php 第 185 行.
NOTIC: [2] mkdir(): No such file or directory /var/www/html/App/Home/Controller/HomeController.class.php 第 187 行.
NOTIC: [8] Use of undefined constant IS_WAP_FACT - assumed 'IS_WAP_FACT' /var/www/html/App/Home/Controller/HomeController.class.php 第 161 行.
NOTIC: [8] Undefined index: ref /var/www/html/App/Home/Controller/UserController.class.php 第 585 行.
INFO: [ view_parse ] --START--
INFO: [ template_filter ] --START--
INFO: Run Behavior\ContentReplace [ RunTime:0.000109s ]
INFO: [ template_filter ] --END-- [ RunTime:0.000163s ]
NOTIC: [8] Undefined variable: page_title /var/www/html/Run/Cache/Home/ac277f5964a34abef899fa5429ceb409.php 第 8 行.
NOTIC: [8] Use of undefined constant md - assumed 'md' /var/www/html/Run/Cache/Home/ac277f5964a34abef899fa5429ceb409.php 第 182 行.
NOTIC: [8] Use of undefined constant md - assumed 'md' /var/www/html/Run/Cache/Home/ac277f5964a34abef899fa5429ceb409.php 第 231 行.
NOTIC: [8] Undefined variable: info /var/www/html/Run/Cache/Home/ac277f5964a34abef899fa5429ceb409.php 第 451 行.
NOTIC: [8] Use of undefined constant session - assumed 'session' /var/www/html/Run/Cache/Home/ac277f5964a34abef899fa5429ceb409.php 第 486 行.
NOTIC: [8] Undefined variable: Think /var/www/html/Run/Cache/Home/ac277f5964a34abef899fa5429ceb409.php 第 486 行.
NOTIC: [8] Use of undefined constant email - assumed 'email' /var/www/html/Run/Cache/Home/ac277f5964a34abef899fa5429ceb409.php 第 486 行.
INFO: Run Behavior\ParseTemplate [ RunTime:0.012228s ]
INFO: [ view_parse ] --END-- [ RunTime:0.012292s ]
INFO: [ view_filter ] --START--
INFO: Run Behavior\WriteHtmlCache [ RunTime:0.000095s ]
INFO: [ view_filter ] --END-- [ RunTime:0.000139s ]
INFO: [ app_end ] --START--
INFO: Run Behavior\ShowPageTrace [ RunTime:0.000260s ]
INFO: [ app_end ] --END-- [ RunTime:0.000326s ]

[ 2015-12-25T21:39:07+08:00 ] 223.73.2.100 /User/login.html?md=min
INFO: [ app_init ] --START--
INFO: Run Common\Behavior\InitHook [ RunTime:0.000759s ]
INFO: [ app_init ] --END-- [ RunTime:0.000968s ]
INFO: [ app_begin ] --START--
INFO: Run Behavior\ReadHtmlCache [ RunTime:0.000276s ]
INFO: [ app_begin ] --END-- [ RunTime:0.000330s ]
NOTIC: [2048] Declaration of Home\Controller\UserController::checkUser() should be compatible with that of Home\Controller\HomeController::checkUser() /var/www/html/App/Home/Controller/UserController.class.php 第 11 行.
NOTIC: [8] Undefined index: hash /var/www/html/App/Home/Controller/HomeController.class.php 第 51 行.
NOTIC: [8] Undefined index:  /var/www/html/App/Common/Common/custom.php 第 24 行.
NOTIC: [8] Undefined index: uid /var/www/html/App/Home/Controller/HomeController.class.php 第 128 行.
NOTIC: [8] Undefined index: status /var/www/html/App/Home/Controller/HomeController.class.php 第 129 行.
NOTIC: [8] Undefined index: type /var/www/html/App/Home/Controller/HomeController.class.php 第 130 行.
NOTIC: [8] Undefined index: nickname /var/www/html/App/Home/Controller/HomeController.class.php 第 131 行.
NOTIC: [8] Undefined index: username /var/www/html/App/Home/Controller/HomeController.class.php 第 132 行.
NOTIC: [8] Undefined index: email /var/www/html/App/Home/Controller/HomeController.class.php 第 133 行.
NOTIC: [8] Undefined index: user_status /var/www/html/App/Home/Controller/HomeController.class.php 第 134 行.
SQL: SHOW COLUMNS FROM `ez_config` [ RunTime:0.000854s ]
SQL: SELECT `type`,`name`,`value` FROM `ez_config` WHERE ( `status` = 1 )  [ RunTime:0.000470s ]
NOTIC: [2] mkdir(): No such file or directory /var/www/html/App/Home/Controller/HomeController.class.php 第 185 行.
NOTIC: [2] mkdir(): No such file or directory /var/www/html/App/Home/Controller/HomeController.class.php 第 187 行.
NOTIC: [8] Use of undefined constant IS_WAP_FACT - assumed 'IS_WAP_FACT' /var/www/html/App/Home/Controller/HomeController.class.php 第 161 行.
NOTIC: [8] Undefined index: ref /var/www/html/App/Home/Controller/UserController.class.php 第 585 行.
INFO: [ view_parse ] --START--
INFO: [ template_filter ] --START--
INFO: Run Behavior\ContentReplace [ RunTime:0.000110s ]
INFO: [ template_filter ] --END-- [ RunTime:0.000177s ]
NOTIC: [8] Undefined variable: page_title /var/www/html/Run/Cache/Home/ac277f5964a34abef899fa5429ceb409.php 第 8 行.
NOTIC: [8] Use of undefined constant md - assumed 'md' /var/www/html/Run/Cache/Home/ac277f5964a34abef899fa5429ceb409.php 第 182 行.
NOTIC: [8] Use of undefined constant md - assumed 'md' /var/www/html/Run/Cache/Home/ac277f5964a34abef899fa5429ceb409.php 第 231 行.
NOTIC: [8] Undefined variable: info /var/www/html/Run/Cache/Home/ac277f5964a34abef899fa5429ceb409.php 第 451 行.
NOTIC: [8] Use of undefined constant session - assumed 'session' /var/www/html/Run/Cache/Home/ac277f5964a34abef899fa5429ceb409.php 第 486 行.
NOTIC: [8] Undefined variable: Think /var/www/html/Run/Cache/Home/ac277f5964a34abef899fa5429ceb409.php 第 486 行.
NOTIC: [8] Use of undefined constant email - assumed 'email' /var/www/html/Run/Cache/Home/ac277f5964a34abef899fa5429ceb409.php 第 486 行.
INFO: Run Behavior\ParseTemplate [ RunTime:0.012193s ]
INFO: [ view_parse ] --END-- [ RunTime:0.012241s ]
INFO: [ view_filter ] --START--
INFO: Run Behavior\WriteHtmlCache [ RunTime:0.000081s ]
INFO: [ view_filter ] --END-- [ RunTime:0.000125s ]
INFO: [ app_end ] --START--
INFO: Run Behavior\ShowPageTrace [ RunTime:0.000272s ]
INFO: [ app_end ] --END-- [ RunTime:0.000337s ]

[ 2015-12-25T21:46:58+08:00 ] 37.186.67.85 /
INFO: [ app_init ] --START--
INFO: Run Common\Behavior\InitHook [ RunTime:0.000752s ]
INFO: [ app_init ] --END-- [ RunTime:0.000989s ]
INFO: [ app_begin ] --START--
INFO: Run Behavior\ReadHtmlCache [ RunTime:0.000249s ]
INFO: [ app_begin ] --END-- [ RunTime:0.000304s ]
NOTIC: [8] Undefined index: hash /var/www/html/App/Home/Controller/HomeController.class.php 第 51 行.
NOTIC: [8] Undefined index:  /var/www/html/App/Common/Common/custom.php 第 24 行.
NOTIC: [8] Undefined index: uid /var/www/html/App/Home/Controller/HomeController.class.php 第 128 行.
NOTIC: [8] Undefined index: status /var/www/html/App/Home/Controller/HomeController.class.php 第 129 行.
NOTIC: [8] Undefined index: type /var/www/html/App/Home/Controller/HomeController.class.php 第 130 行.
NOTIC: [8] Undefined index: nickname /var/www/html/App/Home/Controller/HomeController.class.php 第 131 行.
NOTIC: [8] Undefined index: username /var/www/html/App/Home/Controller/HomeController.class.php 第 132 行.
NOTIC: [8] Undefined index: email /var/www/html/App/Home/Controller/HomeController.class.php 第 133 行.
NOTIC: [8] Undefined index: user_status /var/www/html/App/Home/Controller/HomeController.class.php 第 134 行.
SQL: SHOW COLUMNS FROM `ez_config` [ RunTime:0.001128s ]
SQL: SELECT `type`,`name`,`value` FROM `ez_config` WHERE ( `status` = 1 )  [ RunTime:0.000434s ]
NOTIC: [2] mkdir(): No such file or directory /var/www/html/App/Home/Controller/HomeController.class.php 第 185 行.
NOTIC: [2] mkdir(): No such file or directory /var/www/html/App/Home/Controller/HomeController.class.php 第 187 行.
NOTIC: [8] Use of undefined constant IS_WAP_FACT - assumed 'IS_WAP_FACT' /var/www/html/App/Home/Controller/HomeController.class.php 第 161 行.
SQL: SHOW COLUMNS FROM `ez_company` [ RunTime:0.001134s ]
SQL: SHOW COLUMNS FROM `ez_company` [ RunTime:0.001170s ]
SQL: SELECT m.*,c.* FROM ez_company c left JOIN ez_member m on c.cuid = m.uid  WHERE ( c.tj_index = 1 ) ORDER BY c.sn asc,c.hits desc LIMIT 0,5   [ RunTime:0.000926s ]
SQL: SHOW COLUMNS FROM `ez_jobs` [ RunTime:0.001474s ]
NOTIC: [8] Undefined index: only_get_count /var/www/html/App/Home/Controller/HomeController.class.php 第 1020 行.
SQL: SHOW COLUMNS FROM `ez_jobs` [ RunTime:0.000999s ]
SQL: SELECT j.*,j.addtime as job_addtime,m.*,um.email,c.* FROM ez_jobs j left JOIN ez_ucenter_member um on j.uid = um.id left JOIN ez_member m on m.uid = j.uid left JOIN ez_company c on m.com_id = c.com_id  WHERE ( j.status = 1 ) AND ( j.tj_index = 1 ) ORDER BY j.sn asc,j.hits desc LIMIT 0,20   [ RunTime:0.000837s ]
INFO: [ view_parse ] --START--
INFO: [ template_filter ] --START--
INFO: Run Behavior\ContentReplace [ RunTime:0.000052s ]
INFO: [ template_filter ] --END-- [ RunTime:0.000105s ]
INFO: Run Behavior\ParseTemplate [ RunTime:0.004353s ]
INFO: [ view_parse ] --END-- [ RunTime:0.004408s ]
INFO: [ view_filter ] --START--
INFO: Run Behavior\WriteHtmlCache [ RunTime:0.000080s ]
INFO: [ view_filter ] --END-- [ RunTime:0.000123s ]
INFO: [ app_end ] --START--
INFO: Run Behavior\ShowPageTrace [ RunTime:0.000275s ]
INFO: [ app_end ] --END-- [ RunTime:0.000323s ]

[ 2015-12-25T22:00:02+08:00 ] 203.195.169.117 /Cronjob/sendNextDayInterview
INFO: [ app_init ] --START--
INFO: Run Common\Behavior\InitHook [ RunTime:0.001175s ]
INFO: [ app_init ] --END-- [ RunTime:0.001486s ]
INFO: [ app_begin ] --START--
INFO: Run Behavior\ReadHtmlCache [ RunTime:0.000425s ]
INFO: [ app_begin ] --END-- [ RunTime:0.000504s ]
NOTIC: [8] Undefined index: hash /var/www/html/App/Home/Controller/HomeController.class.php 第 51 行.
NOTIC: [8] Undefined index:  /var/www/html/App/Common/Common/custom.php 第 24 行.
NOTIC: [8] Undefined index: uid /var/www/html/App/Home/Controller/HomeController.class.php 第 128 行.
NOTIC: [8] Undefined index: status /var/www/html/App/Home/Controller/HomeController.class.php 第 129 行.
NOTIC: [8] Undefined index: type /var/www/html/App/Home/Controller/HomeController.class.php 第 130 行.
NOTIC: [8] Undefined index: nickname /var/www/html/App/Home/Controller/HomeController.class.php 第 131 行.
NOTIC: [8] Undefined index: username /var/www/html/App/Home/Controller/HomeController.class.php 第 132 行.
NOTIC: [8] Undefined index: email /var/www/html/App/Home/Controller/HomeController.class.php 第 133 行.
NOTIC: [8] Undefined index: user_status /var/www/html/App/Home/Controller/HomeController.class.php 第 134 行.
SQL: SHOW COLUMNS FROM `ez_config` [ RunTime:0.001088s ]
SQL: SELECT `type`,`name`,`value` FROM `ez_config` WHERE ( `status` = 1 )  [ RunTime:0.000611s ]
NOTIC: [2] mkdir(): No such file or directory /var/www/html/App/Home/Controller/HomeController.class.php 第 185 行.
NOTIC: [2] mkdir(): No such file or directory /var/www/html/App/Home/Controller/HomeController.class.php 第 187 行.
NOTIC: [8] Use of undefined constant IS_WAP_FACT - assumed 'IS_WAP_FACT' /var/www/html/App/Home/Controller/HomeController.class.php 第 161 行.
SQL: SHOW COLUMNS FROM `ez_jobs_apply` [ RunTime:0.000913s ]
SQL: SELECT * FROM `ez_jobs_apply` WHERE ( status=1 and is_send_tpl_msg=0 and interviewTime>='2015-12-26' and interviewTime<'2015-12-26 23:00:02'  )  [ RunTime:0.000592s ]
NOTIC: [2] Invalid argument supplied for foreach() /var/www/html/App/Home/Controller/CronjobController.class.php 第 43 行.
SQL: SHOW COLUMNS FROM `ez_wx_log` [ RunTime:0.000753s ]
SQL: INSERT INTO `ez_wx_log` (`yid`,`post`,`reply`,`type`,`event`,`openid`,`keyword`,`add_time`) VALUES ('cwxu','cron_job',0,'c','c','c','c','2015-12-25 22:00:02') [ RunTime:0.000457s ]

[ 2015-12-25T22:05:18+08:00 ] 201.79.99.222 /
INFO: [ app_init ] --START--
INFO: Run Common\Behavior\InitHook [ RunTime:0.000752s ]
INFO: [ app_init ] --END-- [ RunTime:0.000986s ]
INFO: [ app_begin ] --START--
INFO: Run Behavior\ReadHtmlCache [ RunTime:0.000244s ]
INFO: [ app_begin ] --END-- [ RunTime:0.000296s ]
NOTIC: [8] Undefined index: hash /var/www/html/App/Home/Controller/HomeController.class.php 第 51 行.
NOTIC: [8] Undefined index:  /var/www/html/App/Common/Common/custom.php 第 24 行.
NOTIC: [8] Undefined index: uid /var/www/html/App/Home/Controller/HomeController.class.php 第 128 行.
NOTIC: [8] Undefined index: status /var/www/html/App/Home/Controller/HomeController.class.php 第 129 行.
NOTIC: [8] Undefined index: type /var/www/html/App/Home/Controller/HomeController.class.php 第 130 行.
NOTIC: [8] Undefined index: nickname /var/www/html/App/Home/Controller/HomeController.class.php 第 131 行.
NOTIC: [8] Undefined index: username /var/www/html/App/Home/Controller/HomeController.class.php 第 132 行.
NOTIC: [8] Undefined index: email /var/www/html/App/Home/Controller/HomeController.class.php 第 133 行.
NOTIC: [8] Undefined index: user_status /var/www/html/App/Home/Controller/HomeController.class.php 第 134 行.
SQL: SHOW COLUMNS FROM `ez_config` [ RunTime:0.000883s ]
SQL: SELECT `type`,`name`,`value` FROM `ez_config` WHERE ( `status` = 1 )  [ RunTime:0.000540s ]
NOTIC: [2] mkdir(): No such file or directory /var/www/html/App/Home/Controller/HomeController.class.php 第 185 行.
NOTIC: [2] mkdir(): No such file or directory /var/www/html/App/Home/Controller/HomeController.class.php 第 187 行.
NOTIC: [8] Use of undefined constant IS_WAP_FACT - assumed 'IS_WAP_FACT' /var/www/html/App/Home/Controller/HomeController.class.php 第 161 行.
SQL: SHOW COLUMNS FROM `ez_company` [ RunTime:0.001238s ]
SQL: SHOW COLUMNS FROM `ez_company` [ RunTime:0.001075s ]
SQL: SELECT m.*,c.* FROM ez_company c left JOIN ez_member m on c.cuid = m.uid  WHERE ( c.tj_index = 1 ) ORDER BY c.sn asc,c.hits desc LIMIT 0,5   [ RunTime:0.000857s ]
SQL: SHOW COLUMNS FROM `ez_jobs` [ RunTime:0.001265s ]
NOTIC: [8] Undefined index: only_get_count /var/www/html/App/Home/Controller/HomeController.class.php 第 1020 行.
SQL: SHOW COLUMNS FROM `ez_jobs` [ RunTime:0.001344s ]
SQL: SELECT j.*,j.addtime as job_addtime,m.*,um.email,c.* FROM ez_jobs j left JOIN ez_ucenter_member um on j.uid = um.id left JOIN ez_member m on m.uid = j.uid left JOIN ez_company c on m.com_id = c.com_id  WHERE ( j.status = 1 ) AND ( j.tj_index = 1 ) ORDER BY j.sn asc,j.hits desc LIMIT 0,20   [ RunTime:0.000762s ]
INFO: [ view_parse ] --START--
INFO: [ template_filter ] --START--
INFO: Run Behavior\ContentReplace [ RunTime:0.000036s ]
INFO: [ template_filter ] --END-- [ RunTime:0.000090s ]
INFO: Run Behavior\ParseTemplate [ RunTime:0.004037s ]
INFO: [ view_parse ] --END-- [ RunTime:0.004088s ]
INFO: [ view_filter ] --START--
INFO: Run Behavior\WriteHtmlCache [ RunTime:0.000079s ]
INFO: [ view_filter ] --END-- [ RunTime:0.000122s ]
INFO: [ app_end ] --START--
INFO: Run Behavior\ShowPageTrace [ RunTime:0.000260s ]
INFO: [ app_end ] --END-- [ RunTime:0.000307s ]

[ 2015-12-25T22:24:52+08:00 ] 66.249.73.228 /robots.txt
INFO: [ app_init ] --START--
INFO: Run Common\Behavior\InitHook [ RunTime:0.001095s ]
INFO: [ app_init ] --END-- [ RunTime:0.001379s ]
INFO: [ app_begin ] --START--
INFO: Run Behavior\ReadHtmlCache [ RunTime:0.000369s ]
INFO: [ app_begin ] --END-- [ RunTime:0.000444s ]
NOTIC: [8] Undefined index: hash /var/www/html/App/Home/Controller/HomeController.class.php 第 51 行.
NOTIC: [8] Undefined index:  /var/www/html/App/Common/Common/custom.php 第 24 行.
NOTIC: [8] Undefined index: uid /var/www/html/App/Home/Controller/HomeController.class.php 第 128 行.
NOTIC: [8] Undefined index: status /var/www/html/App/Home/Controller/HomeController.class.php 第 129 行.
NOTIC: [8] Undefined index: type /var/www/html/App/Home/Controller/HomeController.class.php 第 130 行.
NOTIC: [8] Undefined index: nickname /var/www/html/App/Home/Controller/HomeController.class.php 第 131 行.
NOTIC: [8] Undefined index: username /var/www/html/App/Home/Controller/HomeController.class.php 第 132 行.
NOTIC: [8] Undefined index: email /var/www/html/App/Home/Controller/HomeController.class.php 第 133 行.
NOTIC: [8] Undefined index: user_status /var/www/html/App/Home/Controller/HomeController.class.php 第 134 行.
SQL: SHOW COLUMNS FROM `ez_config` [ RunTime:0.000743s ]
SQL: SELECT `type`,`name`,`value` FROM `ez_config` WHERE ( `status` = 1 )  [ RunTime:0.002993s ]
NOTIC: [2] mkdir(): No such file or directory /var/www/html/App/Home/Controller/HomeController.class.php 第 185 行.
NOTIC: [2] mkdir(): No such file or directory /var/www/html/App/Home/Controller/HomeController.class.php 第 187 行.
NOTIC: [8] Use of undefined constant IS_WAP_FACT - assumed 'IS_WAP_FACT' /var/www/html/App/Home/Controller/HomeController.class.php 第 161 行.
INFO: [ view_parse ] --START--
INFO: [ template_filter ] --START--
INFO: Run Behavior\ContentReplace [ RunTime:0.000035s ]
INFO: [ template_filter ] --END-- [ RunTime:0.000086s ]
INFO: Run Behavior\ParseTemplate [ RunTime:0.009926s ]
INFO: [ view_parse ] --END-- [ RunTime:0.009976s ]
INFO: [ view_filter ] --START--
INFO: Run Behavior\WriteHtmlCache [ RunTime:0.000079s ]
INFO: [ view_filter ] --END-- [ RunTime:0.000122s ]
INFO: [ app_end ] --START--
INFO: Run Behavior\ShowPageTrace [ RunTime:0.000316s ]
INFO: [ app_end ] --END-- [ RunTime:0.000365s ]

[ 2015-12-25T22:24:52+08:00 ] 66.249.73.220 /
INFO: [ app_init ] --START--
INFO: Run Common\Behavior\InitHook [ RunTime:0.000720s ]
INFO: [ app_init ] --END-- [ RunTime:0.000946s ]
INFO: [ app_begin ] --START--
INFO: Run Behavior\ReadHtmlCache [ RunTime:0.000253s ]
INFO: [ app_begin ] --END-- [ RunTime:0.000308s ]
NOTIC: [8] Undefined index: hash /var/www/html/App/Home/Controller/HomeController.class.php 第 51 行.
NOTIC: [8] Undefined index:  /var/www/html/App/Common/Common/custom.php 第 24 行.
NOTIC: [8] Undefined index: uid /var/www/html/App/Home/Controller/HomeController.class.php 第 128 行.
NOTIC: [8] Undefined index: status /var/www/html/App/Home/Controller/HomeController.class.php 第 129 行.
NOTIC: [8] Undefined index: type /var/www/html/App/Home/Controller/HomeController.class.php 第 130 行.
NOTIC: [8] Undefined index: nickname /var/www/html/App/Home/Controller/HomeController.class.php 第 131 行.
NOTIC: [8] Undefined index: username /var/www/html/App/Home/Controller/HomeController.class.php 第 132 行.
NOTIC: [8] Undefined index: email /var/www/html/App/Home/Controller/HomeController.class.php 第 133 行.
NOTIC: [8] Undefined index: user_status /var/www/html/App/Home/Controller/HomeController.class.php 第 134 行.
SQL: SHOW COLUMNS FROM `ez_config` [ RunTime:0.000932s ]
SQL: SELECT `type`,`name`,`value` FROM `ez_config` WHERE ( `status` = 1 )  [ RunTime:0.000489s ]
NOTIC: [2] mkdir(): No such file or directory /var/www/html/App/Home/Controller/HomeController.class.php 第 185 行.
NOTIC: [2] mkdir(): No such file or directory /var/www/html/App/Home/Controller/HomeController.class.php 第 187 行.
NOTIC: [8] Use of undefined constant IS_WAP_FACT - assumed 'IS_WAP_FACT' /var/www/html/App/Home/Controller/HomeController.class.php 第 161 行.
SQL: SHOW COLUMNS FROM `ez_company` [ RunTime:0.001196s ]
SQL: SHOW COLUMNS FROM `ez_company` [ RunTime:0.001079s ]
SQL: SELECT m.*,c.* FROM ez_company c left JOIN ez_member m on c.cuid = m.uid  WHERE ( c.tj_index = 1 ) ORDER BY c.sn asc,c.hits desc LIMIT 0,5   [ RunTime:0.000924s ]
SQL: SHOW COLUMNS FROM `ez_jobs` [ RunTime:0.001291s ]
NOTIC: [8] Undefined index: only_get_count /var/www/html/App/Home/Controller/HomeController.class.php 第 1020 行.
SQL: SHOW COLUMNS FROM `ez_jobs` [ RunTime:0.001213s ]
SQL: SELECT j.*,j.addtime as job_addtime,m.*,um.email,c.* FROM ez_jobs j left JOIN ez_ucenter_member um on j.uid = um.id left JOIN ez_member m on m.uid = j.uid left JOIN ez_company c on m.com_id = c.com_id  WHERE ( j.status = 1 ) AND ( j.tj_index = 1 ) ORDER BY j.sn asc,j.hits desc LIMIT 0,20   [ RunTime:0.000716s ]
INFO: [ view_parse ] --START--
INFO: [ template_filter ] --START--
INFO: Run Behavior\ContentReplace [ RunTime:0.000037s ]
INFO: [ template_filter ] --END-- [ RunTime:0.000092s ]
INFO: Run Behavior\ParseTemplate [ RunTime:0.004038s ]
INFO: [ view_parse ] --END-- [ RunTime:0.004102s ]
INFO: [ view_filter ] --START--
INFO: Run Behavior\WriteHtmlCache [ RunTime:0.000080s ]
INFO: [ view_filter ] --END-- [ RunTime:0.000124s ]
INFO: [ app_end ] --START--
INFO: Run Behavior\ShowPageTrace [ RunTime:0.000256s ]
INFO: [ app_end ] --END-- [ RunTime:0.000302s ]

[ 2015-12-25T22:25:10+08:00 ] 123.125.71.88 /
INFO: [ app_init ] --START--
INFO: Run Common\Behavior\InitHook [ RunTime:0.000777s ]
INFO: [ app_init ] --END-- [ RunTime:0.000979s ]
INFO: [ app_begin ] --START--
INFO: Run Behavior\ReadHtmlCache [ RunTime:0.000267s ]
INFO: [ app_begin ] --END-- [ RunTime:0.000322s ]
NOTIC: [8] Undefined index: hash /var/www/html/App/Home/Controller/HomeController.class.php 第 51 行.
NOTIC: [8] Undefined index:  /var/www/html/App/Common/Common/custom.php 第 24 行.
NOTIC: [8] Undefined index: uid /var/www/html/App/Home/Controller/HomeController.class.php 第 128 行.
NOTIC: [8] Undefined index: status /var/www/html/App/Home/Controller/HomeController.class.php 第 129 行.
NOTIC: [8] Undefined index: type /var/www/html/App/Home/Controller/HomeController.class.php 第 130 行.
NOTIC: [8] Undefined index: nickname /var/www/html/App/Home/Controller/HomeController.class.php 第 131 行.
NOTIC: [8] Undefined index: username /var/www/html/App/Home/Controller/HomeController.class.php 第 132 行.
NOTIC: [8] Undefined index: email /var/www/html/App/Home/Controller/HomeController.class.php 第 133 行.
NOTIC: [8] Undefined index: user_status /var/www/html/App/Home/Controller/HomeController.class.php 第 134 行.
SQL: SHOW COLUMNS FROM `ez_config` [ RunTime:0.000779s ]
SQL: SELECT `type`,`name`,`value` FROM `ez_config` WHERE ( `status` = 1 )  [ RunTime:0.000424s ]
NOTIC: [2] mkdir(): No such file or directory /var/www/html/App/Home/Controller/HomeController.class.php 第 185 行.
NOTIC: [2] mkdir(): No such file or directory /var/www/html/App/Home/Controller/HomeController.class.php 第 187 行.
NOTIC: [8] Use of undefined constant IS_WAP_FACT - assumed 'IS_WAP_FACT' /var/www/html/App/Home/Controller/HomeController.class.php 第 161 行.
SQL: SHOW COLUMNS FROM `ez_company` [ RunTime:0.001176s ]
SQL: SHOW COLUMNS FROM `ez_company` [ RunTime:0.000992s ]
SQL: SELECT m.*,c.* FROM ez_company c left JOIN ez_member m on c.cuid = m.uid  WHERE ( c.tj_index = 1 ) ORDER BY c.sn asc,c.hits desc LIMIT 0,5   [ RunTime:0.000952s ]
SQL: SHOW COLUMNS FROM `ez_jobs` [ RunTime:0.001405s ]
NOTIC: [8] Undefined index: only_get_count /var/www/html/App/Home/Controller/HomeController.class.php 第 1020 行.
SQL: SHOW COLUMNS FROM `ez_jobs` [ RunTime:0.001246s ]
SQL: SELECT j.*,j.addtime as job_addtime,m.*,um.email,c.* FROM ez_jobs j left JOIN ez_ucenter_member um on j.uid = um.id left JOIN ez_member m on m.uid = j.uid left JOIN ez_company c on m.com_id = c.com_id  WHERE ( j.status = 1 ) AND ( j.tj_index = 1 ) ORDER BY j.sn asc,j.hits desc LIMIT 0,20   [ RunTime:0.000689s ]
INFO: [ view_parse ] --START--
INFO: [ template_filter ] --START--
INFO: Run Behavior\ContentReplace [ RunTime:0.000045s ]
INFO: [ template_filter ] --END-- [ RunTime:0.000114s ]
INFO: Run Behavior\ParseTemplate [ RunTime:0.004353s ]
INFO: [ view_parse ] --END-- [ RunTime:0.004410s ]
INFO: [ view_filter ] --START--
INFO: Run Behavior\WriteHtmlCache [ RunTime:0.000081s ]
INFO: [ view_filter ] --END-- [ RunTime:0.000126s ]
INFO: [ app_end ] --START--
INFO: Run Behavior\ShowPageTrace [ RunTime:0.000286s ]
INFO: [ app_end ] --END-- [ RunTime:0.000335s ]

[ 2015-12-25T23:00:02+08:00 ] 203.195.169.117 /Cronjob/sendNextDayInterview
INFO: [ app_init ] --START--
INFO: Run Common\Behavior\InitHook [ RunTime:0.000742s ]
INFO: [ app_init ] --END-- [ RunTime:0.000946s ]
INFO: [ app_begin ] --START--
INFO: Run Behavior\ReadHtmlCache [ RunTime:0.000261s ]
INFO: [ app_begin ] --END-- [ RunTime:0.000314s ]
NOTIC: [8] Undefined index: hash /var/www/html/App/Home/Controller/HomeController.class.php 第 51 行.
NOTIC: [8] Undefined index:  /var/www/html/App/Common/Common/custom.php 第 24 行.
NOTIC: [8] Undefined index: uid /var/www/html/App/Home/Controller/HomeController.class.php 第 128 行.
NOTIC: [8] Undefined index: status /var/www/html/App/Home/Controller/HomeController.class.php 第 129 行.
NOTIC: [8] Undefined index: type /var/www/html/App/Home/Controller/HomeController.class.php 第 130 行.
NOTIC: [8] Undefined index: nickname /var/www/html/App/Home/Controller/HomeController.class.php 第 131 行.
NOTIC: [8] Undefined index: username /var/www/html/App/Home/Controller/HomeController.class.php 第 132 行.
NOTIC: [8] Undefined index: email /var/www/html/App/Home/Controller/HomeController.class.php 第 133 行.
NOTIC: [8] Undefined index: user_status /var/www/html/App/Home/Controller/HomeController.class.php 第 134 行.
SQL: SHOW COLUMNS FROM `ez_config` [ RunTime:0.001016s ]
SQL: SELECT `type`,`name`,`value` FROM `ez_config` WHERE ( `status` = 1 )  [ RunTime:0.000746s ]
NOTIC: [2] mkdir(): No such file or directory /var/www/html/App/Home/Controller/HomeController.class.php 第 185 行.
NOTIC: [2] mkdir(): No such file or directory /var/www/html/App/Home/Controller/HomeController.class.php 第 187 行.
NOTIC: [8] Use of undefined constant IS_WAP_FACT - assumed 'IS_WAP_FACT' /var/www/html/App/Home/Controller/HomeController.class.php 第 161 行.
SQL: SHOW COLUMNS FROM `ez_jobs_apply` [ RunTime:0.001137s ]
SQL: SELECT * FROM `ez_jobs_apply` WHERE ( status=1 and is_send_tpl_msg=0 and interviewTime>='2015-12-26' and interviewTime<'2015-12-27 00:00:02'  )  [ RunTime:0.000742s ]
NOTIC: [2] Invalid argument supplied for foreach() /var/www/html/App/Home/Controller/CronjobController.class.php 第 43 行.
SQL: SHOW COLUMNS FROM `ez_wx_log` [ RunTime:0.000931s ]
SQL: INSERT INTO `ez_wx_log` (`yid`,`post`,`reply`,`type`,`event`,`openid`,`keyword`,`add_time`) VALUES ('cwxu','cron_job',0,'c','c','c','c','2015-12-25 23:00:02') [ RunTime:0.000486s ]

[ 2015-12-25T23:04:21+08:00 ] 66.249.73.234 /robots.txt
INFO: [ app_init ] --START--
INFO: Run Common\Behavior\InitHook [ RunTime:0.000772s ]
INFO: [ app_init ] --END-- [ RunTime:0.000972s ]
INFO: [ app_begin ] --START--
INFO: Run Behavior\ReadHtmlCache [ RunTime:0.000281s ]
INFO: [ app_begin ] --END-- [ RunTime:0.000334s ]
NOTIC: [8] Undefined index: hash /var/www/html/App/Home/Controller/HomeController.class.php 第 51 行.
NOTIC: [8] Undefined index:  /var/www/html/App/Common/Common/custom.php 第 24 行.
NOTIC: [8] Undefined index: uid /var/www/html/App/Home/Controller/HomeController.class.php 第 128 行.
NOTIC: [8] Undefined index: status /var/www/html/App/Home/Controller/HomeController.class.php 第 129 行.
NOTIC: [8] Undefined index: type /var/www/html/App/Home/Controller/HomeController.class.php 第 130 行.
NOTIC: [8] Undefined index: nickname /var/www/html/App/Home/Controller/HomeController.class.php 第 131 行.
NOTIC: [8] Undefined index: username /var/www/html/App/Home/Controller/HomeController.class.php 第 132 行.
NOTIC: [8] Undefined index: email /var/www/html/App/Home/Controller/HomeController.class.php 第 133 行.
NOTIC: [8] Undefined index: user_status /var/www/html/App/Home/Controller/HomeController.class.php 第 134 行.
SQL: SHOW COLUMNS FROM `ez_config` [ RunTime:0.000795s ]
SQL: SELECT `type`,`name`,`value` FROM `ez_config` WHERE ( `status` = 1 )  [ RunTime:0.000468s ]
NOTIC: [2] mkdir(): No such file or directory /var/www/html/App/Home/Controller/HomeController.class.php 第 185 行.
NOTIC: [2] mkdir(): No such file or directory /var/www/html/App/Home/Controller/HomeController.class.php 第 187 行.
NOTIC: [8] Use of undefined constant IS_WAP_FACT - assumed 'IS_WAP_FACT' /var/www/html/App/Home/Controller/HomeController.class.php 第 161 行.
INFO: [ view_parse ] --START--
INFO: [ template_filter ] --START--
INFO: Run Behavior\ContentReplace [ RunTime:0.000035s ]
INFO: [ template_filter ] --END-- [ RunTime:0.000087s ]
INFO: Run Behavior\ParseTemplate [ RunTime:0.004125s ]
INFO: [ view_parse ] --END-- [ RunTime:0.004176s ]
INFO: [ view_filter ] --START--
INFO: Run Behavior\WriteHtmlCache [ RunTime:0.000079s ]
INFO: [ view_filter ] --END-- [ RunTime:0.000122s ]
INFO: [ app_end ] --START--
INFO: Run Behavior\ShowPageTrace [ RunTime:0.000319s ]
INFO: [ app_end ] --END-- [ RunTime:0.000367s ]

[ 2015-12-25T23:04:22+08:00 ] 66.249.73.226 /
INFO: [ app_init ] --START--
INFO: Run Common\Behavior\InitHook [ RunTime:0.000760s ]
INFO: [ app_init ] --END-- [ RunTime:0.000975s ]
INFO: [ app_begin ] --START--
INFO: Run Behavior\ReadHtmlCache [ RunTime:0.000271s ]
INFO: [ app_begin ] --END-- [ RunTime:0.000324s ]
NOTIC: [8] Undefined index: hash /var/www/html/App/Home/Controller/HomeController.class.php 第 51 行.
NOTIC: [8] Undefined index:  /var/www/html/App/Common/Common/custom.php 第 24 行.
NOTIC: [8] Undefined index: uid /var/www/html/App/Home/Controller/HomeController.class.php 第 128 行.
NOTIC: [8] Undefined index: status /var/www/html/App/Home/Controller/HomeController.class.php 第 129 行.
NOTIC: [8] Undefined index: type /var/www/html/App/Home/Controller/HomeController.class.php 第 130 行.
NOTIC: [8] Undefined index: nickname /var/www/html/App/Home/Controller/HomeController.class.php 第 131 行.
NOTIC: [8] Undefined index: username /var/www/html/App/Home/Controller/HomeController.class.php 第 132 行.
NOTIC: [8] Undefined index: email /var/www/html/App/Home/Controller/HomeController.class.php 第 133 行.
NOTIC: [8] Undefined index: user_status /var/www/html/App/Home/Controller/HomeController.class.php 第 134 行.
SQL: SHOW COLUMNS FROM `ez_config` [ RunTime:0.000732s ]
SQL: SELECT `type`,`name`,`value` FROM `ez_config` WHERE ( `status` = 1 )  [ RunTime:0.000426s ]
NOTIC: [2] mkdir(): No such file or directory /var/www/html/App/Home/Controller/HomeController.class.php 第 185 行.
NOTIC: [2] mkdir(): No such file or directory /var/www/html/App/Home/Controller/HomeController.class.php 第 187 行.
NOTIC: [8] Use of undefined constant IS_WAP_FACT - assumed 'IS_WAP_FACT' /var/www/html/App/Home/Controller/HomeController.class.php 第 161 行.
SQL: SHOW COLUMNS FROM `ez_company` [ RunTime:0.000807s ]
SQL: SHOW COLUMNS FROM `ez_company` [ RunTime:0.000718s ]
SQL: SELECT m.*,c.* FROM ez_company c left JOIN ez_member m on c.cuid = m.uid  WHERE ( c.tj_index = 1 ) ORDER BY c.sn asc,c.hits desc LIMIT 0,5   [ RunTime:0.000754s ]
SQL: SHOW COLUMNS FROM `ez_jobs` [ RunTime:0.000868s ]
NOTIC: [8] Undefined index: only_get_count /var/www/html/App/Home/Controller/HomeController.class.php 第 1020 行.
SQL: SHOW COLUMNS FROM `ez_jobs` [ RunTime:0.000810s ]
SQL: SELECT j.*,j.addtime as job_addtime,m.*,um.email,c.* FROM ez_jobs j left JOIN ez_ucenter_member um on j.uid = um.id left JOIN ez_member m on m.uid = j.uid left JOIN ez_company c on m.com_id = c.com_id  WHERE ( j.status = 1 ) AND ( j.tj_index = 1 ) ORDER BY j.sn asc,j.hits desc LIMIT 0,20   [ RunTime:0.000583s ]
INFO: [ view_parse ] --START--
INFO: [ template_filter ] --START--
INFO: Run Behavior\ContentReplace [ RunTime:0.000037s ]
INFO: [ template_filter ] --END-- [ RunTime:0.000091s ]
INFO: Run Behavior\ParseTemplate [ RunTime:0.004126s ]
INFO: [ view_parse ] --END-- [ RunTime:0.004179s ]
INFO: [ view_filter ] --START--
INFO: Run Behavior\WriteHtmlCache [ RunTime:0.000080s ]
INFO: [ view_filter ] --END-- [ RunTime:0.000123s ]
INFO: [ app_end ] --START--
INFO: Run Behavior\ShowPageTrace [ RunTime:0.000286s ]
INFO: [ app_end ] --END-- [ RunTime:0.000338s ]

[ 2015-12-25T23:13:54+08:00 ] 61.160.213.110 http://www.jobsminer.cc/
INFO: [ app_init ] --START--
INFO: Run Common\Behavior\InitHook [ RunTime:0.000764s ]
INFO: [ app_init ] --END-- [ RunTime:0.000990s ]
INFO: [ app_begin ] --START--
INFO: Run Behavior\ReadHtmlCache [ RunTime:0.000245s ]
INFO: [ app_begin ] --END-- [ RunTime:0.000301s ]
NOTIC: [8] Undefined index: hash /var/www/html/App/Home/Controller/HomeController.class.php 第 51 行.
NOTIC: [8] Undefined index:  /var/www/html/App/Common/Common/custom.php 第 24 行.
NOTIC: [8] Undefined index: uid /var/www/html/App/Home/Controller/HomeController.class.php 第 128 行.
NOTIC: [8] Undefined index: status /var/www/html/App/Home/Controller/HomeController.class.php 第 129 行.
NOTIC: [8] Undefined index: type /var/www/html/App/Home/Controller/HomeController.class.php 第 130 行.
NOTIC: [8] Undefined index: nickname /var/www/html/App/Home/Controller/HomeController.class.php 第 131 行.
NOTIC: [8] Undefined index: username /var/www/html/App/Home/Controller/HomeController.class.php 第 132 行.
NOTIC: [8] Undefined index: email /var/www/html/App/Home/Controller/HomeController.class.php 第 133 行.
NOTIC: [8] Undefined index: user_status /var/www/html/App/Home/Controller/HomeController.class.php 第 134 行.
SQL: SHOW COLUMNS FROM `ez_config` [ RunTime:0.000907s ]
SQL: SELECT `type`,`name`,`value` FROM `ez_config` WHERE ( `status` = 1 )  [ RunTime:0.000458s ]
NOTIC: [2] mkdir(): No such file or directory /var/www/html/App/Home/Controller/HomeController.class.php 第 185 行.
NOTIC: [2] mkdir(): No such file or directory /var/www/html/App/Home/Controller/HomeController.class.php 第 187 行.
NOTIC: [8] Use of undefined constant IS_WAP_FACT - assumed 'IS_WAP_FACT' /var/www/html/App/Home/Controller/HomeController.class.php 第 161 行.
SQL: SHOW COLUMNS FROM `ez_company` [ RunTime:0.001216s ]
SQL: SHOW COLUMNS FROM `ez_company` [ RunTime:0.001117s ]
SQL: SELECT m.*,c.* FROM ez_company c left JOIN ez_member m on c.cuid = m.uid  WHERE ( c.tj_index = 1 ) ORDER BY c.sn asc,c.hits desc LIMIT 0,5   [ RunTime:0.000934s ]
SQL: SHOW COLUMNS FROM `ez_jobs` [ RunTime:0.001283s ]
NOTIC: [8] Undefined index: only_get_count /var/www/html/App/Home/Controller/HomeController.class.php 第 1020 行.
SQL: SHOW COLUMNS FROM `ez_jobs` [ RunTime:0.001161s ]
SQL: SELECT j.*,j.addtime as job_addtime,m.*,um.email,c.* FROM ez_jobs j left JOIN ez_ucenter_member um on j.uid = um.id left JOIN ez_member m on m.uid = j.uid left JOIN ez_company c on m.com_id = c.com_id  WHERE ( j.status = 1 ) AND ( j.tj_index = 1 ) ORDER BY j.sn asc,j.hits desc LIMIT 0,20   [ RunTime:0.000744s ]
INFO: [ view_parse ] --START--
INFO: [ template_filter ] --START--
INFO: Run Behavior\ContentReplace [ RunTime:0.000035s ]
INFO: [ template_filter ] --END-- [ RunTime:0.000089s ]
INFO: Run Behavior\ParseTemplate [ RunTime:0.004069s ]
INFO: [ view_parse ] --END-- [ RunTime:0.004122s ]
INFO: [ view_filter ] --START--
INFO: Run Behavior\WriteHtmlCache [ RunTime:0.000079s ]
INFO: [ view_filter ] --END-- [ RunTime:0.000123s ]
INFO: [ app_end ] --START--
INFO: Run Behavior\ShowPageTrace [ RunTime:0.000276s ]
INFO: [ app_end ] --END-- [ RunTime:0.000322s ]

[ 2015-12-25T23:18:11+08:00 ] 189.238.34.114 /
INFO: [ app_init ] --START--
INFO: Run Common\Behavior\InitHook [ RunTime:0.000759s ]
INFO: [ app_init ] --END-- [ RunTime:0.000957s ]
INFO: [ app_begin ] --START--
INFO: Run Behavior\ReadHtmlCache [ RunTime:0.000270s ]
INFO: [ app_begin ] --END-- [ RunTime:0.000323s ]
NOTIC: [8] Undefined index: hash /var/www/html/App/Home/Controller/HomeController.class.php 第 51 行.
NOTIC: [8] Undefined index:  /var/www/html/App/Common/Common/custom.php 第 24 行.
NOTIC: [8] Undefined index: uid /var/www/html/App/Home/Controller/HomeController.class.php 第 128 行.
NOTIC: [8] Undefined index: status /var/www/html/App/Home/Controller/HomeController.class.php 第 129 行.
NOTIC: [8] Undefined index: type /var/www/html/App/Home/Controller/HomeController.class.php 第 130 行.
NOTIC: [8] Undefined index: nickname /var/www/html/App/Home/Controller/HomeController.class.php 第 131 行.
NOTIC: [8] Undefined index: username /var/www/html/App/Home/Controller/HomeController.class.php 第 132 行.
NOTIC: [8] Undefined index: email /var/www/html/App/Home/Controller/HomeController.class.php 第 133 行.
NOTIC: [8] Undefined index: user_status /var/www/html/App/Home/Controller/HomeController.class.php 第 134 行.
SQL: SHOW COLUMNS FROM `ez_config` [ RunTime:0.000968s ]
SQL: SELECT `type`,`name`,`value` FROM `ez_config` WHERE ( `status` = 1 )  [ RunTime:0.000530s ]
NOTIC: [2] mkdir(): No such file or directory /var/www/html/App/Home/Controller/HomeController.class.php 第 185 行.
NOTIC: [2] mkdir(): No such file or directory /var/www/html/App/Home/Controller/HomeController.class.php 第 187 行.
NOTIC: [8] Use of undefined constant IS_WAP_FACT - assumed 'IS_WAP_FACT' /var/www/html/App/Home/Controller/HomeController.class.php 第 161 行.
SQL: SHOW COLUMNS FROM `ez_company` [ RunTime:0.001167s ]
SQL: SHOW COLUMNS FROM `ez_company` [ RunTime:0.001152s ]
SQL: SELECT m.*,c.* FROM ez_company c left JOIN ez_member m on c.cuid = m.uid  WHERE ( c.tj_index = 1 ) ORDER BY c.sn asc,c.hits desc LIMIT 0,5   [ RunTime:0.000898s ]
SQL: SHOW COLUMNS FROM `ez_jobs` [ RunTime:0.001272s ]
NOTIC: [8] Undefined index: only_get_count /var/www/html/App/Home/Controller/HomeController.class.php 第 1020 行.
SQL: SHOW COLUMNS FROM `ez_jobs` [ RunTime:0.001326s ]
SQL: SELECT j.*,j.addtime as job_addtime,m.*,um.email,c.* FROM ez_jobs j left JOIN ez_ucenter_member um on j.uid = um.id left JOIN ez_member m on m.uid = j.uid left JOIN ez_company c on m.com_id = c.com_id  WHERE ( j.status = 1 ) AND ( j.tj_index = 1 ) ORDER BY j.sn asc,j.hits desc LIMIT 0,20   [ RunTime:0.000627s ]
INFO: [ view_parse ] --START--
INFO: [ template_filter ] --START--
INFO: Run Behavior\ContentReplace [ RunTime:0.000037s ]
INFO: [ template_filter ] --END-- [ RunTime:0.000090s ]
INFO: Run Behavior\ParseTemplate [ RunTime:0.004084s ]
INFO: [ view_parse ] --END-- [ RunTime:0.004136s ]
INFO: [ view_filter ] --START--
INFO: Run Behavior\WriteHtmlCache [ RunTime:0.000103s ]
INFO: [ view_filter ] --END-- [ RunTime:0.000147s ]
INFO: [ app_end ] --START--
INFO: Run Behavior\ShowPageTrace [ RunTime:0.000283s ]
INFO: [ app_end ] --END-- [ RunTime:0.000330s ]

[ 2015-12-25T23:25:39+08:00 ] 123.125.71.73 /
INFO: [ app_init ] --START--
INFO: Run Common\Behavior\InitHook [ RunTime:0.000791s ]
INFO: [ app_init ] --END-- [ RunTime:0.000995s ]
INFO: [ app_begin ] --START--
INFO: Run Behavior\ReadHtmlCache [ RunTime:0.000287s ]
INFO: [ app_begin ] --END-- [ RunTime:0.000345s ]
NOTIC: [8] Undefined index: hash /var/www/html/App/Home/Controller/HomeController.class.php 第 51 行.
NOTIC: [8] Undefined index:  /var/www/html/App/Common/Common/custom.php 第 24 行.
NOTIC: [8] Undefined index: uid /var/www/html/App/Home/Controller/HomeController.class.php 第 128 行.
NOTIC: [8] Undefined index: status /var/www/html/App/Home/Controller/HomeController.class.php 第 129 行.
NOTIC: [8] Undefined index: type /var/www/html/App/Home/Controller/HomeController.class.php 第 130 行.
NOTIC: [8] Undefined index: nickname /var/www/html/App/Home/Controller/HomeController.class.php 第 131 行.
NOTIC: [8] Undefined index: username /var/www/html/App/Home/Controller/HomeController.class.php 第 132 行.
NOTIC: [8] Undefined index: email /var/www/html/App/Home/Controller/HomeController.class.php 第 133 行.
NOTIC: [8] Undefined index: user_status /var/www/html/App/Home/Controller/HomeController.class.php 第 134 行.
SQL: SHOW COLUMNS FROM `ez_config` [ RunTime:0.000926s ]
SQL: SELECT `type`,`name`,`value` FROM `ez_config` WHERE ( `status` = 1 )  [ RunTime:0.000429s ]
NOTIC: [2] mkdir(): No such file or directory /var/www/html/App/Home/Controller/HomeController.class.php 第 185 行.
NOTIC: [2] mkdir(): No such file or directory /var/www/html/App/Home/Controller/HomeController.class.php 第 187 行.
NOTIC: [8] Use of undefined constant IS_WAP_FACT - assumed 'IS_WAP_FACT' /var/www/html/App/Home/Controller/HomeController.class.php 第 161 行.
SQL: SHOW COLUMNS FROM `ez_company` [ RunTime:0.001099s ]
SQL: SHOW COLUMNS FROM `ez_company` [ RunTime:0.001006s ]
SQL: SELECT m.*,c.* FROM ez_company c left JOIN ez_member m on c.cuid = m.uid  WHERE ( c.tj_index = 1 ) ORDER BY c.sn asc,c.hits desc LIMIT 0,5   [ RunTime:0.000828s ]
SQL: SHOW COLUMNS FROM `ez_jobs` [ RunTime:0.001182s ]
NOTIC: [8] Undefined index: only_get_count /var/www/html/App/Home/Controller/HomeController.class.php 第 1020 行.
SQL: SHOW COLUMNS FROM `ez_jobs` [ RunTime:0.001152s ]
SQL: SELECT j.*,j.addtime as job_addtime,m.*,um.email,c.* FROM ez_jobs j left JOIN ez_ucenter_member um on j.uid = um.id left JOIN ez_member m on m.uid = j.uid left JOIN ez_company c on m.com_id = c.com_id  WHERE ( j.status = 1 ) AND ( j.tj_index = 1 ) ORDER BY j.sn asc,j.hits desc LIMIT 0,20   [ RunTime:0.000706s ]
INFO: [ view_parse ] --START--
INFO: [ template_filter ] --START--
INFO: Run Behavior\ContentReplace [ RunTime:0.000035s ]
INFO: [ template_filter ] --END-- [ RunTime:0.000089s ]
INFO: Run Behavior\ParseTemplate [ RunTime:0.004221s ]
INFO: [ view_parse ] --END-- [ RunTime:0.004283s ]
INFO: [ view_filter ] --START--
INFO: Run Behavior\WriteHtmlCache [ RunTime:0.000097s ]
INFO: [ view_filter ] --END-- [ RunTime:0.000141s ]
INFO: [ app_end ] --START--
INFO: Run Behavior\ShowPageTrace [ RunTime:0.000284s ]
INFO: [ app_end ] --END-- [ RunTime:0.000330s ]

[ 2015-12-25T23:25:52+08:00 ] 66.249.73.228 /
INFO: [ app_init ] --START--
INFO: Run Common\Behavior\InitHook [ RunTime:0.000750s ]
INFO: [ app_init ] --END-- [ RunTime:0.000965s ]
INFO: [ app_begin ] --START--
INFO: Run Behavior\ReadHtmlCache [ RunTime:0.000242s ]
INFO: [ app_begin ] --END-- [ RunTime:0.000295s ]
NOTIC: [8] Undefined index: hash /var/www/html/App/Home/Controller/HomeController.class.php 第 51 行.
NOTIC: [8] Undefined index:  /var/www/html/App/Common/Common/custom.php 第 24 行.
NOTIC: [8] Undefined index: uid /var/www/html/App/Home/Controller/HomeController.class.php 第 128 行.
NOTIC: [8] Undefined index: status /var/www/html/App/Home/Controller/HomeController.class.php 第 129 行.
NOTIC: [8] Undefined index: type /var/www/html/App/Home/Controller/HomeController.class.php 第 130 行.
NOTIC: [8] Undefined index: nickname /var/www/html/App/Home/Controller/HomeController.class.php 第 131 行.
NOTIC: [8] Undefined index: username /var/www/html/App/Home/Controller/HomeController.class.php 第 132 行.
NOTIC: [8] Undefined index: email /var/www/html/App/Home/Controller/HomeController.class.php 第 133 行.
NOTIC: [8] Undefined index: user_status /var/www/html/App/Home/Controller/HomeController.class.php 第 134 行.
SQL: SHOW COLUMNS FROM `ez_config` [ RunTime:0.003516s ]
SQL: SELECT `type`,`name`,`value` FROM `ez_config` WHERE ( `status` = 1 )  [ RunTime:0.002782s ]
NOTIC: [2] mkdir(): No such file or directory /var/www/html/App/Home/Controller/HomeController.class.php 第 185 行.
NOTIC: [2] mkdir(): No such file or directory /var/www/html/App/Home/Controller/HomeController.class.php 第 187 行.
NOTIC: [8] Use of undefined constant IS_WAP_FACT - assumed 'IS_WAP_FACT' /var/www/html/App/Home/Controller/HomeController.class.php 第 161 行.
SQL: SHOW COLUMNS FROM `ez_company` [ RunTime:0.001087s ]
SQL: SHOW COLUMNS FROM `ez_company` [ RunTime:0.001118s ]
SQL: SELECT m.*,c.* FROM ez_company c left JOIN ez_member m on c.cuid = m.uid  WHERE ( c.tj_index = 1 ) ORDER BY c.sn asc,c.hits desc LIMIT 0,5   [ RunTime:0.000875s ]
SQL: SHOW COLUMNS FROM `ez_jobs` [ RunTime:0.001199s ]
NOTIC: [8] Undefined index: only_get_count /var/www/html/App/Home/Controller/HomeController.class.php 第 1020 行.
SQL: SHOW COLUMNS FROM `ez_jobs` [ RunTime:0.001184s ]
SQL: SELECT j.*,j.addtime as job_addtime,m.*,um.email,c.* FROM ez_jobs j left JOIN ez_ucenter_member um on j.uid = um.id left JOIN ez_member m on m.uid = j.uid left JOIN ez_company c on m.com_id = c.com_id  WHERE ( j.status = 1 ) AND ( j.tj_index = 1 ) ORDER BY j.sn asc,j.hits desc LIMIT 0,20   [ RunTime:0.000716s ]
INFO: [ view_parse ] --START--
INFO: [ template_filter ] --START--
INFO: Run Behavior\ContentReplace [ RunTime:0.000049s ]
INFO: [ template_filter ] --END-- [ RunTime:0.000121s ]
INFO: Run Behavior\ParseTemplate [ RunTime:0.007071s ]
INFO: [ view_parse ] --END-- [ RunTime:0.007124s ]
INFO: [ view_filter ] --START--
INFO: Run Behavior\WriteHtmlCache [ RunTime:0.000079s ]
INFO: [ view_filter ] --END-- [ RunTime:0.000123s ]
INFO: [ app_end ] --START--
INFO: Run Behavior\ShowPageTrace [ RunTime:0.000251s ]
INFO: [ app_end ] --END-- [ RunTime:0.000298s ]

[ 2015-12-25T23:25:53+08:00 ] 66.249.73.228 /robots.txt
INFO: [ app_init ] --START--
INFO: Run Common\Behavior\InitHook [ RunTime:0.001103s ]
INFO: [ app_init ] --END-- [ RunTime:0.001338s ]
INFO: [ app_begin ] --START--
INFO: Run Behavior\ReadHtmlCache [ RunTime:0.000246s ]
INFO: [ app_begin ] --END-- [ RunTime:0.000300s ]
NOTIC: [8] Undefined index: hash /var/www/html/App/Home/Controller/HomeController.class.php 第 51 行.
NOTIC: [8] Undefined index:  /var/www/html/App/Common/Common/custom.php 第 24 行.
NOTIC: [8] Undefined index: uid /var/www/html/App/Home/Controller/HomeController.class.php 第 128 行.
NOTIC: [8] Undefined index: status /var/www/html/App/Home/Controller/HomeController.class.php 第 129 行.
NOTIC: [8] Undefined index: type /var/www/html/App/Home/Controller/HomeController.class.php 第 130 行.
NOTIC: [8] Undefined index: nickname /var/www/html/App/Home/Controller/HomeController.class.php 第 131 行.
NOTIC: [8] Undefined index: username /var/www/html/App/Home/Controller/HomeController.class.php 第 132 行.
NOTIC: [8] Undefined index: email /var/www/html/App/Home/Controller/HomeController.class.php 第 133 行.
NOTIC: [8] Undefined index: user_status /var/www/html/App/Home/Controller/HomeController.class.php 第 134 行.
SQL: SHOW COLUMNS FROM `ez_config` [ RunTime:0.000777s ]
SQL: SELECT `type`,`name`,`value` FROM `ez_config` WHERE ( `status` = 1 )  [ RunTime:0.000436s ]
NOTIC: [2] mkdir(): No such file or directory /var/www/html/App/Home/Controller/HomeController.class.php 第 185 行.
NOTIC: [2] mkdir(): No such file or directory /var/www/html/App/Home/Controller/HomeController.class.php 第 187 行.
NOTIC: [8] Use of undefined constant IS_WAP_FACT - assumed 'IS_WAP_FACT' /var/www/html/App/Home/Controller/HomeController.class.php 第 161 行.
INFO: [ view_parse ] --START--
INFO: [ template_filter ] --START--
INFO: Run Behavior\ContentReplace [ RunTime:0.000036s ]
INFO: [ template_filter ] --END-- [ RunTime:0.000086s ]
INFO: Run Behavior\ParseTemplate [ RunTime:0.004138s ]
INFO: [ view_parse ] --END-- [ RunTime:0.004188s ]
INFO: [ view_filter ] --START--
INFO: Run Behavior\WriteHtmlCache [ RunTime:0.000093s ]
INFO: [ view_filter ] --END-- [ RunTime:0.000137s ]
INFO: [ app_end ] --START--
INFO: Run Behavior\ShowPageTrace [ RunTime:0.000276s ]
INFO: [ app_end ] --END-- [ RunTime:0.000324s ]

[ 2015-12-25T23:48:21+08:00 ] 40.77.167.27 /
INFO: [ app_init ] --START--
INFO: Run Common\Behavior\InitHook [ RunTime:0.000769s ]
INFO: [ app_init ] --END-- [ RunTime:0.000973s ]
INFO: [ app_begin ] --START--
INFO: Run Behavior\ReadHtmlCache [ RunTime:0.000243s ]
INFO: [ app_begin ] --END-- [ RunTime:0.000296s ]
NOTIC: [8] Undefined index: hash /var/www/html/App/Home/Controller/HomeController.class.php 第 51 行.
NOTIC: [8] Undefined index:  /var/www/html/App/Common/Common/custom.php 第 24 行.
NOTIC: [8] Undefined index: uid /var/www/html/App/Home/Controller/HomeController.class.php 第 128 行.
NOTIC: [8] Undefined index: status /var/www/html/App/Home/Controller/HomeController.class.php 第 129 行.
NOTIC: [8] Undefined index: type /var/www/html/App/Home/Controller/HomeController.class.php 第 130 行.
NOTIC: [8] Undefined index: nickname /var/www/html/App/Home/Controller/HomeController.class.php 第 131 行.
NOTIC: [8] Undefined index: username /var/www/html/App/Home/Controller/HomeController.class.php 第 132 行.
NOTIC: [8] Undefined index: email /var/www/html/App/Home/Controller/HomeController.class.php 第 133 行.
NOTIC: [8] Undefined index: user_status /var/www/html/App/Home/Controller/HomeController.class.php 第 134 行.
SQL: SHOW COLUMNS FROM `ez_config` [ RunTime:0.000892s ]
SQL: SELECT `type`,`name`,`value` FROM `ez_config` WHERE ( `status` = 1 )  [ RunTime:0.000415s ]
NOTIC: [2] mkdir(): No such file or directory /var/www/html/App/Home/Controller/HomeController.class.php 第 185 行.
NOTIC: [2] mkdir(): No such file or directory /var/www/html/App/Home/Controller/HomeController.class.php 第 187 行.
NOTIC: [8] Use of undefined constant IS_WAP_FACT - assumed 'IS_WAP_FACT' /var/www/html/App/Home/Controller/HomeController.class.php 第 161 行.
SQL: SHOW COLUMNS FROM `ez_company` [ RunTime:0.001113s ]
SQL: SHOW COLUMNS FROM `ez_company` [ RunTime:0.001072s ]
SQL: SELECT m.*,c.* FROM ez_company c left JOIN ez_member m on c.cuid = m.uid  WHERE ( c.tj_index = 1 ) ORDER BY c.sn asc,c.hits desc LIMIT 0,5   [ RunTime:0.000859s ]
SQL: SHOW COLUMNS FROM `ez_jobs` [ RunTime:0.001209s ]
NOTIC: [8] Undefined index: only_get_count /var/www/html/App/Home/Controller/HomeController.class.php 第 1020 行.
SQL: SHOW COLUMNS FROM `ez_jobs` [ RunTime:0.001193s ]
SQL: SELECT j.*,j.addtime as job_addtime,m.*,um.email,c.* FROM ez_jobs j left JOIN ez_ucenter_member um on j.uid = um.id left JOIN ez_member m on m.uid = j.uid left JOIN ez_company c on m.com_id = c.com_id  WHERE ( j.status = 1 ) AND ( j.tj_index = 1 ) ORDER BY j.sn asc,j.hits desc LIMIT 0,20   [ RunTime:0.000716s ]
INFO: [ view_parse ] --START--
INFO: [ template_filter ] --START--
INFO: Run Behavior\ContentReplace [ RunTime:0.000038s ]
INFO: [ template_filter ] --END-- [ RunTime:0.000092s ]
INFO: Run Behavior\ParseTemplate [ RunTime:0.004034s ]
INFO: [ view_parse ] --END-- [ RunTime:0.004086s ]
INFO: [ view_filter ] --START--
INFO: Run Behavior\WriteHtmlCache [ RunTime:0.000078s ]
INFO: [ view_filter ] --END-- [ RunTime:0.000121s ]
INFO: [ app_end ] --START--
INFO: Run Behavior\ShowPageTrace [ RunTime:0.000253s ]
INFO: [ app_end ] --END-- [ RunTime:0.000300s ]

[ 2015-12-25T23:54:18+08:00 ] 220.181.108.113 /
INFO: [ app_init ] --START--
INFO: Run Common\Behavior\InitHook [ RunTime:0.000742s ]
INFO: [ app_init ] --END-- [ RunTime:0.000968s ]
INFO: [ app_begin ] --START--
INFO: Run Behavior\ReadHtmlCache [ RunTime:0.000260s ]
INFO: [ app_begin ] --END-- [ RunTime:0.000314s ]
NOTIC: [8] Undefined index: hash /var/www/html/App/Home/Controller/HomeController.class.php 第 51 行.
NOTIC: [8] Undefined index:  /var/www/html/App/Common/Common/custom.php 第 24 行.
NOTIC: [8] Undefined index: uid /var/www/html/App/Home/Controller/HomeController.class.php 第 128 行.
NOTIC: [8] Undefined index: status /var/www/html/App/Home/Controller/HomeController.class.php 第 129 行.
NOTIC: [8] Undefined index: type /var/www/html/App/Home/Controller/HomeController.class.php 第 130 行.
NOTIC: [8] Undefined index: nickname /var/www/html/App/Home/Controller/HomeController.class.php 第 131 行.
NOTIC: [8] Undefined index: username /var/www/html/App/Home/Controller/HomeController.class.php 第 132 行.
NOTIC: [8] Undefined index: email /var/www/html/App/Home/Controller/HomeController.class.php 第 133 行.
NOTIC: [8] Undefined index: user_status /var/www/html/App/Home/Controller/HomeController.class.php 第 134 行.
SQL: SHOW COLUMNS FROM `ez_config` [ RunTime:0.000732s ]
SQL: SELECT `type`,`name`,`value` FROM `ez_config` WHERE ( `status` = 1 )  [ RunTime:0.000457s ]
NOTIC: [2] mkdir(): No such file or directory /var/www/html/App/Home/Controller/HomeController.class.php 第 185 行.
NOTIC: [2] mkdir(): No such file or directory /var/www/html/App/Home/Controller/HomeController.class.php 第 187 行.
NOTIC: [8] Use of undefined constant IS_WAP_FACT - assumed 'IS_WAP_FACT' /var/www/html/App/Home/Controller/HomeController.class.php 第 161 行.
SQL: SHOW COLUMNS FROM `ez_company` [ RunTime:0.000868s ]
SQL: SHOW COLUMNS FROM `ez_company` [ RunTime:0.000788s ]
SQL: SELECT m.*,c.* FROM ez_company c left JOIN ez_member m on c.cuid = m.uid  WHERE ( c.tj_index = 1 ) ORDER BY c.sn asc,c.hits desc LIMIT 0,5   [ RunTime:0.000822s ]
SQL: SHOW COLUMNS FROM `ez_jobs` [ RunTime:0.000910s ]
NOTIC: [8] Undefined index: only_get_count /var/www/html/App/Home/Controller/HomeController.class.php 第 1020 行.
SQL: SHOW COLUMNS FROM `ez_jobs` [ RunTime:0.000871s ]
SQL: SELECT j.*,j.addtime as job_addtime,m.*,um.email,c.* FROM ez_jobs j left JOIN ez_ucenter_member um on j.uid = um.id left JOIN ez_member m on m.uid = j.uid left JOIN ez_company c on m.com_id = c.com_id  WHERE ( j.status = 1 ) AND ( j.tj_index = 1 ) ORDER BY j.sn asc,j.hits desc LIMIT 0,20   [ RunTime:0.000616s ]
INFO: [ view_parse ] --START--
INFO: [ template_filter ] --START--
INFO: Run Behavior\ContentReplace [ RunTime:0.000036s ]
INFO: [ template_filter ] --END-- [ RunTime:0.000089s ]
INFO: Run Behavior\ParseTemplate [ RunTime:0.004033s ]
INFO: [ view_parse ] --END-- [ RunTime:0.004098s ]
INFO: [ view_filter ] --START--
INFO: Run Behavior\WriteHtmlCache [ RunTime:0.000080s ]
INFO: [ view_filter ] --END-- [ RunTime:0.000124s ]
INFO: [ app_end ] --START--
INFO: Run Behavior\ShowPageTrace [ RunTime:0.000263s ]
INFO: [ app_end ] --END-- [ RunTime:0.000325s ]

