[ 2016-03-08T22:34:20+08:00 ] 66.249.69.197 /robots.txt
INFO: [ app_init ] --START--
INFO: Run Common\Behavior\InitHook [ RunTime:0.000805s ]
INFO: [ app_init ] --END-- [ RunTime:0.001010s ]
INFO: [ app_begin ] --START--
INFO: Run Behavior\ReadHtmlCache [ RunTime:0.000269s ]
INFO: [ app_begin ] --END-- [ RunTime:0.000347s ]
NOTIC: [8] Undefined index: hash /var/www/html/App/Home/Controller/HomeController.class.php 第 51 行.
NOTIC: [8] Undefined index:  /var/www/html/App/Common/Common/custom.php 第 24 行.
NOTIC: [8] Undefined index: uid /var/www/html/App/Home/Controller/HomeController.class.php 第 128 行.
NOTIC: [8] Undefined index: status /var/www/html/App/Home/Controller/HomeController.class.php 第 129 行.
NOTIC: [8] Undefined index: type /var/www/html/App/Home/Controller/HomeController.class.php 第 130 行.
NOTIC: [8] Undefined index: nickname /var/www/html/App/Home/Controller/HomeController.class.php 第 131 行.
NOTIC: [8] Undefined index: username /var/www/html/App/Home/Controller/HomeController.class.php 第 132 行.
NOTIC: [8] Undefined index: email /var/www/html/App/Home/Controller/HomeController.class.php 第 133 行.
NOTIC: [8] Undefined index: user_status /var/www/html/App/Home/Controller/HomeController.class.php 第 134 行.
SQL: SHOW COLUMNS FROM `ez_config` [ RunTime:0.000878s ]
SQL: SELECT `type`,`name`,`value` FROM `ez_config` WHERE ( `status` = 1 )  [ RunTime:0.000449s ]
NOTIC: [2] mkdir(): No such file or directory /var/www/html/App/Home/Controller/HomeController.class.php 第 185 行.
NOTIC: [2] mkdir(): No such file or directory /var/www/html/App/Home/Controller/HomeController.class.php 第 187 行.
NOTIC: [8] Use of undefined constant IS_WAP_FACT - assumed 'IS_WAP_FACT' /var/www/html/App/Home/Controller/HomeController.class.php 第 161 行.
INFO: [ view_parse ] --START--
INFO: [ template_filter ] --START--
INFO: Run Behavior\ContentReplace [ RunTime:0.000034s ]
INFO: [ template_filter ] --END-- [ RunTime:0.000118s ]
INFO: Run Behavior\ParseTemplate [ RunTime:0.004388s ]
INFO: [ view_parse ] --END-- [ RunTime:0.004437s ]
INFO: [ view_filter ] --START--
INFO: Run Behavior\WriteHtmlCache [ RunTime:0.000085s ]
INFO: [ view_filter ] --END-- [ RunTime:0.000146s ]
INFO: [ app_end ] --START--
INFO: Run Behavior\ShowPageTrace [ RunTime:0.000270s ]
INFO: [ app_end ] --END-- [ RunTime:0.000317s ]

[ 2016-03-08T22:45:18+08:00 ] 51.255.65.59 /Company/index/395-1-129-1?kd=
INFO: [ app_init ] --START--
INFO: Run Common\Behavior\InitHook [ RunTime:0.000768s ]
INFO: [ app_init ] --END-- [ RunTime:0.000973s ]
INFO: [ app_begin ] --START--
INFO: Run Behavior\ReadHtmlCache [ RunTime:0.000256s ]
INFO: [ app_begin ] --END-- [ RunTime:0.000331s ]
NOTIC: [2048] Declaration of Home\Controller\UserController::checkUser() should be compatible with that of Home\Controller\HomeController::checkUser() /var/www/html/App/Home/Controller/UserController.class.php 第 11 行.
NOTIC: [8] Undefined index: hash /var/www/html/App/Home/Controller/HomeController.class.php 第 51 行.
NOTIC: [8] Undefined index:  /var/www/html/App/Common/Common/custom.php 第 24 行.
NOTIC: [8] Undefined index: uid /var/www/html/App/Home/Controller/HomeController.class.php 第 128 行.
NOTIC: [8] Undefined index: status /var/www/html/App/Home/Controller/HomeController.class.php 第 129 行.
NOTIC: [8] Undefined index: type /var/www/html/App/Home/Controller/HomeController.class.php 第 130 行.
NOTIC: [8] Undefined index: nickname /var/www/html/App/Home/Controller/HomeController.class.php 第 131 行.
NOTIC: [8] Undefined index: username /var/www/html/App/Home/Controller/HomeController.class.php 第 132 行.
NOTIC: [8] Undefined index: email /var/www/html/App/Home/Controller/HomeController.class.php 第 133 行.
NOTIC: [8] Undefined index: user_status /var/www/html/App/Home/Controller/HomeController.class.php 第 134 行.
SQL: SHOW COLUMNS FROM `ez_config` [ RunTime:0.000723s ]
SQL: SELECT `type`,`name`,`value` FROM `ez_config` WHERE ( `status` = 1 )  [ RunTime:0.000444s ]
NOTIC: [2] mkdir(): No such file or directory /var/www/html/App/Home/Controller/HomeController.class.php 第 185 行.
NOTIC: [2] mkdir(): No such file or directory /var/www/html/App/Home/Controller/HomeController.class.php 第 187 行.
NOTIC: [8] Use of undefined constant IS_WAP_FACT - assumed 'IS_WAP_FACT' /var/www/html/App/Home/Controller/HomeController.class.php 第 161 行.

[ 2016-03-08T22:52:16+08:00 ] 37.187.94.122 /Company/index/321-1-195-1-0?kd=
INFO: [ app_init ] --START--
INFO: Run Common\Behavior\InitHook [ RunTime:0.000804s ]
INFO: [ app_init ] --END-- [ RunTime:0.001013s ]
INFO: [ app_begin ] --START--
INFO: Run Behavior\ReadHtmlCache [ RunTime:0.000298s ]
INFO: [ app_begin ] --END-- [ RunTime:0.000359s ]
NOTIC: [2048] Declaration of Home\Controller\UserController::checkUser() should be compatible with that of Home\Controller\HomeController::checkUser() /var/www/html/App/Home/Controller/UserController.class.php 第 11 行.
NOTIC: [8] Undefined index: hash /var/www/html/App/Home/Controller/HomeController.class.php 第 51 行.
NOTIC: [8] Undefined index:  /var/www/html/App/Common/Common/custom.php 第 24 行.
NOTIC: [8] Undefined index: uid /var/www/html/App/Home/Controller/HomeController.class.php 第 128 行.
NOTIC: [8] Undefined index: status /var/www/html/App/Home/Controller/HomeController.class.php 第 129 行.
NOTIC: [8] Undefined index: type /var/www/html/App/Home/Controller/HomeController.class.php 第 130 行.
NOTIC: [8] Undefined index: nickname /var/www/html/App/Home/Controller/HomeController.class.php 第 131 行.
NOTIC: [8] Undefined index: username /var/www/html/App/Home/Controller/HomeController.class.php 第 132 行.
NOTIC: [8] Undefined index: email /var/www/html/App/Home/Controller/HomeController.class.php 第 133 行.
NOTIC: [8] Undefined index: user_status /var/www/html/App/Home/Controller/HomeController.class.php 第 134 行.
SQL: SHOW COLUMNS FROM `ez_config` [ RunTime:0.000754s ]
SQL: SELECT `type`,`name`,`value` FROM `ez_config` WHERE ( `status` = 1 )  [ RunTime:0.000413s ]
NOTIC: [2] mkdir(): No such file or directory /var/www/html/App/Home/Controller/HomeController.class.php 第 185 行.
NOTIC: [2] mkdir(): No such file or directory /var/www/html/App/Home/Controller/HomeController.class.php 第 187 行.
NOTIC: [8] Use of undefined constant IS_WAP_FACT - assumed 'IS_WAP_FACT' /var/www/html/App/Home/Controller/HomeController.class.php 第 161 行.

[ 2016-03-08T22:53:37+08:00 ] 163.177.69.38 /Company/index/395-3-200-0
INFO: [ app_init ] --START--
INFO: Run Common\Behavior\InitHook [ RunTime:0.000776s ]
INFO: [ app_init ] --END-- [ RunTime:0.000995s ]
INFO: [ app_begin ] --START--
INFO: Run Behavior\ReadHtmlCache [ RunTime:0.000249s ]
INFO: [ app_begin ] --END-- [ RunTime:0.000301s ]
NOTIC: [2048] Declaration of Home\Controller\UserController::checkUser() should be compatible with that of Home\Controller\HomeController::checkUser() /var/www/html/App/Home/Controller/UserController.class.php 第 11 行.
NOTIC: [8] Undefined index: hash /var/www/html/App/Home/Controller/HomeController.class.php 第 51 行.
NOTIC: [8] Undefined index:  /var/www/html/App/Common/Common/custom.php 第 24 行.
NOTIC: [8] Undefined index: uid /var/www/html/App/Home/Controller/HomeController.class.php 第 128 行.
NOTIC: [8] Undefined index: status /var/www/html/App/Home/Controller/HomeController.class.php 第 129 行.
NOTIC: [8] Undefined index: type /var/www/html/App/Home/Controller/HomeController.class.php 第 130 行.
NOTIC: [8] Undefined index: nickname /var/www/html/App/Home/Controller/HomeController.class.php 第 131 行.
NOTIC: [8] Undefined index: username /var/www/html/App/Home/Controller/HomeController.class.php 第 132 行.
NOTIC: [8] Undefined index: email /var/www/html/App/Home/Controller/HomeController.class.php 第 133 行.
NOTIC: [8] Undefined index: user_status /var/www/html/App/Home/Controller/HomeController.class.php 第 134 行.
SQL: SHOW COLUMNS FROM `ez_config` [ RunTime:0.000715s ]
SQL: SELECT `type`,`name`,`value` FROM `ez_config` WHERE ( `status` = 1 )  [ RunTime:0.000412s ]
NOTIC: [2] mkdir(): No such file or directory /var/www/html/App/Home/Controller/HomeController.class.php 第 185 行.
NOTIC: [2] mkdir(): No such file or directory /var/www/html/App/Home/Controller/HomeController.class.php 第 187 行.
NOTIC: [8] Use of undefined constant IS_WAP_FACT - assumed 'IS_WAP_FACT' /var/www/html/App/Home/Controller/HomeController.class.php 第 161 行.

[ 2016-03-08T22:53:38+08:00 ] 163.177.69.38 /index.html
INFO: [ app_init ] --START--
INFO: Run Common\Behavior\InitHook [ RunTime:0.000962s ]
INFO: [ app_init ] --END-- [ RunTime:0.001173s ]
INFO: [ app_begin ] --START--
INFO: Run Behavior\ReadHtmlCache [ RunTime:0.000280s ]
INFO: [ app_begin ] --END-- [ RunTime:0.000334s ]
NOTIC: [8] Undefined index: hash /var/www/html/App/Home/Controller/HomeController.class.php 第 51 行.
NOTIC: [8] Undefined index:  /var/www/html/App/Common/Common/custom.php 第 24 行.
NOTIC: [8] Undefined index: uid /var/www/html/App/Home/Controller/HomeController.class.php 第 128 行.
NOTIC: [8] Undefined index: status /var/www/html/App/Home/Controller/HomeController.class.php 第 129 行.
NOTIC: [8] Undefined index: type /var/www/html/App/Home/Controller/HomeController.class.php 第 130 行.
NOTIC: [8] Undefined index: nickname /var/www/html/App/Home/Controller/HomeController.class.php 第 131 行.
NOTIC: [8] Undefined index: username /var/www/html/App/Home/Controller/HomeController.class.php 第 132 行.
NOTIC: [8] Undefined index: email /var/www/html/App/Home/Controller/HomeController.class.php 第 133 行.
NOTIC: [8] Undefined index: user_status /var/www/html/App/Home/Controller/HomeController.class.php 第 134 行.
SQL: SHOW COLUMNS FROM `ez_config` [ RunTime:0.000649s ]
SQL: SELECT `type`,`name`,`value` FROM `ez_config` WHERE ( `status` = 1 )  [ RunTime:0.000456s ]
NOTIC: [2] mkdir(): No such file or directory /var/www/html/App/Home/Controller/HomeController.class.php 第 185 行.
NOTIC: [2] mkdir(): No such file or directory /var/www/html/App/Home/Controller/HomeController.class.php 第 187 行.
NOTIC: [8] Use of undefined constant IS_WAP_FACT - assumed 'IS_WAP_FACT' /var/www/html/App/Home/Controller/HomeController.class.php 第 161 行.
SQL: SHOW COLUMNS FROM `ez_company` [ RunTime:0.000834s ]
SQL: SHOW COLUMNS FROM `ez_company` [ RunTime:0.000801s ]
SQL: SELECT m.*,c.* FROM ez_company c left JOIN ez_member m on c.cuid = m.uid  WHERE ( c.tj_index = 1 ) ORDER BY c.sn asc,c.hits desc LIMIT 0,5   [ RunTime:0.000986s ]
SQL: SHOW COLUMNS FROM `ez_jobs` [ RunTime:0.000910s ]
NOTIC: [8] Undefined index: only_get_count /var/www/html/App/Home/Controller/HomeController.class.php 第 1278 行.
SQL: SHOW COLUMNS FROM `ez_jobs` [ RunTime:0.000850s ]
SQL: SELECT j.*,j.addtime as job_addtime,m.*,um.email,c.* FROM ez_jobs j left JOIN ez_ucenter_member um on j.uid = um.id left JOIN ez_member m on m.uid = j.uid left JOIN ez_company c on m.com_id = c.com_id  WHERE ( j.status = 1 ) AND ( j.tj_index = 1 ) ORDER BY j.sn asc,j.hits desc LIMIT 0,20   [ RunTime:0.000648s ]
INFO: [ view_parse ] --START--
INFO: [ template_filter ] --START--
INFO: Run Behavior\ContentReplace [ RunTime:0.000042s ]
INFO: [ template_filter ] --END-- [ RunTime:0.000094s ]
INFO: Run Behavior\ParseTemplate [ RunTime:0.004218s ]
INFO: [ view_parse ] --END-- [ RunTime:0.004268s ]
INFO: [ view_filter ] --START--
INFO: Run Behavior\WriteHtmlCache [ RunTime:0.000100s ]
INFO: [ view_filter ] --END-- [ RunTime:0.000151s ]
INFO: [ app_end ] --START--
INFO: Run Behavior\ShowPageTrace [ RunTime:0.000281s ]
INFO: [ app_end ] --END-- [ RunTime:0.000330s ]

[ 2016-03-08T22:55:42+08:00 ] 37.187.94.5 /Company/index/0-2-172-1?kd=
INFO: [ app_init ] --START--
INFO: Run Common\Behavior\InitHook [ RunTime:0.000771s ]
INFO: [ app_init ] --END-- [ RunTime:0.000979s ]
INFO: [ app_begin ] --START--
INFO: Run Behavior\ReadHtmlCache [ RunTime:0.000270s ]
INFO: [ app_begin ] --END-- [ RunTime:0.000331s ]
NOTIC: [2048] Declaration of Home\Controller\UserController::checkUser() should be compatible with that of Home\Controller\HomeController::checkUser() /var/www/html/App/Home/Controller/UserController.class.php 第 11 行.
NOTIC: [8] Undefined index: hash /var/www/html/App/Home/Controller/HomeController.class.php 第 51 行.
NOTIC: [8] Undefined index:  /var/www/html/App/Common/Common/custom.php 第 24 行.
NOTIC: [8] Undefined index: uid /var/www/html/App/Home/Controller/HomeController.class.php 第 128 行.
NOTIC: [8] Undefined index: status /var/www/html/App/Home/Controller/HomeController.class.php 第 129 行.
NOTIC: [8] Undefined index: type /var/www/html/App/Home/Controller/HomeController.class.php 第 130 行.
NOTIC: [8] Undefined index: nickname /var/www/html/App/Home/Controller/HomeController.class.php 第 131 行.
NOTIC: [8] Undefined index: username /var/www/html/App/Home/Controller/HomeController.class.php 第 132 行.
NOTIC: [8] Undefined index: email /var/www/html/App/Home/Controller/HomeController.class.php 第 133 行.
NOTIC: [8] Undefined index: user_status /var/www/html/App/Home/Controller/HomeController.class.php 第 134 行.
SQL: SHOW COLUMNS FROM `ez_config` [ RunTime:0.000787s ]
SQL: SELECT `type`,`name`,`value` FROM `ez_config` WHERE ( `status` = 1 )  [ RunTime:0.000437s ]
NOTIC: [2] mkdir(): No such file or directory /var/www/html/App/Home/Controller/HomeController.class.php 第 185 行.
NOTIC: [2] mkdir(): No such file or directory /var/www/html/App/Home/Controller/HomeController.class.php 第 187 行.
NOTIC: [8] Use of undefined constant IS_WAP_FACT - assumed 'IS_WAP_FACT' /var/www/html/App/Home/Controller/HomeController.class.php 第 161 行.

[ 2016-03-08T23:00:02+08:00 ] 203.195.169.117 /Cronjob/sendNextDayInterview
INFO: [ app_init ] --START--
INFO: Run Common\Behavior\InitHook [ RunTime:0.000780s ]
INFO: [ app_init ] --END-- [ RunTime:0.001060s ]
INFO: [ app_begin ] --START--
INFO: Run Behavior\ReadHtmlCache [ RunTime:0.000247s ]
INFO: [ app_begin ] --END-- [ RunTime:0.000301s ]
NOTIC: [8] Undefined index: hash /var/www/html/App/Home/Controller/HomeController.class.php 第 51 行.
NOTIC: [8] Undefined index:  /var/www/html/App/Common/Common/custom.php 第 24 行.
NOTIC: [8] Undefined index: uid /var/www/html/App/Home/Controller/HomeController.class.php 第 128 行.
NOTIC: [8] Undefined index: status /var/www/html/App/Home/Controller/HomeController.class.php 第 129 行.
NOTIC: [8] Undefined index: type /var/www/html/App/Home/Controller/HomeController.class.php 第 130 行.
NOTIC: [8] Undefined index: nickname /var/www/html/App/Home/Controller/HomeController.class.php 第 131 行.
NOTIC: [8] Undefined index: username /var/www/html/App/Home/Controller/HomeController.class.php 第 132 行.
NOTIC: [8] Undefined index: email /var/www/html/App/Home/Controller/HomeController.class.php 第 133 行.
NOTIC: [8] Undefined index: user_status /var/www/html/App/Home/Controller/HomeController.class.php 第 134 行.
SQL: SHOW COLUMNS FROM `ez_config` [ RunTime:0.000876s ]
SQL: SELECT `type`,`name`,`value` FROM `ez_config` WHERE ( `status` = 1 )  [ RunTime:0.000527s ]
NOTIC: [2] mkdir(): No such file or directory /var/www/html/App/Home/Controller/HomeController.class.php 第 185 行.
NOTIC: [2] mkdir(): No such file or directory /var/www/html/App/Home/Controller/HomeController.class.php 第 187 行.
NOTIC: [8] Use of undefined constant IS_WAP_FACT - assumed 'IS_WAP_FACT' /var/www/html/App/Home/Controller/HomeController.class.php 第 161 行.
SQL: SHOW COLUMNS FROM `ez_jobs_apply` [ RunTime:0.000909s ]
SQL: SELECT * FROM `ez_jobs_apply` WHERE ( status=1 and is_send_tpl_msg=0 and interviewTime>='2016-03-09' and interviewTime<'2016-03-10 00:00:02'  )  [ RunTime:0.000571s ]
NOTIC: [2] Invalid argument supplied for foreach() /var/www/html/App/Home/Controller/CronjobController.class.php 第 43 行.
SQL: SHOW COLUMNS FROM `ez_wx_log` [ RunTime:0.000712s ]
SQL: INSERT INTO `ez_wx_log` (`yid`,`post`,`reply`,`type`,`event`,`openid`,`keyword`,`add_time`) VALUES ('cwxu','cron_job',0,'c','c','c','c','2016-03-08 23:00:02') [ RunTime:0.000471s ]

[ 2016-03-08T23:06:58+08:00 ] 157.55.39.172 /robots.txt
INFO: [ app_init ] --START--
INFO: Run Common\Behavior\InitHook [ RunTime:0.000767s ]
INFO: [ app_init ] --END-- [ RunTime:0.000972s ]
INFO: [ app_begin ] --START--
INFO: Run Behavior\ReadHtmlCache [ RunTime:0.000247s ]
INFO: [ app_begin ] --END-- [ RunTime:0.000309s ]
NOTIC: [8] Undefined index: hash /var/www/html/App/Home/Controller/HomeController.class.php 第 51 行.
NOTIC: [8] Undefined index:  /var/www/html/App/Common/Common/custom.php 第 24 行.
NOTIC: [8] Undefined index: uid /var/www/html/App/Home/Controller/HomeController.class.php 第 128 行.
NOTIC: [8] Undefined index: status /var/www/html/App/Home/Controller/HomeController.class.php 第 129 行.
NOTIC: [8] Undefined index: type /var/www/html/App/Home/Controller/HomeController.class.php 第 130 行.
NOTIC: [8] Undefined index: nickname /var/www/html/App/Home/Controller/HomeController.class.php 第 131 行.
NOTIC: [8] Undefined index: username /var/www/html/App/Home/Controller/HomeController.class.php 第 132 行.
NOTIC: [8] Undefined index: email /var/www/html/App/Home/Controller/HomeController.class.php 第 133 行.
NOTIC: [8] Undefined index: user_status /var/www/html/App/Home/Controller/HomeController.class.php 第 134 行.
SQL: SHOW COLUMNS FROM `ez_config` [ RunTime:0.000688s ]
SQL: SELECT `type`,`name`,`value` FROM `ez_config` WHERE ( `status` = 1 )  [ RunTime:0.000408s ]
NOTIC: [2] mkdir(): No such file or directory /var/www/html/App/Home/Controller/HomeController.class.php 第 185 行.
NOTIC: [2] mkdir(): No such file or directory /var/www/html/App/Home/Controller/HomeController.class.php 第 187 行.
NOTIC: [8] Use of undefined constant IS_WAP_FACT - assumed 'IS_WAP_FACT' /var/www/html/App/Home/Controller/HomeController.class.php 第 161 行.
INFO: [ view_parse ] --START--
INFO: [ template_filter ] --START--
INFO: Run Behavior\ContentReplace [ RunTime:0.000033s ]
INFO: [ template_filter ] --END-- [ RunTime:0.000085s ]
INFO: Run Behavior\ParseTemplate [ RunTime:0.004210s ]
INFO: [ view_parse ] --END-- [ RunTime:0.004261s ]
INFO: [ view_filter ] --START--
INFO: Run Behavior\WriteHtmlCache [ RunTime:0.000088s ]
INFO: [ view_filter ] --END-- [ RunTime:0.000131s ]
INFO: [ app_end ] --START--
INFO: Run Behavior\ShowPageTrace [ RunTime:0.000266s ]
INFO: [ app_end ] --END-- [ RunTime:0.000313s ]

[ 2016-03-08T23:07:03+08:00 ] 157.55.39.172 /
INFO: [ app_init ] --START--
INFO: Run Common\Behavior\InitHook [ RunTime:0.000769s ]
INFO: [ app_init ] --END-- [ RunTime:0.000986s ]
INFO: [ app_begin ] --START--
INFO: Run Behavior\ReadHtmlCache [ RunTime:0.000250s ]
INFO: [ app_begin ] --END-- [ RunTime:0.000314s ]
NOTIC: [8] Undefined index: hash /var/www/html/App/Home/Controller/HomeController.class.php 第 51 行.
NOTIC: [8] Undefined index:  /var/www/html/App/Common/Common/custom.php 第 24 行.
NOTIC: [8] Undefined index: uid /var/www/html/App/Home/Controller/HomeController.class.php 第 128 行.
NOTIC: [8] Undefined index: status /var/www/html/App/Home/Controller/HomeController.class.php 第 129 行.
NOTIC: [8] Undefined index: type /var/www/html/App/Home/Controller/HomeController.class.php 第 130 行.
NOTIC: [8] Undefined index: nickname /var/www/html/App/Home/Controller/HomeController.class.php 第 131 行.
NOTIC: [8] Undefined index: username /var/www/html/App/Home/Controller/HomeController.class.php 第 132 行.
NOTIC: [8] Undefined index: email /var/www/html/App/Home/Controller/HomeController.class.php 第 133 行.
NOTIC: [8] Undefined index: user_status /var/www/html/App/Home/Controller/HomeController.class.php 第 134 行.
SQL: SHOW COLUMNS FROM `ez_config` [ RunTime:0.001703s ]
SQL: SELECT `type`,`name`,`value` FROM `ez_config` WHERE ( `status` = 1 )  [ RunTime:0.010009s ]
NOTIC: [2] mkdir(): No such file or directory /var/www/html/App/Home/Controller/HomeController.class.php 第 185 行.
NOTIC: [2] mkdir(): No such file or directory /var/www/html/App/Home/Controller/HomeController.class.php 第 187 行.
NOTIC: [8] Use of undefined constant IS_WAP_FACT - assumed 'IS_WAP_FACT' /var/www/html/App/Home/Controller/HomeController.class.php 第 161 行.
SQL: SHOW COLUMNS FROM `ez_company` [ RunTime:0.001021s ]
SQL: SHOW COLUMNS FROM `ez_company` [ RunTime:0.000898s ]
SQL: SELECT m.*,c.* FROM ez_company c left JOIN ez_member m on c.cuid = m.uid  WHERE ( c.tj_index = 1 ) ORDER BY c.sn asc,c.hits desc LIMIT 0,5   [ RunTime:0.000991s ]
SQL: SHOW COLUMNS FROM `ez_jobs` [ RunTime:0.000974s ]
NOTIC: [8] Undefined index: only_get_count /var/www/html/App/Home/Controller/HomeController.class.php 第 1278 行.
SQL: SHOW COLUMNS FROM `ez_jobs` [ RunTime:0.001025s ]
SQL: SELECT j.*,j.addtime as job_addtime,m.*,um.email,c.* FROM ez_jobs j left JOIN ez_ucenter_member um on j.uid = um.id left JOIN ez_member m on m.uid = j.uid left JOIN ez_company c on m.com_id = c.com_id  WHERE ( j.status = 1 ) AND ( j.tj_index = 1 ) ORDER BY j.sn asc,j.hits desc LIMIT 0,20   [ RunTime:0.000669s ]
INFO: [ view_parse ] --START--
INFO: [ template_filter ] --START--
INFO: Run Behavior\ContentReplace [ RunTime:0.000044s ]
INFO: [ template_filter ] --END-- [ RunTime:0.000099s ]
INFO: Run Behavior\ParseTemplate [ RunTime:0.004348s ]
INFO: [ view_parse ] --END-- [ RunTime:0.004401s ]
INFO: [ view_filter ] --START--
INFO: Run Behavior\WriteHtmlCache [ RunTime:0.000086s ]
INFO: [ view_filter ] --END-- [ RunTime:0.000141s ]
INFO: [ app_end ] --START--
INFO: Run Behavior\ShowPageTrace [ RunTime:0.000287s ]
INFO: [ app_end ] --END-- [ RunTime:0.000333s ]

[ 2016-03-08T23:24:01+08:00 ] 220.181.108.159 /
INFO: [ app_init ] --START--
INFO: Run Common\Behavior\InitHook [ RunTime:0.000779s ]
INFO: [ app_init ] --END-- [ RunTime:0.000992s ]
INFO: [ app_begin ] --START--
INFO: Run Behavior\ReadHtmlCache [ RunTime:0.000279s ]
INFO: [ app_begin ] --END-- [ RunTime:0.000334s ]
NOTIC: [8] Undefined index: hash /var/www/html/App/Home/Controller/HomeController.class.php 第 51 行.
NOTIC: [8] Undefined index:  /var/www/html/App/Common/Common/custom.php 第 24 行.
NOTIC: [8] Undefined index: uid /var/www/html/App/Home/Controller/HomeController.class.php 第 128 行.
NOTIC: [8] Undefined index: status /var/www/html/App/Home/Controller/HomeController.class.php 第 129 行.
NOTIC: [8] Undefined index: type /var/www/html/App/Home/Controller/HomeController.class.php 第 130 行.
NOTIC: [8] Undefined index: nickname /var/www/html/App/Home/Controller/HomeController.class.php 第 131 行.
NOTIC: [8] Undefined index: username /var/www/html/App/Home/Controller/HomeController.class.php 第 132 行.
NOTIC: [8] Undefined index: email /var/www/html/App/Home/Controller/HomeController.class.php 第 133 行.
NOTIC: [8] Undefined index: user_status /var/www/html/App/Home/Controller/HomeController.class.php 第 134 行.
SQL: SHOW COLUMNS FROM `ez_config` [ RunTime:0.000728s ]
SQL: SELECT `type`,`name`,`value` FROM `ez_config` WHERE ( `status` = 1 )  [ RunTime:0.000401s ]
NOTIC: [2] mkdir(): No such file or directory /var/www/html/App/Home/Controller/HomeController.class.php 第 185 行.
NOTIC: [2] mkdir(): No such file or directory /var/www/html/App/Home/Controller/HomeController.class.php 第 187 行.
NOTIC: [8] Use of undefined constant IS_WAP_FACT - assumed 'IS_WAP_FACT' /var/www/html/App/Home/Controller/HomeController.class.php 第 161 行.
SQL: SHOW COLUMNS FROM `ez_company` [ RunTime:0.000817s ]
SQL: SHOW COLUMNS FROM `ez_company` [ RunTime:0.000755s ]
SQL: SELECT m.*,c.* FROM ez_company c left JOIN ez_member m on c.cuid = m.uid  WHERE ( c.tj_index = 1 ) ORDER BY c.sn asc,c.hits desc LIMIT 0,5   [ RunTime:0.000801s ]
SQL: SHOW COLUMNS FROM `ez_jobs` [ RunTime:0.000923s ]
NOTIC: [8] Undefined index: only_get_count /var/www/html/App/Home/Controller/HomeController.class.php 第 1278 行.
SQL: SHOW COLUMNS FROM `ez_jobs` [ RunTime:0.000842s ]
SQL: SELECT j.*,j.addtime as job_addtime,m.*,um.email,c.* FROM ez_jobs j left JOIN ez_ucenter_member um on j.uid = um.id left JOIN ez_member m on m.uid = j.uid left JOIN ez_company c on m.com_id = c.com_id  WHERE ( j.status = 1 ) AND ( j.tj_index = 1 ) ORDER BY j.sn asc,j.hits desc LIMIT 0,20   [ RunTime:0.000630s ]
INFO: [ view_parse ] --START--
INFO: [ template_filter ] --START--
INFO: Run Behavior\ContentReplace [ RunTime:0.000043s ]
INFO: [ template_filter ] --END-- [ RunTime:0.000110s ]
INFO: Run Behavior\ParseTemplate [ RunTime:0.004249s ]
INFO: [ view_parse ] --END-- [ RunTime:0.004301s ]
INFO: [ view_filter ] --START--
INFO: Run Behavior\WriteHtmlCache [ RunTime:0.000080s ]
INFO: [ view_filter ] --END-- [ RunTime:0.000124s ]
INFO: [ app_end ] --START--
INFO: Run Behavior\ShowPageTrace [ RunTime:0.000289s ]
INFO: [ app_end ] --END-- [ RunTime:0.000336s ]

[ 2016-03-08T23:44:30+08:00 ] 123.151.43.65 
INFO: [ app_init ] --START--
INFO: Run Common\Behavior\InitHook [ RunTime:0.000719s ]
INFO: [ app_init ] --END-- [ RunTime:0.000975s ]
INFO: [ app_begin ] --START--
INFO: Run Behavior\ReadHtmlCache [ RunTime:0.000245s ]
INFO: [ app_begin ] --END-- [ RunTime:0.000299s ]
NOTIC: [8] Undefined index: hash /var/www/html/App/Home/Controller/HomeController.class.php 第 51 行.
NOTIC: [8] Undefined index:  /var/www/html/App/Common/Common/custom.php 第 24 行.
NOTIC: [8] Undefined index: HTTP_USER_AGENT /var/www/html/App/Common/Common/function.php 第 3652 行.
NOTIC: [8] Undefined index: uid /var/www/html/App/Home/Controller/HomeController.class.php 第 128 行.
NOTIC: [8] Undefined index: status /var/www/html/App/Home/Controller/HomeController.class.php 第 129 行.
NOTIC: [8] Undefined index: type /var/www/html/App/Home/Controller/HomeController.class.php 第 130 行.
NOTIC: [8] Undefined index: nickname /var/www/html/App/Home/Controller/HomeController.class.php 第 131 行.
NOTIC: [8] Undefined index: username /var/www/html/App/Home/Controller/HomeController.class.php 第 132 行.
NOTIC: [8] Undefined index: email /var/www/html/App/Home/Controller/HomeController.class.php 第 133 行.
NOTIC: [8] Undefined index: user_status /var/www/html/App/Home/Controller/HomeController.class.php 第 134 行.
SQL: SHOW COLUMNS FROM `ez_config` [ RunTime:0.000724s ]
SQL: SELECT `type`,`name`,`value` FROM `ez_config` WHERE ( `status` = 1 )  [ RunTime:0.000409s ]
NOTIC: [2] mkdir(): No such file or directory /var/www/html/App/Home/Controller/HomeController.class.php 第 185 行.
NOTIC: [2] mkdir(): No such file or directory /var/www/html/App/Home/Controller/HomeController.class.php 第 187 行.
NOTIC: [8] Use of undefined constant IS_WAP_FACT - assumed 'IS_WAP_FACT' /var/www/html/App/Home/Controller/HomeController.class.php 第 161 行.
SQL: SHOW COLUMNS FROM `ez_company` [ RunTime:0.000817s ]
SQL: SHOW COLUMNS FROM `ez_company` [ RunTime:0.000754s ]
SQL: SELECT m.*,c.* FROM ez_company c left JOIN ez_member m on c.cuid = m.uid  WHERE ( c.tj_index = 1 ) ORDER BY c.sn asc,c.hits desc LIMIT 0,5   [ RunTime:0.000884s ]
SQL: SHOW COLUMNS FROM `ez_jobs` [ RunTime:0.000872s ]
NOTIC: [8] Undefined index: only_get_count /var/www/html/App/Home/Controller/HomeController.class.php 第 1278 行.
SQL: SHOW COLUMNS FROM `ez_jobs` [ RunTime:0.000831s ]
SQL: SELECT j.*,j.addtime as job_addtime,m.*,um.email,c.* FROM ez_jobs j left JOIN ez_ucenter_member um on j.uid = um.id left JOIN ez_member m on m.uid = j.uid left JOIN ez_company c on m.com_id = c.com_id  WHERE ( j.status = 1 ) AND ( j.tj_index = 1 ) ORDER BY j.sn asc,j.hits desc LIMIT 0,20   [ RunTime:0.000618s ]
INFO: [ view_parse ] --START--
INFO: [ template_filter ] --START--
INFO: Run Behavior\ContentReplace [ RunTime:0.000047s ]
INFO: [ template_filter ] --END-- [ RunTime:0.000101s ]
INFO: Run Behavior\ParseTemplate [ RunTime:0.004195s ]
INFO: [ view_parse ] --END-- [ RunTime:0.004248s ]
INFO: [ view_filter ] --START--
INFO: Run Behavior\WriteHtmlCache [ RunTime:0.000083s ]
INFO: [ view_filter ] --END-- [ RunTime:0.000138s ]
INFO: [ app_end ] --START--
INFO: Run Behavior\ShowPageTrace [ RunTime:0.000287s ]
INFO: [ app_end ] --END-- [ RunTime:0.000332s ]

[ 2016-03-08T23:44:30+08:00 ] 123.151.43.65 
INFO: [ app_init ] --START--
INFO: Run Common\Behavior\InitHook [ RunTime:0.000761s ]
INFO: [ app_init ] --END-- [ RunTime:0.000988s ]
INFO: [ app_begin ] --START--
INFO: Run Behavior\ReadHtmlCache [ RunTime:0.000244s ]
INFO: [ app_begin ] --END-- [ RunTime:0.000298s ]
NOTIC: [8] Undefined index: hash /var/www/html/App/Home/Controller/HomeController.class.php 第 51 行.
NOTIC: [8] Undefined index:  /var/www/html/App/Common/Common/custom.php 第 24 行.
NOTIC: [8] Undefined index: HTTP_USER_AGENT /var/www/html/App/Common/Common/function.php 第 3652 行.
NOTIC: [8] Undefined index: uid /var/www/html/App/Home/Controller/HomeController.class.php 第 128 行.
NOTIC: [8] Undefined index: status /var/www/html/App/Home/Controller/HomeController.class.php 第 129 行.
NOTIC: [8] Undefined index: type /var/www/html/App/Home/Controller/HomeController.class.php 第 130 行.
NOTIC: [8] Undefined index: nickname /var/www/html/App/Home/Controller/HomeController.class.php 第 131 行.
NOTIC: [8] Undefined index: username /var/www/html/App/Home/Controller/HomeController.class.php 第 132 行.
NOTIC: [8] Undefined index: email /var/www/html/App/Home/Controller/HomeController.class.php 第 133 行.
NOTIC: [8] Undefined index: user_status /var/www/html/App/Home/Controller/HomeController.class.php 第 134 行.
SQL: SHOW COLUMNS FROM `ez_config` [ RunTime:0.000644s ]
SQL: SELECT `type`,`name`,`value` FROM `ez_config` WHERE ( `status` = 1 )  [ RunTime:0.000409s ]
NOTIC: [2] mkdir(): No such file or directory /var/www/html/App/Home/Controller/HomeController.class.php 第 185 行.
NOTIC: [2] mkdir(): No such file or directory /var/www/html/App/Home/Controller/HomeController.class.php 第 187 行.
NOTIC: [8] Use of undefined constant IS_WAP_FACT - assumed 'IS_WAP_FACT' /var/www/html/App/Home/Controller/HomeController.class.php 第 161 行.
SQL: SHOW COLUMNS FROM `ez_company` [ RunTime:0.000817s ]
SQL: SHOW COLUMNS FROM `ez_company` [ RunTime:0.000785s ]
SQL: SELECT m.*,c.* FROM ez_company c left JOIN ez_member m on c.cuid = m.uid  WHERE ( c.tj_index = 1 ) ORDER BY c.sn asc,c.hits desc LIMIT 0,5   [ RunTime:0.001035s ]
SQL: SHOW COLUMNS FROM `ez_jobs` [ RunTime:0.000898s ]
NOTIC: [8] Undefined index: only_get_count /var/www/html/App/Home/Controller/HomeController.class.php 第 1278 行.
SQL: SHOW COLUMNS FROM `ez_jobs` [ RunTime:0.000870s ]
SQL: SELECT j.*,j.addtime as job_addtime,m.*,um.email,c.* FROM ez_jobs j left JOIN ez_ucenter_member um on j.uid = um.id left JOIN ez_member m on m.uid = j.uid left JOIN ez_company c on m.com_id = c.com_id  WHERE ( j.status = 1 ) AND ( j.tj_index = 1 ) ORDER BY j.sn asc,j.hits desc LIMIT 0,20   [ RunTime:0.000605s ]
INFO: [ view_parse ] --START--
INFO: [ template_filter ] --START--
INFO: Run Behavior\ContentReplace [ RunTime:0.000037s ]
INFO: [ template_filter ] --END-- [ RunTime:0.000099s ]
INFO: Run Behavior\ParseTemplate [ RunTime:0.004232s ]
INFO: [ view_parse ] --END-- [ RunTime:0.004294s ]
INFO: [ view_filter ] --START--
INFO: Run Behavior\WriteHtmlCache [ RunTime:0.000080s ]
INFO: [ view_filter ] --END-- [ RunTime:0.000123s ]
INFO: [ app_end ] --START--
INFO: Run Behavior\ShowPageTrace [ RunTime:0.000272s ]
INFO: [ app_end ] --END-- [ RunTime:0.000351s ]

[ 2016-03-08T23:44:30+08:00 ] 123.151.43.65 
INFO: [ app_init ] --START--
INFO: Run Common\Behavior\InitHook [ RunTime:0.000773s ]
INFO: [ app_init ] --END-- [ RunTime:0.001002s ]
INFO: [ app_begin ] --START--
INFO: Run Behavior\ReadHtmlCache [ RunTime:0.000245s ]
INFO: [ app_begin ] --END-- [ RunTime:0.000299s ]
NOTIC: [8] Undefined index: hash /var/www/html/App/Home/Controller/HomeController.class.php 第 51 行.
NOTIC: [8] Undefined index:  /var/www/html/App/Common/Common/custom.php 第 24 行.
NOTIC: [8] Undefined index: HTTP_USER_AGENT /var/www/html/App/Common/Common/function.php 第 3652 行.
NOTIC: [8] Undefined index: uid /var/www/html/App/Home/Controller/HomeController.class.php 第 128 行.
NOTIC: [8] Undefined index: status /var/www/html/App/Home/Controller/HomeController.class.php 第 129 行.
NOTIC: [8] Undefined index: type /var/www/html/App/Home/Controller/HomeController.class.php 第 130 行.
NOTIC: [8] Undefined index: nickname /var/www/html/App/Home/Controller/HomeController.class.php 第 131 行.
NOTIC: [8] Undefined index: username /var/www/html/App/Home/Controller/HomeController.class.php 第 132 行.
NOTIC: [8] Undefined index: email /var/www/html/App/Home/Controller/HomeController.class.php 第 133 行.
NOTIC: [8] Undefined index: user_status /var/www/html/App/Home/Controller/HomeController.class.php 第 134 行.
SQL: SHOW COLUMNS FROM `ez_config` [ RunTime:0.000742s ]
SQL: SELECT `type`,`name`,`value` FROM `ez_config` WHERE ( `status` = 1 )  [ RunTime:0.000460s ]
NOTIC: [2] mkdir(): No such file or directory /var/www/html/App/Home/Controller/HomeController.class.php 第 185 行.
NOTIC: [2] mkdir(): No such file or directory /var/www/html/App/Home/Controller/HomeController.class.php 第 187 行.
NOTIC: [8] Use of undefined constant IS_WAP_FACT - assumed 'IS_WAP_FACT' /var/www/html/App/Home/Controller/HomeController.class.php 第 161 行.
SQL: SHOW COLUMNS FROM `ez_company` [ RunTime:0.000862s ]
SQL: SHOW COLUMNS FROM `ez_company` [ RunTime:0.000801s ]
SQL: SELECT m.*,c.* FROM ez_company c left JOIN ez_member m on c.cuid = m.uid  WHERE ( c.tj_index = 1 ) ORDER BY c.sn asc,c.hits desc LIMIT 0,5   [ RunTime:0.001014s ]
SQL: SHOW COLUMNS FROM `ez_jobs` [ RunTime:0.000925s ]
NOTIC: [8] Undefined index: only_get_count /var/www/html/App/Home/Controller/HomeController.class.php 第 1278 行.
SQL: SHOW COLUMNS FROM `ez_jobs` [ RunTime:0.000910s ]
SQL: SELECT j.*,j.addtime as job_addtime,m.*,um.email,c.* FROM ez_jobs j left JOIN ez_ucenter_member um on j.uid = um.id left JOIN ez_member m on m.uid = j.uid left JOIN ez_company c on m.com_id = c.com_id  WHERE ( j.status = 1 ) AND ( j.tj_index = 1 ) ORDER BY j.sn asc,j.hits desc LIMIT 0,20   [ RunTime:0.000649s ]
INFO: [ view_parse ] --START--
INFO: [ template_filter ] --START--
INFO: Run Behavior\ContentReplace [ RunTime:0.000039s ]
INFO: [ template_filter ] --END-- [ RunTime:0.000093s ]
INFO: Run Behavior\ParseTemplate [ RunTime:0.004241s ]
INFO: [ view_parse ] --END-- [ RunTime:0.004293s ]
INFO: [ view_filter ] --START--
INFO: Run Behavior\WriteHtmlCache [ RunTime:0.000089s ]
INFO: [ view_filter ] --END-- [ RunTime:0.000134s ]
INFO: [ app_end ] --START--
INFO: Run Behavior\ShowPageTrace [ RunTime:0.000286s ]
INFO: [ app_end ] --END-- [ RunTime:0.000334s ]

[ 2016-03-08T23:44:30+08:00 ] 123.151.43.65 
INFO: [ app_init ] --START--
INFO: Run Common\Behavior\InitHook [ RunTime:0.000749s ]
INFO: [ app_init ] --END-- [ RunTime:0.000960s ]
INFO: [ app_begin ] --START--
INFO: Run Behavior\ReadHtmlCache [ RunTime:0.000258s ]
INFO: [ app_begin ] --END-- [ RunTime:0.000334s ]
NOTIC: [8] Undefined index: hash /var/www/html/App/Home/Controller/HomeController.class.php 第 51 行.
NOTIC: [8] Undefined index:  /var/www/html/App/Common/Common/custom.php 第 24 行.
NOTIC: [8] Undefined index: HTTP_USER_AGENT /var/www/html/App/Common/Common/function.php 第 3652 行.
NOTIC: [8] Undefined index: uid /var/www/html/App/Home/Controller/HomeController.class.php 第 128 行.
NOTIC: [8] Undefined index: status /var/www/html/App/Home/Controller/HomeController.class.php 第 129 行.
NOTIC: [8] Undefined index: type /var/www/html/App/Home/Controller/HomeController.class.php 第 130 行.
NOTIC: [8] Undefined index: nickname /var/www/html/App/Home/Controller/HomeController.class.php 第 131 行.
NOTIC: [8] Undefined index: username /var/www/html/App/Home/Controller/HomeController.class.php 第 132 行.
NOTIC: [8] Undefined index: email /var/www/html/App/Home/Controller/HomeController.class.php 第 133 行.
NOTIC: [8] Undefined index: user_status /var/www/html/App/Home/Controller/HomeController.class.php 第 134 行.
SQL: SHOW COLUMNS FROM `ez_config` [ RunTime:0.000770s ]
SQL: SELECT `type`,`name`,`value` FROM `ez_config` WHERE ( `status` = 1 )  [ RunTime:0.000437s ]
NOTIC: [2] mkdir(): No such file or directory /var/www/html/App/Home/Controller/HomeController.class.php 第 185 行.
NOTIC: [2] mkdir(): No such file or directory /var/www/html/App/Home/Controller/HomeController.class.php 第 187 行.
NOTIC: [8] Use of undefined constant IS_WAP_FACT - assumed 'IS_WAP_FACT' /var/www/html/App/Home/Controller/HomeController.class.php 第 161 行.
SQL: SHOW COLUMNS FROM `ez_company` [ RunTime:0.000837s ]
SQL: SHOW COLUMNS FROM `ez_company` [ RunTime:0.000779s ]
SQL: SELECT m.*,c.* FROM ez_company c left JOIN ez_member m on c.cuid = m.uid  WHERE ( c.tj_index = 1 ) ORDER BY c.sn asc,c.hits desc LIMIT 0,5   [ RunTime:0.001015s ]
SQL: SHOW COLUMNS FROM `ez_jobs` [ RunTime:0.000943s ]
NOTIC: [8] Undefined index: only_get_count /var/www/html/App/Home/Controller/HomeController.class.php 第 1278 行.
SQL: SHOW COLUMNS FROM `ez_jobs` [ RunTime:0.000872s ]
SQL: SELECT j.*,j.addtime as job_addtime,m.*,um.email,c.* FROM ez_jobs j left JOIN ez_ucenter_member um on j.uid = um.id left JOIN ez_member m on m.uid = j.uid left JOIN ez_company c on m.com_id = c.com_id  WHERE ( j.status = 1 ) AND ( j.tj_index = 1 ) ORDER BY j.sn asc,j.hits desc LIMIT 0,20   [ RunTime:0.000659s ]
INFO: [ view_parse ] --START--
INFO: [ template_filter ] --START--
INFO: Run Behavior\ContentReplace [ RunTime:0.000037s ]
INFO: [ template_filter ] --END-- [ RunTime:0.000099s ]
INFO: Run Behavior\ParseTemplate [ RunTime:0.004133s ]
INFO: [ view_parse ] --END-- [ RunTime:0.004187s ]
INFO: [ view_filter ] --START--
INFO: Run Behavior\WriteHtmlCache [ RunTime:0.000079s ]
INFO: [ view_filter ] --END-- [ RunTime:0.000122s ]
INFO: [ app_end ] --START--
INFO: Run Behavior\ShowPageTrace [ RunTime:0.000261s ]
INFO: [ app_end ] --END-- [ RunTime:0.000310s ]

[ 2016-03-08T23:44:30+08:00 ] 123.151.43.65 
INFO: [ app_init ] --START--
INFO: Run Common\Behavior\InitHook [ RunTime:0.000739s ]
INFO: [ app_init ] --END-- [ RunTime:0.000951s ]
INFO: [ app_begin ] --START--
INFO: Run Behavior\ReadHtmlCache [ RunTime:0.000255s ]
INFO: [ app_begin ] --END-- [ RunTime:0.000313s ]
NOTIC: [8] Undefined index: hash /var/www/html/App/Home/Controller/HomeController.class.php 第 51 行.
NOTIC: [8] Undefined index:  /var/www/html/App/Common/Common/custom.php 第 24 行.
NOTIC: [8] Undefined index: HTTP_USER_AGENT /var/www/html/App/Common/Common/function.php 第 3652 行.
NOTIC: [8] Undefined index: uid /var/www/html/App/Home/Controller/HomeController.class.php 第 128 行.
NOTIC: [8] Undefined index: status /var/www/html/App/Home/Controller/HomeController.class.php 第 129 行.
NOTIC: [8] Undefined index: type /var/www/html/App/Home/Controller/HomeController.class.php 第 130 行.
NOTIC: [8] Undefined index: nickname /var/www/html/App/Home/Controller/HomeController.class.php 第 131 行.
NOTIC: [8] Undefined index: username /var/www/html/App/Home/Controller/HomeController.class.php 第 132 行.
NOTIC: [8] Undefined index: email /var/www/html/App/Home/Controller/HomeController.class.php 第 133 行.
NOTIC: [8] Undefined index: user_status /var/www/html/App/Home/Controller/HomeController.class.php 第 134 行.
SQL: SHOW COLUMNS FROM `ez_config` [ RunTime:0.000720s ]
SQL: SELECT `type`,`name`,`value` FROM `ez_config` WHERE ( `status` = 1 )  [ RunTime:0.000419s ]
NOTIC: [2] mkdir(): No such file or directory /var/www/html/App/Home/Controller/HomeController.class.php 第 185 行.
NOTIC: [2] mkdir(): No such file or directory /var/www/html/App/Home/Controller/HomeController.class.php 第 187 行.
NOTIC: [8] Use of undefined constant IS_WAP_FACT - assumed 'IS_WAP_FACT' /var/www/html/App/Home/Controller/HomeController.class.php 第 161 行.
SQL: SHOW COLUMNS FROM `ez_company` [ RunTime:0.000819s ]
SQL: SHOW COLUMNS FROM `ez_company` [ RunTime:0.000764s ]
SQL: SELECT m.*,c.* FROM ez_company c left JOIN ez_member m on c.cuid = m.uid  WHERE ( c.tj_index = 1 ) ORDER BY c.sn asc,c.hits desc LIMIT 0,5   [ RunTime:0.001007s ]
SQL: SHOW COLUMNS FROM `ez_jobs` [ RunTime:0.000910s ]
NOTIC: [8] Undefined index: only_get_count /var/www/html/App/Home/Controller/HomeController.class.php 第 1278 行.
SQL: SHOW COLUMNS FROM `ez_jobs` [ RunTime:0.000844s ]
SQL: SELECT j.*,j.addtime as job_addtime,m.*,um.email,c.* FROM ez_jobs j left JOIN ez_ucenter_member um on j.uid = um.id left JOIN ez_member m on m.uid = j.uid left JOIN ez_company c on m.com_id = c.com_id  WHERE ( j.status = 1 ) AND ( j.tj_index = 1 ) ORDER BY j.sn asc,j.hits desc LIMIT 0,20   [ RunTime:0.000662s ]
INFO: [ view_parse ] --START--
INFO: [ template_filter ] --START--
INFO: Run Behavior\ContentReplace [ RunTime:0.000037s ]
INFO: [ template_filter ] --END-- [ RunTime:0.000092s ]
INFO: Run Behavior\ParseTemplate [ RunTime:0.004187s ]
INFO: [ view_parse ] --END-- [ RunTime:0.004240s ]
INFO: [ view_filter ] --START--
INFO: Run Behavior\WriteHtmlCache [ RunTime:0.000079s ]
INFO: [ view_filter ] --END-- [ RunTime:0.000122s ]
INFO: [ app_end ] --START--
INFO: Run Behavior\ShowPageTrace [ RunTime:0.000305s ]
INFO: [ app_end ] --END-- [ RunTime:0.000352s ]

[ 2016-03-08T23:44:31+08:00 ] 123.151.43.65 
INFO: [ app_init ] --START--
INFO: Run Common\Behavior\InitHook [ RunTime:0.000783s ]
INFO: [ app_init ] --END-- [ RunTime:0.000998s ]
INFO: [ app_begin ] --START--
INFO: Run Behavior\ReadHtmlCache [ RunTime:0.000294s ]
INFO: [ app_begin ] --END-- [ RunTime:0.000348s ]
NOTIC: [8] Undefined index: hash /var/www/html/App/Home/Controller/HomeController.class.php 第 51 行.
NOTIC: [8] Undefined index:  /var/www/html/App/Common/Common/custom.php 第 24 行.
NOTIC: [8] Undefined index: HTTP_USER_AGENT /var/www/html/App/Common/Common/function.php 第 3652 行.
NOTIC: [8] Undefined index: uid /var/www/html/App/Home/Controller/HomeController.class.php 第 128 行.
NOTIC: [8] Undefined index: status /var/www/html/App/Home/Controller/HomeController.class.php 第 129 行.
NOTIC: [8] Undefined index: type /var/www/html/App/Home/Controller/HomeController.class.php 第 130 行.
NOTIC: [8] Undefined index: nickname /var/www/html/App/Home/Controller/HomeController.class.php 第 131 行.
NOTIC: [8] Undefined index: username /var/www/html/App/Home/Controller/HomeController.class.php 第 132 行.
NOTIC: [8] Undefined index: email /var/www/html/App/Home/Controller/HomeController.class.php 第 133 行.
NOTIC: [8] Undefined index: user_status /var/www/html/App/Home/Controller/HomeController.class.php 第 134 行.
SQL: SHOW COLUMNS FROM `ez_config` [ RunTime:0.000687s ]
SQL: SELECT `type`,`name`,`value` FROM `ez_config` WHERE ( `status` = 1 )  [ RunTime:0.000421s ]
NOTIC: [2] mkdir(): No such file or directory /var/www/html/App/Home/Controller/HomeController.class.php 第 185 行.
NOTIC: [2] mkdir(): No such file or directory /var/www/html/App/Home/Controller/HomeController.class.php 第 187 行.
NOTIC: [8] Use of undefined constant IS_WAP_FACT - assumed 'IS_WAP_FACT' /var/www/html/App/Home/Controller/HomeController.class.php 第 161 行.
SQL: SHOW COLUMNS FROM `ez_company` [ RunTime:0.000859s ]
SQL: SHOW COLUMNS FROM `ez_company` [ RunTime:0.002167s ]
SQL: SELECT m.*,c.* FROM ez_company c left JOIN ez_member m on c.cuid = m.uid  WHERE ( c.tj_index = 1 ) ORDER BY c.sn asc,c.hits desc LIMIT 0,5   [ RunTime:0.001016s ]
SQL: SHOW COLUMNS FROM `ez_jobs` [ RunTime:0.000900s ]
NOTIC: [8] Undefined index: only_get_count /var/www/html/App/Home/Controller/HomeController.class.php 第 1278 行.
SQL: SHOW COLUMNS FROM `ez_jobs` [ RunTime:0.000863s ]
SQL: SELECT j.*,j.addtime as job_addtime,m.*,um.email,c.* FROM ez_jobs j left JOIN ez_ucenter_member um on j.uid = um.id left JOIN ez_member m on m.uid = j.uid left JOIN ez_company c on m.com_id = c.com_id  WHERE ( j.status = 1 ) AND ( j.tj_index = 1 ) ORDER BY j.sn asc,j.hits desc LIMIT 0,20   [ RunTime:0.000637s ]
INFO: [ view_parse ] --START--
INFO: [ template_filter ] --START--
INFO: Run Behavior\ContentReplace [ RunTime:0.000043s ]
INFO: [ template_filter ] --END-- [ RunTime:0.000100s ]
INFO: Run Behavior\ParseTemplate [ RunTime:0.004430s ]
INFO: [ view_parse ] --END-- [ RunTime:0.004486s ]
INFO: [ view_filter ] --START--
INFO: Run Behavior\WriteHtmlCache [ RunTime:0.000081s ]
INFO: [ view_filter ] --END-- [ RunTime:0.000125s ]
INFO: [ app_end ] --START--
INFO: Run Behavior\ShowPageTrace [ RunTime:0.000284s ]
INFO: [ app_end ] --END-- [ RunTime:0.000331s ]

[ 2016-03-08T23:47:32+08:00 ] 69.58.178.58 /robots.txt
INFO: [ app_init ] --START--
INFO: Run Common\Behavior\InitHook [ RunTime:0.000803s ]
INFO: [ app_init ] --END-- [ RunTime:0.001033s ]
INFO: [ app_begin ] --START--
INFO: Run Behavior\ReadHtmlCache [ RunTime:0.000273s ]
INFO: [ app_begin ] --END-- [ RunTime:0.000346s ]
NOTIC: [8] Undefined index: hash /var/www/html/App/Home/Controller/HomeController.class.php 第 51 行.
NOTIC: [8] Undefined index:  /var/www/html/App/Common/Common/custom.php 第 24 行.
NOTIC: [8] Undefined index: uid /var/www/html/App/Home/Controller/HomeController.class.php 第 128 行.
NOTIC: [8] Undefined index: status /var/www/html/App/Home/Controller/HomeController.class.php 第 129 行.
NOTIC: [8] Undefined index: type /var/www/html/App/Home/Controller/HomeController.class.php 第 130 行.
NOTIC: [8] Undefined index: nickname /var/www/html/App/Home/Controller/HomeController.class.php 第 131 行.
NOTIC: [8] Undefined index: username /var/www/html/App/Home/Controller/HomeController.class.php 第 132 行.
NOTIC: [8] Undefined index: email /var/www/html/App/Home/Controller/HomeController.class.php 第 133 行.
NOTIC: [8] Undefined index: user_status /var/www/html/App/Home/Controller/HomeController.class.php 第 134 行.
SQL: SHOW COLUMNS FROM `ez_config` [ RunTime:0.000732s ]
SQL: SELECT `type`,`name`,`value` FROM `ez_config` WHERE ( `status` = 1 )  [ RunTime:0.000421s ]
NOTIC: [2] mkdir(): No such file or directory /var/www/html/App/Home/Controller/HomeController.class.php 第 185 行.
NOTIC: [2] mkdir(): No such file or directory /var/www/html/App/Home/Controller/HomeController.class.php 第 187 行.
NOTIC: [8] Use of undefined constant IS_WAP_FACT - assumed 'IS_WAP_FACT' /var/www/html/App/Home/Controller/HomeController.class.php 第 161 行.
INFO: [ view_parse ] --START--
INFO: [ template_filter ] --START--
INFO: Run Behavior\ContentReplace [ RunTime:0.000040s ]
INFO: [ template_filter ] --END-- [ RunTime:0.000105s ]
INFO: Run Behavior\ParseTemplate [ RunTime:0.004336s ]
INFO: [ view_parse ] --END-- [ RunTime:0.004386s ]
INFO: [ view_filter ] --START--
INFO: Run Behavior\WriteHtmlCache [ RunTime:0.000099s ]
INFO: [ view_filter ] --END-- [ RunTime:0.000144s ]
INFO: [ app_end ] --START--
INFO: Run Behavior\ShowPageTrace [ RunTime:0.000297s ]
INFO: [ app_end ] --END-- [ RunTime:0.000345s ]

[ 2016-03-08T23:47:34+08:00 ] 69.58.178.58 /
INFO: [ app_init ] --START--
INFO: Run Common\Behavior\InitHook [ RunTime:0.000815s ]
INFO: [ app_init ] --END-- [ RunTime:0.001024s ]
INFO: [ app_begin ] --START--
INFO: Run Behavior\ReadHtmlCache [ RunTime:0.000268s ]
INFO: [ app_begin ] --END-- [ RunTime:0.000320s ]
NOTIC: [8] Undefined index: hash /var/www/html/App/Home/Controller/HomeController.class.php 第 51 行.
NOTIC: [8] Undefined index:  /var/www/html/App/Common/Common/custom.php 第 24 行.
NOTIC: [8] Undefined index: uid /var/www/html/App/Home/Controller/HomeController.class.php 第 128 行.
NOTIC: [8] Undefined index: status /var/www/html/App/Home/Controller/HomeController.class.php 第 129 行.
NOTIC: [8] Undefined index: type /var/www/html/App/Home/Controller/HomeController.class.php 第 130 行.
NOTIC: [8] Undefined index: nickname /var/www/html/App/Home/Controller/HomeController.class.php 第 131 行.
NOTIC: [8] Undefined index: username /var/www/html/App/Home/Controller/HomeController.class.php 第 132 行.
NOTIC: [8] Undefined index: email /var/www/html/App/Home/Controller/HomeController.class.php 第 133 行.
NOTIC: [8] Undefined index: user_status /var/www/html/App/Home/Controller/HomeController.class.php 第 134 行.
SQL: SHOW COLUMNS FROM `ez_config` [ RunTime:0.000782s ]
SQL: SELECT `type`,`name`,`value` FROM `ez_config` WHERE ( `status` = 1 )  [ RunTime:0.000452s ]
NOTIC: [2] mkdir(): No such file or directory /var/www/html/App/Home/Controller/HomeController.class.php 第 185 行.
NOTIC: [2] mkdir(): No such file or directory /var/www/html/App/Home/Controller/HomeController.class.php 第 187 行.
NOTIC: [8] Use of undefined constant IS_WAP_FACT - assumed 'IS_WAP_FACT' /var/www/html/App/Home/Controller/HomeController.class.php 第 161 行.
SQL: SHOW COLUMNS FROM `ez_company` [ RunTime:0.000858s ]
SQL: SHOW COLUMNS FROM `ez_company` [ RunTime:0.000800s ]
SQL: SELECT m.*,c.* FROM ez_company c left JOIN ez_member m on c.cuid = m.uid  WHERE ( c.tj_index = 1 ) ORDER BY c.sn asc,c.hits desc LIMIT 0,5   [ RunTime:0.001025s ]
SQL: SHOW COLUMNS FROM `ez_jobs` [ RunTime:0.000927s ]
NOTIC: [8] Undefined index: only_get_count /var/www/html/App/Home/Controller/HomeController.class.php 第 1278 行.
SQL: SHOW COLUMNS FROM `ez_jobs` [ RunTime:0.000873s ]
SQL: SELECT j.*,j.addtime as job_addtime,m.*,um.email,c.* FROM ez_jobs j left JOIN ez_ucenter_member um on j.uid = um.id left JOIN ez_member m on m.uid = j.uid left JOIN ez_company c on m.com_id = c.com_id  WHERE ( j.status = 1 ) AND ( j.tj_index = 1 ) ORDER BY j.sn asc,j.hits desc LIMIT 0,20   [ RunTime:0.000657s ]
INFO: [ view_parse ] --START--
INFO: [ template_filter ] --START--
INFO: Run Behavior\ContentReplace [ RunTime:0.000040s ]
INFO: [ template_filter ] --END-- [ RunTime:0.000095s ]
INFO: Run Behavior\ParseTemplate [ RunTime:0.004249s ]
INFO: [ view_parse ] --END-- [ RunTime:0.004308s ]
INFO: [ view_filter ] --START--
INFO: Run Behavior\WriteHtmlCache [ RunTime:0.000079s ]
INFO: [ view_filter ] --END-- [ RunTime:0.000122s ]
INFO: [ app_end ] --START--
INFO: Run Behavior\ShowPageTrace [ RunTime:0.000323s ]
INFO: [ app_end ] --END-- [ RunTime:0.000386s ]

