[ 2016-02-19T23:00:01+08:00 ] 203.195.169.117 /Cronjob/sendNextDayInterview
INFO: [ app_init ] --START--
INFO: Run Common\Behavior\InitHook [ RunTime:0.000747s ]
INFO: [ app_init ] --END-- [ RunTime:0.000977s ]
INFO: [ app_begin ] --START--
INFO: Run Behavior\ReadHtmlCache [ RunTime:0.000279s ]
INFO: [ app_begin ] --END-- [ RunTime:0.000333s ]
NOTIC: [8] Undefined index: hash /var/www/html/App/Home/Controller/HomeController.class.php 第 51 行.
NOTIC: [8] Undefined index:  /var/www/html/App/Common/Common/custom.php 第 24 行.
NOTIC: [8] Undefined index: uid /var/www/html/App/Home/Controller/HomeController.class.php 第 128 行.
NOTIC: [8] Undefined index: status /var/www/html/App/Home/Controller/HomeController.class.php 第 129 行.
NOTIC: [8] Undefined index: type /var/www/html/App/Home/Controller/HomeController.class.php 第 130 行.
NOTIC: [8] Undefined index: nickname /var/www/html/App/Home/Controller/HomeController.class.php 第 131 行.
NOTIC: [8] Undefined index: username /var/www/html/App/Home/Controller/HomeController.class.php 第 132 行.
NOTIC: [8] Undefined index: email /var/www/html/App/Home/Controller/HomeController.class.php 第 133 行.
NOTIC: [8] Undefined index: user_status /var/www/html/App/Home/Controller/HomeController.class.php 第 134 行.
SQL: SHOW COLUMNS FROM `ez_config` [ RunTime:0.000782s ]
SQL: SELECT `type`,`name`,`value` FROM `ez_config` WHERE ( `status` = 1 )  [ RunTime:0.000451s ]
NOTIC: [2] mkdir(): No such file or directory /var/www/html/App/Home/Controller/HomeController.class.php 第 185 行.
NOTIC: [2] mkdir(): No such file or directory /var/www/html/App/Home/Controller/HomeController.class.php 第 187 行.
NOTIC: [8] Use of undefined constant IS_WAP_FACT - assumed 'IS_WAP_FACT' /var/www/html/App/Home/Controller/HomeController.class.php 第 161 行.
SQL: SHOW COLUMNS FROM `ez_jobs_apply` [ RunTime:0.001045s ]
SQL: SELECT * FROM `ez_jobs_apply` WHERE ( status=1 and is_send_tpl_msg=0 and interviewTime>='2016-02-20' and interviewTime<'2016-02-21 00:00:01'  )  [ RunTime:0.000639s ]
NOTIC: [2] Invalid argument supplied for foreach() /var/www/html/App/Home/Controller/CronjobController.class.php 第 43 行.
SQL: SHOW COLUMNS FROM `ez_wx_log` [ RunTime:0.000853s ]
SQL: INSERT INTO `ez_wx_log` (`yid`,`post`,`reply`,`type`,`event`,`openid`,`keyword`,`add_time`) VALUES ('cwxu','cron_job',0,'c','c','c','c','2016-02-19 23:00:01') [ RunTime:0.000537s ]

[ 2016-02-19T23:06:23+08:00 ] 123.174.80.156 /
INFO: [ app_init ] --START--
INFO: Run Common\Behavior\InitHook [ RunTime:0.000753s ]
INFO: [ app_init ] --END-- [ RunTime:0.000999s ]
INFO: [ app_begin ] --START--
INFO: Run Behavior\ReadHtmlCache [ RunTime:0.000260s ]
INFO: [ app_begin ] --END-- [ RunTime:0.000312s ]
NOTIC: [8] Undefined index: hash /var/www/html/App/Home/Controller/HomeController.class.php 第 51 行.
NOTIC: [8] Undefined index:  /var/www/html/App/Common/Common/custom.php 第 24 行.
NOTIC: [8] Undefined index: uid /var/www/html/App/Home/Controller/HomeController.class.php 第 128 行.
NOTIC: [8] Undefined index: status /var/www/html/App/Home/Controller/HomeController.class.php 第 129 行.
NOTIC: [8] Undefined index: type /var/www/html/App/Home/Controller/HomeController.class.php 第 130 行.
NOTIC: [8] Undefined index: nickname /var/www/html/App/Home/Controller/HomeController.class.php 第 131 行.
NOTIC: [8] Undefined index: username /var/www/html/App/Home/Controller/HomeController.class.php 第 132 行.
NOTIC: [8] Undefined index: email /var/www/html/App/Home/Controller/HomeController.class.php 第 133 行.
NOTIC: [8] Undefined index: user_status /var/www/html/App/Home/Controller/HomeController.class.php 第 134 行.
SQL: SHOW COLUMNS FROM `ez_config` [ RunTime:0.000757s ]
SQL: SELECT `type`,`name`,`value` FROM `ez_config` WHERE ( `status` = 1 )  [ RunTime:0.000442s ]
NOTIC: [2] mkdir(): No such file or directory /var/www/html/App/Home/Controller/HomeController.class.php 第 185 行.
NOTIC: [2] mkdir(): No such file or directory /var/www/html/App/Home/Controller/HomeController.class.php 第 187 行.
NOTIC: [8] Use of undefined constant IS_WAP_FACT - assumed 'IS_WAP_FACT' /var/www/html/App/Home/Controller/HomeController.class.php 第 161 行.
SQL: SHOW COLUMNS FROM `ez_company` [ RunTime:0.000882s ]
SQL: SHOW COLUMNS FROM `ez_company` [ RunTime:0.000798s ]
SQL: SELECT m.*,c.* FROM ez_company c left JOIN ez_member m on c.cuid = m.uid  WHERE ( c.tj_index = 1 ) ORDER BY c.sn asc,c.hits desc LIMIT 0,5   [ RunTime:0.001012s ]
SQL: SHOW COLUMNS FROM `ez_jobs` [ RunTime:0.000903s ]
NOTIC: [8] Undefined index: only_get_count /var/www/html/App/Home/Controller/HomeController.class.php 第 1091 行.
SQL: SHOW COLUMNS FROM `ez_jobs` [ RunTime:0.000872s ]
SQL: SELECT j.*,j.addtime as job_addtime,m.*,um.email,c.* FROM ez_jobs j left JOIN ez_ucenter_member um on j.uid = um.id left JOIN ez_member m on m.uid = j.uid left JOIN ez_company c on m.com_id = c.com_id  WHERE ( j.status = 1 ) AND ( j.tj_index = 1 ) ORDER BY j.sn asc,j.hits desc LIMIT 0,20   [ RunTime:0.000660s ]
INFO: [ view_parse ] --START--
INFO: [ template_filter ] --START--
INFO: Run Behavior\ContentReplace [ RunTime:0.000037s ]
INFO: [ template_filter ] --END-- [ RunTime:0.000114s ]
INFO: Run Behavior\ParseTemplate [ RunTime:0.004139s ]
INFO: [ view_parse ] --END-- [ RunTime:0.004199s ]
INFO: [ view_filter ] --START--
INFO: Run Behavior\WriteHtmlCache [ RunTime:0.000079s ]
INFO: [ view_filter ] --END-- [ RunTime:0.000123s ]
INFO: [ app_end ] --START--
INFO: Run Behavior\ShowPageTrace [ RunTime:0.000298s ]
INFO: [ app_end ] --END-- [ RunTime:0.000345s ]

[ 2016-02-19T23:06:25+08:00 ] 123.174.80.156 /
INFO: [ app_init ] --START--
INFO: Run Common\Behavior\InitHook [ RunTime:0.000783s ]
INFO: [ app_init ] --END-- [ RunTime:0.001002s ]
INFO: [ app_begin ] --START--
INFO: Run Behavior\ReadHtmlCache [ RunTime:0.000269s ]
INFO: [ app_begin ] --END-- [ RunTime:0.000339s ]
NOTIC: [8] Undefined index: hash /var/www/html/App/Home/Controller/HomeController.class.php 第 51 行.
NOTIC: [8] Undefined index:  /var/www/html/App/Common/Common/custom.php 第 24 行.
NOTIC: [8] Undefined index: uid /var/www/html/App/Home/Controller/HomeController.class.php 第 128 行.
NOTIC: [8] Undefined index: status /var/www/html/App/Home/Controller/HomeController.class.php 第 129 行.
NOTIC: [8] Undefined index: type /var/www/html/App/Home/Controller/HomeController.class.php 第 130 行.
NOTIC: [8] Undefined index: nickname /var/www/html/App/Home/Controller/HomeController.class.php 第 131 行.
NOTIC: [8] Undefined index: username /var/www/html/App/Home/Controller/HomeController.class.php 第 132 行.
NOTIC: [8] Undefined index: email /var/www/html/App/Home/Controller/HomeController.class.php 第 133 行.
NOTIC: [8] Undefined index: user_status /var/www/html/App/Home/Controller/HomeController.class.php 第 134 行.
SQL: SHOW COLUMNS FROM `ez_config` [ RunTime:0.000914s ]
SQL: SELECT `type`,`name`,`value` FROM `ez_config` WHERE ( `status` = 1 )  [ RunTime:0.000439s ]
NOTIC: [2] mkdir(): No such file or directory /var/www/html/App/Home/Controller/HomeController.class.php 第 185 行.
NOTIC: [2] mkdir(): No such file or directory /var/www/html/App/Home/Controller/HomeController.class.php 第 187 行.
NOTIC: [8] Use of undefined constant IS_WAP_FACT - assumed 'IS_WAP_FACT' /var/www/html/App/Home/Controller/HomeController.class.php 第 161 行.
SQL: SHOW COLUMNS FROM `ez_company` [ RunTime:0.000876s ]
SQL: SHOW COLUMNS FROM `ez_company` [ RunTime:0.005715s ]
SQL: SELECT m.*,c.* FROM ez_company c left JOIN ez_member m on c.cuid = m.uid  WHERE ( c.tj_index = 1 ) ORDER BY c.sn asc,c.hits desc LIMIT 0,5   [ RunTime:0.000988s ]
SQL: SHOW COLUMNS FROM `ez_jobs` [ RunTime:0.000886s ]
NOTIC: [8] Undefined index: only_get_count /var/www/html/App/Home/Controller/HomeController.class.php 第 1091 行.
SQL: SHOW COLUMNS FROM `ez_jobs` [ RunTime:0.000860s ]
SQL: SELECT j.*,j.addtime as job_addtime,m.*,um.email,c.* FROM ez_jobs j left JOIN ez_ucenter_member um on j.uid = um.id left JOIN ez_member m on m.uid = j.uid left JOIN ez_company c on m.com_id = c.com_id  WHERE ( j.status = 1 ) AND ( j.tj_index = 1 ) ORDER BY j.sn asc,j.hits desc LIMIT 0,20   [ RunTime:0.000624s ]
INFO: [ view_parse ] --START--
INFO: [ template_filter ] --START--
INFO: Run Behavior\ContentReplace [ RunTime:0.000040s ]
INFO: [ template_filter ] --END-- [ RunTime:0.000095s ]
INFO: Run Behavior\ParseTemplate [ RunTime:0.004149s ]
INFO: [ view_parse ] --END-- [ RunTime:0.004221s ]
INFO: [ view_filter ] --START--
INFO: Run Behavior\WriteHtmlCache [ RunTime:0.000081s ]
INFO: [ view_filter ] --END-- [ RunTime:0.000124s ]
INFO: [ app_end ] --START--
INFO: Run Behavior\ShowPageTrace [ RunTime:0.000300s ]
INFO: [ app_end ] --END-- [ RunTime:0.000347s ]

[ 2016-02-19T23:11:51+08:00 ] 93.158.152.53 /robots.txt
INFO: [ app_init ] --START--
INFO: Run Common\Behavior\InitHook [ RunTime:0.000781s ]
INFO: [ app_init ] --END-- [ RunTime:0.000986s ]
INFO: [ app_begin ] --START--
INFO: Run Behavior\ReadHtmlCache [ RunTime:0.000275s ]
INFO: [ app_begin ] --END-- [ RunTime:0.000329s ]
NOTIC: [8] Undefined index: hash /var/www/html/App/Home/Controller/HomeController.class.php 第 51 行.
NOTIC: [8] Undefined index:  /var/www/html/App/Common/Common/custom.php 第 24 行.
NOTIC: [8] Undefined index: uid /var/www/html/App/Home/Controller/HomeController.class.php 第 128 行.
NOTIC: [8] Undefined index: status /var/www/html/App/Home/Controller/HomeController.class.php 第 129 行.
NOTIC: [8] Undefined index: type /var/www/html/App/Home/Controller/HomeController.class.php 第 130 行.
NOTIC: [8] Undefined index: nickname /var/www/html/App/Home/Controller/HomeController.class.php 第 131 行.
NOTIC: [8] Undefined index: username /var/www/html/App/Home/Controller/HomeController.class.php 第 132 行.
NOTIC: [8] Undefined index: email /var/www/html/App/Home/Controller/HomeController.class.php 第 133 行.
NOTIC: [8] Undefined index: user_status /var/www/html/App/Home/Controller/HomeController.class.php 第 134 行.
SQL: SHOW COLUMNS FROM `ez_config` [ RunTime:0.003599s ]
SQL: SELECT `type`,`name`,`value` FROM `ez_config` WHERE ( `status` = 1 )  [ RunTime:0.002782s ]
NOTIC: [2] mkdir(): No such file or directory /var/www/html/App/Home/Controller/HomeController.class.php 第 185 行.
NOTIC: [2] mkdir(): No such file or directory /var/www/html/App/Home/Controller/HomeController.class.php 第 187 行.
NOTIC: [8] Use of undefined constant IS_WAP_FACT - assumed 'IS_WAP_FACT' /var/www/html/App/Home/Controller/HomeController.class.php 第 161 行.
INFO: [ view_parse ] --START--
INFO: [ template_filter ] --START--
INFO: Run Behavior\ContentReplace [ RunTime:0.000049s ]
INFO: [ template_filter ] --END-- [ RunTime:0.000107s ]
INFO: Run Behavior\ParseTemplate [ RunTime:0.007208s ]
INFO: [ view_parse ] --END-- [ RunTime:0.007259s ]
INFO: [ view_filter ] --START--
INFO: Run Behavior\WriteHtmlCache [ RunTime:0.000098s ]
INFO: [ view_filter ] --END-- [ RunTime:0.000143s ]
INFO: [ app_end ] --START--
INFO: Run Behavior\ShowPageTrace [ RunTime:0.000264s ]
INFO: [ app_end ] --END-- [ RunTime:0.000310s ]

[ 2016-02-19T23:21:03+08:00 ] 123.125.71.47 /
INFO: [ app_init ] --START--
INFO: Run Common\Behavior\InitHook [ RunTime:0.000742s ]
INFO: [ app_init ] --END-- [ RunTime:0.000978s ]
INFO: [ app_begin ] --START--
INFO: Run Behavior\ReadHtmlCache [ RunTime:0.000269s ]
INFO: [ app_begin ] --END-- [ RunTime:0.000322s ]
NOTIC: [8] Undefined index: hash /var/www/html/App/Home/Controller/HomeController.class.php 第 51 行.
NOTIC: [8] Undefined index:  /var/www/html/App/Common/Common/custom.php 第 24 行.
NOTIC: [8] Undefined index: uid /var/www/html/App/Home/Controller/HomeController.class.php 第 128 行.
NOTIC: [8] Undefined index: status /var/www/html/App/Home/Controller/HomeController.class.php 第 129 行.
NOTIC: [8] Undefined index: type /var/www/html/App/Home/Controller/HomeController.class.php 第 130 行.
NOTIC: [8] Undefined index: nickname /var/www/html/App/Home/Controller/HomeController.class.php 第 131 行.
NOTIC: [8] Undefined index: username /var/www/html/App/Home/Controller/HomeController.class.php 第 132 行.
NOTIC: [8] Undefined index: email /var/www/html/App/Home/Controller/HomeController.class.php 第 133 行.
NOTIC: [8] Undefined index: user_status /var/www/html/App/Home/Controller/HomeController.class.php 第 134 行.
SQL: SHOW COLUMNS FROM `ez_config` [ RunTime:0.000803s ]
SQL: SELECT `type`,`name`,`value` FROM `ez_config` WHERE ( `status` = 1 )  [ RunTime:0.000410s ]
NOTIC: [2] mkdir(): No such file or directory /var/www/html/App/Home/Controller/HomeController.class.php 第 185 行.
NOTIC: [2] mkdir(): No such file or directory /var/www/html/App/Home/Controller/HomeController.class.php 第 187 行.
NOTIC: [8] Use of undefined constant IS_WAP_FACT - assumed 'IS_WAP_FACT' /var/www/html/App/Home/Controller/HomeController.class.php 第 161 行.
SQL: SHOW COLUMNS FROM `ez_company` [ RunTime:0.000989s ]
SQL: SHOW COLUMNS FROM `ez_company` [ RunTime:0.000865s ]
SQL: SELECT m.*,c.* FROM ez_company c left JOIN ez_member m on c.cuid = m.uid  WHERE ( c.tj_index = 1 ) ORDER BY c.sn asc,c.hits desc LIMIT 0,5   [ RunTime:0.000999s ]
SQL: SHOW COLUMNS FROM `ez_jobs` [ RunTime:0.000915s ]
NOTIC: [8] Undefined index: only_get_count /var/www/html/App/Home/Controller/HomeController.class.php 第 1091 行.
SQL: SHOW COLUMNS FROM `ez_jobs` [ RunTime:0.000932s ]
SQL: SELECT j.*,j.addtime as job_addtime,m.*,um.email,c.* FROM ez_jobs j left JOIN ez_ucenter_member um on j.uid = um.id left JOIN ez_member m on m.uid = j.uid left JOIN ez_company c on m.com_id = c.com_id  WHERE ( j.status = 1 ) AND ( j.tj_index = 1 ) ORDER BY j.sn asc,j.hits desc LIMIT 0,20   [ RunTime:0.000626s ]
INFO: [ view_parse ] --START--
INFO: [ template_filter ] --START--
INFO: Run Behavior\ContentReplace [ RunTime:0.000040s ]
INFO: [ template_filter ] --END-- [ RunTime:0.000094s ]
INFO: Run Behavior\ParseTemplate [ RunTime:0.004098s ]
INFO: [ view_parse ] --END-- [ RunTime:0.004149s ]
INFO: [ view_filter ] --START--
INFO: Run Behavior\WriteHtmlCache [ RunTime:0.000089s ]
INFO: [ view_filter ] --END-- [ RunTime:0.000133s ]
INFO: [ app_end ] --START--
INFO: Run Behavior\ShowPageTrace [ RunTime:0.000272s ]
INFO: [ app_end ] --END-- [ RunTime:0.000329s ]

[ 2016-02-19T23:26:05+08:00 ] 220.181.108.149 /
INFO: [ app_init ] --START--
INFO: Run Common\Behavior\InitHook [ RunTime:0.000768s ]
INFO: [ app_init ] --END-- [ RunTime:0.000995s ]
INFO: [ app_begin ] --START--
INFO: Run Behavior\ReadHtmlCache [ RunTime:0.000258s ]
INFO: [ app_begin ] --END-- [ RunTime:0.000311s ]
NOTIC: [8] Undefined index: hash /var/www/html/App/Home/Controller/HomeController.class.php 第 51 行.
NOTIC: [8] Undefined index:  /var/www/html/App/Common/Common/custom.php 第 24 行.
NOTIC: [8] Undefined index: uid /var/www/html/App/Home/Controller/HomeController.class.php 第 128 行.
NOTIC: [8] Undefined index: status /var/www/html/App/Home/Controller/HomeController.class.php 第 129 行.
NOTIC: [8] Undefined index: type /var/www/html/App/Home/Controller/HomeController.class.php 第 130 行.
NOTIC: [8] Undefined index: nickname /var/www/html/App/Home/Controller/HomeController.class.php 第 131 行.
NOTIC: [8] Undefined index: username /var/www/html/App/Home/Controller/HomeController.class.php 第 132 行.
NOTIC: [8] Undefined index: email /var/www/html/App/Home/Controller/HomeController.class.php 第 133 行.
NOTIC: [8] Undefined index: user_status /var/www/html/App/Home/Controller/HomeController.class.php 第 134 行.
SQL: SHOW COLUMNS FROM `ez_config` [ RunTime:0.000933s ]
SQL: SELECT `type`,`name`,`value` FROM `ez_config` WHERE ( `status` = 1 )  [ RunTime:0.000459s ]
NOTIC: [2] mkdir(): No such file or directory /var/www/html/App/Home/Controller/HomeController.class.php 第 185 行.
NOTIC: [2] mkdir(): No such file or directory /var/www/html/App/Home/Controller/HomeController.class.php 第 187 行.
NOTIC: [8] Use of undefined constant IS_WAP_FACT - assumed 'IS_WAP_FACT' /var/www/html/App/Home/Controller/HomeController.class.php 第 161 行.
SQL: SHOW COLUMNS FROM `ez_company` [ RunTime:0.000980s ]
SQL: SHOW COLUMNS FROM `ez_company` [ RunTime:0.000791s ]
SQL: SELECT m.*,c.* FROM ez_company c left JOIN ez_member m on c.cuid = m.uid  WHERE ( c.tj_index = 1 ) ORDER BY c.sn asc,c.hits desc LIMIT 0,5   [ RunTime:0.000998s ]
SQL: SHOW COLUMNS FROM `ez_jobs` [ RunTime:0.000942s ]
NOTIC: [8] Undefined index: only_get_count /var/www/html/App/Home/Controller/HomeController.class.php 第 1091 行.
SQL: SHOW COLUMNS FROM `ez_jobs` [ RunTime:0.000852s ]
SQL: SELECT j.*,j.addtime as job_addtime,m.*,um.email,c.* FROM ez_jobs j left JOIN ez_ucenter_member um on j.uid = um.id left JOIN ez_member m on m.uid = j.uid left JOIN ez_company c on m.com_id = c.com_id  WHERE ( j.status = 1 ) AND ( j.tj_index = 1 ) ORDER BY j.sn asc,j.hits desc LIMIT 0,20   [ RunTime:0.000660s ]
INFO: [ view_parse ] --START--
INFO: [ template_filter ] --START--
INFO: Run Behavior\ContentReplace [ RunTime:0.000039s ]
INFO: [ template_filter ] --END-- [ RunTime:0.000100s ]
INFO: Run Behavior\ParseTemplate [ RunTime:0.004125s ]
INFO: [ view_parse ] --END-- [ RunTime:0.004177s ]
INFO: [ view_filter ] --START--
INFO: Run Behavior\WriteHtmlCache [ RunTime:0.000092s ]
INFO: [ view_filter ] --END-- [ RunTime:0.000149s ]
INFO: [ app_end ] --START--
INFO: Run Behavior\ShowPageTrace [ RunTime:0.000280s ]
INFO: [ app_end ] --END-- [ RunTime:0.000330s ]

