[ 2016-03-17T23:10:04+08:00 ] 164.132.161.80 /Company/index/76-4-90-1?kd=
INFO: [ app_init ] --START--
INFO: Run Common\Behavior\InitHook [ RunTime:0.000751s ]
INFO: [ app_init ] --END-- [ RunTime:0.000972s ]
INFO: [ app_begin ] --START--
INFO: Run Behavior\ReadHtmlCache [ RunTime:0.000246s ]
INFO: [ app_begin ] --END-- [ RunTime:0.000300s ]
NOTIC: [2048] Declaration of Home\Controller\UserController::checkUser() should be compatible with that of Home\Controller\HomeController::checkUser() /var/www/html/App/Home/Controller/UserController.class.php 第 11 行.
NOTIC: [8] Undefined index: hash /var/www/html/App/Home/Controller/HomeController.class.php 第 51 行.
NOTIC: [8] Undefined index:  /var/www/html/App/Common/Common/custom.php 第 24 行.
NOTIC: [8] Undefined index: uid /var/www/html/App/Home/Controller/HomeController.class.php 第 128 行.
NOTIC: [8] Undefined index: status /var/www/html/App/Home/Controller/HomeController.class.php 第 129 行.
NOTIC: [8] Undefined index: type /var/www/html/App/Home/Controller/HomeController.class.php 第 130 行.
NOTIC: [8] Undefined index: nickname /var/www/html/App/Home/Controller/HomeController.class.php 第 131 行.
NOTIC: [8] Undefined index: username /var/www/html/App/Home/Controller/HomeController.class.php 第 132 行.
NOTIC: [8] Undefined index: email /var/www/html/App/Home/Controller/HomeController.class.php 第 133 行.
NOTIC: [8] Undefined index: user_status /var/www/html/App/Home/Controller/HomeController.class.php 第 134 行.
SQL: SHOW COLUMNS FROM `ez_config` [ RunTime:0.000809s ]
SQL: SELECT `type`,`name`,`value` FROM `ez_config` WHERE ( `status` = 1 )  [ RunTime:0.000433s ]
NOTIC: [2] mkdir(): No such file or directory /var/www/html/App/Home/Controller/HomeController.class.php 第 185 行.
NOTIC: [2] mkdir(): No such file or directory /var/www/html/App/Home/Controller/HomeController.class.php 第 187 行.
NOTIC: [8] Use of undefined constant IS_WAP_FACT - assumed 'IS_WAP_FACT' /var/www/html/App/Home/Controller/HomeController.class.php 第 161 行.

[ 2016-03-17T23:17:23+08:00 ] 121.42.0.58 /
INFO: [ app_init ] --START--
INFO: Run Common\Behavior\InitHook [ RunTime:0.000777s ]
INFO: [ app_init ] --END-- [ RunTime:0.001033s ]
INFO: [ app_begin ] --START--
INFO: Run Behavior\ReadHtmlCache [ RunTime:0.000275s ]
INFO: [ app_begin ] --END-- [ RunTime:0.000331s ]
NOTIC: [8] Undefined index: hash /var/www/html/App/Home/Controller/HomeController.class.php 第 51 行.
NOTIC: [8] Undefined index:  /var/www/html/App/Common/Common/custom.php 第 24 行.
NOTIC: [8] Undefined index: uid /var/www/html/App/Home/Controller/HomeController.class.php 第 128 行.
NOTIC: [8] Undefined index: status /var/www/html/App/Home/Controller/HomeController.class.php 第 129 行.
NOTIC: [8] Undefined index: type /var/www/html/App/Home/Controller/HomeController.class.php 第 130 行.
NOTIC: [8] Undefined index: nickname /var/www/html/App/Home/Controller/HomeController.class.php 第 131 行.
NOTIC: [8] Undefined index: username /var/www/html/App/Home/Controller/HomeController.class.php 第 132 行.
NOTIC: [8] Undefined index: email /var/www/html/App/Home/Controller/HomeController.class.php 第 133 行.
NOTIC: [8] Undefined index: user_status /var/www/html/App/Home/Controller/HomeController.class.php 第 134 行.
SQL: SHOW COLUMNS FROM `ez_config` [ RunTime:0.000907s ]
SQL: SELECT `type`,`name`,`value` FROM `ez_config` WHERE ( `status` = 1 )  [ RunTime:0.000449s ]
NOTIC: [2] mkdir(): No such file or directory /var/www/html/App/Home/Controller/HomeController.class.php 第 185 行.
NOTIC: [2] mkdir(): No such file or directory /var/www/html/App/Home/Controller/HomeController.class.php 第 187 行.
NOTIC: [8] Use of undefined constant IS_WAP_FACT - assumed 'IS_WAP_FACT' /var/www/html/App/Home/Controller/HomeController.class.php 第 161 行.
SQL: SHOW COLUMNS FROM `ez_company` [ RunTime:0.001116s ]
SQL: SHOW COLUMNS FROM `ez_company` [ RunTime:0.001076s ]
SQL: SELECT m.*,c.* FROM ez_company c left JOIN ez_member m on c.cuid = m.uid  WHERE ( c.tj_index = 1 ) ORDER BY c.sn asc,c.hits desc LIMIT 0,5   [ RunTime:0.001087s ]
SQL: SHOW COLUMNS FROM `ez_jobs` [ RunTime:0.001228s ]
NOTIC: [8] Undefined index: only_get_count /var/www/html/App/Home/Controller/HomeController.class.php 第 1278 行.
SQL: SHOW COLUMNS FROM `ez_jobs` [ RunTime:0.001187s ]
SQL: SELECT j.*,j.addtime as job_addtime,m.*,um.email,c.* FROM ez_jobs j left JOIN ez_ucenter_member um on j.uid = um.id left JOIN ez_member m on m.uid = j.uid left JOIN ez_company c on m.com_id = c.com_id  WHERE ( j.status = 1 ) AND ( j.tj_index = 1 ) ORDER BY j.sn asc,j.hits desc LIMIT 0,20   [ RunTime:0.000632s ]
INFO: [ view_parse ] --START--
INFO: [ template_filter ] --START--
INFO: Run Behavior\ContentReplace [ RunTime:0.000038s ]
INFO: [ template_filter ] --END-- [ RunTime:0.000099s ]
INFO: Run Behavior\ParseTemplate [ RunTime:0.004556s ]
INFO: [ view_parse ] --END-- [ RunTime:0.004619s ]
INFO: [ view_filter ] --START--
INFO: Run Behavior\WriteHtmlCache [ RunTime:0.000108s ]
INFO: [ view_filter ] --END-- [ RunTime:0.000217s ]
INFO: [ app_end ] --START--
INFO: Run Behavior\ShowPageTrace [ RunTime:0.000404s ]
INFO: [ app_end ] --END-- [ RunTime:0.000496s ]

[ 2016-03-17T23:17:25+08:00 ] 121.42.0.56 /
INFO: [ app_init ] --START--
INFO: Run Common\Behavior\InitHook [ RunTime:0.000779s ]
INFO: [ app_init ] --END-- [ RunTime:0.001008s ]
INFO: [ app_begin ] --START--
INFO: Run Behavior\ReadHtmlCache [ RunTime:0.000266s ]
INFO: [ app_begin ] --END-- [ RunTime:0.000331s ]
NOTIC: [8] Undefined index: hash /var/www/html/App/Home/Controller/HomeController.class.php 第 51 行.
NOTIC: [8] Undefined index:  /var/www/html/App/Common/Common/custom.php 第 24 行.
NOTIC: [8] Undefined index: uid /var/www/html/App/Home/Controller/HomeController.class.php 第 128 行.
NOTIC: [8] Undefined index: status /var/www/html/App/Home/Controller/HomeController.class.php 第 129 行.
NOTIC: [8] Undefined index: type /var/www/html/App/Home/Controller/HomeController.class.php 第 130 行.
NOTIC: [8] Undefined index: nickname /var/www/html/App/Home/Controller/HomeController.class.php 第 131 行.
NOTIC: [8] Undefined index: username /var/www/html/App/Home/Controller/HomeController.class.php 第 132 行.
NOTIC: [8] Undefined index: email /var/www/html/App/Home/Controller/HomeController.class.php 第 133 行.
NOTIC: [8] Undefined index: user_status /var/www/html/App/Home/Controller/HomeController.class.php 第 134 行.
SQL: SHOW COLUMNS FROM `ez_config` [ RunTime:0.000938s ]
SQL: SELECT `type`,`name`,`value` FROM `ez_config` WHERE ( `status` = 1 )  [ RunTime:0.000439s ]
NOTIC: [2] mkdir(): No such file or directory /var/www/html/App/Home/Controller/HomeController.class.php 第 185 行.
NOTIC: [2] mkdir(): No such file or directory /var/www/html/App/Home/Controller/HomeController.class.php 第 187 行.
NOTIC: [8] Use of undefined constant IS_WAP_FACT - assumed 'IS_WAP_FACT' /var/www/html/App/Home/Controller/HomeController.class.php 第 161 行.
SQL: SHOW COLUMNS FROM `ez_company` [ RunTime:0.000986s ]
SQL: SHOW COLUMNS FROM `ez_company` [ RunTime:0.000858s ]
SQL: SELECT m.*,c.* FROM ez_company c left JOIN ez_member m on c.cuid = m.uid  WHERE ( c.tj_index = 1 ) ORDER BY c.sn asc,c.hits desc LIMIT 0,5   [ RunTime:0.001021s ]
SQL: SHOW COLUMNS FROM `ez_jobs` [ RunTime:0.000911s ]
NOTIC: [8] Undefined index: only_get_count /var/www/html/App/Home/Controller/HomeController.class.php 第 1278 行.
SQL: SHOW COLUMNS FROM `ez_jobs` [ RunTime:0.000865s ]
SQL: SELECT j.*,j.addtime as job_addtime,m.*,um.email,c.* FROM ez_jobs j left JOIN ez_ucenter_member um on j.uid = um.id left JOIN ez_member m on m.uid = j.uid left JOIN ez_company c on m.com_id = c.com_id  WHERE ( j.status = 1 ) AND ( j.tj_index = 1 ) ORDER BY j.sn asc,j.hits desc LIMIT 0,20   [ RunTime:0.000662s ]
INFO: [ view_parse ] --START--
INFO: [ template_filter ] --START--
INFO: Run Behavior\ContentReplace [ RunTime:0.000039s ]
INFO: [ template_filter ] --END-- [ RunTime:0.000095s ]
INFO: Run Behavior\ParseTemplate [ RunTime:0.004197s ]
INFO: [ view_parse ] --END-- [ RunTime:0.004270s ]
INFO: [ view_filter ] --START--
INFO: Run Behavior\WriteHtmlCache [ RunTime:0.000081s ]
INFO: [ view_filter ] --END-- [ RunTime:0.000128s ]
INFO: [ app_end ] --START--
INFO: Run Behavior\ShowPageTrace [ RunTime:0.000302s ]
INFO: [ app_end ] --END-- [ RunTime:0.000358s ]

[ 2016-03-17T23:18:07+08:00 ] 51.255.65.19 /Company/index/0-0-186-1-0?kd=
INFO: [ app_init ] --START--
INFO: Run Common\Behavior\InitHook [ RunTime:0.000780s ]
INFO: [ app_init ] --END-- [ RunTime:0.001024s ]
INFO: [ app_begin ] --START--
INFO: Run Behavior\ReadHtmlCache [ RunTime:0.000285s ]
INFO: [ app_begin ] --END-- [ RunTime:0.000339s ]
NOTIC: [2048] Declaration of Home\Controller\UserController::checkUser() should be compatible with that of Home\Controller\HomeController::checkUser() /var/www/html/App/Home/Controller/UserController.class.php 第 11 行.
NOTIC: [8] Undefined index: hash /var/www/html/App/Home/Controller/HomeController.class.php 第 51 行.
NOTIC: [8] Undefined index:  /var/www/html/App/Common/Common/custom.php 第 24 行.
NOTIC: [8] Undefined index: uid /var/www/html/App/Home/Controller/HomeController.class.php 第 128 行.
NOTIC: [8] Undefined index: status /var/www/html/App/Home/Controller/HomeController.class.php 第 129 行.
NOTIC: [8] Undefined index: type /var/www/html/App/Home/Controller/HomeController.class.php 第 130 行.
NOTIC: [8] Undefined index: nickname /var/www/html/App/Home/Controller/HomeController.class.php 第 131 行.
NOTIC: [8] Undefined index: username /var/www/html/App/Home/Controller/HomeController.class.php 第 132 行.
NOTIC: [8] Undefined index: email /var/www/html/App/Home/Controller/HomeController.class.php 第 133 行.
NOTIC: [8] Undefined index: user_status /var/www/html/App/Home/Controller/HomeController.class.php 第 134 行.
SQL: SHOW COLUMNS FROM `ez_config` [ RunTime:0.000745s ]
SQL: SELECT `type`,`name`,`value` FROM `ez_config` WHERE ( `status` = 1 )  [ RunTime:0.000409s ]
NOTIC: [2] mkdir(): No such file or directory /var/www/html/App/Home/Controller/HomeController.class.php 第 185 行.
NOTIC: [2] mkdir(): No such file or directory /var/www/html/App/Home/Controller/HomeController.class.php 第 187 行.
NOTIC: [8] Use of undefined constant IS_WAP_FACT - assumed 'IS_WAP_FACT' /var/www/html/App/Home/Controller/HomeController.class.php 第 161 行.

[ 2016-03-17T23:20:15+08:00 ] 66.249.64.65 /robots.txt
INFO: [ app_init ] --START--
INFO: Run Common\Behavior\InitHook [ RunTime:0.000749s ]
INFO: [ app_init ] --END-- [ RunTime:0.000997s ]
INFO: [ app_begin ] --START--
INFO: Run Behavior\ReadHtmlCache [ RunTime:0.000247s ]
INFO: [ app_begin ] --END-- [ RunTime:0.000308s ]
NOTIC: [8] Undefined index: hash /var/www/html/App/Home/Controller/HomeController.class.php 第 51 行.
NOTIC: [8] Undefined index:  /var/www/html/App/Common/Common/custom.php 第 24 行.
NOTIC: [8] Undefined index: uid /var/www/html/App/Home/Controller/HomeController.class.php 第 128 行.
NOTIC: [8] Undefined index: status /var/www/html/App/Home/Controller/HomeController.class.php 第 129 行.
NOTIC: [8] Undefined index: type /var/www/html/App/Home/Controller/HomeController.class.php 第 130 行.
NOTIC: [8] Undefined index: nickname /var/www/html/App/Home/Controller/HomeController.class.php 第 131 行.
NOTIC: [8] Undefined index: username /var/www/html/App/Home/Controller/HomeController.class.php 第 132 行.
NOTIC: [8] Undefined index: email /var/www/html/App/Home/Controller/HomeController.class.php 第 133 行.
NOTIC: [8] Undefined index: user_status /var/www/html/App/Home/Controller/HomeController.class.php 第 134 行.
SQL: SHOW COLUMNS FROM `ez_config` [ RunTime:0.000738s ]
SQL: SELECT `type`,`name`,`value` FROM `ez_config` WHERE ( `status` = 1 )  [ RunTime:0.000406s ]
NOTIC: [2] mkdir(): No such file or directory /var/www/html/App/Home/Controller/HomeController.class.php 第 185 行.
NOTIC: [2] mkdir(): No such file or directory /var/www/html/App/Home/Controller/HomeController.class.php 第 187 行.
NOTIC: [8] Use of undefined constant IS_WAP_FACT - assumed 'IS_WAP_FACT' /var/www/html/App/Home/Controller/HomeController.class.php 第 161 行.
INFO: [ view_parse ] --START--
INFO: [ template_filter ] --START--
INFO: Run Behavior\ContentReplace [ RunTime:0.000033s ]
INFO: [ template_filter ] --END-- [ RunTime:0.000090s ]
INFO: Run Behavior\ParseTemplate [ RunTime:0.004225s ]
INFO: [ view_parse ] --END-- [ RunTime:0.004281s ]
INFO: [ view_filter ] --START--
INFO: Run Behavior\WriteHtmlCache [ RunTime:0.000080s ]
INFO: [ view_filter ] --END-- [ RunTime:0.000123s ]
INFO: [ app_end ] --START--
INFO: Run Behavior\ShowPageTrace [ RunTime:0.000323s ]
INFO: [ app_end ] --END-- [ RunTime:0.000369s ]

[ 2016-03-17T23:20:15+08:00 ] 66.249.64.65 /
INFO: [ app_init ] --START--
INFO: Run Common\Behavior\InitHook [ RunTime:0.000747s ]
INFO: [ app_init ] --END-- [ RunTime:0.000979s ]
INFO: [ app_begin ] --START--
INFO: Run Behavior\ReadHtmlCache [ RunTime:0.000244s ]
INFO: [ app_begin ] --END-- [ RunTime:0.000297s ]
NOTIC: [8] Undefined index: hash /var/www/html/App/Home/Controller/HomeController.class.php 第 51 行.
NOTIC: [8] Undefined index:  /var/www/html/App/Common/Common/custom.php 第 24 行.
NOTIC: [8] Undefined index: uid /var/www/html/App/Home/Controller/HomeController.class.php 第 128 行.
NOTIC: [8] Undefined index: status /var/www/html/App/Home/Controller/HomeController.class.php 第 129 行.
NOTIC: [8] Undefined index: type /var/www/html/App/Home/Controller/HomeController.class.php 第 130 行.
NOTIC: [8] Undefined index: nickname /var/www/html/App/Home/Controller/HomeController.class.php 第 131 行.
NOTIC: [8] Undefined index: username /var/www/html/App/Home/Controller/HomeController.class.php 第 132 行.
NOTIC: [8] Undefined index: email /var/www/html/App/Home/Controller/HomeController.class.php 第 133 行.
NOTIC: [8] Undefined index: user_status /var/www/html/App/Home/Controller/HomeController.class.php 第 134 行.
SQL: SHOW COLUMNS FROM `ez_config` [ RunTime:0.000792s ]
SQL: SELECT `type`,`name`,`value` FROM `ez_config` WHERE ( `status` = 1 )  [ RunTime:0.000398s ]
NOTIC: [2] mkdir(): No such file or directory /var/www/html/App/Home/Controller/HomeController.class.php 第 185 行.
NOTIC: [2] mkdir(): No such file or directory /var/www/html/App/Home/Controller/HomeController.class.php 第 187 行.
NOTIC: [8] Use of undefined constant IS_WAP_FACT - assumed 'IS_WAP_FACT' /var/www/html/App/Home/Controller/HomeController.class.php 第 161 行.
SQL: SHOW COLUMNS FROM `ez_company` [ RunTime:0.000835s ]
SQL: SHOW COLUMNS FROM `ez_company` [ RunTime:0.000811s ]
SQL: SELECT m.*,c.* FROM ez_company c left JOIN ez_member m on c.cuid = m.uid  WHERE ( c.tj_index = 1 ) ORDER BY c.sn asc,c.hits desc LIMIT 0,5   [ RunTime:0.001050s ]
SQL: SHOW COLUMNS FROM `ez_jobs` [ RunTime:0.000910s ]
NOTIC: [8] Undefined index: only_get_count /var/www/html/App/Home/Controller/HomeController.class.php 第 1278 行.
SQL: SHOW COLUMNS FROM `ez_jobs` [ RunTime:0.000876s ]
SQL: SELECT j.*,j.addtime as job_addtime,m.*,um.email,c.* FROM ez_jobs j left JOIN ez_ucenter_member um on j.uid = um.id left JOIN ez_member m on m.uid = j.uid left JOIN ez_company c on m.com_id = c.com_id  WHERE ( j.status = 1 ) AND ( j.tj_index = 1 ) ORDER BY j.sn asc,j.hits desc LIMIT 0,20   [ RunTime:0.000644s ]
INFO: [ view_parse ] --START--
INFO: [ template_filter ] --START--
INFO: Run Behavior\ContentReplace [ RunTime:0.000041s ]
INFO: [ template_filter ] --END-- [ RunTime:0.000098s ]
INFO: Run Behavior\ParseTemplate [ RunTime:0.004156s ]
INFO: [ view_parse ] --END-- [ RunTime:0.004210s ]
INFO: [ view_filter ] --START--
INFO: Run Behavior\WriteHtmlCache [ RunTime:0.000081s ]
INFO: [ view_filter ] --END-- [ RunTime:0.000124s ]
INFO: [ app_end ] --START--
INFO: Run Behavior\ShowPageTrace [ RunTime:0.000290s ]
INFO: [ app_end ] --END-- [ RunTime:0.000337s ]

[ 2016-03-17T23:22:10+08:00 ] 51.255.65.24 /Company/index/395-3-58-1-0?kd=
INFO: [ app_init ] --START--
INFO: Run Common\Behavior\InitHook [ RunTime:0.000751s ]
INFO: [ app_init ] --END-- [ RunTime:0.000963s ]
INFO: [ app_begin ] --START--
INFO: Run Behavior\ReadHtmlCache [ RunTime:0.000257s ]
INFO: [ app_begin ] --END-- [ RunTime:0.000310s ]
NOTIC: [2048] Declaration of Home\Controller\UserController::checkUser() should be compatible with that of Home\Controller\HomeController::checkUser() /var/www/html/App/Home/Controller/UserController.class.php 第 11 行.
NOTIC: [8] Undefined index: hash /var/www/html/App/Home/Controller/HomeController.class.php 第 51 行.
NOTIC: [8] Undefined index:  /var/www/html/App/Common/Common/custom.php 第 24 行.
NOTIC: [8] Undefined index: uid /var/www/html/App/Home/Controller/HomeController.class.php 第 128 行.
NOTIC: [8] Undefined index: status /var/www/html/App/Home/Controller/HomeController.class.php 第 129 行.
NOTIC: [8] Undefined index: type /var/www/html/App/Home/Controller/HomeController.class.php 第 130 行.
NOTIC: [8] Undefined index: nickname /var/www/html/App/Home/Controller/HomeController.class.php 第 131 行.
NOTIC: [8] Undefined index: username /var/www/html/App/Home/Controller/HomeController.class.php 第 132 行.
NOTIC: [8] Undefined index: email /var/www/html/App/Home/Controller/HomeController.class.php 第 133 行.
NOTIC: [8] Undefined index: user_status /var/www/html/App/Home/Controller/HomeController.class.php 第 134 行.
SQL: SHOW COLUMNS FROM `ez_config` [ RunTime:0.000735s ]
SQL: SELECT `type`,`name`,`value` FROM `ez_config` WHERE ( `status` = 1 )  [ RunTime:0.000418s ]
NOTIC: [2] mkdir(): No such file or directory /var/www/html/App/Home/Controller/HomeController.class.php 第 185 行.
NOTIC: [2] mkdir(): No such file or directory /var/www/html/App/Home/Controller/HomeController.class.php 第 187 行.
NOTIC: [8] Use of undefined constant IS_WAP_FACT - assumed 'IS_WAP_FACT' /var/www/html/App/Home/Controller/HomeController.class.php 第 161 行.

[ 2016-03-17T23:26:21+08:00 ] 51.255.65.92 /Company/index/77-2-0-0-?kd=
INFO: [ app_init ] --START--
INFO: Run Common\Behavior\InitHook [ RunTime:0.000845s ]
INFO: [ app_init ] --END-- [ RunTime:0.001059s ]
INFO: [ app_begin ] --START--
INFO: Run Behavior\ReadHtmlCache [ RunTime:0.000258s ]
INFO: [ app_begin ] --END-- [ RunTime:0.000315s ]
NOTIC: [2048] Declaration of Home\Controller\UserController::checkUser() should be compatible with that of Home\Controller\HomeController::checkUser() /var/www/html/App/Home/Controller/UserController.class.php 第 11 行.
NOTIC: [8] Undefined index: hash /var/www/html/App/Home/Controller/HomeController.class.php 第 51 行.
NOTIC: [8] Undefined index:  /var/www/html/App/Common/Common/custom.php 第 24 行.
NOTIC: [8] Undefined index: uid /var/www/html/App/Home/Controller/HomeController.class.php 第 128 行.
NOTIC: [8] Undefined index: status /var/www/html/App/Home/Controller/HomeController.class.php 第 129 行.
NOTIC: [8] Undefined index: type /var/www/html/App/Home/Controller/HomeController.class.php 第 130 行.
NOTIC: [8] Undefined index: nickname /var/www/html/App/Home/Controller/HomeController.class.php 第 131 行.
NOTIC: [8] Undefined index: username /var/www/html/App/Home/Controller/HomeController.class.php 第 132 行.
NOTIC: [8] Undefined index: email /var/www/html/App/Home/Controller/HomeController.class.php 第 133 行.
NOTIC: [8] Undefined index: user_status /var/www/html/App/Home/Controller/HomeController.class.php 第 134 行.
SQL: SHOW COLUMNS FROM `ez_config` [ RunTime:0.000892s ]
SQL: SELECT `type`,`name`,`value` FROM `ez_config` WHERE ( `status` = 1 )  [ RunTime:0.000452s ]
NOTIC: [2] mkdir(): No such file or directory /var/www/html/App/Home/Controller/HomeController.class.php 第 185 行.
NOTIC: [2] mkdir(): No such file or directory /var/www/html/App/Home/Controller/HomeController.class.php 第 187 行.
NOTIC: [8] Use of undefined constant IS_WAP_FACT - assumed 'IS_WAP_FACT' /var/www/html/App/Home/Controller/HomeController.class.php 第 161 行.

[ 2016-03-17T23:27:08+08:00 ] 51.255.65.80 /Company/index/321-1-162-1?kd=
INFO: [ app_init ] --START--
INFO: Run Common\Behavior\InitHook [ RunTime:0.000756s ]
INFO: [ app_init ] --END-- [ RunTime:0.000969s ]
INFO: [ app_begin ] --START--
INFO: Run Behavior\ReadHtmlCache [ RunTime:0.000295s ]
INFO: [ app_begin ] --END-- [ RunTime:0.000348s ]
NOTIC: [2048] Declaration of Home\Controller\UserController::checkUser() should be compatible with that of Home\Controller\HomeController::checkUser() /var/www/html/App/Home/Controller/UserController.class.php 第 11 行.
NOTIC: [8] Undefined index: hash /var/www/html/App/Home/Controller/HomeController.class.php 第 51 行.
NOTIC: [8] Undefined index:  /var/www/html/App/Common/Common/custom.php 第 24 行.
NOTIC: [8] Undefined index: uid /var/www/html/App/Home/Controller/HomeController.class.php 第 128 行.
NOTIC: [8] Undefined index: status /var/www/html/App/Home/Controller/HomeController.class.php 第 129 行.
NOTIC: [8] Undefined index: type /var/www/html/App/Home/Controller/HomeController.class.php 第 130 行.
NOTIC: [8] Undefined index: nickname /var/www/html/App/Home/Controller/HomeController.class.php 第 131 行.
NOTIC: [8] Undefined index: username /var/www/html/App/Home/Controller/HomeController.class.php 第 132 行.
NOTIC: [8] Undefined index: email /var/www/html/App/Home/Controller/HomeController.class.php 第 133 行.
NOTIC: [8] Undefined index: user_status /var/www/html/App/Home/Controller/HomeController.class.php 第 134 行.
SQL: SHOW COLUMNS FROM `ez_config` [ RunTime:0.000743s ]
SQL: SELECT `type`,`name`,`value` FROM `ez_config` WHERE ( `status` = 1 )  [ RunTime:0.000381s ]
NOTIC: [2] mkdir(): No such file or directory /var/www/html/App/Home/Controller/HomeController.class.php 第 185 行.
NOTIC: [2] mkdir(): No such file or directory /var/www/html/App/Home/Controller/HomeController.class.php 第 187 行.
NOTIC: [8] Use of undefined constant IS_WAP_FACT - assumed 'IS_WAP_FACT' /var/www/html/App/Home/Controller/HomeController.class.php 第 161 行.

[ 2016-03-17T23:27:48+08:00 ] 51.255.65.23 /Company/index/0-3-188-1?kd=
INFO: [ app_init ] --START--
INFO: Run Common\Behavior\InitHook [ RunTime:0.000762s ]
INFO: [ app_init ] --END-- [ RunTime:0.000979s ]
INFO: [ app_begin ] --START--
INFO: Run Behavior\ReadHtmlCache [ RunTime:0.000258s ]
INFO: [ app_begin ] --END-- [ RunTime:0.000320s ]
NOTIC: [2048] Declaration of Home\Controller\UserController::checkUser() should be compatible with that of Home\Controller\HomeController::checkUser() /var/www/html/App/Home/Controller/UserController.class.php 第 11 行.
NOTIC: [8] Undefined index: hash /var/www/html/App/Home/Controller/HomeController.class.php 第 51 行.
NOTIC: [8] Undefined index:  /var/www/html/App/Common/Common/custom.php 第 24 行.
NOTIC: [8] Undefined index: uid /var/www/html/App/Home/Controller/HomeController.class.php 第 128 行.
NOTIC: [8] Undefined index: status /var/www/html/App/Home/Controller/HomeController.class.php 第 129 行.
NOTIC: [8] Undefined index: type /var/www/html/App/Home/Controller/HomeController.class.php 第 130 行.
NOTIC: [8] Undefined index: nickname /var/www/html/App/Home/Controller/HomeController.class.php 第 131 行.
NOTIC: [8] Undefined index: username /var/www/html/App/Home/Controller/HomeController.class.php 第 132 行.
NOTIC: [8] Undefined index: email /var/www/html/App/Home/Controller/HomeController.class.php 第 133 行.
NOTIC: [8] Undefined index: user_status /var/www/html/App/Home/Controller/HomeController.class.php 第 134 行.
SQL: SHOW COLUMNS FROM `ez_config` [ RunTime:0.000898s ]
SQL: SELECT `type`,`name`,`value` FROM `ez_config` WHERE ( `status` = 1 )  [ RunTime:0.000456s ]
NOTIC: [2] mkdir(): No such file or directory /var/www/html/App/Home/Controller/HomeController.class.php 第 185 行.
NOTIC: [2] mkdir(): No such file or directory /var/www/html/App/Home/Controller/HomeController.class.php 第 187 行.
NOTIC: [8] Use of undefined constant IS_WAP_FACT - assumed 'IS_WAP_FACT' /var/www/html/App/Home/Controller/HomeController.class.php 第 161 行.

[ 2016-03-17T23:32:17+08:00 ] 66.249.64.197 /robots.txt
INFO: [ app_init ] --START--
INFO: Run Common\Behavior\InitHook [ RunTime:0.000745s ]
INFO: [ app_init ] --END-- [ RunTime:0.000960s ]
INFO: [ app_begin ] --START--
INFO: Run Behavior\ReadHtmlCache [ RunTime:0.000256s ]
INFO: [ app_begin ] --END-- [ RunTime:0.000310s ]
NOTIC: [8] Undefined index: hash /var/www/html/App/Home/Controller/HomeController.class.php 第 51 行.
NOTIC: [8] Undefined index:  /var/www/html/App/Common/Common/custom.php 第 24 行.
NOTIC: [8] Undefined index: uid /var/www/html/App/Home/Controller/HomeController.class.php 第 128 行.
NOTIC: [8] Undefined index: status /var/www/html/App/Home/Controller/HomeController.class.php 第 129 行.
NOTIC: [8] Undefined index: type /var/www/html/App/Home/Controller/HomeController.class.php 第 130 行.
NOTIC: [8] Undefined index: nickname /var/www/html/App/Home/Controller/HomeController.class.php 第 131 行.
NOTIC: [8] Undefined index: username /var/www/html/App/Home/Controller/HomeController.class.php 第 132 行.
NOTIC: [8] Undefined index: email /var/www/html/App/Home/Controller/HomeController.class.php 第 133 行.
NOTIC: [8] Undefined index: user_status /var/www/html/App/Home/Controller/HomeController.class.php 第 134 行.
SQL: SHOW COLUMNS FROM `ez_config` [ RunTime:0.000889s ]
SQL: SELECT `type`,`name`,`value` FROM `ez_config` WHERE ( `status` = 1 )  [ RunTime:0.000453s ]
NOTIC: [2] mkdir(): No such file or directory /var/www/html/App/Home/Controller/HomeController.class.php 第 185 行.
NOTIC: [2] mkdir(): No such file or directory /var/www/html/App/Home/Controller/HomeController.class.php 第 187 行.
NOTIC: [8] Use of undefined constant IS_WAP_FACT - assumed 'IS_WAP_FACT' /var/www/html/App/Home/Controller/HomeController.class.php 第 161 行.
INFO: [ view_parse ] --START--
INFO: [ template_filter ] --START--
INFO: Run Behavior\ContentReplace [ RunTime:0.000032s ]
INFO: [ template_filter ] --END-- [ RunTime:0.000083s ]
INFO: Run Behavior\ParseTemplate [ RunTime:0.004175s ]
INFO: [ view_parse ] --END-- [ RunTime:0.004227s ]
INFO: [ view_filter ] --START--
INFO: Run Behavior\WriteHtmlCache [ RunTime:0.000081s ]
INFO: [ view_filter ] --END-- [ RunTime:0.000136s ]
INFO: [ app_end ] --START--
INFO: Run Behavior\ShowPageTrace [ RunTime:0.000284s ]
INFO: [ app_end ] --END-- [ RunTime:0.000331s ]

[ 2016-03-17T23:32:18+08:00 ] 66.249.64.197 /
INFO: [ app_init ] --START--
INFO: Run Common\Behavior\InitHook [ RunTime:0.000753s ]
INFO: [ app_init ] --END-- [ RunTime:0.000981s ]
INFO: [ app_begin ] --START--
INFO: Run Behavior\ReadHtmlCache [ RunTime:0.000247s ]
INFO: [ app_begin ] --END-- [ RunTime:0.000310s ]
NOTIC: [8] Undefined index: hash /var/www/html/App/Home/Controller/HomeController.class.php 第 51 行.
NOTIC: [8] Undefined index:  /var/www/html/App/Common/Common/custom.php 第 24 行.
NOTIC: [8] Undefined index: uid /var/www/html/App/Home/Controller/HomeController.class.php 第 128 行.
NOTIC: [8] Undefined index: status /var/www/html/App/Home/Controller/HomeController.class.php 第 129 行.
NOTIC: [8] Undefined index: type /var/www/html/App/Home/Controller/HomeController.class.php 第 130 行.
NOTIC: [8] Undefined index: nickname /var/www/html/App/Home/Controller/HomeController.class.php 第 131 行.
NOTIC: [8] Undefined index: username /var/www/html/App/Home/Controller/HomeController.class.php 第 132 行.
NOTIC: [8] Undefined index: email /var/www/html/App/Home/Controller/HomeController.class.php 第 133 行.
NOTIC: [8] Undefined index: user_status /var/www/html/App/Home/Controller/HomeController.class.php 第 134 行.
SQL: SHOW COLUMNS FROM `ez_config` [ RunTime:0.000719s ]
SQL: SELECT `type`,`name`,`value` FROM `ez_config` WHERE ( `status` = 1 )  [ RunTime:0.000406s ]
NOTIC: [2] mkdir(): No such file or directory /var/www/html/App/Home/Controller/HomeController.class.php 第 185 行.
NOTIC: [2] mkdir(): No such file or directory /var/www/html/App/Home/Controller/HomeController.class.php 第 187 行.
NOTIC: [8] Use of undefined constant IS_WAP_FACT - assumed 'IS_WAP_FACT' /var/www/html/App/Home/Controller/HomeController.class.php 第 161 行.
SQL: SHOW COLUMNS FROM `ez_company` [ RunTime:0.001133s ]
SQL: SHOW COLUMNS FROM `ez_company` [ RunTime:0.001028s ]
SQL: SELECT m.*,c.* FROM ez_company c left JOIN ez_member m on c.cuid = m.uid  WHERE ( c.tj_index = 1 ) ORDER BY c.sn asc,c.hits desc LIMIT 0,5   [ RunTime:0.001080s ]
SQL: SHOW COLUMNS FROM `ez_jobs` [ RunTime:0.000970s ]
NOTIC: [8] Undefined index: only_get_count /var/www/html/App/Home/Controller/HomeController.class.php 第 1278 行.
SQL: SHOW COLUMNS FROM `ez_jobs` [ RunTime:0.000992s ]
SQL: SELECT j.*,j.addtime as job_addtime,m.*,um.email,c.* FROM ez_jobs j left JOIN ez_ucenter_member um on j.uid = um.id left JOIN ez_member m on m.uid = j.uid left JOIN ez_company c on m.com_id = c.com_id  WHERE ( j.status = 1 ) AND ( j.tj_index = 1 ) ORDER BY j.sn asc,j.hits desc LIMIT 0,20   [ RunTime:0.000622s ]
INFO: [ view_parse ] --START--
INFO: [ template_filter ] --START--
INFO: Run Behavior\ContentReplace [ RunTime:0.000039s ]
INFO: [ template_filter ] --END-- [ RunTime:0.000095s ]
INFO: Run Behavior\ParseTemplate [ RunTime:0.004327s ]
INFO: [ view_parse ] --END-- [ RunTime:0.004382s ]
INFO: [ view_filter ] --START--
INFO: Run Behavior\WriteHtmlCache [ RunTime:0.000088s ]
INFO: [ view_filter ] --END-- [ RunTime:0.000135s ]
INFO: [ app_end ] --START--
INFO: Run Behavior\ShowPageTrace [ RunTime:0.000364s ]
INFO: [ app_end ] --END-- [ RunTime:0.000411s ]

[ 2016-03-17T23:36:33+08:00 ] 164.132.161.73 /Company/index/52-2-129-0?kd=
INFO: [ app_init ] --START--
INFO: Run Common\Behavior\InitHook [ RunTime:0.000777s ]
INFO: [ app_init ] --END-- [ RunTime:0.000984s ]
INFO: [ app_begin ] --START--
INFO: Run Behavior\ReadHtmlCache [ RunTime:0.000260s ]
INFO: [ app_begin ] --END-- [ RunTime:0.000314s ]
NOTIC: [2048] Declaration of Home\Controller\UserController::checkUser() should be compatible with that of Home\Controller\HomeController::checkUser() /var/www/html/App/Home/Controller/UserController.class.php 第 11 行.
NOTIC: [8] Undefined index: hash /var/www/html/App/Home/Controller/HomeController.class.php 第 51 行.
NOTIC: [8] Undefined index:  /var/www/html/App/Common/Common/custom.php 第 24 行.
NOTIC: [8] Undefined index: uid /var/www/html/App/Home/Controller/HomeController.class.php 第 128 行.
NOTIC: [8] Undefined index: status /var/www/html/App/Home/Controller/HomeController.class.php 第 129 行.
NOTIC: [8] Undefined index: type /var/www/html/App/Home/Controller/HomeController.class.php 第 130 行.
NOTIC: [8] Undefined index: nickname /var/www/html/App/Home/Controller/HomeController.class.php 第 131 行.
NOTIC: [8] Undefined index: username /var/www/html/App/Home/Controller/HomeController.class.php 第 132 行.
NOTIC: [8] Undefined index: email /var/www/html/App/Home/Controller/HomeController.class.php 第 133 行.
NOTIC: [8] Undefined index: user_status /var/www/html/App/Home/Controller/HomeController.class.php 第 134 行.
SQL: SHOW COLUMNS FROM `ez_config` [ RunTime:0.000722s ]
SQL: SELECT `type`,`name`,`value` FROM `ez_config` WHERE ( `status` = 1 )  [ RunTime:0.000411s ]
NOTIC: [2] mkdir(): No such file or directory /var/www/html/App/Home/Controller/HomeController.class.php 第 185 行.
NOTIC: [2] mkdir(): No such file or directory /var/www/html/App/Home/Controller/HomeController.class.php 第 187 行.
NOTIC: [8] Use of undefined constant IS_WAP_FACT - assumed 'IS_WAP_FACT' /var/www/html/App/Home/Controller/HomeController.class.php 第 161 行.

[ 2016-03-17T23:41:25+08:00 ] 66.249.64.108 /
INFO: [ app_init ] --START--
INFO: Run Common\Behavior\InitHook [ RunTime:0.000795s ]
INFO: [ app_init ] --END-- [ RunTime:0.001017s ]
INFO: [ app_begin ] --START--
INFO: Run Behavior\ReadHtmlCache [ RunTime:0.000271s ]
INFO: [ app_begin ] --END-- [ RunTime:0.000324s ]
NOTIC: [8] Undefined index: hash /var/www/html/App/Home/Controller/HomeController.class.php 第 51 行.
NOTIC: [8] Undefined index:  /var/www/html/App/Common/Common/custom.php 第 24 行.
NOTIC: [8] Undefined index: uid /var/www/html/App/Home/Controller/HomeController.class.php 第 128 行.
NOTIC: [8] Undefined index: status /var/www/html/App/Home/Controller/HomeController.class.php 第 129 行.
NOTIC: [8] Undefined index: type /var/www/html/App/Home/Controller/HomeController.class.php 第 130 行.
NOTIC: [8] Undefined index: nickname /var/www/html/App/Home/Controller/HomeController.class.php 第 131 行.
NOTIC: [8] Undefined index: username /var/www/html/App/Home/Controller/HomeController.class.php 第 132 行.
NOTIC: [8] Undefined index: email /var/www/html/App/Home/Controller/HomeController.class.php 第 133 行.
NOTIC: [8] Undefined index: user_status /var/www/html/App/Home/Controller/HomeController.class.php 第 134 行.
SQL: SHOW COLUMNS FROM `ez_config` [ RunTime:0.000708s ]
SQL: SELECT `type`,`name`,`value` FROM `ez_config` WHERE ( `status` = 1 )  [ RunTime:0.000404s ]
NOTIC: [2] mkdir(): No such file or directory /var/www/html/App/Home/Controller/HomeController.class.php 第 185 行.
NOTIC: [2] mkdir(): No such file or directory /var/www/html/App/Home/Controller/HomeController.class.php 第 187 行.
NOTIC: [8] Use of undefined constant IS_WAP_FACT - assumed 'IS_WAP_FACT' /var/www/html/App/Home/Controller/HomeController.class.php 第 161 行.
SQL: SHOW COLUMNS FROM `ez_company` [ RunTime:0.000802s ]
SQL: SHOW COLUMNS FROM `ez_company` [ RunTime:0.000765s ]
SQL: SELECT m.*,c.* FROM ez_company c left JOIN ez_member m on c.cuid = m.uid  WHERE ( c.tj_index = 1 ) ORDER BY c.sn asc,c.hits desc LIMIT 0,5   [ RunTime:0.000991s ]
SQL: SHOW COLUMNS FROM `ez_jobs` [ RunTime:0.000898s ]
NOTIC: [8] Undefined index: only_get_count /var/www/html/App/Home/Controller/HomeController.class.php 第 1278 行.
SQL: SHOW COLUMNS FROM `ez_jobs` [ RunTime:0.000848s ]
SQL: SELECT j.*,j.addtime as job_addtime,m.*,um.email,c.* FROM ez_jobs j left JOIN ez_ucenter_member um on j.uid = um.id left JOIN ez_member m on m.uid = j.uid left JOIN ez_company c on m.com_id = c.com_id  WHERE ( j.status = 1 ) AND ( j.tj_index = 1 ) ORDER BY j.sn asc,j.hits desc LIMIT 0,20   [ RunTime:0.000656s ]
INFO: [ view_parse ] --START--
INFO: [ template_filter ] --START--
INFO: Run Behavior\ContentReplace [ RunTime:0.000037s ]
INFO: [ template_filter ] --END-- [ RunTime:0.000091s ]
INFO: Run Behavior\ParseTemplate [ RunTime:0.004242s ]
INFO: [ view_parse ] --END-- [ RunTime:0.004294s ]
INFO: [ view_filter ] --START--
INFO: Run Behavior\WriteHtmlCache [ RunTime:0.000080s ]
INFO: [ view_filter ] --END-- [ RunTime:0.000137s ]
INFO: [ app_end ] --START--
INFO: Run Behavior\ShowPageTrace [ RunTime:0.000300s ]
INFO: [ app_end ] --END-- [ RunTime:0.000347s ]

[ 2016-03-17T23:44:25+08:00 ] 164.132.161.67 /Company/index/0-4-140-1?kd=
INFO: [ app_init ] --START--
INFO: Run Common\Behavior\InitHook [ RunTime:0.000749s ]
INFO: [ app_init ] --END-- [ RunTime:0.000963s ]
INFO: [ app_begin ] --START--
INFO: Run Behavior\ReadHtmlCache [ RunTime:0.000264s ]
INFO: [ app_begin ] --END-- [ RunTime:0.000318s ]
NOTIC: [2048] Declaration of Home\Controller\UserController::checkUser() should be compatible with that of Home\Controller\HomeController::checkUser() /var/www/html/App/Home/Controller/UserController.class.php 第 11 行.
NOTIC: [8] Undefined index: hash /var/www/html/App/Home/Controller/HomeController.class.php 第 51 行.
NOTIC: [8] Undefined index:  /var/www/html/App/Common/Common/custom.php 第 24 行.
NOTIC: [8] Undefined index: uid /var/www/html/App/Home/Controller/HomeController.class.php 第 128 行.
NOTIC: [8] Undefined index: status /var/www/html/App/Home/Controller/HomeController.class.php 第 129 行.
NOTIC: [8] Undefined index: type /var/www/html/App/Home/Controller/HomeController.class.php 第 130 行.
NOTIC: [8] Undefined index: nickname /var/www/html/App/Home/Controller/HomeController.class.php 第 131 行.
NOTIC: [8] Undefined index: username /var/www/html/App/Home/Controller/HomeController.class.php 第 132 行.
NOTIC: [8] Undefined index: email /var/www/html/App/Home/Controller/HomeController.class.php 第 133 行.
NOTIC: [8] Undefined index: user_status /var/www/html/App/Home/Controller/HomeController.class.php 第 134 行.
SQL: SHOW COLUMNS FROM `ez_config` [ RunTime:0.000729s ]
SQL: SELECT `type`,`name`,`value` FROM `ez_config` WHERE ( `status` = 1 )  [ RunTime:0.000400s ]
NOTIC: [2] mkdir(): No such file or directory /var/www/html/App/Home/Controller/HomeController.class.php 第 185 行.
NOTIC: [2] mkdir(): No such file or directory /var/www/html/App/Home/Controller/HomeController.class.php 第 187 行.
NOTIC: [8] Use of undefined constant IS_WAP_FACT - assumed 'IS_WAP_FACT' /var/www/html/App/Home/Controller/HomeController.class.php 第 161 行.

[ 2016-03-17T23:48:32+08:00 ] 164.132.161.85 /
INFO: [ app_init ] --START--
INFO: Run Common\Behavior\InitHook [ RunTime:0.000775s ]
INFO: [ app_init ] --END-- [ RunTime:0.000980s ]
INFO: [ app_begin ] --START--
INFO: Run Behavior\ReadHtmlCache [ RunTime:0.000245s ]
INFO: [ app_begin ] --END-- [ RunTime:0.000299s ]
NOTIC: [8] Undefined index: hash /var/www/html/App/Home/Controller/HomeController.class.php 第 51 行.
NOTIC: [8] Undefined index:  /var/www/html/App/Common/Common/custom.php 第 24 行.
NOTIC: [8] Undefined index: uid /var/www/html/App/Home/Controller/HomeController.class.php 第 128 行.
NOTIC: [8] Undefined index: status /var/www/html/App/Home/Controller/HomeController.class.php 第 129 行.
NOTIC: [8] Undefined index: type /var/www/html/App/Home/Controller/HomeController.class.php 第 130 行.
NOTIC: [8] Undefined index: nickname /var/www/html/App/Home/Controller/HomeController.class.php 第 131 行.
NOTIC: [8] Undefined index: username /var/www/html/App/Home/Controller/HomeController.class.php 第 132 行.
NOTIC: [8] Undefined index: email /var/www/html/App/Home/Controller/HomeController.class.php 第 133 行.
NOTIC: [8] Undefined index: user_status /var/www/html/App/Home/Controller/HomeController.class.php 第 134 行.
SQL: SHOW COLUMNS FROM `ez_config` [ RunTime:0.000941s ]
SQL: SELECT `type`,`name`,`value` FROM `ez_config` WHERE ( `status` = 1 )  [ RunTime:0.000460s ]
NOTIC: [2] mkdir(): No such file or directory /var/www/html/App/Home/Controller/HomeController.class.php 第 185 行.
NOTIC: [2] mkdir(): No such file or directory /var/www/html/App/Home/Controller/HomeController.class.php 第 187 行.
NOTIC: [8] Use of undefined constant IS_WAP_FACT - assumed 'IS_WAP_FACT' /var/www/html/App/Home/Controller/HomeController.class.php 第 161 行.
SQL: SHOW COLUMNS FROM `ez_company` [ RunTime:0.001054s ]
SQL: SHOW COLUMNS FROM `ez_company` [ RunTime:0.000837s ]
SQL: SELECT m.*,c.* FROM ez_company c left JOIN ez_member m on c.cuid = m.uid  WHERE ( c.tj_index = 1 ) ORDER BY c.sn asc,c.hits desc LIMIT 0,5   [ RunTime:0.001020s ]
SQL: SHOW COLUMNS FROM `ez_jobs` [ RunTime:0.000914s ]
NOTIC: [8] Undefined index: only_get_count /var/www/html/App/Home/Controller/HomeController.class.php 第 1278 行.
SQL: SHOW COLUMNS FROM `ez_jobs` [ RunTime:0.000916s ]
SQL: SELECT j.*,j.addtime as job_addtime,m.*,um.email,c.* FROM ez_jobs j left JOIN ez_ucenter_member um on j.uid = um.id left JOIN ez_member m on m.uid = j.uid left JOIN ez_company c on m.com_id = c.com_id  WHERE ( j.status = 1 ) AND ( j.tj_index = 1 ) ORDER BY j.sn asc,j.hits desc LIMIT 0,20   [ RunTime:0.000659s ]
INFO: [ view_parse ] --START--
INFO: [ template_filter ] --START--
INFO: Run Behavior\ContentReplace [ RunTime:0.000039s ]
INFO: [ template_filter ] --END-- [ RunTime:0.000095s ]
INFO: Run Behavior\ParseTemplate [ RunTime:0.004397s ]
INFO: [ view_parse ] --END-- [ RunTime:0.004452s ]
INFO: [ view_filter ] --START--
INFO: Run Behavior\WriteHtmlCache [ RunTime:0.000106s ]
INFO: [ view_filter ] --END-- [ RunTime:0.000164s ]
INFO: [ app_end ] --START--
INFO: Run Behavior\ShowPageTrace [ RunTime:0.000330s ]
INFO: [ app_end ] --END-- [ RunTime:0.000376s ]

[ 2016-03-17T23:50:40+08:00 ] 51.255.65.31 /Company/index/321-4-163-0?kd=
INFO: [ app_init ] --START--
INFO: Run Common\Behavior\InitHook [ RunTime:0.000766s ]
INFO: [ app_init ] --END-- [ RunTime:0.000971s ]
INFO: [ app_begin ] --START--
INFO: Run Behavior\ReadHtmlCache [ RunTime:0.000296s ]
INFO: [ app_begin ] --END-- [ RunTime:0.000350s ]
NOTIC: [2048] Declaration of Home\Controller\UserController::checkUser() should be compatible with that of Home\Controller\HomeController::checkUser() /var/www/html/App/Home/Controller/UserController.class.php 第 11 行.
NOTIC: [8] Undefined index: hash /var/www/html/App/Home/Controller/HomeController.class.php 第 51 行.
NOTIC: [8] Undefined index:  /var/www/html/App/Common/Common/custom.php 第 24 行.
NOTIC: [8] Undefined index: uid /var/www/html/App/Home/Controller/HomeController.class.php 第 128 行.
NOTIC: [8] Undefined index: status /var/www/html/App/Home/Controller/HomeController.class.php 第 129 行.
NOTIC: [8] Undefined index: type /var/www/html/App/Home/Controller/HomeController.class.php 第 130 行.
NOTIC: [8] Undefined index: nickname /var/www/html/App/Home/Controller/HomeController.class.php 第 131 行.
NOTIC: [8] Undefined index: username /var/www/html/App/Home/Controller/HomeController.class.php 第 132 行.
NOTIC: [8] Undefined index: email /var/www/html/App/Home/Controller/HomeController.class.php 第 133 行.
NOTIC: [8] Undefined index: user_status /var/www/html/App/Home/Controller/HomeController.class.php 第 134 行.
SQL: SHOW COLUMNS FROM `ez_config` [ RunTime:0.000716s ]
SQL: SELECT `type`,`name`,`value` FROM `ez_config` WHERE ( `status` = 1 )  [ RunTime:0.000423s ]
NOTIC: [2] mkdir(): No such file or directory /var/www/html/App/Home/Controller/HomeController.class.php 第 185 行.
NOTIC: [2] mkdir(): No such file or directory /var/www/html/App/Home/Controller/HomeController.class.php 第 187 行.
NOTIC: [8] Use of undefined constant IS_WAP_FACT - assumed 'IS_WAP_FACT' /var/www/html/App/Home/Controller/HomeController.class.php 第 161 行.

[ 2016-03-17T23:51:14+08:00 ] 51.255.65.21 /Company/index/76-2-49-0?kd=
INFO: [ app_init ] --START--
INFO: Run Common\Behavior\InitHook [ RunTime:0.000770s ]
INFO: [ app_init ] --END-- [ RunTime:0.000987s ]
INFO: [ app_begin ] --START--
INFO: Run Behavior\ReadHtmlCache [ RunTime:0.000288s ]
INFO: [ app_begin ] --END-- [ RunTime:0.000342s ]
NOTIC: [2048] Declaration of Home\Controller\UserController::checkUser() should be compatible with that of Home\Controller\HomeController::checkUser() /var/www/html/App/Home/Controller/UserController.class.php 第 11 行.
NOTIC: [8] Undefined index: hash /var/www/html/App/Home/Controller/HomeController.class.php 第 51 行.
NOTIC: [8] Undefined index:  /var/www/html/App/Common/Common/custom.php 第 24 行.
NOTIC: [8] Undefined index: uid /var/www/html/App/Home/Controller/HomeController.class.php 第 128 行.
NOTIC: [8] Undefined index: status /var/www/html/App/Home/Controller/HomeController.class.php 第 129 行.
NOTIC: [8] Undefined index: type /var/www/html/App/Home/Controller/HomeController.class.php 第 130 行.
NOTIC: [8] Undefined index: nickname /var/www/html/App/Home/Controller/HomeController.class.php 第 131 行.
NOTIC: [8] Undefined index: username /var/www/html/App/Home/Controller/HomeController.class.php 第 132 行.
NOTIC: [8] Undefined index: email /var/www/html/App/Home/Controller/HomeController.class.php 第 133 行.
NOTIC: [8] Undefined index: user_status /var/www/html/App/Home/Controller/HomeController.class.php 第 134 行.
SQL: SHOW COLUMNS FROM `ez_config` [ RunTime:0.000744s ]
SQL: SELECT `type`,`name`,`value` FROM `ez_config` WHERE ( `status` = 1 )  [ RunTime:0.000413s ]
NOTIC: [2] mkdir(): No such file or directory /var/www/html/App/Home/Controller/HomeController.class.php 第 185 行.
NOTIC: [2] mkdir(): No such file or directory /var/www/html/App/Home/Controller/HomeController.class.php 第 187 行.
NOTIC: [8] Use of undefined constant IS_WAP_FACT - assumed 'IS_WAP_FACT' /var/www/html/App/Home/Controller/HomeController.class.php 第 161 行.

[ 2016-03-17T23:54:17+08:00 ] 157.55.39.111 /
INFO: [ app_init ] --START--
INFO: Run Common\Behavior\InitHook [ RunTime:0.000771s ]
INFO: [ app_init ] --END-- [ RunTime:0.001001s ]
INFO: [ app_begin ] --START--
INFO: Run Behavior\ReadHtmlCache [ RunTime:0.000256s ]
INFO: [ app_begin ] --END-- [ RunTime:0.000310s ]
NOTIC: [8] Undefined index: hash /var/www/html/App/Home/Controller/HomeController.class.php 第 51 行.
NOTIC: [8] Undefined index:  /var/www/html/App/Common/Common/custom.php 第 24 行.
NOTIC: [8] Undefined index: uid /var/www/html/App/Home/Controller/HomeController.class.php 第 128 行.
NOTIC: [8] Undefined index: status /var/www/html/App/Home/Controller/HomeController.class.php 第 129 行.
NOTIC: [8] Undefined index: type /var/www/html/App/Home/Controller/HomeController.class.php 第 130 行.
NOTIC: [8] Undefined index: nickname /var/www/html/App/Home/Controller/HomeController.class.php 第 131 行.
NOTIC: [8] Undefined index: username /var/www/html/App/Home/Controller/HomeController.class.php 第 132 行.
NOTIC: [8] Undefined index: email /var/www/html/App/Home/Controller/HomeController.class.php 第 133 行.
NOTIC: [8] Undefined index: user_status /var/www/html/App/Home/Controller/HomeController.class.php 第 134 行.
SQL: SHOW COLUMNS FROM `ez_config` [ RunTime:0.001004s ]
SQL: SELECT `type`,`name`,`value` FROM `ez_config` WHERE ( `status` = 1 )  [ RunTime:0.000500s ]
NOTIC: [2] mkdir(): No such file or directory /var/www/html/App/Home/Controller/HomeController.class.php 第 185 行.
NOTIC: [2] mkdir(): No such file or directory /var/www/html/App/Home/Controller/HomeController.class.php 第 187 行.
NOTIC: [8] Use of undefined constant IS_WAP_FACT - assumed 'IS_WAP_FACT' /var/www/html/App/Home/Controller/HomeController.class.php 第 161 行.
SQL: SHOW COLUMNS FROM `ez_company` [ RunTime:0.001175s ]
SQL: SHOW COLUMNS FROM `ez_company` [ RunTime:0.001095s ]
SQL: SELECT m.*,c.* FROM ez_company c left JOIN ez_member m on c.cuid = m.uid  WHERE ( c.tj_index = 1 ) ORDER BY c.sn asc,c.hits desc LIMIT 0,5   [ RunTime:0.001114s ]
SQL: SHOW COLUMNS FROM `ez_jobs` [ RunTime:0.001257s ]
NOTIC: [8] Undefined index: only_get_count /var/www/html/App/Home/Controller/HomeController.class.php 第 1278 行.
SQL: SHOW COLUMNS FROM `ez_jobs` [ RunTime:0.001220s ]
SQL: SELECT j.*,j.addtime as job_addtime,m.*,um.email,c.* FROM ez_jobs j left JOIN ez_ucenter_member um on j.uid = um.id left JOIN ez_member m on m.uid = j.uid left JOIN ez_company c on m.com_id = c.com_id  WHERE ( j.status = 1 ) AND ( j.tj_index = 1 ) ORDER BY j.sn asc,j.hits desc LIMIT 0,20   [ RunTime:0.000790s ]
INFO: [ view_parse ] --START--
INFO: [ template_filter ] --START--
INFO: Run Behavior\ContentReplace [ RunTime:0.000057s ]
INFO: [ template_filter ] --END-- [ RunTime:0.000116s ]
INFO: Run Behavior\ParseTemplate [ RunTime:0.004560s ]
INFO: [ view_parse ] --END-- [ RunTime:0.004619s ]
INFO: [ view_filter ] --START--
INFO: Run Behavior\WriteHtmlCache [ RunTime:0.000080s ]
INFO: [ view_filter ] --END-- [ RunTime:0.000124s ]
INFO: [ app_end ] --START--
INFO: Run Behavior\ShowPageTrace [ RunTime:0.000310s ]
INFO: [ app_end ] --END-- [ RunTime:0.000372s ]

